0:0:0:0:0:0:0:1 - - [21/Apr/2018:09:42:11 +0800] "GET / HTTP/1.1" 404 295
0:0:0:0:0:0:0:1 - - [21/Apr/2018:09:42:11 +0800] "GET /favicon.ico HTTP/1.1" 404 115
0:0:0:0:0:0:0:1 - - [21/Apr/2018:09:42:14 +0800] "GET / HTTP/1.1" 404 295
0:0:0:0:0:0:0:1 - - [21/Apr/2018:09:42:23 +0800] "GET /common/verify HTTP/1.1" 404 117
0:0:0:0:0:0:0:1 - - [21/Apr/2018:09:42:23 +0800] "GET /common/notices HTTP/1.1" 404 118
0:0:0:0:0:0:0:1 - - [21/Apr/2018:09:42:23 +0800] "GET /common/showUserImage/guest?24.785954133132428 HTTP/1.1" 404 130
0:0:0:0:0:0:0:1 - - [21/Apr/2018:09:42:31 +0800] "GET /common/verify HTTP/1.1" 404 117
0:0:0:0:0:0:0:1 - - [21/Apr/2018:09:42:31 +0800] "GET /common/notices HTTP/1.1" 404 118
0:0:0:0:0:0:0:1 - - [21/Apr/2018:09:42:31 +0800] "GET /common/showUserImage/guest?87.22789988124471 HTTP/1.1" 404 130
0:0:0:0:0:0:0:1 - - [21/Apr/2018:09:43:10 +0800] "GET /api/common/verify HTTP/1.1" 200 3
0:0:0:0:0:0:0:1 - - [21/Apr/2018:09:43:10 +0800] "GET /api/common/showUserImage/guest?77.75670618597421 HTTP/1.1" 200 11264
0:0:0:0:0:0:0:1 - - [21/Apr/2018:09:43:11 +0800] "GET /api/common/notices HTTP/1.1" 200 770
0:0:0:0:0:0:0:1 - - [21/Apr/2018:09:43:16 +0800] "GET /api/common/captcha?43.72775461765232 HTTP/1.1" 200 2086
0:0:0:0:0:0:0:1 - - [21/Apr/2018:09:43:27 +0800] "POST /api/user/login HTTP/1.1" 200 486
0:0:0:0:0:0:0:1 - - [21/Apr/2018:09:43:30 +0800] "GET /api/common/verify HTTP/1.1" 200 458
0:0:0:0:0:0:0:1 - - [21/Apr/2018:09:43:30 +0800] "GET /api/common/notices HTTP/1.1" 200 770
0:0:0:0:0:0:0:1 - - [21/Apr/2018:09:43:30 +0800] "GET /api/common/showUserImage/root?54.5605338616638 HTTP/1.1" 200 11264
0:0:0:0:0:0:0:1 - - [21/Apr/2018:09:43:30 +0800] "GET /socket/websocket/root HTTP/1.1" 101 -
0:0:0:0:0:0:0:1 - - [21/Apr/2018:09:43:30 +0800] "GET /api/userPrivate/chart/1 HTTP/1.1" 200 20
0:0:0:0:0:0:0:1 - - [21/Apr/2018:09:43:35 +0800] "GET /api/common/verify HTTP/1.1" 200 458
0:0:0:0:0:0:0:1 - - [21/Apr/2018:09:43:40 +0800] "GET /api/common/verify HTTP/1.1" 200 458
0:0:0:0:0:0:0:1 - - [21/Apr/2018:09:43:41 +0800] "GET /api/common/verify HTTP/1.1" 200 458
0:0:0:0:0:0:0:1 - - [21/Apr/2018:09:44:32 +0800] "GET /api/common/verify HTTP/1.1" 200 458
0:0:0:0:0:0:0:1 - - [21/Apr/2018:09:44:32 +0800] "GET /socket/websocket/root HTTP/1.1" 101 -
0:0:0:0:0:0:0:1 - - [21/Apr/2018:09:44:54 +0800] "GET /api/common/verify HTTP/1.1" 200 458
0:0:0:0:0:0:0:1 - - [21/Apr/2018:09:44:54 +0800] "GET /api/common/notices HTTP/1.1" 200 770
0:0:0:0:0:0:0:1 - - [21/Apr/2018:09:44:54 +0800] "GET /api/userPrivate/chart/1 HTTP/1.1" 200 20
0:0:0:0:0:0:0:1 - - [21/Apr/2018:09:44:54 +0800] "GET /api/common/showUserImage/root?97.46370875810825 HTTP/1.1" 200 11264
0:0:0:0:0:0:0:1 - - [21/Apr/2018:09:44:56 +0800] "GET /api/common/verify HTTP/1.1" 200 458
0:0:0:0:0:0:0:1 - - [21/Apr/2018:09:45:03 +0800] "GET /api/common/verify HTTP/1.1" 200 458
0:0:0:0:0:0:0:1 - - [21/Apr/2018:09:59:14 +0800] "GET /api/common/verify HTTP/1.1" 200 3
0:0:0:0:0:0:0:1 - - [21/Apr/2018:09:59:16 +0800] "GET /api/common/verify HTTP/1.1" 200 3
0:0:0:0:0:0:0:1 - - [21/Apr/2018:09:59:16 +0800] "GET /api/common/showUserImage/guest?30.21147000638573 HTTP/1.1" 200 11264
0:0:0:0:0:0:0:1 - - [21/Apr/2018:09:59:16 +0800] "GET /api/common/notices HTTP/1.1" 200 770
0:0:0:0:0:0:0:1 - - [21/Apr/2018:09:59:18 +0800] "GET /api/common/captcha?73.33337857637696 HTTP/1.1" 200 1956
0:0:0:0:0:0:0:1 - - [21/Apr/2018:09:59:25 +0800] "POST /api/user/login HTTP/1.1" 200 37
0:0:0:0:0:0:0:1 - - [21/Apr/2018:09:59:29 +0800] "GET /api/common/captcha?8158.74210764979 HTTP/1.1" 200 1665
0:0:0:0:0:0:0:1 - - [21/Apr/2018:09:59:32 +0800] "POST /api/user/login HTTP/1.1" 200 486
0:0:0:0:0:0:0:1 - - [21/Apr/2018:09:59:33 +0800] "GET /api/common/verify HTTP/1.1" 200 458
0:0:0:0:0:0:0:1 - - [21/Apr/2018:09:59:33 +0800] "GET /socket/websocket/root HTTP/1.1" 101 -
0:0:0:0:0:0:0:1 - - [21/Apr/2018:09:59:33 +0800] "GET /api/userPrivate/chart/1 HTTP/1.1" 200 20
0:0:0:0:0:0:0:1 - - [21/Apr/2018:09:59:33 +0800] "GET /api/common/showUserImage/root?35.00215921506526 HTTP/1.1" 200 11264
0:0:0:0:0:0:0:1 - - [21/Apr/2018:09:59:33 +0800] "GET /api/common/notices HTTP/1.1" 200 770
0:0:0:0:0:0:0:1 - - [21/Apr/2018:09:59:35 +0800] "GET /api/common/verify HTTP/1.1" 200 458
0:0:0:0:0:0:0:1 - - [21/Apr/2018:09:59:37 +0800] "GET /api/common/verify HTTP/1.1" 200 458
0:0:0:0:0:0:0:1 - - [21/Apr/2018:10:07:19 +0800] "GET /api/common/verify HTTP/1.1" 200 458
0:0:0:0:0:0:0:1 - - [21/Apr/2018:10:07:19 +0800] "GET /socket/websocket/root HTTP/1.1" 101 -
0:0:0:0:0:0:0:1 - - [21/Apr/2018:10:07:20 +0800] "GET /api/common/verify HTTP/1.1" 200 458
0:0:0:0:0:0:0:1 - - [21/Apr/2018:10:07:26 +0800] "GET /api/common/verify HTTP/1.1" 200 458
0:0:0:0:0:0:0:1 - - [21/Apr/2018:10:07:26 +0800] "GET /socket/websocket/root HTTP/1.1" 101 -
0:0:0:0:0:0:0:1 - - [21/Apr/2018:10:26:29 +0800] "GET /api/common/verify HTTP/1.1" 200 458
0:0:0:0:0:0:0:1 - - [21/Apr/2018:10:26:29 +0800] "GET /socket/websocket/root HTTP/1.1" 101 -
0:0:0:0:0:0:0:1 - - [21/Apr/2018:10:26:29 +0800] "GET /api/backend/getWebsite HTTP/1.1" 200 96
0:0:0:0:0:0:0:1 - - [21/Apr/2018:10:28:09 +0800] "GET /api/backend/getWebsite HTTP/1.1" 200 96
0:0:0:0:0:0:0:1 - - [21/Apr/2018:10:28:18 +0800] "GET /api/common/verify HTTP/1.1" 200 458
0:0:0:0:0:0:0:1 - - [21/Apr/2018:10:28:18 +0800] "GET /socket/websocket/root HTTP/1.1" 101 -
0:0:0:0:0:0:0:1 - - [21/Apr/2018:10:28:18 +0800] "GET /api/backend/getWebsite HTTP/1.1" 200 96
0:0:0:0:0:0:0:1 - - [21/Apr/2018:10:29:46 +0800] "GET /api/backend/getWebsite HTTP/1.1" 200 96
0:0:0:0:0:0:0:1 - - [21/Apr/2018:10:30:05 +0800] "GET /api/backend/getWebsite HTTP/1.1" 200 96
0:0:0:0:0:0:0:1 - - [21/Apr/2018:10:30:16 +0800] "GET /api/backend/getWebsite HTTP/1.1" 200 96
0:0:0:0:0:0:0:1 - - [21/Apr/2018:10:30:42 +0800] "GET /api/backend/getWebsite HTTP/1.1" 200 96
0:0:0:0:0:0:0:1 - - [21/Apr/2018:10:31:31 +0800] "GET /api/backend/getWebsite HTTP/1.1" 200 96
0:0:0:0:0:0:0:1 - - [21/Apr/2018:10:32:03 +0800] "GET /api/backend/getWebsite HTTP/1.1" 200 96
0:0:0:0:0:0:0:1 - - [21/Apr/2018:10:34:13 +0800] "GET /api/backend/getWebsite?json HTTP/1.1" 200 96
0:0:0:0:0:0:0:1 - - [21/Apr/2018:10:34:22 +0800] "GET /api/common/verify HTTP/1.1" 200 458
0:0:0:0:0:0:0:1 - - [21/Apr/2018:10:34:22 +0800] "GET /socket/websocket/root HTTP/1.1" 101 -
0:0:0:0:0:0:0:1 - - [21/Apr/2018:10:34:23 +0800] "GET /api/backend/getWebsite?json HTTP/1.1" 200 96
0:0:0:0:0:0:0:1 - - [21/Apr/2018:10:34:58 +0800] "GET /api/backend/getWebsite HTTP/1.1" 200 96
0:0:0:0:0:0:0:1 - - [21/Apr/2018:10:35:44 +0800] "POST /api/backend/saveWebsite HTTP/1.1" 200 29
0:0:0:0:0:0:0:1 - - [21/Apr/2018:10:35:48 +0800] "GET /api/common/verify HTTP/1.1" 200 458
0:0:0:0:0:0:0:1 - - [21/Apr/2018:10:35:48 +0800] "GET /socket/websocket/root HTTP/1.1" 101 -
0:0:0:0:0:0:0:1 - - [21/Apr/2018:10:35:48 +0800] "GET /api/backend/getWebsite HTTP/1.1" 200 100
0:0:0:0:0:0:0:1 - - [21/Apr/2018:12:08:44 +0800] "GET /api/common/verify HTTP/1.1" 200 3
0:0:0:0:0:0:0:1 - - [21/Apr/2018:12:08:44 +0800] "GET /api/common/showUserImage/guest?89.4816658452297 HTTP/1.1" 200 11264
0:0:0:0:0:0:0:1 - - [21/Apr/2018:12:08:44 +0800] "GET /api/common/notices HTTP/1.1" 200 770
0:0:0:0:0:0:0:1 - - [21/Apr/2018:12:08:45 +0800] "GET /api/common/captcha?59.928829999952505 HTTP/1.1" 200 1857
0:0:0:0:0:0:0:1 - - [21/Apr/2018:12:08:51 +0800] "GET /api/common/captcha?9841.448188742188 HTTP/1.1" 200 1984
0:0:0:0:0:0:0:1 - - [21/Apr/2018:12:08:53 +0800] "GET /api/common/captcha?7770.713883333289 HTTP/1.1" 200 1602
0:0:0:0:0:0:0:1 - - [21/Apr/2018:12:08:55 +0800] "POST /api/user/login HTTP/1.1" 200 486
0:0:0:0:0:0:0:1 - - [21/Apr/2018:12:08:56 +0800] "GET /api/common/verify HTTP/1.1" 200 458
0:0:0:0:0:0:0:1 - - [21/Apr/2018:12:08:56 +0800] "GET /socket/websocket/root HTTP/1.1" 101 -
0:0:0:0:0:0:0:1 - - [21/Apr/2018:12:08:56 +0800] "GET /api/common/notices HTTP/1.1" 200 770
0:0:0:0:0:0:0:1 - - [21/Apr/2018:12:08:56 +0800] "GET /api/userPrivate/chart/1 HTTP/1.1" 200 20
0:0:0:0:0:0:0:1 - - [21/Apr/2018:12:08:56 +0800] "GET /api/common/showUserImage/root?35.698484630749164 HTTP/1.1" 200 11264
0:0:0:0:0:0:0:1 - - [21/Apr/2018:12:08:59 +0800] "GET /api/common/verify HTTP/1.1" 200 458
0:0:0:0:0:0:0:1 - - [21/Apr/2018:12:09:01 +0800] "GET /api/common/verify HTTP/1.1" 200 458
0:0:0:0:0:0:0:1 - - [21/Apr/2018:12:09:01 +0800] "GET /api/backend/getWebsite HTTP/1.1" 200 96
0:0:0:0:0:0:0:1 - - [21/Apr/2018:12:10:00 +0800] "GET /api/backend/getWebsite HTTP/1.1" 200 96
0:0:0:0:0:0:0:1 - - [21/Apr/2018:12:10:34 +0800] "GET /api/backend/getWebsite HTTP/1.1" 200 96
0:0:0:0:0:0:0:1 - - [21/Apr/2018:12:12:11 +0800] "GET /api/backend/getWebsite HTTP/1.1" 200 96
0:0:0:0:0:0:0:1 - - [21/Apr/2018:12:12:42 +0800] "GET /api/backend/getWebsite HTTP/1.1" 200 96
0:0:0:0:0:0:0:1 - - [21/Apr/2018:12:16:23 +0800] "GET /api/common/verify HTTP/1.1" 200 458
0:0:0:0:0:0:0:1 - - [21/Apr/2018:12:16:23 +0800] "GET /socket/websocket/root HTTP/1.1" 101 -
0:0:0:0:0:0:0:1 - - [21/Apr/2018:12:16:23 +0800] "GET /api/backend/getWebsite HTTP/1.1" 200 96
0:0:0:0:0:0:0:1 - - [21/Apr/2018:12:25:03 +0800] "GET /api/common/verify HTTP/1.1" 200 458
0:0:0:0:0:0:0:1 - - [21/Apr/2018:12:25:03 +0800] "GET /socket/websocket/root HTTP/1.1" 101 -
0:0:0:0:0:0:0:1 - - [21/Apr/2018:12:25:03 +0800] "GET /api/common/showUserImage/root?2.9678403828926614 HTTP/1.1" 200 11264
0:0:0:0:0:0:0:1 - - [21/Apr/2018:12:25:03 +0800] "GET /api/userPrivate/submit/root/1 HTTP/1.1" 200 432
0:0:0:0:0:0:0:1 - - [21/Apr/2018:12:25:04 +0800] "GET /api/common/verify HTTP/1.1" 200 458
0:0:0:0:0:0:0:1 - - [21/Apr/2018:12:25:04 +0800] "GET /api/common/problems/1 HTTP/1.1" 200 1263
0:0:0:0:0:0:0:1 - - [21/Apr/2018:12:25:05 +0800] "GET /api/common/verify HTTP/1.1" 200 458
0:0:0:0:0:0:0:1 - - [21/Apr/2018:12:25:06 +0800] "GET /api/common/coding/1000 HTTP/1.1" 200 1017
0:0:0:0:0:0:0:1 - - [21/Apr/2018:12:25:13 +0800] "POST /api/userPrivate/judge/1000 HTTP/1.1" 200 68
0:0:0:0:0:0:0:1 - - [21/Apr/2018:12:25:13 +0800] "GET /api/common/verify HTTP/1.1" 200 458
0:0:0:0:0:0:0:1 - - [21/Apr/2018:12:25:13 +0800] "GET /api/common/submit/1 HTTP/1.1" 200 1101
0:0:0:0:0:0:0:1 - - [21/Apr/2018:12:29:00 +0800] "GET /api/common/verify HTTP/1.1" 200 458
0:0:0:0:0:0:0:1 - - [21/Apr/2018:12:29:00 +0800] "GET /api/common/problems/1 HTTP/1.1" 200 1263
0:0:0:0:0:0:0:1 - - [21/Apr/2018:12:29:01 +0800] "GET /api/common/verify HTTP/1.1" 200 458
0:0:0:0:0:0:0:1 - - [21/Apr/2018:12:29:01 +0800] "GET /api/common/submit/1 HTTP/1.1" 200 1133
0:0:0:0:0:0:0:1 - - [21/Apr/2018:12:29:02 +0800] "GET /api/common/verify HTTP/1.1" 200 458
0:0:0:0:0:0:0:1 - - [21/Apr/2018:12:29:03 +0800] "GET /api/common/problems/1 HTTP/1.1" 200 1263
0:0:0:0:0:0:0:1 - - [21/Apr/2018:12:29:04 +0800] "GET /api/common/verify HTTP/1.1" 200 458
0:0:0:0:0:0:0:1 - - [21/Apr/2018:12:29:04 +0800] "GET /api/common/coding/1000 HTTP/1.1" 200 1017
0:0:0:0:0:0:0:1 - - [21/Apr/2018:12:29:06 +0800] "POST /api/userPrivate/judge/1000 HTTP/1.1" 200 68
0:0:0:0:0:0:0:1 - - [21/Apr/2018:12:29:06 +0800] "GET /api/common/verify HTTP/1.1" 200 458
0:0:0:0:0:0:0:1 - - [21/Apr/2018:12:29:07 +0800] "GET /api/common/submit/1 HTTP/1.1" 200 1276
0:0:0:0:0:0:0:1 - - [21/Apr/2018:12:29:07 +0800] "GET /api/common/verify HTTP/1.1" 200 458
0:0:0:0:0:0:0:1 - - [21/Apr/2018:12:29:08 +0800] "GET /api/common/coding/1000 HTTP/1.1" 200 1070
0:0:0:0:0:0:0:1 - - [21/Apr/2018:12:29:11 +0800] "POST /api/userPrivate/judge/1000 HTTP/1.1" 200 68
0:0:0:0:0:0:0:1 - - [21/Apr/2018:12:29:11 +0800] "GET /api/common/verify HTTP/1.1" 200 458
0:0:0:0:0:0:0:1 - - [21/Apr/2018:12:29:12 +0800] "GET /api/common/submit/1 HTTP/1.1" 200 1451
0:0:0:0:0:0:0:1 - - [21/Apr/2018:12:29:12 +0800] "GET /api/common/verify HTTP/1.1" 200 458
0:0:0:0:0:0:0:1 - - [21/Apr/2018:12:29:13 +0800] "GET /api/common/coding/1000 HTTP/1.1" 200 1070
0:0:0:0:0:0:0:1 - - [21/Apr/2018:12:29:14 +0800] "POST /api/userPrivate/judge/1000 HTTP/1.1" 200 68
0:0:0:0:0:0:0:1 - - [21/Apr/2018:12:29:14 +0800] "GET /api/common/verify HTTP/1.1" 200 458
0:0:0:0:0:0:0:1 - - [21/Apr/2018:12:29:15 +0800] "GET /api/common/submit/1 HTTP/1.1" 200 1594
0:0:0:0:0:0:0:1 - - [21/Apr/2018:12:29:15 +0800] "GET /api/common/verify HTTP/1.1" 200 458
0:0:0:0:0:0:0:1 - - [21/Apr/2018:12:29:16 +0800] "GET /api/common/coding/1000 HTTP/1.1" 200 1070
0:0:0:0:0:0:0:1 - - [21/Apr/2018:12:29:17 +0800] "POST /api/userPrivate/judge/1000 HTTP/1.1" 200 69
0:0:0:0:0:0:0:1 - - [21/Apr/2018:12:29:17 +0800] "GET /api/common/verify HTTP/1.1" 200 458
0:0:0:0:0:0:0:1 - - [21/Apr/2018:12:29:17 +0800] "GET /api/common/submit/1 HTTP/1.1" 200 1771
0:0:0:0:0:0:0:1 - - [21/Apr/2018:12:29:18 +0800] "GET /api/common/verify HTTP/1.1" 200 458
0:0:0:0:0:0:0:1 - - [21/Apr/2018:12:29:18 +0800] "GET /api/common/coding/1000 HTTP/1.1" 200 1070
0:0:0:0:0:0:0:1 - - [21/Apr/2018:12:29:20 +0800] "POST /api/userPrivate/judge/1000 HTTP/1.1" 200 69
0:0:0:0:0:0:0:1 - - [21/Apr/2018:12:29:20 +0800] "GET /api/common/verify HTTP/1.1" 200 458
0:0:0:0:0:0:0:1 - - [21/Apr/2018:12:29:20 +0800] "GET /api/common/submit/1 HTTP/1.1" 200 1742
0:0:0:0:0:0:0:1 - - [21/Apr/2018:12:31:16 +0800] "GET /api/common/verify HTTP/1.1" 200 458
0:0:0:0:0:0:0:1 - - [21/Apr/2018:12:31:17 +0800] "GET /api/common/contest/1 HTTP/1.1" 200 499
0:0:0:0:0:0:0:1 - - [21/Apr/2018:12:31:17 +0800] "GET /api/common/verify HTTP/1.1" 200 458
0:0:0:0:0:0:0:1 - - [21/Apr/2018:12:31:17 +0800] "GET /api/common/submit/1 HTTP/1.1" 200 1838
0:0:0:0:0:0:0:1 - - [21/Apr/2018:12:34:49 +0800] "GET /api/common/verify HTTP/1.1" 200 458
0:0:0:0:0:0:0:1 - - [21/Apr/2018:12:34:49 +0800] "GET /socket/websocket/root HTTP/1.1" 101 -
0:0:0:0:0:0:0:1 - - [21/Apr/2018:12:34:50 +0800] "GET /api/common/rank/1 HTTP/1.1" 200 361
0:0:0:0:0:0:0:1 - - [21/Apr/2018:12:34:51 +0800] "GET /api/common/verify HTTP/1.1" 200 458
0:0:0:0:0:0:0:1 - - [21/Apr/2018:12:34:52 +0800] "GET /api/common/problems/1 HTTP/1.1" 200 1264
0:0:0:0:0:0:0:1 - - [21/Apr/2018:12:34:53 +0800] "GET /api/common/verify HTTP/1.1" 200 458
0:0:0:0:0:0:0:1 - - [21/Apr/2018:12:34:53 +0800] "GET /api/common/coding/1000 HTTP/1.1" 200 1017
0:0:0:0:0:0:0:1 - - [21/Apr/2018:12:34:58 +0800] "POST /api/userPrivate/judge/1000 HTTP/1.1" 200 69
0:0:0:0:0:0:0:1 - - [21/Apr/2018:12:34:58 +0800] "GET /api/common/verify HTTP/1.1" 200 458
0:0:0:0:0:0:0:1 - - [21/Apr/2018:12:34:58 +0800] "GET /api/common/submit/1 HTTP/1.1" 200 1806
0:0:0:0:0:0:0:1 - - [21/Apr/2018:12:34:59 +0800] "GET /api/common/verify HTTP/1.1" 200 458
0:0:0:0:0:0:0:1 - - [21/Apr/2018:12:35:00 +0800] "GET /api/common/coding/1000 HTTP/1.1" 200 1070
0:0:0:0:0:0:0:1 - - [21/Apr/2018:12:35:02 +0800] "POST /api/userPrivate/judge/1000 HTTP/1.1" 200 69
0:0:0:0:0:0:0:1 - - [21/Apr/2018:12:35:02 +0800] "GET /api/common/verify HTTP/1.1" 200 458
0:0:0:0:0:0:0:1 - - [21/Apr/2018:12:35:02 +0800] "GET /api/common/submit/1 HTTP/1.1" 200 1777
0:0:0:0:0:0:0:1 - - [21/Apr/2018:12:35:03 +0800] "GET /api/common/verify HTTP/1.1" 200 458
0:0:0:0:0:0:0:1 - - [21/Apr/2018:12:35:03 +0800] "GET /api/common/coding/1000 HTTP/1.1" 200 1070
0:0:0:0:0:0:0:1 - - [21/Apr/2018:12:35:05 +0800] "POST /api/userPrivate/judge/1000 HTTP/1.1" 200 69
0:0:0:0:0:0:0:1 - - [21/Apr/2018:12:35:05 +0800] "GET /api/common/verify HTTP/1.1" 200 458
0:0:0:0:0:0:0:1 - - [21/Apr/2018:12:35:06 +0800] "GET /api/common/submit/1 HTTP/1.1" 200 1747
0:0:0:0:0:0:0:1 - - [21/Apr/2018:12:35:06 +0800] "GET /api/common/verify HTTP/1.1" 200 458
0:0:0:0:0:0:0:1 - - [21/Apr/2018:12:35:07 +0800] "GET /api/common/coding/1000 HTTP/1.1" 200 1070
0:0:0:0:0:0:0:1 - - [21/Apr/2018:12:35:08 +0800] "POST /api/userPrivate/judge/1000 HTTP/1.1" 200 69
0:0:0:0:0:0:0:1 - - [21/Apr/2018:12:35:08 +0800] "GET /api/common/verify HTTP/1.1" 200 458
0:0:0:0:0:0:0:1 - - [21/Apr/2018:12:35:09 +0800] "GET /api/common/submit/1 HTTP/1.1" 200 1715
0:0:0:0:0:0:0:1 - - [21/Apr/2018:12:38:09 +0800] "GET /api/common/test HTTP/1.1" 200 -
0:0:0:0:0:0:0:1 - - [21/Apr/2018:12:38:47 +0800] "GET /api/common/test HTTP/1.1" 200 -
0:0:0:0:0:0:0:1 - - [21/Apr/2018:12:38:50 +0800] "GET /api/common/test HTTP/1.1" 200 -
0:0:0:0:0:0:0:1 - - [21/Apr/2018:12:38:50 +0800] "GET /api/common/test HTTP/1.1" 200 -
0:0:0:0:0:0:0:1 - - [21/Apr/2018:12:38:51 +0800] "GET /api/common/test HTTP/1.1" 200 -
0:0:0:0:0:0:0:1 - - [21/Apr/2018:12:38:51 +0800] "GET /api/common/test HTTP/1.1" 200 -
0:0:0:0:0:0:0:1 - - [21/Apr/2018:12:38:51 +0800] "GET /api/common/test HTTP/1.1" 200 -
0:0:0:0:0:0:0:1 - - [21/Apr/2018:12:38:51 +0800] "GET /api/common/test HTTP/1.1" 200 -
0:0:0:0:0:0:0:1 - - [21/Apr/2018:12:38:54 +0800] "GET /api/common/test HTTP/1.1" 200 -
0:0:0:0:0:0:0:1 - - [21/Apr/2018:12:38:54 +0800] "GET /api/common/test HTTP/1.1" 200 -
0:0:0:0:0:0:0:1 - - [21/Apr/2018:12:38:54 +0800] "GET /api/common/test HTTP/1.1" 200 -
0:0:0:0:0:0:0:1 - - [21/Apr/2018:12:38:54 +0800] "GET /api/common/test HTTP/1.1" 200 -
0:0:0:0:0:0:0:1 - - [21/Apr/2018:12:38:54 +0800] "GET /api/common/test HTTP/1.1" 200 -
0:0:0:0:0:0:0:1 - - [21/Apr/2018:12:38:55 +0800] "GET /api/common/test HTTP/1.1" 200 -
0:0:0:0:0:0:0:1 - - [21/Apr/2018:12:38:57 +0800] "GET /api/common/test HTTP/1.1" 200 -
0:0:0:0:0:0:0:1 - - [21/Apr/2018:12:38:58 +0800] "GET /api/common/test HTTP/1.1" 200 -
0:0:0:0:0:0:0:1 - - [21/Apr/2018:12:38:58 +0800] "GET /api/common/test HTTP/1.1" 200 -
0:0:0:0:0:0:0:1 - - [21/Apr/2018:12:38:59 +0800] "GET /api/common/test HTTP/1.1" 200 -
0:0:0:0:0:0:0:1 - - [21/Apr/2018:12:38:59 +0800] "GET /api/common/test HTTP/1.1" 200 -
0:0:0:0:0:0:0:1 - - [21/Apr/2018:12:39:01 +0800] "GET /api/common/test HTTP/1.1" 200 -
0:0:0:0:0:0:0:1 - - [21/Apr/2018:12:39:01 +0800] "GET /api/common/test HTTP/1.1" 200 -
0:0:0:0:0:0:0:1 - - [21/Apr/2018:12:39:01 +0800] "GET /api/common/test HTTP/1.1" 200 -
0:0:0:0:0:0:0:1 - - [21/Apr/2018:12:39:03 +0800] "GET /api/common/test HTTP/1.1" 200 -
0:0:0:0:0:0:0:1 - - [21/Apr/2018:12:39:04 +0800] "GET /api/common/test HTTP/1.1" 200 -
0:0:0:0:0:0:0:1 - - [21/Apr/2018:12:39:04 +0800] "GET /api/common/test HTTP/1.1" 200 -
0:0:0:0:0:0:0:1 - - [21/Apr/2018:12:39:04 +0800] "GET /api/common/test HTTP/1.1" 200 -
0:0:0:0:0:0:0:1 - - [21/Apr/2018:12:39:04 +0800] "GET /api/common/test HTTP/1.1" 200 -
0:0:0:0:0:0:0:1 - - [21/Apr/2018:12:39:04 +0800] "GET /api/common/test HTTP/1.1" 200 -
0:0:0:0:0:0:0:1 - - [21/Apr/2018:12:39:04 +0800] "GET /api/common/test HTTP/1.1" 200 -
0:0:0:0:0:0:0:1 - - [21/Apr/2018:12:39:04 +0800] "GET /api/common/test HTTP/1.1" 200 -
0:0:0:0:0:0:0:1 - - [21/Apr/2018:12:39:04 +0800] "GET /api/common/test HTTP/1.1" 200 -
0:0:0:0:0:0:0:1 - - [21/Apr/2018:12:39:04 +0800] "GET /api/common/test HTTP/1.1" 200 -
0:0:0:0:0:0:0:1 - - [21/Apr/2018:12:39:05 +0800] "GET /api/common/test HTTP/1.1" 200 -
0:0:0:0:0:0:0:1 - - [21/Apr/2018:12:39:05 +0800] "GET /api/common/test HTTP/1.1" 200 -
0:0:0:0:0:0:0:1 - - [21/Apr/2018:12:39:05 +0800] "GET /api/common/test HTTP/1.1" 200 -
0:0:0:0:0:0:0:1 - - [21/Apr/2018:12:39:05 +0800] "GET /api/common/test HTTP/1.1" 200 -
0:0:0:0:0:0:0:1 - - [21/Apr/2018:12:39:05 +0800] "GET /api/common/test HTTP/1.1" 200 -
0:0:0:0:0:0:0:1 - - [21/Apr/2018:12:39:05 +0800] "GET /api/common/test HTTP/1.1" 200 -
0:0:0:0:0:0:0:1 - - [21/Apr/2018:12:39:05 +0800] "GET /api/common/test HTTP/1.1" 200 -
0:0:0:0:0:0:0:1 - - [21/Apr/2018:12:39:05 +0800] "GET /api/common/test HTTP/1.1" 200 -
0:0:0:0:0:0:0:1 - - [21/Apr/2018:12:41:31 +0800] "GET /api/common/test HTTP/1.1" 200 -
0:0:0:0:0:0:0:1 - - [21/Apr/2018:12:56:25 +0800] "GET /api/common/test HTTP/1.1" 200 -
0:0:0:0:0:0:0:1 - - [21/Apr/2018:12:56:36 +0800] "GET /api/common/test HTTP/1.1" 200 -
0:0:0:0:0:0:0:1 - - [21/Apr/2018:13:40:12 +0800] "GET /api/backend/getWebsite HTTP/1.1" 200 96
0:0:0:0:0:0:0:1 - - [21/Apr/2018:13:40:15 +0800] "GET /api/common/verify HTTP/1.1" 200 3
0:0:0:0:0:0:0:1 - - [21/Apr/2018:13:40:17 +0800] "GET /api/common/verify HTTP/1.1" 200 3
0:0:0:0:0:0:0:1 - - [21/Apr/2018:13:40:17 +0800] "GET /api/common/showUserImage/guest?30.58275337571599 HTTP/1.1" 200 11264
0:0:0:0:0:0:0:1 - - [21/Apr/2018:13:40:17 +0800] "GET /api/common/notices HTTP/1.1" 200 770
0:0:0:0:0:0:0:1 - - [21/Apr/2018:13:40:17 +0800] "GET /api/backend/getServer HTTP/1.1" 200 149
0:0:0:0:0:0:0:1 - - [21/Apr/2018:13:40:21 +0800] "GET /api/common/captcha?88.72835298876787 HTTP/1.1" 200 1543
0:0:0:0:0:0:0:1 - - [21/Apr/2018:13:40:27 +0800] "POST /api/user/login HTTP/1.1" 200 486
0:0:0:0:0:0:0:1 - - [21/Apr/2018:13:40:28 +0800] "GET /api/common/verify HTTP/1.1" 200 458
0:0:0:0:0:0:0:1 - - [21/Apr/2018:13:40:28 +0800] "GET /socket/websocket/root HTTP/1.1" 101 -
0:0:0:0:0:0:0:1 - - [21/Apr/2018:13:40:28 +0800] "GET /api/common/notices HTTP/1.1" 200 770
0:0:0:0:0:0:0:1 - - [21/Apr/2018:13:40:28 +0800] "GET /api/userPrivate/chart/1 HTTP/1.1" 200 20
0:0:0:0:0:0:0:1 - - [21/Apr/2018:13:40:28 +0800] "GET /api/common/showUserImage/root?41.10860487108139 HTTP/1.1" 200 11264
0:0:0:0:0:0:0:1 - - [21/Apr/2018:13:40:30 +0800] "GET /api/common/verify HTTP/1.1" 200 458
0:0:0:0:0:0:0:1 - - [21/Apr/2018:13:40:32 +0800] "GET /api/common/verify HTTP/1.1" 200 458
0:0:0:0:0:0:0:1 - - [21/Apr/2018:13:40:32 +0800] "GET /api/backend/getWebsite HTTP/1.1" 200 96
0:0:0:0:0:0:0:1 - - [21/Apr/2018:13:40:37 +0800] "GET /api/backend/getServer HTTP/1.1" 200 149
0:0:0:0:0:0:0:1 - - [21/Apr/2018:13:41:38 +0800] "GET /api/common/verify HTTP/1.1" 200 458
0:0:0:0:0:0:0:1 - - [21/Apr/2018:13:41:38 +0800] "GET /socket/websocket/root HTTP/1.1" 101 -
0:0:0:0:0:0:0:1 - - [21/Apr/2018:13:41:38 +0800] "GET /api/backend/getWebsite HTTP/1.1" 200 96
0:0:0:0:0:0:0:1 - - [21/Apr/2018:13:41:43 +0800] "GET /api/backend/getServer HTTP/1.1" 200 191
0:0:0:0:0:0:0:1 - - [21/Apr/2018:13:42:01 +0800] "GET /api/common/verify HTTP/1.1" 200 458
0:0:0:0:0:0:0:1 - - [21/Apr/2018:13:42:01 +0800] "GET /api/common/showUserImage/root?77.90562721203091 HTTP/1.1" 200 11264
0:0:0:0:0:0:0:1 - - [21/Apr/2018:13:42:01 +0800] "GET /api/userPrivate/submit/root/1 HTTP/1.1" 200 85
0:0:0:0:0:0:0:1 - - [21/Apr/2018:13:42:03 +0800] "GET /api/common/verify HTTP/1.1" 200 458
0:0:0:0:0:0:0:1 - - [21/Apr/2018:13:42:04 +0800] "GET /api/common/problems/1 HTTP/1.1" 200 830
0:0:0:0:0:0:0:1 - - [21/Apr/2018:13:42:05 +0800] "GET /api/common/verify HTTP/1.1" 200 458
0:0:0:0:0:0:0:1 - - [21/Apr/2018:13:42:06 +0800] "GET /api/common/coding/1000 HTTP/1.1" 200 898
0:0:0:0:0:0:0:1 - - [21/Apr/2018:13:42:14 +0800] "POST /api/userPrivate/judge/1000 HTTP/1.1" 200 68
0:0:0:0:0:0:0:1 - - [21/Apr/2018:13:42:14 +0800] "GET /api/common/verify HTTP/1.1" 200 458
0:0:0:0:0:0:0:1 - - [21/Apr/2018:13:42:14 +0800] "GET /api/common/submit/1 HTTP/1.1" 200 229
0:0:0:0:0:0:0:1 - - [21/Apr/2018:13:42:16 +0800] "GET /api/common/verify HTTP/1.1" 200 458
0:0:0:0:0:0:0:1 - - [21/Apr/2018:13:42:18 +0800] "GET /api/common/verify HTTP/1.1" 200 458
0:0:0:0:0:0:0:1 - - [21/Apr/2018:13:42:19 +0800] "GET /api/backend/getWebsite HTTP/1.1" 200 96
0:0:0:0:0:0:0:1 - - [21/Apr/2018:13:42:24 +0800] "GET /api/backend/getServer HTTP/1.1" 200 191
0:0:0:0:0:0:0:1 - - [21/Apr/2018:13:47:25 +0800] "GET /api/backend/getWebsite HTTP/1.1" 200 96
0:0:0:0:0:0:0:1 - - [21/Apr/2018:13:47:30 +0800] "GET /api/backend/getServer HTTP/1.1" 200 191
0:0:0:0:0:0:0:1 - - [21/Apr/2018:13:47:35 +0800] "GET /api/backend/getServer HTTP/1.1" 200 190
0:0:0:0:0:0:0:1 - - [21/Apr/2018:13:48:25 +0800] "GET /api/backend/getWebsite HTTP/1.1" 200 96
0:0:0:0:0:0:0:1 - - [21/Apr/2018:13:48:30 +0800] "GET /api/backend/getServer HTTP/1.1" 200 191
0:0:0:0:0:0:0:1 - - [21/Apr/2018:13:48:35 +0800] "GET /api/backend/getServer HTTP/1.1" 200 191
0:0:0:0:0:0:0:1 - - [21/Apr/2018:13:49:50 +0800] "GET /api/common/verify HTTP/1.1" 200 458
0:0:0:0:0:0:0:1 - - [21/Apr/2018:13:49:50 +0800] "GET /socket/websocket/root HTTP/1.1" 101 -
0:0:0:0:0:0:0:1 - - [21/Apr/2018:13:49:50 +0800] "GET /api/backend/getWebsite HTTP/1.1" 200 96
0:0:0:0:0:0:0:1 - - [21/Apr/2018:13:49:55 +0800] "GET /api/backend/getServer HTTP/1.1" 200 191
0:0:0:0:0:0:0:1 - - [21/Apr/2018:13:50:00 +0800] "GET /api/backend/getServer HTTP/1.1" 200 190
0:0:0:0:0:0:0:1 - - [21/Apr/2018:13:50:44 +0800] "GET /api/backend/getWebsite HTTP/1.1" 200 96
0:0:0:0:0:0:0:1 - - [21/Apr/2018:13:50:50 +0800] "GET /api/backend/getServer HTTP/1.1" 200 191
0:0:0:0:0:0:0:1 - - [21/Apr/2018:13:50:55 +0800] "GET /api/backend/getServer HTTP/1.1" 200 190
0:0:0:0:0:0:0:1 - - [21/Apr/2018:13:51:39 +0800] "GET /api/backend/getWebsite HTTP/1.1" 200 96
0:0:0:0:0:0:0:1 - - [21/Apr/2018:13:51:45 +0800] "GET /api/backend/getServer HTTP/1.1" 200 191
0:0:0:0:0:0:0:1 - - [21/Apr/2018:13:52:07 +0800] "GET /api/backend/getWebsite HTTP/1.1" 200 96
0:0:0:0:0:0:0:1 - - [21/Apr/2018:13:52:13 +0800] "GET /api/backend/getServer HTTP/1.1" 200 191
0:0:0:0:0:0:0:1 - - [21/Apr/2018:13:52:19 +0800] "GET /api/backend/getServer HTTP/1.1" 200 191
0:0:0:0:0:0:0:1 - - [21/Apr/2018:13:52:25 +0800] "GET /api/backend/getServer HTTP/1.1" 200 191
0:0:0:0:0:0:0:1 - - [21/Apr/2018:13:52:31 +0800] "GET /api/common/verify HTTP/1.1" 200 458
0:0:0:0:0:0:0:1 - - [21/Apr/2018:13:52:31 +0800] "GET /socket/websocket/root HTTP/1.1" 101 -
0:0:0:0:0:0:0:1 - - [21/Apr/2018:13:52:31 +0800] "GET /api/backend/getWebsite HTTP/1.1" 200 96
0:0:0:0:0:0:0:1 - - [21/Apr/2018:13:52:31 +0800] "GET /api/backend/getServer HTTP/1.1" 200 191
0:0:0:0:0:0:0:1 - - [21/Apr/2018:13:52:37 +0800] "GET /api/backend/getServer HTTP/1.1" 200 191
0:0:0:0:0:0:0:1 - - [21/Apr/2018:13:52:51 +0800] "GET /api/backend/getServer HTTP/1.1" 200 191
0:0:0:0:0:0:0:1 - - [21/Apr/2018:13:52:53 +0800] "GET /api/common/verify HTTP/1.1" 200 458
0:0:0:0:0:0:0:1 - - [21/Apr/2018:13:52:53 +0800] "GET /socket/websocket/root HTTP/1.1" 101 -
0:0:0:0:0:0:0:1 - - [21/Apr/2018:13:52:53 +0800] "GET /api/backend/getWebsite HTTP/1.1" 200 96
0:0:0:0:0:0:0:1 - - [21/Apr/2018:13:52:58 +0800] "GET /api/backend/getServer HTTP/1.1" 200 191
0:0:0:0:0:0:0:1 - - [21/Apr/2018:13:53:03 +0800] "GET /api/backend/getServer HTTP/1.1" 200 191
0:0:0:0:0:0:0:1 - - [21/Apr/2018:13:53:09 +0800] "GET /api/backend/getServer HTTP/1.1" 200 191
0:0:0:0:0:0:0:1 - - [21/Apr/2018:13:53:09 +0800] "GET /api/backend/getWebsite HTTP/1.1" 200 96
0:0:0:0:0:0:0:1 - - [21/Apr/2018:13:53:14 +0800] "GET /api/backend/getServer HTTP/1.1" 200 191
0:0:0:0:0:0:0:1 - - [21/Apr/2018:13:53:19 +0800] "GET /api/backend/getServer HTTP/1.1" 200 191
0:0:0:0:0:0:0:1 - - [21/Apr/2018:13:53:20 +0800] "GET /api/common/verify HTTP/1.1" 200 458
0:0:0:0:0:0:0:1 - - [21/Apr/2018:13:53:20 +0800] "GET /socket/websocket/root HTTP/1.1" 101 -
0:0:0:0:0:0:0:1 - - [21/Apr/2018:13:53:21 +0800] "GET /api/backend/getWebsite HTTP/1.1" 200 96
0:0:0:0:0:0:0:1 - - [21/Apr/2018:13:53:26 +0800] "GET /api/backend/getServer HTTP/1.1" 200 191
0:0:0:0:0:0:0:1 - - [21/Apr/2018:13:54:25 +0800] "GET /api/backend/getWebsite HTTP/1.1" 200 96
0:0:0:0:0:0:0:1 - - [21/Apr/2018:13:54:30 +0800] "GET /api/backend/getServer HTTP/1.1" 200 191
0:0:0:0:0:0:0:1 - - [21/Apr/2018:13:54:36 +0800] "GET /api/backend/getServer HTTP/1.1" 200 191
0:0:0:0:0:0:0:1 - - [21/Apr/2018:13:54:42 +0800] "GET /api/backend/getServer HTTP/1.1" 200 191
0:0:0:0:0:0:0:1 - - [21/Apr/2018:13:54:48 +0800] "GET /api/backend/getServer HTTP/1.1" 200 191
0:0:0:0:0:0:0:1 - - [21/Apr/2018:13:55:18 +0800] "GET /api/common/verify HTTP/1.1" 200 458
0:0:0:0:0:0:0:1 - - [21/Apr/2018:13:55:18 +0800] "GET /socket/websocket/root HTTP/1.1" 101 -
0:0:0:0:0:0:0:1 - - [21/Apr/2018:13:55:18 +0800] "GET /api/backend/getWebsite HTTP/1.1" 200 96
0:0:0:0:0:0:0:1 - - [21/Apr/2018:13:55:21 +0800] "GET /api/backend/getServer HTTP/1.1" 200 191
0:0:0:0:0:0:0:1 - - [21/Apr/2018:13:55:23 +0800] "GET /api/backend/getServer HTTP/1.1" 200 191
0:0:0:0:0:0:0:1 - - [21/Apr/2018:13:55:28 +0800] "GET /api/backend/getServer HTTP/1.1" 200 191
0:0:0:0:0:0:0:1 - - [21/Apr/2018:13:55:33 +0800] "GET /api/backend/getServer HTTP/1.1" 200 191
0:0:0:0:0:0:0:1 - - [21/Apr/2018:13:55:34 +0800] "GET /api/common/verify HTTP/1.1" 200 458
0:0:0:0:0:0:0:1 - - [21/Apr/2018:13:55:34 +0800] "GET /socket/websocket/root HTTP/1.1" 101 -
0:0:0:0:0:0:0:1 - - [21/Apr/2018:13:55:34 +0800] "GET /api/backend/getWebsite HTTP/1.1" 200 96
0:0:0:0:0:0:0:1 - - [21/Apr/2018:13:55:39 +0800] "GET /api/backend/getServer HTTP/1.1" 200 191
0:0:0:0:0:0:0:1 - - [21/Apr/2018:13:55:44 +0800] "GET /api/backend/getServer HTTP/1.1" 200 191
0:0:0:0:0:0:0:1 - - [21/Apr/2018:13:55:49 +0800] "GET /api/backend/getServer HTTP/1.1" 200 191
0:0:0:0:0:0:0:1 - - [21/Apr/2018:13:55:54 +0800] "GET /api/backend/getServer HTTP/1.1" 200 191
0:0:0:0:0:0:0:1 - - [21/Apr/2018:13:55:59 +0800] "GET /api/backend/getServer HTTP/1.1" 200 191
0:0:0:0:0:0:0:1 - - [21/Apr/2018:13:56:04 +0800] "GET /api/backend/getServer HTTP/1.1" 200 191
0:0:0:0:0:0:0:1 - - [21/Apr/2018:13:56:09 +0800] "GET /api/backend/getServer HTTP/1.1" 200 191
0:0:0:0:0:0:0:1 - - [21/Apr/2018:13:56:14 +0800] "GET /api/backend/getServer HTTP/1.1" 200 191
0:0:0:0:0:0:0:1 - - [21/Apr/2018:13:56:17 +0800] "GET /api/backend/getWebsite HTTP/1.1" 200 96
0:0:0:0:0:0:0:1 - - [21/Apr/2018:13:56:21 +0800] "GET /api/backend/getServer HTTP/1.1" 200 191
0:0:0:0:0:0:0:1 - - [21/Apr/2018:13:56:26 +0800] "GET /api/backend/getServer HTTP/1.1" 200 191
0:0:0:0:0:0:0:1 - - [21/Apr/2018:13:56:31 +0800] "GET /api/backend/getServer HTTP/1.1" 200 191
0:0:0:0:0:0:0:1 - - [21/Apr/2018:13:56:36 +0800] "GET /api/backend/getServer HTTP/1.1" 200 190
0:0:0:0:0:0:0:1 - - [21/Apr/2018:13:56:41 +0800] "GET /api/backend/getServer HTTP/1.1" 200 190
0:0:0:0:0:0:0:1 - - [21/Apr/2018:13:56:46 +0800] "GET /api/backend/getServer HTTP/1.1" 200 190
0:0:0:0:0:0:0:1 - - [21/Apr/2018:13:56:51 +0800] "GET /api/backend/getServer HTTP/1.1" 200 190
0:0:0:0:0:0:0:1 - - [21/Apr/2018:13:56:56 +0800] "GET /api/backend/getServer HTTP/1.1" 200 191
0:0:0:0:0:0:0:1 - - [21/Apr/2018:13:57:01 +0800] "GET /api/backend/getServer HTTP/1.1" 200 191
0:0:0:0:0:0:0:1 - - [21/Apr/2018:13:57:06 +0800] "GET /api/backend/getServer HTTP/1.1" 200 191
0:0:0:0:0:0:0:1 - - [21/Apr/2018:13:57:11 +0800] "GET /api/backend/getServer HTTP/1.1" 200 191
0:0:0:0:0:0:0:1 - - [21/Apr/2018:13:57:16 +0800] "GET /api/backend/getServer HTTP/1.1" 200 191
0:0:0:0:0:0:0:1 - - [21/Apr/2018:13:57:21 +0800] "GET /api/backend/getServer HTTP/1.1" 200 190
0:0:0:0:0:0:0:1 - - [21/Apr/2018:13:57:26 +0800] "GET /api/backend/getServer HTTP/1.1" 200 191
0:0:0:0:0:0:0:1 - - [21/Apr/2018:13:57:31 +0800] "GET /api/backend/getServer HTTP/1.1" 200 191
0:0:0:0:0:0:0:1 - - [21/Apr/2018:13:57:36 +0800] "GET /api/backend/getServer HTTP/1.1" 200 191
0:0:0:0:0:0:0:1 - - [21/Apr/2018:13:57:41 +0800] "GET /api/backend/getServer HTTP/1.1" 200 191
0:0:0:0:0:0:0:1 - - [21/Apr/2018:13:57:46 +0800] "GET /api/backend/getServer HTTP/1.1" 200 191
0:0:0:0:0:0:0:1 - - [21/Apr/2018:13:57:51 +0800] "GET /api/backend/getServer HTTP/1.1" 200 191
0:0:0:0:0:0:0:1 - - [21/Apr/2018:13:57:56 +0800] "GET /api/backend/getServer HTTP/1.1" 200 191
0:0:0:0:0:0:0:1 - - [21/Apr/2018:13:58:01 +0800] "GET /api/backend/getServer HTTP/1.1" 200 191
0:0:0:0:0:0:0:1 - - [21/Apr/2018:13:58:06 +0800] "GET /api/backend/getServer HTTP/1.1" 200 191
0:0:0:0:0:0:0:1 - - [21/Apr/2018:13:58:08 +0800] "GET /api/backend/getWebsite HTTP/1.1" 200 96
0:0:0:0:0:0:0:1 - - [21/Apr/2018:13:58:11 +0800] "GET /api/backend/getServer HTTP/1.1" 200 191
0:0:0:0:0:0:0:1 - - [21/Apr/2018:13:58:16 +0800] "GET /api/backend/getServer HTTP/1.1" 200 191
0:0:0:0:0:0:0:1 - - [21/Apr/2018:13:58:21 +0800] "GET /api/backend/getServer HTTP/1.1" 200 191
0:0:0:0:0:0:0:1 - - [21/Apr/2018:13:58:26 +0800] "GET /api/backend/getServer HTTP/1.1" 200 191
0:0:0:0:0:0:0:1 - - [21/Apr/2018:13:58:31 +0800] "GET /api/backend/getServer HTTP/1.1" 200 190
0:0:0:0:0:0:0:1 - - [21/Apr/2018:13:58:36 +0800] "GET /api/backend/getServer HTTP/1.1" 200 191
0:0:0:0:0:0:0:1 - - [21/Apr/2018:13:58:41 +0800] "GET /api/backend/getServer HTTP/1.1" 200 191
0:0:0:0:0:0:0:1 - - [21/Apr/2018:13:58:46 +0800] "GET /api/backend/getServer HTTP/1.1" 200 191
0:0:0:0:0:0:0:1 - - [21/Apr/2018:13:58:51 +0800] "GET /api/backend/getServer HTTP/1.1" 200 191
0:0:0:0:0:0:0:1 - - [21/Apr/2018:13:58:56 +0800] "GET /api/backend/getServer HTTP/1.1" 200 190
0:0:0:0:0:0:0:1 - - [21/Apr/2018:13:59:01 +0800] "GET /api/backend/getServer HTTP/1.1" 200 191
0:0:0:0:0:0:0:1 - - [21/Apr/2018:13:59:06 +0800] "GET /api/backend/getServer HTTP/1.1" 200 191
0:0:0:0:0:0:0:1 - - [21/Apr/2018:13:59:06 +0800] "GET /api/backend/getWebsite HTTP/1.1" 200 96
0:0:0:0:0:0:0:1 - - [21/Apr/2018:13:59:11 +0800] "GET /api/backend/getServer HTTP/1.1" 200 191
0:0:0:0:0:0:0:1 - - [21/Apr/2018:13:59:16 +0800] "GET /api/backend/getServer HTTP/1.1" 200 191
0:0:0:0:0:0:0:1 - - [21/Apr/2018:13:59:21 +0800] "GET /api/backend/getServer HTTP/1.1" 200 190
0:0:0:0:0:0:0:1 - - [21/Apr/2018:13:59:26 +0800] "GET /api/backend/getServer HTTP/1.1" 200 190
0:0:0:0:0:0:0:1 - - [21/Apr/2018:13:59:31 +0800] "GET /api/backend/getServer HTTP/1.1" 200 191
0:0:0:0:0:0:0:1 - - [21/Apr/2018:13:59:36 +0800] "GET /api/backend/getServer HTTP/1.1" 200 190
0:0:0:0:0:0:0:1 - - [21/Apr/2018:13:59:41 +0800] "GET /api/backend/getServer HTTP/1.1" 200 191
0:0:0:0:0:0:0:1 - - [21/Apr/2018:13:59:46 +0800] "GET /api/backend/getServer HTTP/1.1" 200 191
0:0:0:0:0:0:0:1 - - [21/Apr/2018:13:59:49 +0800] "GET /api/backend/getWebsite HTTP/1.1" 200 96
0:0:0:0:0:0:0:1 - - [21/Apr/2018:13:59:51 +0800] "GET /api/backend/getServer HTTP/1.1" 200 191
0:0:0:0:0:0:0:1 - - [21/Apr/2018:13:59:56 +0800] "GET /api/backend/getServer HTTP/1.1" 200 191
0:0:0:0:0:0:0:1 - - [21/Apr/2018:14:00:01 +0800] "GET /api/backend/getServer HTTP/1.1" 200 190
0:0:0:0:0:0:0:1 - - [21/Apr/2018:14:00:06 +0800] "GET /api/backend/getServer HTTP/1.1" 200 191
0:0:0:0:0:0:0:1 - - [21/Apr/2018:14:00:11 +0800] "GET /api/backend/getServer HTTP/1.1" 200 191
0:0:0:0:0:0:0:1 - - [21/Apr/2018:14:00:16 +0800] "GET /api/backend/getServer HTTP/1.1" 200 190
0:0:0:0:0:0:0:1 - - [21/Apr/2018:14:00:21 +0800] "GET /api/backend/getServer HTTP/1.1" 200 191
0:0:0:0:0:0:0:1 - - [21/Apr/2018:14:00:26 +0800] "GET /api/backend/getServer HTTP/1.1" 200 191
0:0:0:0:0:0:0:1 - - [21/Apr/2018:14:00:31 +0800] "GET /api/backend/getServer HTTP/1.1" 200 191
0:0:0:0:0:0:0:1 - - [21/Apr/2018:14:00:36 +0800] "GET /api/backend/getServer HTTP/1.1" 200 191
0:0:0:0:0:0:0:1 - - [21/Apr/2018:14:00:41 +0800] "GET /api/backend/getServer HTTP/1.1" 200 191
0:0:0:0:0:0:0:1 - - [21/Apr/2018:14:00:46 +0800] "GET /api/backend/getServer HTTP/1.1" 200 191
0:0:0:0:0:0:0:1 - - [21/Apr/2018:14:00:51 +0800] "GET /api/backend/getServer HTTP/1.1" 200 191
0:0:0:0:0:0:0:1 - - [21/Apr/2018:14:00:55 +0800] "GET /api/common/verify HTTP/1.1" 200 458
0:0:0:0:0:0:0:1 - - [21/Apr/2018:14:00:55 +0800] "GET /socket/websocket/root HTTP/1.1" 101 -
0:0:0:0:0:0:0:1 - - [21/Apr/2018:14:00:55 +0800] "GET /api/backend/getWebsite HTTP/1.1" 200 96
0:0:0:0:0:0:0:1 - - [21/Apr/2018:14:00:56 +0800] "GET /api/backend/getServer HTTP/1.1" 200 191
0:0:0:0:0:0:0:1 - - [21/Apr/2018:14:01:00 +0800] "GET /api/backend/getServer HTTP/1.1" 200 191
0:0:0:0:0:0:0:1 - - [21/Apr/2018:14:01:10 +0800] "GET /api/backend/getServer HTTP/1.1" 200 190
0:0:0:0:0:0:0:1 - - [21/Apr/2018:14:01:20 +0800] "GET /api/backend/getServer HTTP/1.1" 200 190
0:0:0:0:0:0:0:1 - - [21/Apr/2018:14:01:31 +0800] "GET /api/backend/getServer HTTP/1.1" 200 190
0:0:0:0:0:0:0:1 - - [21/Apr/2018:14:01:41 +0800] "GET /api/backend/getServer HTTP/1.1" 200 190
0:0:0:0:0:0:0:1 - - [21/Apr/2018:14:01:51 +0800] "GET /api/backend/getServer HTTP/1.1" 200 190
0:0:0:0:0:0:0:1 - - [21/Apr/2018:14:02:01 +0800] "GET /api/backend/getServer HTTP/1.1" 200 190
0:0:0:0:0:0:0:1 - - [21/Apr/2018:14:02:11 +0800] "GET /api/backend/getServer HTTP/1.1" 200 190
0:0:0:0:0:0:0:1 - - [21/Apr/2018:14:02:21 +0800] "GET /api/backend/getServer HTTP/1.1" 200 190
0:0:0:0:0:0:0:1 - - [21/Apr/2018:14:02:31 +0800] "GET /api/backend/getServer HTTP/1.1" 200 190
0:0:0:0:0:0:0:1 - - [21/Apr/2018:14:02:41 +0800] "GET /api/backend/getServer HTTP/1.1" 200 190
0:0:0:0:0:0:0:1 - - [21/Apr/2018:14:02:51 +0800] "GET /api/backend/getServer HTTP/1.1" 200 190
0:0:0:0:0:0:0:1 - - [21/Apr/2018:14:03:01 +0800] "GET /api/backend/getServer HTTP/1.1" 200 191
0:0:0:0:0:0:0:1 - - [21/Apr/2018:14:03:11 +0800] "GET /api/backend/getServer HTTP/1.1" 200 191
0:0:0:0:0:0:0:1 - - [21/Apr/2018:14:03:21 +0800] "GET /api/backend/getServer HTTP/1.1" 200 190
0:0:0:0:0:0:0:1 - - [21/Apr/2018:14:03:31 +0800] "GET /api/backend/getServer HTTP/1.1" 200 190
0:0:0:0:0:0:0:1 - - [21/Apr/2018:14:03:41 +0800] "GET /api/backend/getServer HTTP/1.1" 200 191
0:0:0:0:0:0:0:1 - - [21/Apr/2018:14:03:51 +0800] "GET /api/backend/getServer HTTP/1.1" 200 191
0:0:0:0:0:0:0:1 - - [21/Apr/2018:14:03:52 +0800] "GET /api/backend/getWebsite HTTP/1.1" 200 96
0:0:0:0:0:0:0:1 - - [21/Apr/2018:14:03:57 +0800] "GET /api/backend/getServer HTTP/1.1" 200 191
0:0:0:0:0:0:0:1 - - [21/Apr/2018:14:04:02 +0800] "GET /api/backend/getServer HTTP/1.1" 200 191
0:0:0:0:0:0:0:1 - - [21/Apr/2018:14:04:07 +0800] "GET /api/backend/getServer HTTP/1.1" 200 190
0:0:0:0:0:0:0:1 - - [21/Apr/2018:14:04:12 +0800] "GET /api/backend/getServer HTTP/1.1" 200 191
0:0:0:0:0:0:0:1 - - [21/Apr/2018:14:04:17 +0800] "GET /api/backend/getServer HTTP/1.1" 200 191
0:0:0:0:0:0:0:1 - - [21/Apr/2018:14:04:22 +0800] "GET /api/backend/getServer HTTP/1.1" 200 191
0:0:0:0:0:0:0:1 - - [21/Apr/2018:14:04:27 +0800] "GET /api/backend/getServer HTTP/1.1" 200 190
0:0:0:0:0:0:0:1 - - [21/Apr/2018:14:04:32 +0800] "GET /api/backend/getServer HTTP/1.1" 200 190
0:0:0:0:0:0:0:1 - - [21/Apr/2018:14:04:37 +0800] "GET /api/backend/getServer HTTP/1.1" 200 190
0:0:0:0:0:0:0:1 - - [21/Apr/2018:14:04:42 +0800] "GET /api/backend/getServer HTTP/1.1" 200 190
0:0:0:0:0:0:0:1 - - [21/Apr/2018:14:04:47 +0800] "GET /api/backend/getServer HTTP/1.1" 200 190
0:0:0:0:0:0:0:1 - - [21/Apr/2018:14:04:52 +0800] "GET /api/backend/getServer HTTP/1.1" 200 190
0:0:0:0:0:0:0:1 - - [21/Apr/2018:14:04:57 +0800] "GET /api/backend/getServer HTTP/1.1" 200 190
0:0:0:0:0:0:0:1 - - [21/Apr/2018:14:05:02 +0800] "GET /api/backend/getServer HTTP/1.1" 200 190
0:0:0:0:0:0:0:1 - - [21/Apr/2018:14:05:07 +0800] "GET /api/backend/getServer HTTP/1.1" 200 190
0:0:0:0:0:0:0:1 - - [21/Apr/2018:14:05:12 +0800] "GET /api/backend/getServer HTTP/1.1" 200 190
0:0:0:0:0:0:0:1 - - [21/Apr/2018:14:05:17 +0800] "GET /api/backend/getServer HTTP/1.1" 200 190
0:0:0:0:0:0:0:1 - - [21/Apr/2018:14:05:22 +0800] "GET /api/backend/getServer HTTP/1.1" 200 190
0:0:0:0:0:0:0:1 - - [21/Apr/2018:14:05:27 +0800] "GET /api/backend/getServer HTTP/1.1" 200 190
0:0:0:0:0:0:0:1 - - [21/Apr/2018:14:05:32 +0800] "GET /api/backend/getServer HTTP/1.1" 200 190
0:0:0:0:0:0:0:1 - - [21/Apr/2018:14:05:37 +0800] "GET /api/backend/getServer HTTP/1.1" 200 190
0:0:0:0:0:0:0:1 - - [21/Apr/2018:14:05:42 +0800] "GET /api/backend/getServer HTTP/1.1" 200 190
0:0:0:0:0:0:0:1 - - [21/Apr/2018:14:05:47 +0800] "GET /api/backend/getServer HTTP/1.1" 200 190
0:0:0:0:0:0:0:1 - - [21/Apr/2018:14:05:52 +0800] "GET /api/backend/getServer HTTP/1.1" 200 191
0:0:0:0:0:0:0:1 - - [21/Apr/2018:14:05:57 +0800] "GET /api/backend/getServer HTTP/1.1" 200 190
0:0:0:0:0:0:0:1 - - [21/Apr/2018:14:06:02 +0800] "GET /api/backend/getServer HTTP/1.1" 200 191
0:0:0:0:0:0:0:1 - - [21/Apr/2018:14:06:07 +0800] "GET /api/backend/getServer HTTP/1.1" 200 191
0:0:0:0:0:0:0:1 - - [21/Apr/2018:14:06:12 +0800] "GET /api/backend/getServer HTTP/1.1" 200 191
0:0:0:0:0:0:0:1 - - [21/Apr/2018:14:06:17 +0800] "GET /api/backend/getServer HTTP/1.1" 200 191
0:0:0:0:0:0:0:1 - - [21/Apr/2018:14:06:22 +0800] "GET /api/backend/getServer HTTP/1.1" 200 191
0:0:0:0:0:0:0:1 - - [21/Apr/2018:14:06:27 +0800] "GET /api/backend/getServer HTTP/1.1" 200 191
0:0:0:0:0:0:0:1 - - [21/Apr/2018:14:06:32 +0800] "GET /api/backend/getServer HTTP/1.1" 200 191
0:0:0:0:0:0:0:1 - - [21/Apr/2018:14:06:37 +0800] "GET /api/backend/getServer HTTP/1.1" 200 191
0:0:0:0:0:0:0:1 - - [21/Apr/2018:14:06:42 +0800] "GET /api/backend/getServer HTTP/1.1" 200 191
0:0:0:0:0:0:0:1 - - [21/Apr/2018:14:06:47 +0800] "GET /api/backend/getServer HTTP/1.1" 200 191
0:0:0:0:0:0:0:1 - - [21/Apr/2018:14:06:52 +0800] "GET /api/backend/getWebsite HTTP/1.1" 200 96
0:0:0:0:0:0:0:1 - - [21/Apr/2018:14:06:52 +0800] "GET /api/backend/getServer HTTP/1.1" 200 191
0:0:0:0:0:0:0:1 - - [21/Apr/2018:14:06:57 +0800] "GET /api/backend/getServer HTTP/1.1" 200 191
0:0:0:0:0:0:0:1 - - [21/Apr/2018:14:07:02 +0800] "GET /api/backend/getServer HTTP/1.1" 200 190
0:0:0:0:0:0:0:1 - - [21/Apr/2018:14:07:07 +0800] "GET /api/backend/getServer HTTP/1.1" 200 190
0:0:0:0:0:0:0:1 - - [21/Apr/2018:14:07:12 +0800] "GET /api/backend/getServer HTTP/1.1" 200 191
0:0:0:0:0:0:0:1 - - [21/Apr/2018:14:07:17 +0800] "GET /api/backend/getServer HTTP/1.1" 200 191
0:0:0:0:0:0:0:1 - - [21/Apr/2018:14:07:22 +0800] "GET /api/backend/getServer HTTP/1.1" 200 191
0:0:0:0:0:0:0:1 - - [21/Apr/2018:14:07:27 +0800] "GET /api/backend/getServer HTTP/1.1" 200 191
0:0:0:0:0:0:0:1 - - [21/Apr/2018:14:07:27 +0800] "GET /api/backend/getWebsite HTTP/1.1" 200 96
0:0:0:0:0:0:0:1 - - [21/Apr/2018:14:07:32 +0800] "GET /api/backend/getServer HTTP/1.1" 200 191
0:0:0:0:0:0:0:1 - - [21/Apr/2018:14:07:37 +0800] "GET /api/backend/getServer HTTP/1.1" 200 191
0:0:0:0:0:0:0:1 - - [21/Apr/2018:14:07:42 +0800] "GET /api/backend/getServer HTTP/1.1" 200 191
0:0:0:0:0:0:0:1 - - [21/Apr/2018:14:07:44 +0800] "GET /api/backend/getWebsite HTTP/1.1" 200 96
0:0:0:0:0:0:0:1 - - [21/Apr/2018:14:07:47 +0800] "GET /api/backend/getServer HTTP/1.1" 200 191
0:0:0:0:0:0:0:1 - - [21/Apr/2018:14:07:52 +0800] "GET /api/backend/getServer HTTP/1.1" 200 191
0:0:0:0:0:0:0:1 - - [21/Apr/2018:14:07:57 +0800] "GET /api/backend/getServer HTTP/1.1" 200 191
0:0:0:0:0:0:0:1 - - [21/Apr/2018:14:08:02 +0800] "GET /api/backend/getServer HTTP/1.1" 200 191
0:0:0:0:0:0:0:1 - - [21/Apr/2018:14:08:06 +0800] "GET /api/backend/getWebsite HTTP/1.1" 200 96
0:0:0:0:0:0:0:1 - - [21/Apr/2018:14:08:07 +0800] "GET /api/backend/getServer HTTP/1.1" 200 191
0:0:0:0:0:0:0:1 - - [21/Apr/2018:14:08:12 +0800] "GET /api/backend/getServer HTTP/1.1" 200 191
0:0:0:0:0:0:0:1 - - [21/Apr/2018:14:08:17 +0800] "GET /api/backend/getServer HTTP/1.1" 200 191
0:0:0:0:0:0:0:1 - - [21/Apr/2018:14:08:22 +0800] "GET /api/backend/getServer HTTP/1.1" 200 191
0:0:0:0:0:0:0:1 - - [21/Apr/2018:14:08:27 +0800] "GET /api/backend/getServer HTTP/1.1" 200 191
0:0:0:0:0:0:0:1 - - [21/Apr/2018:14:08:32 +0800] "GET /api/backend/getServer HTTP/1.1" 200 191
0:0:0:0:0:0:0:1 - - [21/Apr/2018:14:08:32 +0800] "GET /api/backend/getServer HTTP/1.1" 200 191
0:0:0:0:0:0:0:1 - - [21/Apr/2018:14:08:37 +0800] "GET /api/backend/getServer HTTP/1.1" 200 191
0:0:0:0:0:0:0:1 - - [21/Apr/2018:14:08:40 +0800] "GET /api/common/verify HTTP/1.1" 200 458
0:0:0:0:0:0:0:1 - - [21/Apr/2018:14:08:40 +0800] "GET /socket/websocket/root HTTP/1.1" 101 -
0:0:0:0:0:0:0:1 - - [21/Apr/2018:14:08:41 +0800] "GET /api/backend/getWebsite HTTP/1.1" 200 96
0:0:0:0:0:0:0:1 - - [21/Apr/2018:14:08:42 +0800] "GET /api/backend/getServer HTTP/1.1" 200 191
0:0:0:0:0:0:0:1 - - [21/Apr/2018:14:08:46 +0800] "GET /api/backend/getServer HTTP/1.1" 200 191
0:0:0:0:0:0:0:1 - - [21/Apr/2018:14:08:56 +0800] "GET /api/backend/getServer HTTP/1.1" 200 191
0:0:0:0:0:0:0:1 - - [21/Apr/2018:14:09:06 +0800] "GET /api/backend/getServer HTTP/1.1" 200 191
0:0:0:0:0:0:0:1 - - [21/Apr/2018:14:09:16 +0800] "GET /api/backend/getServer HTTP/1.1" 200 191
0:0:0:0:0:0:0:1 - - [21/Apr/2018:14:09:26 +0800] "GET /api/backend/getServer HTTP/1.1" 200 191
0:0:0:0:0:0:0:1 - - [21/Apr/2018:14:09:36 +0800] "GET /api/backend/getServer HTTP/1.1" 200 191
0:0:0:0:0:0:0:1 - - [21/Apr/2018:14:09:41 +0800] "GET /api/backend/getWebsite HTTP/1.1" 200 96
0:0:0:0:0:0:0:1 - - [21/Apr/2018:14:09:46 +0800] "GET /api/backend/getServer HTTP/1.1" 200 191
0:0:0:0:0:0:0:1 - - [21/Apr/2018:14:09:51 +0800] "GET /api/backend/getServer HTTP/1.1" 200 191
0:0:0:0:0:0:0:1 - - [21/Apr/2018:14:09:56 +0800] "GET /api/backend/getServer HTTP/1.1" 200 190
0:0:0:0:0:0:0:1 - - [21/Apr/2018:14:10:01 +0800] "GET /api/backend/getServer HTTP/1.1" 200 190
0:0:0:0:0:0:0:1 - - [21/Apr/2018:14:10:06 +0800] "GET /api/backend/getServer HTTP/1.1" 200 190
0:0:0:0:0:0:0:1 - - [21/Apr/2018:14:10:11 +0800] "GET /api/backend/getServer HTTP/1.1" 200 191
0:0:0:0:0:0:0:1 - - [21/Apr/2018:14:10:16 +0800] "GET /api/backend/getServer HTTP/1.1" 200 190
0:0:0:0:0:0:0:1 - - [21/Apr/2018:14:10:21 +0800] "GET /api/backend/getServer HTTP/1.1" 200 190
0:0:0:0:0:0:0:1 - - [21/Apr/2018:14:10:26 +0800] "GET /api/backend/getServer HTTP/1.1" 200 190
0:0:0:0:0:0:0:1 - - [21/Apr/2018:14:10:31 +0800] "GET /api/backend/getServer HTTP/1.1" 200 190
0:0:0:0:0:0:0:1 - - [21/Apr/2018:14:22:15 +0800] "GET /api/common/verify HTTP/1.1" 200 458
0:0:0:0:0:0:0:1 - - [21/Apr/2018:14:22:15 +0800] "GET /socket/websocket/root HTTP/1.1" 101 -
0:0:0:0:0:0:0:1 - - [21/Apr/2018:14:22:15 +0800] "GET /api/backend/getSmtp HTTP/1.1" 200 67
0:0:0:0:0:0:0:1 - - [21/Apr/2018:14:22:15 +0800] "GET /api/backend/getSmtp HTTP/1.1" 200 67
0:0:0:0:0:0:0:1 - - [21/Apr/2018:14:22:20 +0800] "GET /api/backend/getServer HTTP/1.1" 200 191
0:0:0:0:0:0:0:1 - - [21/Apr/2018:14:22:30 +0800] "GET /api/backend/getServer HTTP/1.1" 200 191
0:0:0:0:0:0:0:1 - - [21/Apr/2018:14:22:41 +0800] "GET /api/backend/getServer HTTP/1.1" 200 191
0:0:0:0:0:0:0:1 - - [21/Apr/2018:14:22:51 +0800] "GET /api/backend/getServer HTTP/1.1" 200 190
0:0:0:0:0:0:0:1 - - [21/Apr/2018:14:23:01 +0800] "GET /api/backend/getServer HTTP/1.1" 200 191
0:0:0:0:0:0:0:1 - - [21/Apr/2018:14:23:01 +0800] "GET /api/backend/getSmtp HTTP/1.1" 200 67
0:0:0:0:0:0:0:1 - - [21/Apr/2018:14:23:01 +0800] "GET /api/backend/getWebsite HTTP/1.1" 200 96
0:0:0:0:0:0:0:1 - - [21/Apr/2018:14:23:06 +0800] "GET /api/backend/getServer HTTP/1.1" 200 191
0:0:0:0:0:0:0:1 - - [21/Apr/2018:14:23:11 +0800] "GET /api/backend/getServer HTTP/1.1" 200 190
0:0:0:0:0:0:0:1 - - [21/Apr/2018:14:23:16 +0800] "GET /api/backend/getServer HTTP/1.1" 200 190
0:0:0:0:0:0:0:1 - - [21/Apr/2018:14:23:21 +0800] "GET /api/backend/getServer HTTP/1.1" 200 190
0:0:0:0:0:0:0:1 - - [21/Apr/2018:14:23:26 +0800] "GET /api/backend/getServer HTTP/1.1" 200 190
0:0:0:0:0:0:0:1 - - [21/Apr/2018:14:23:31 +0800] "GET /api/backend/getServer HTTP/1.1" 200 190
0:0:0:0:0:0:0:1 - - [21/Apr/2018:14:23:36 +0800] "GET /api/backend/getServer HTTP/1.1" 200 190
0:0:0:0:0:0:0:1 - - [21/Apr/2018:14:23:41 +0800] "GET /api/backend/getServer HTTP/1.1" 200 190
0:0:0:0:0:0:0:1 - - [21/Apr/2018:14:23:46 +0800] "GET /api/backend/getServer HTTP/1.1" 200 190
0:0:0:0:0:0:0:1 - - [21/Apr/2018:14:23:51 +0800] "GET /api/backend/getServer HTTP/1.1" 200 190
0:0:0:0:0:0:0:1 - - [21/Apr/2018:14:23:56 +0800] "GET /api/backend/getServer HTTP/1.1" 200 190
0:0:0:0:0:0:0:1 - - [21/Apr/2018:14:24:01 +0800] "GET /api/backend/getServer HTTP/1.1" 200 190
0:0:0:0:0:0:0:1 - - [21/Apr/2018:14:24:06 +0800] "GET /api/backend/getServer HTTP/1.1" 200 190
0:0:0:0:0:0:0:1 - - [21/Apr/2018:14:24:11 +0800] "GET /api/backend/getServer HTTP/1.1" 200 190
0:0:0:0:0:0:0:1 - - [21/Apr/2018:14:24:16 +0800] "GET /api/backend/getServer HTTP/1.1" 200 190
0:0:0:0:0:0:0:1 - - [21/Apr/2018:14:24:21 +0800] "GET /api/backend/getServer HTTP/1.1" 200 190
0:0:0:0:0:0:0:1 - - [21/Apr/2018:14:24:26 +0800] "GET /api/backend/getServer HTTP/1.1" 200 190
0:0:0:0:0:0:0:1 - - [21/Apr/2018:14:24:31 +0800] "GET /api/backend/getServer HTTP/1.1" 200 190
0:0:0:0:0:0:0:1 - - [21/Apr/2018:14:24:36 +0800] "GET /api/backend/getServer HTTP/1.1" 200 190
0:0:0:0:0:0:0:1 - - [21/Apr/2018:14:24:41 +0800] "GET /api/backend/getServer HTTP/1.1" 200 190
0:0:0:0:0:0:0:1 - - [21/Apr/2018:14:24:46 +0800] "GET /api/backend/getServer HTTP/1.1" 200 190
0:0:0:0:0:0:0:1 - - [21/Apr/2018:14:24:51 +0800] "GET /api/backend/getServer HTTP/1.1" 200 190
0:0:0:0:0:0:0:1 - - [21/Apr/2018:14:24:56 +0800] "GET /api/backend/getServer HTTP/1.1" 200 190
0:0:0:0:0:0:0:1 - - [21/Apr/2018:14:25:01 +0800] "GET /api/backend/getServer HTTP/1.1" 200 190
0:0:0:0:0:0:0:1 - - [21/Apr/2018:14:25:06 +0800] "GET /api/backend/getServer HTTP/1.1" 200 190
0:0:0:0:0:0:0:1 - - [21/Apr/2018:14:25:11 +0800] "GET /api/backend/getServer HTTP/1.1" 200 190
0:0:0:0:0:0:0:1 - - [21/Apr/2018:14:25:16 +0800] "GET /api/backend/getServer HTTP/1.1" 200 190
0:0:0:0:0:0:0:1 - - [21/Apr/2018:14:25:21 +0800] "GET /api/backend/getServer HTTP/1.1" 200 190
0:0:0:0:0:0:0:1 - - [21/Apr/2018:14:25:26 +0800] "GET /api/backend/getServer HTTP/1.1" 200 190
0:0:0:0:0:0:0:1 - - [21/Apr/2018:14:25:31 +0800] "GET /api/backend/getServer HTTP/1.1" 200 190
0:0:0:0:0:0:0:1 - - [21/Apr/2018:14:25:36 +0800] "GET /api/backend/getServer HTTP/1.1" 200 190
0:0:0:0:0:0:0:1 - - [21/Apr/2018:14:25:41 +0800] "GET /api/backend/getServer HTTP/1.1" 200 190
0:0:0:0:0:0:0:1 - - [21/Apr/2018:14:25:46 +0800] "GET /api/backend/getServer HTTP/1.1" 200 190
0:0:0:0:0:0:0:1 - - [21/Apr/2018:14:25:51 +0800] "GET /api/backend/getServer HTTP/1.1" 200 190
0:0:0:0:0:0:0:1 - - [21/Apr/2018:14:25:56 +0800] "GET /api/backend/getServer HTTP/1.1" 200 190
0:0:0:0:0:0:0:1 - - [21/Apr/2018:14:26:01 +0800] "GET /api/backend/getServer HTTP/1.1" 200 190
0:0:0:0:0:0:0:1 - - [21/Apr/2018:14:26:06 +0800] "GET /api/backend/getServer HTTP/1.1" 200 190
0:0:0:0:0:0:0:1 - - [21/Apr/2018:14:26:11 +0800] "GET /api/backend/getServer HTTP/1.1" 200 190
0:0:0:0:0:0:0:1 - - [21/Apr/2018:14:26:16 +0800] "GET /api/backend/getServer HTTP/1.1" 200 190
0:0:0:0:0:0:0:1 - - [21/Apr/2018:14:26:21 +0800] "GET /api/backend/getServer HTTP/1.1" 200 190
0:0:0:0:0:0:0:1 - - [21/Apr/2018:14:26:26 +0800] "GET /api/backend/getServer HTTP/1.1" 200 190
0:0:0:0:0:0:0:1 - - [21/Apr/2018:14:26:31 +0800] "GET /api/backend/getServer HTTP/1.1" 200 190
0:0:0:0:0:0:0:1 - - [21/Apr/2018:14:26:36 +0800] "GET /api/backend/getServer HTTP/1.1" 200 190
0:0:0:0:0:0:0:1 - - [21/Apr/2018:14:26:41 +0800] "GET /api/backend/getServer HTTP/1.1" 200 190
0:0:0:0:0:0:0:1 - - [21/Apr/2018:14:26:46 +0800] "GET /api/backend/getServer HTTP/1.1" 200 190
0:0:0:0:0:0:0:1 - - [21/Apr/2018:14:26:51 +0800] "GET /api/backend/getServer HTTP/1.1" 200 190
0:0:0:0:0:0:0:1 - - [21/Apr/2018:14:26:56 +0800] "GET /api/backend/getServer HTTP/1.1" 200 190
0:0:0:0:0:0:0:1 - - [21/Apr/2018:14:27:01 +0800] "GET /api/backend/getServer HTTP/1.1" 200 190
0:0:0:0:0:0:0:1 - - [21/Apr/2018:14:27:06 +0800] "GET /api/backend/getServer HTTP/1.1" 200 190
0:0:0:0:0:0:0:1 - - [21/Apr/2018:14:56:09 +0800] "GET /api/common/verify HTTP/1.1" 200 3
0:0:0:0:0:0:0:1 - - [21/Apr/2018:14:56:11 +0800] "GET /api/common/verify HTTP/1.1" 200 3
0:0:0:0:0:0:0:1 - - [21/Apr/2018:14:56:11 +0800] "GET /api/common/notices HTTP/1.1" 200 770
0:0:0:0:0:0:0:1 - - [21/Apr/2018:14:56:11 +0800] "GET /api/common/showUserImage/guest?30.011241887251416 HTTP/1.1" 200 11264
0:0:0:0:0:0:0:1 - - [21/Apr/2018:14:56:13 +0800] "GET /api/common/captcha?80.93054880081678 HTTP/1.1" 200 1587
0:0:0:0:0:0:0:1 - - [21/Apr/2018:14:56:17 +0800] "GET /api/common/captcha?5196.415747475245 HTTP/1.1" 200 1539
0:0:0:0:0:0:0:1 - - [21/Apr/2018:14:56:22 +0800] "POST /api/user/login HTTP/1.1" 200 486
0:0:0:0:0:0:0:1 - - [21/Apr/2018:14:56:23 +0800] "GET /api/common/verify HTTP/1.1" 200 458
0:0:0:0:0:0:0:1 - - [21/Apr/2018:14:56:23 +0800] "GET /socket/websocket/root HTTP/1.1" 101 -
0:0:0:0:0:0:0:1 - - [21/Apr/2018:14:56:23 +0800] "GET /api/common/showUserImage/root?8.239746749111276 HTTP/1.1" 200 11264
0:0:0:0:0:0:0:1 - - [21/Apr/2018:14:56:23 +0800] "GET /api/common/notices HTTP/1.1" 200 770
0:0:0:0:0:0:0:1 - - [21/Apr/2018:14:56:23 +0800] "GET /api/userPrivate/chart/1 HTTP/1.1" 200 20
0:0:0:0:0:0:0:1 - - [21/Apr/2018:14:56:25 +0800] "GET /api/common/verify HTTP/1.1" 200 458
0:0:0:0:0:0:0:1 - - [21/Apr/2018:14:56:27 +0800] "GET /api/common/verify HTTP/1.1" 200 458
0:0:0:0:0:0:0:1 - - [21/Apr/2018:14:56:27 +0800] "GET /api/backend/getSmtp HTTP/1.1" 200 56
0:0:0:0:0:0:0:1 - - [21/Apr/2018:14:56:27 +0800] "GET /api/backend/getWebsite HTTP/1.1" 200 79
0:0:0:0:0:0:0:1 - - [21/Apr/2018:14:56:32 +0800] "GET /api/backend/getServer HTTP/1.1" 200 191
0:0:0:0:0:0:0:1 - - [21/Apr/2018:14:56:42 +0800] "GET /api/backend/getServer HTTP/1.1" 200 190
0:0:0:0:0:0:0:1 - - [21/Apr/2018:14:56:52 +0800] "GET /api/backend/getServer HTTP/1.1" 200 191
0:0:0:0:0:0:0:1 - - [21/Apr/2018:14:57:02 +0800] "GET /api/backend/getServer HTTP/1.1" 200 191
0:0:0:0:0:0:0:1 - - [21/Apr/2018:14:57:12 +0800] "GET /api/backend/getServer HTTP/1.1" 200 191
0:0:0:0:0:0:0:1 - - [21/Apr/2018:14:57:53 +0800] "GET /api/backend/getSmtp HTTP/1.1" 200 80
0:0:0:0:0:0:0:1 - - [21/Apr/2018:14:57:53 +0800] "GET /api/backend/getWebsite HTTP/1.1" 200 79
0:0:0:0:0:0:0:1 - - [21/Apr/2018:14:57:58 +0800] "GET /api/backend/getServer HTTP/1.1" 200 191
0:0:0:0:0:0:0:1 - - [21/Apr/2018:14:58:08 +0800] "GET /api/backend/getServer HTTP/1.1" 200 191
0:0:0:0:0:0:0:1 - - [21/Apr/2018:14:58:18 +0800] "GET /api/backend/getServer HTTP/1.1" 200 191
0:0:0:0:0:0:0:1 - - [21/Apr/2018:14:58:28 +0800] "GET /api/backend/getServer HTTP/1.1" 200 191
0:0:0:0:0:0:0:1 - - [21/Apr/2018:14:58:38 +0800] "GET /api/backend/getServer HTTP/1.1" 200 191
0:0:0:0:0:0:0:1 - - [21/Apr/2018:14:58:48 +0800] "GET /api/backend/getServer HTTP/1.1" 200 191
0:0:0:0:0:0:0:1 - - [21/Apr/2018:14:58:58 +0800] "GET /api/backend/getServer HTTP/1.1" 200 191
0:0:0:0:0:0:0:1 - - [21/Apr/2018:14:59:09 +0800] "GET /api/backend/getServer HTTP/1.1" 200 191
0:0:0:0:0:0:0:1 - - [21/Apr/2018:14:59:19 +0800] "GET /api/backend/getServer HTTP/1.1" 200 191
0:0:0:0:0:0:0:1 - - [21/Apr/2018:14:59:29 +0800] "GET /api/backend/getServer HTTP/1.1" 200 190
0:0:0:0:0:0:0:1 - - [21/Apr/2018:14:59:39 +0800] "GET /api/backend/getServer HTTP/1.1" 200 191
0:0:0:0:0:0:0:1 - - [21/Apr/2018:14:59:49 +0800] "GET /api/backend/getServer HTTP/1.1" 200 191
0:0:0:0:0:0:0:1 - - [21/Apr/2018:14:59:59 +0800] "GET /api/backend/getServer HTTP/1.1" 200 190
0:0:0:0:0:0:0:1 - - [21/Apr/2018:15:00:09 +0800] "GET /api/backend/getServer HTTP/1.1" 200 190
0:0:0:0:0:0:0:1 - - [21/Apr/2018:15:04:42 +0800] "GET /api/common/verify HTTP/1.1" 200 458
0:0:0:0:0:0:0:1 - - [21/Apr/2018:15:04:42 +0800] "GET /socket/websocket/root HTTP/1.1" 101 -
0:0:0:0:0:0:0:1 - - [21/Apr/2018:15:04:42 +0800] "GET /api/backend/getWebsite HTTP/1.1" 200 79
0:0:0:0:0:0:0:1 - - [21/Apr/2018:15:04:42 +0800] "GET /api/backend/getSmtp HTTP/1.1" 200 80
0:0:0:0:0:0:0:1 - - [21/Apr/2018:15:04:48 +0800] "GET /api/backend/getServer HTTP/1.1" 200 191
0:0:0:0:0:0:0:1 - - [21/Apr/2018:15:04:58 +0800] "GET /api/backend/getServer HTTP/1.1" 200 190
0:0:0:0:0:0:0:1 - - [21/Apr/2018:15:05:08 +0800] "GET /api/backend/getServer HTTP/1.1" 200 191
0:0:0:0:0:0:0:1 - - [21/Apr/2018:15:05:09 +0800] "POST /api/backend/saveWebsite HTTP/1.1" 200 29
0:0:0:0:0:0:0:1 - - [21/Apr/2018:15:05:18 +0800] "GET /api/backend/getServer HTTP/1.1" 200 191
0:0:0:0:0:0:0:1 - - [21/Apr/2018:15:05:28 +0800] "GET /api/backend/getServer HTTP/1.1" 200 190
0:0:0:0:0:0:0:1 - - [21/Apr/2018:15:05:38 +0800] "GET /api/backend/getServer HTTP/1.1" 200 190
0:0:0:0:0:0:0:1 - - [21/Apr/2018:15:05:48 +0800] "GET /api/backend/getServer HTTP/1.1" 200 190
0:0:0:0:0:0:0:1 - - [21/Apr/2018:15:05:58 +0800] "GET /api/backend/getServer HTTP/1.1" 200 190
0:0:0:0:0:0:0:1 - - [21/Apr/2018:15:06:08 +0800] "GET /api/backend/getServer HTTP/1.1" 200 191
0:0:0:0:0:0:0:1 - - [21/Apr/2018:15:06:18 +0800] "GET /api/backend/getServer HTTP/1.1" 200 191
0:0:0:0:0:0:0:1 - - [21/Apr/2018:15:06:36 +0800] "GET /api/common/verify HTTP/1.1" 200 458
0:0:0:0:0:0:0:1 - - [21/Apr/2018:15:06:36 +0800] "GET /socket/websocket/root HTTP/1.1" 101 -
0:0:0:0:0:0:0:1 - - [21/Apr/2018:15:06:36 +0800] "GET /api/backend/getWebsite HTTP/1.1" 200 85
0:0:0:0:0:0:0:1 - - [21/Apr/2018:15:06:36 +0800] "GET /api/backend/getSmtp HTTP/1.1" 200 91
0:0:0:0:0:0:0:1 - - [21/Apr/2018:15:06:41 +0800] "GET /api/backend/getServer HTTP/1.1" 200 191
0:0:0:0:0:0:0:1 - - [21/Apr/2018:15:06:42 +0800] "POST /api/backend/saveSmtp HTTP/1.1" 200 76
0:0:0:0:0:0:0:1 - - [21/Apr/2018:15:06:51 +0800] "GET /api/backend/getServer HTTP/1.1" 200 190
0:0:0:0:0:0:0:1 - - [21/Apr/2018:15:08:19 +0800] "GET /api/common/verify HTTP/1.1" 200 458
0:0:0:0:0:0:0:1 - - [21/Apr/2018:15:08:19 +0800] "GET /socket/websocket/root HTTP/1.1" 101 -
0:0:0:0:0:0:0:1 - - [21/Apr/2018:15:08:20 +0800] "GET /api/backend/getWebsite HTTP/1.1" 200 85
0:0:0:0:0:0:0:1 - - [21/Apr/2018:15:08:20 +0800] "GET /api/backend/getSmtp HTTP/1.1" 200 91
0:0:0:0:0:0:0:1 - - [21/Apr/2018:15:08:25 +0800] "GET /api/backend/getServer HTTP/1.1" 200 191
0:0:0:0:0:0:0:1 - - [21/Apr/2018:15:08:28 +0800] "POST /api/backend/saveSmtp HTTP/1.1" 200 39
0:0:0:0:0:0:0:1 - - [21/Apr/2018:15:08:35 +0800] "GET /api/backend/getServer HTTP/1.1" 200 191
0:0:0:0:0:0:0:1 - - [21/Apr/2018:15:08:42 +0800] "POST /api/backend/saveSmtp HTTP/1.1" 200 39
0:0:0:0:0:0:0:1 - - [21/Apr/2018:15:08:45 +0800] "GET /api/backend/getServer HTTP/1.1" 200 191
0:0:0:0:0:0:0:1 - - [21/Apr/2018:15:08:54 +0800] "POST /api/backend/saveSmtp HTTP/1.1" 200 39
0:0:0:0:0:0:0:1 - - [21/Apr/2018:15:08:55 +0800] "GET /api/backend/getServer HTTP/1.1" 200 191
0:0:0:0:0:0:0:1 - - [21/Apr/2018:15:09:05 +0800] "GET /api/backend/getServer HTTP/1.1" 200 191
0:0:0:0:0:0:0:1 - - [21/Apr/2018:15:09:15 +0800] "GET /api/backend/getServer HTTP/1.1" 200 191
0:0:0:0:0:0:0:1 - - [21/Apr/2018:15:09:25 +0800] "GET /api/backend/getServer HTTP/1.1" 200 191
0:0:0:0:0:0:0:1 - - [21/Apr/2018:15:09:31 +0800] "POST /api/userPrivate/exit HTTP/1.1" 200 32
0:0:0:0:0:0:0:1 - - [21/Apr/2018:15:09:35 +0800] "GET /api/backend/getServer HTTP/1.1" 200 191
0:0:0:0:0:0:0:1 - - [21/Apr/2018:15:09:45 +0800] "GET /api/backend/getServer HTTP/1.1" 200 190
0:0:0:0:0:0:0:1 - - [21/Apr/2018:15:09:55 +0800] "GET /api/backend/getServer HTTP/1.1" 200 191
0:0:0:0:0:0:0:1 - - [21/Apr/2018:15:11:29 +0800] "GET /api/common/verify HTTP/1.1" 200 3
0:0:0:0:0:0:0:1 - - [21/Apr/2018:15:11:29 +0800] "GET /api/common/notices HTTP/1.1" 200 770
0:0:0:0:0:0:0:1 - - [21/Apr/2018:15:11:29 +0800] "GET /api/common/showUserImage/guest?53.37270185227023 HTTP/1.1" 200 11264
0:0:0:0:0:0:0:1 - - [21/Apr/2018:15:11:30 +0800] "GET /api/common/captcha?53.58043389434657 HTTP/1.1" 200 1962
0:0:0:0:0:0:0:1 - - [21/Apr/2018:15:11:36 +0800] "GET /api/common/captcha?8470.049139391449 HTTP/1.1" 200 1870
0:0:0:0:0:0:0:1 - - [21/Apr/2018:15:11:38 +0800] "POST /api/user/login HTTP/1.1" 200 486
0:0:0:0:0:0:0:1 - - [21/Apr/2018:15:11:40 +0800] "GET /api/common/verify HTTP/1.1" 200 458
0:0:0:0:0:0:0:1 - - [21/Apr/2018:15:11:40 +0800] "GET /socket/websocket/root HTTP/1.1" 101 -
0:0:0:0:0:0:0:1 - - [21/Apr/2018:15:11:40 +0800] "GET /api/common/showUserImage/root?29.109191386692345 HTTP/1.1" 200 11264
0:0:0:0:0:0:0:1 - - [21/Apr/2018:15:11:40 +0800] "GET /api/common/notices HTTP/1.1" 200 770
0:0:0:0:0:0:0:1 - - [21/Apr/2018:15:11:40 +0800] "GET /api/userPrivate/chart/1 HTTP/1.1" 200 20
0:0:0:0:0:0:0:1 - - [21/Apr/2018:15:11:43 +0800] "GET /api/common/verify HTTP/1.1" 200 458
0:0:0:0:0:0:0:1 - - [21/Apr/2018:15:11:45 +0800] "GET /api/common/verify HTTP/1.1" 200 458
0:0:0:0:0:0:0:1 - - [21/Apr/2018:15:11:46 +0800] "GET /api/backend/getSmtp HTTP/1.1" 200 91
0:0:0:0:0:0:0:1 - - [21/Apr/2018:15:11:46 +0800] "GET /api/backend/getWebsite HTTP/1.1" 200 86
0:0:0:0:0:0:0:1 - - [21/Apr/2018:15:11:51 +0800] "GET /api/backend/getServer HTTP/1.1" 200 191
0:0:0:0:0:0:0:1 - - [21/Apr/2018:15:12:01 +0800] "GET /api/backend/getServer HTTP/1.1" 200 191
0:0:0:0:0:0:0:1 - - [21/Apr/2018:15:12:11 +0800] "GET /api/backend/getServer HTTP/1.1" 200 191
0:0:0:0:0:0:0:1 - - [21/Apr/2018:15:12:21 +0800] "GET /api/backend/getServer HTTP/1.1" 200 191
0:0:0:0:0:0:0:1 - - [21/Apr/2018:15:12:35 +0800] "GET /api/common/verify HTTP/1.1" 200 458
0:0:0:0:0:0:0:1 - - [21/Apr/2018:15:12:35 +0800] "GET /socket/websocket/root HTTP/1.1" 101 -
0:0:0:0:0:0:0:1 - - [21/Apr/2018:15:12:35 +0800] "GET /api/backend/getSmtp HTTP/1.1" 200 91
0:0:0:0:0:0:0:1 - - [21/Apr/2018:15:12:35 +0800] "GET /api/backend/getWebsite HTTP/1.1" 200 86
0:0:0:0:0:0:0:1 - - [21/Apr/2018:15:12:40 +0800] "GET /api/backend/getServer HTTP/1.1" 200 191
0:0:0:0:0:0:0:1 - - [21/Apr/2018:15:12:50 +0800] "GET /api/backend/getServer HTTP/1.1" 200 190
0:0:0:0:0:0:0:1 - - [21/Apr/2018:15:12:58 +0800] "POST /api/userPrivate/exit HTTP/1.1" 200 32
0:0:0:0:0:0:0:1 - - [21/Apr/2018:15:13:00 +0800] "GET /api/backend/getServer HTTP/1.1" 200 191
0:0:0:0:0:0:0:1 - - [21/Apr/2018:15:13:05 +0800] "GET /api/backend/getServer HTTP/1.1" 500 144
0:0:0:0:0:0:0:1 - - [21/Apr/2018:15:13:23 +0800] "GET /api/common/captcha?82.81277138840018 HTTP/1.1" 200 1865
0:0:0:0:0:0:0:1 - - [21/Apr/2018:15:20:12 +0800] "GET /api/common/captcha?1496.0517664419172 HTTP/1.1" 200 1874
0:0:0:0:0:0:0:1 - - [21/Apr/2018:15:20:14 +0800] "GET /api/common/verify HTTP/1.1" 200 3
0:0:0:0:0:0:0:1 - - [21/Apr/2018:15:20:15 +0800] "GET /api/common/verify HTTP/1.1" 200 3
0:0:0:0:0:0:0:1 - - [21/Apr/2018:15:20:15 +0800] "GET /api/common/notices HTTP/1.1" 200 770
0:0:0:0:0:0:0:1 - - [21/Apr/2018:15:20:15 +0800] "GET /api/common/showUserImage/guest?28.007852965860902 HTTP/1.1" 200 11264
0:0:0:0:0:0:0:1 - - [21/Apr/2018:15:20:18 +0800] "GET /api/common/captcha?78.54857933112658 HTTP/1.1" 200 1706
0:0:0:0:0:0:0:1 - - [21/Apr/2018:15:20:27 +0800] "GET /api/common/captcha?1179.5763716570762 HTTP/1.1" 200 1750
0:0:0:0:0:0:0:1 - - [21/Apr/2018:15:21:56 +0800] "GET /api/common/captcha?54.54093795621815 HTTP/1.1" 200 1845
0:0:0:0:0:0:0:1 - - [21/Apr/2018:15:22:09 +0800] "GET /api/common/captcha?2366.296709790989 HTTP/1.1" 200 1880
0:0:0:0:0:0:0:1 - - [21/Apr/2018:15:22:09 +0800] "POST /api/user/forget HTTP/1.1" 200 58
0:0:0:0:0:0:0:1 - - [21/Apr/2018:15:22:11 +0800] "POST /api/user/forget HTTP/1.1" 200 37
0:0:0:0:0:0:0:1 - - [21/Apr/2018:15:22:11 +0800] "GET /api/common/captcha?7215.495866947978 HTTP/1.1" 200 2132
0:0:0:0:0:0:0:1 - - [21/Apr/2018:15:22:22 +0800] "GET /api/common/captcha?8814.768894310124 HTTP/1.1" 200 1610
0:0:0:0:0:0:0:1 - - [21/Apr/2018:15:22:27 +0800] "GET /api/common/captcha?5949.367806236434 HTTP/1.1" 200 1788
0:0:0:0:0:0:0:1 - - [21/Apr/2018:15:22:28 +0800] "POST /api/user/forget HTTP/1.1" 200 75
0:0:0:0:0:0:0:1 - - [21/Apr/2018:15:23:28 +0800] "GET /api/common/captcha?3112.831867881216 HTTP/1.1" 200 1827
0:0:0:0:0:0:0:1 - - [21/Apr/2018:15:23:33 +0800] "GET /api/common/captcha?5248.045725169519 HTTP/1.1" 200 1984
0:0:0:0:0:0:0:1 - - [21/Apr/2018:15:23:48 +0800] "GET /api/common/captcha?3694.4720628042173 HTTP/1.1" 200 1687
0:0:0:0:0:0:0:1 - - [21/Apr/2018:15:24:04 +0800] "GET /api/common/captcha?3740.63784710976 HTTP/1.1" 200 1749
0:0:0:0:0:0:0:1 - - [21/Apr/2018:15:24:06 +0800] "POST /api/user/forget HTTP/1.1" 200 75
0:0:0:0:0:0:0:1 - - [21/Apr/2018:15:25:37 +0800] "GET /api/common/captcha?2915.185100299984 HTTP/1.1" 200 1939
0:0:0:0:0:0:0:1 - - [21/Apr/2018:15:25:38 +0800] "GET /api/common/captcha?5195.1922199193805 HTTP/1.1" 200 1725
0:0:0:0:0:0:0:1 - - [21/Apr/2018:15:25:39 +0800] "GET /api/common/captcha?4661.566913660402 HTTP/1.1" 200 1883
0:0:0:0:0:0:0:1 - - [21/Apr/2018:15:25:40 +0800] "POST /api/user/forget HTTP/1.1" 200 480
0:0:0:0:0:0:0:1 - - [21/Apr/2018:15:26:23 +0800] "GET /api/common/captcha?98.60394050217852 HTTP/1.1" 200 1860
0:0:0:0:0:0:0:1 - - [21/Apr/2018:15:26:24 +0800] "GET /api/common/captcha?1899.974764895811 HTTP/1.1" 200 1572
0:0:0:0:0:0:0:1 - - [21/Apr/2018:15:26:56 +0800] "GET /api/common/captcha?1736.6866998940811 HTTP/1.1" 200 1781
0:0:0:0:0:0:0:1 - - [21/Apr/2018:15:29:16 +0800] "GET /api/common/captcha?66.34215267591222 HTTP/1.1" 200 1937
0:0:0:0:0:0:0:1 - - [21/Apr/2018:15:30:13 +0800] "GET /api/common/captcha?4004.431602276406 HTTP/1.1" 200 1964
0:0:0:0:0:0:0:1 - - [21/Apr/2018:15:34:10 +0800] "GET /api/common/captcha?67.69060466729417 HTTP/1.1" 200 1648
0:0:0:0:0:0:0:1 - - [21/Apr/2018:15:34:18 +0800] "GET /api/common/captcha?4161.206659103283 HTTP/1.1" 200 1625
0:0:0:0:0:0:0:1 - - [21/Apr/2018:15:34:25 +0800] "GET /api/common/captcha?7970.69303440826 HTTP/1.1" 200 1854
0:0:0:0:0:0:0:1 - - [21/Apr/2018:15:34:26 +0800] "POST /api/user/forget HTTP/1.1" 200 75
0:0:0:0:0:0:0:1 - - [21/Apr/2018:15:34:58 +0800] "POST /api/user/login HTTP/1.1" 200 409
0:0:0:0:0:0:0:1 - - [21/Apr/2018:15:34:59 +0800] "GET /api/common/verify HTTP/1.1" 200 381
0:0:0:0:0:0:0:1 - - [21/Apr/2018:15:34:59 +0800] "GET /socket/websocket/siney HTTP/1.1" 101 -
0:0:0:0:0:0:0:1 - - [21/Apr/2018:15:34:59 +0800] "GET /api/common/notices HTTP/1.1" 200 770
0:0:0:0:0:0:0:1 - - [21/Apr/2018:15:34:59 +0800] "GET /api/userPrivate/chart/6 HTTP/1.1" 200 20
0:0:0:0:0:0:0:1 - - [21/Apr/2018:15:34:59 +0800] "GET /api/common/showUserImage/siney?57.139972620263976 HTTP/1.1" 200 11264
