0:0:0:0:0:0:0:1 - - [24/Apr/2018:09:11:32 +0800] "GET /api/common/verify HTTP/1.1" 200 3
0:0:0:0:0:0:0:1 - - [24/Apr/2018:09:11:33 +0800] "GET /api/common/notices HTTP/1.1" 200 1341
0:0:0:0:0:0:0:1 - - [24/Apr/2018:09:11:33 +0800] "GET /api/common/showUserImage/guest?95.82660740612296 HTTP/1.1" 200 11264
0:0:0:0:0:0:0:1 - - [24/Apr/2018:09:11:37 +0800] "GET /api/common/verify HTTP/1.1" 200 3
0:0:0:0:0:0:0:1 - - [24/Apr/2018:09:11:38 +0800] "GET /api/common/problems/1 HTTP/1.1" 200 2138
0:0:0:0:0:0:0:1 - - [24/Apr/2018:09:11:41 +0800] "GET /api/common/verify HTTP/1.1" 200 3
0:0:0:0:0:0:0:1 - - [24/Apr/2018:09:11:42 +0800] "GET /api/common/coding/1000 HTTP/1.1" 200 968
0:0:0:0:0:0:0:1 - - [24/Apr/2018:09:11:55 +0800] "GET /api/common/verify HTTP/1.1" 200 3
0:0:0:0:0:0:0:1 - - [24/Apr/2018:09:11:55 +0800] "GET /api/common/problems/1 HTTP/1.1" 200 2138
0:0:0:0:0:0:0:1 - - [24/Apr/2018:09:12:13 +0800] "GET /api/common/captcha?75.57726775906788 HTTP/1.1" 200 1902
0:0:0:0:0:0:0:1 - - [24/Apr/2018:09:12:16 +0800] "GET /api/common/captcha?7439.423636785027 HTTP/1.1" 200 1663
0:0:0:0:0:0:0:1 - - [24/Apr/2018:09:12:17 +0800] "GET /api/common/captcha?8618.50763230609 HTTP/1.1" 200 1799
0:0:0:0:0:0:0:1 - - [24/Apr/2018:09:12:20 +0800] "POST /api/user/login HTTP/1.1" 200 523
0:0:0:0:0:0:0:1 - - [24/Apr/2018:09:12:21 +0800] "GET /api/common/verify HTTP/1.1" 200 533
0:0:0:0:0:0:0:1 - - [24/Apr/2018:09:12:21 +0800] "GET /socket/websocket/root HTTP/1.1" 101 -
0:0:0:0:0:0:0:1 - - [24/Apr/2018:09:12:21 +0800] "GET /api/common/notices HTTP/1.1" 200 1341
0:0:0:0:0:0:0:1 - - [24/Apr/2018:09:12:21 +0800] "GET /api/common/showUserImage/root?95.49066187164883 HTTP/1.1" 200 11264
0:0:0:0:0:0:0:1 - - [24/Apr/2018:09:12:21 +0800] "GET /api/userPrivate/chart/1 HTTP/1.1" 200 20
0:0:0:0:0:0:0:1 - - [24/Apr/2018:09:12:24 +0800] "GET /api/common/verify HTTP/1.1" 200 533
0:0:0:0:0:0:0:1 - - [24/Apr/2018:09:12:28 +0800] "GET /api/common/verify HTTP/1.1" 200 533
0:0:0:0:0:0:0:1 - - [24/Apr/2018:09:12:32 +0800] "GET /api/common/verify HTTP/1.1" 200 533
0:0:0:0:0:0:0:1 - - [24/Apr/2018:09:12:33 +0800] "GET /api/common/verify HTTP/1.1" 200 533
0:0:0:0:0:0:0:1 - - [24/Apr/2018:09:12:33 +0800] "GET /api/backend/problemList/1 HTTP/1.1" 200 1083
0:0:0:0:0:0:0:1 - - [24/Apr/2018:09:12:44 +0800] "POST /api/backend/changeShowProblem HTTP/1.1" 200 19
0:0:0:0:0:0:0:1 - - [24/Apr/2018:09:12:49 +0800] "GET /api/common/verify HTTP/1.1" 200 533
0:0:0:0:0:0:0:1 - - [24/Apr/2018:09:12:49 +0800] "GET /api/common/notices HTTP/1.1" 200 1341
0:0:0:0:0:0:0:1 - - [24/Apr/2018:09:12:49 +0800] "GET /api/common/showUserImage/root?49.32390561064308 HTTP/1.1" 200 11264
0:0:0:0:0:0:0:1 - - [24/Apr/2018:09:12:49 +0800] "GET /api/userPrivate/chart/1 HTTP/1.1" 200 20
0:0:0:0:0:0:0:1 - - [24/Apr/2018:09:12:51 +0800] "GET /api/common/verify HTTP/1.1" 200 533
0:0:0:0:0:0:0:1 - - [24/Apr/2018:09:12:51 +0800] "GET /api/common/problems/1 HTTP/1.1" 200 2158
0:0:0:0:0:0:0:1 - - [24/Apr/2018:09:15:06 +0800] "GET /api/common/verify HTTP/1.1" 200 533
0:0:0:0:0:0:0:1 - - [24/Apr/2018:09:15:06 +0800] "GET /socket/websocket/root HTTP/1.1" 101 -
0:0:0:0:0:0:0:1 - - [24/Apr/2018:09:15:06 +0800] "GET /api/common/problems/1 HTTP/1.1" 200 1910
0:0:0:0:0:0:0:1 - - [24/Apr/2018:09:15:06 +0800] "GET /api/common/showUserImage/root?84.57565165449961 HTTP/1.1" 200 11264
0:0:0:0:0:0:0:1 - - [24/Apr/2018:09:16:02 +0800] "GET /api/common/verify HTTP/1.1" 200 533
0:0:0:0:0:0:0:1 - - [24/Apr/2018:09:16:02 +0800] "GET /socket/websocket/root HTTP/1.1" 101 -
0:0:0:0:0:0:0:1 - - [24/Apr/2018:09:16:02 +0800] "GET /api/common/problems/1 HTTP/1.1" 200 1910
0:0:0:0:0:0:0:1 - - [24/Apr/2018:09:16:02 +0800] "GET /api/common/showUserImage/root?23.44340140148806 HTTP/1.1" 200 11264
0:0:0:0:0:0:0:1 - - [24/Apr/2018:09:17:03 +0800] "GET /api/common/verify HTTP/1.1" 200 533
0:0:0:0:0:0:0:1 - - [24/Apr/2018:09:17:03 +0800] "GET /socket/websocket/root HTTP/1.1" 101 -
0:0:0:0:0:0:0:1 - - [24/Apr/2018:09:17:03 +0800] "GET /api/common/problems/1 HTTP/1.1" 200 1693
0:0:0:0:0:0:0:1 - - [24/Apr/2018:09:17:03 +0800] "GET /api/common/showUserImage/root?84.13217534497717 HTTP/1.1" 200 11264
0:0:0:0:0:0:0:1 - - [24/Apr/2018:09:17:37 +0800] "GET /api/common/verify HTTP/1.1" 200 533
0:0:0:0:0:0:0:1 - - [24/Apr/2018:09:17:39 +0800] "GET /api/common/verify HTTP/1.1" 200 533
0:0:0:0:0:0:0:1 - - [24/Apr/2018:09:17:39 +0800] "GET /api/common/verify HTTP/1.1" 200 533
0:0:0:0:0:0:0:1 - - [24/Apr/2018:09:17:40 +0800] "GET /api/backend/problemList/1 HTTP/1.1" 200 1084
0:0:0:0:0:0:0:1 - - [24/Apr/2018:09:17:41 +0800] "POST /api/backend/changeShowProblem HTTP/1.1" 200 19
0:0:0:0:0:0:0:1 - - [24/Apr/2018:09:17:46 +0800] "GET /api/common/verify HTTP/1.1" 200 533
0:0:0:0:0:0:0:1 - - [24/Apr/2018:09:17:46 +0800] "GET /api/common/notices HTTP/1.1" 200 1341
0:0:0:0:0:0:0:1 - - [24/Apr/2018:09:17:46 +0800] "GET /api/userPrivate/chart/1 HTTP/1.1" 200 20
0:0:0:0:0:0:0:1 - - [24/Apr/2018:09:17:46 +0800] "GET /api/common/showUserImage/root?16.29077573639528 HTTP/1.1" 200 11264
0:0:0:0:0:0:0:1 - - [24/Apr/2018:09:17:47 +0800] "GET /api/common/verify HTTP/1.1" 200 533
0:0:0:0:0:0:0:1 - - [24/Apr/2018:09:17:47 +0800] "GET /api/common/problems/1 HTTP/1.1" 200 2158
0:0:0:0:0:0:0:1 - - [24/Apr/2018:09:17:49 +0800] "GET /api/common/verify HTTP/1.1" 200 533
0:0:0:0:0:0:0:1 - - [24/Apr/2018:09:17:51 +0800] "GET /api/common/verify HTTP/1.1" 200 533
0:0:0:0:0:0:0:1 - - [24/Apr/2018:09:17:51 +0800] "GET /api/backend/notice/1 HTTP/1.1" 200 1512
0:0:0:0:0:0:0:1 - - [24/Apr/2018:09:17:52 +0800] "GET /api/common/verify HTTP/1.1" 200 533
0:0:0:0:0:0:0:1 - - [24/Apr/2018:09:17:53 +0800] "GET /api/backend/problemList/1 HTTP/1.1" 200 1083
0:0:0:0:0:0:0:1 - - [24/Apr/2018:09:24:34 +0800] "GET /api/backend/problemList/1 HTTP/1.1" 200 1083
0:0:0:0:0:0:0:1 - - [24/Apr/2018:09:25:28 +0800] "GET /api/backend/problemList/1 HTTP/1.1" 200 1083
0:0:0:0:0:0:0:1 - - [24/Apr/2018:09:25:49 +0800] "GET /api/common/verify HTTP/1.1" 200 533
0:0:0:0:0:0:0:1 - - [24/Apr/2018:09:25:49 +0800] "GET /socket/websocket/root HTTP/1.1" 101 -
0:0:0:0:0:0:0:1 - - [24/Apr/2018:09:25:50 +0800] "GET /api/backend/problemList/1 HTTP/1.1" 200 1083
0:0:0:0:0:0:0:1 - - [24/Apr/2018:09:25:54 +0800] "OPTIONS /api/backend/deleteProblem/1000 HTTP/1.1" 999 -
0:0:0:0:0:0:0:1 - - [24/Apr/2018:09:26:21 +0800] "OPTIONS /api/backend/deleteProblem/1001 HTTP/1.1" 999 -
0:0:0:0:0:0:0:1 - - [24/Apr/2018:09:26:36 +0800] "GET /api/backend/problemList/1 HTTP/1.1" 200 1083
0:0:0:0:0:0:0:1 - - [24/Apr/2018:09:26:38 +0800] "POST /api/backend/deleteProblem/1000 HTTP/1.1" 200 59
0:0:0:0:0:0:0:1 - - [24/Apr/2018:09:27:06 +0800] "POST /api/backend/deleteProblem/1000 HTTP/1.1" 200 2
0:0:0:0:0:0:0:1 - - [24/Apr/2018:09:29:08 +0800] "GET /api/backend/problemList/1 HTTP/1.1" 200 1083
0:0:0:0:0:0:0:1 - - [24/Apr/2018:09:29:11 +0800] "POST /api/backend/deleteProblem/1004 HTTP/1.1" 200 2
0:0:0:0:0:0:0:1 - - [24/Apr/2018:09:29:32 +0800] "POST /api/backend/deleteProblem/1004 HTTP/1.1" 200 2
0:0:0:0:0:0:0:1 - - [24/Apr/2018:09:29:55 +0800] "GET /api/common/verify HTTP/1.1" 200 533
0:0:0:0:0:0:0:1 - - [24/Apr/2018:09:29:55 +0800] "GET /socket/websocket/root HTTP/1.1" 101 -
0:0:0:0:0:0:0:1 - - [24/Apr/2018:09:29:55 +0800] "GET /api/backend/problemList/1 HTTP/1.1" 200 1083
0:0:0:0:0:0:0:1 - - [24/Apr/2018:09:30:01 +0800] "POST /api/backend/deleteProblem/1004 HTTP/1.1" 200 29
0:0:0:0:0:0:0:1 - - [24/Apr/2018:09:30:01 +0800] "GET /api/backend/problemList/1 HTTP/1.1" 200 878
0:0:0:0:0:0:0:1 - - [24/Apr/2018:09:30:16 +0800] "GET /api/common/verify HTTP/1.1" 200 533
0:0:0:0:0:0:0:1 - - [24/Apr/2018:09:30:16 +0800] "GET /api/userPrivate/chart/1 HTTP/1.1" 200 20
0:0:0:0:0:0:0:1 - - [24/Apr/2018:09:30:16 +0800] "GET /api/common/notices HTTP/1.1" 200 1341
0:0:0:0:0:0:0:1 - - [24/Apr/2018:09:30:16 +0800] "GET /api/common/showUserImage/root?30.29296784276432 HTTP/1.1" 200 11264
0:0:0:0:0:0:0:1 - - [24/Apr/2018:09:30:17 +0800] "GET /api/common/verify HTTP/1.1" 200 533
0:0:0:0:0:0:0:1 - - [24/Apr/2018:09:30:18 +0800] "GET /api/common/problems/1 HTTP/1.1" 200 1792
0:0:0:0:0:0:0:1 - - [24/Apr/2018:09:30:20 +0800] "GET /api/common/verify HTTP/1.1" 200 533
0:0:0:0:0:0:0:1 - - [24/Apr/2018:09:30:22 +0800] "GET /api/common/verify HTTP/1.1" 200 533
0:0:0:0:0:0:0:1 - - [24/Apr/2018:09:30:23 +0800] "GET /api/backend/problemList/1 HTTP/1.1" 200 878
0:0:0:0:0:0:0:1 - - [24/Apr/2018:09:30:31 +0800] "GET /api/common/verify HTTP/1.1" 200 533
0:0:0:0:0:0:0:1 - - [24/Apr/2018:09:30:43 +0800] "GET /api/common/verify HTTP/1.1" 200 533
0:0:0:0:0:0:0:1 - - [24/Apr/2018:09:30:44 +0800] "GET /api/backend/problemList/1 HTTP/1.1" 200 878
0:0:0:0:0:0:0:1 - - [24/Apr/2018:09:30:47 +0800] "GET /api/common/verify HTTP/1.1" 200 533
0:0:0:0:0:0:0:1 - - [24/Apr/2018:09:40:18 +0800] "GET /api/backend/contestList/1 HTTP/1.1" 404 129
0:0:0:0:0:0:0:1 - - [24/Apr/2018:09:47:32 +0800] "GET /api/backend/contestList/1 HTTP/1.1" 404 129
0:0:0:0:0:0:0:1 - - [24/Apr/2018:10:05:03 +0800] "GET /api/common/verify HTTP/1.1" 200 533
0:0:0:0:0:0:0:1 - - [24/Apr/2018:10:05:03 +0800] "GET /socket/websocket/root HTTP/1.1" 101 -
0:0:0:0:0:0:0:1 - - [24/Apr/2018:10:05:06 +0800] "GET /api/common/verify HTTP/1.1" 200 533
0:0:0:0:0:0:0:1 - - [24/Apr/2018:10:05:06 +0800] "GET /api/backend/problemList/1 HTTP/1.1" 200 878
0:0:0:0:0:0:0:1 - - [24/Apr/2018:10:05:08 +0800] "POST /api/backend/changeShowProblem HTTP/1.1" 200 19
0:0:0:0:0:0:0:1 - - [24/Apr/2018:10:05:09 +0800] "POST /api/backend/changeShowProblem HTTP/1.1" 200 19
0:0:0:0:0:0:0:1 - - [24/Apr/2018:10:05:09 +0800] "POST /api/backend/changeShowProblem HTTP/1.1" 200 19
0:0:0:0:0:0:0:1 - - [24/Apr/2018:10:05:10 +0800] "POST /api/backend/changeShowProblem HTTP/1.1" 200 19
0:0:0:0:0:0:0:1 - - [24/Apr/2018:10:05:12 +0800] "GET /api/common/verify HTTP/1.1" 200 533
0:0:0:0:0:0:0:1 - - [24/Apr/2018:10:05:12 +0800] "GET /socket/websocket/root HTTP/1.1" 101 -
0:0:0:0:0:0:0:1 - - [24/Apr/2018:10:05:12 +0800] "GET /api/backend/problemList/1 HTTP/1.1" 200 882
0:0:0:0:0:0:0:1 - - [24/Apr/2018:10:05:17 +0800] "GET /api/common/verify HTTP/1.1" 200 533
0:0:0:0:0:0:0:1 - - [24/Apr/2018:10:05:17 +0800] "GET /api/common/notices HTTP/1.1" 200 1341
0:0:0:0:0:0:0:1 - - [24/Apr/2018:10:05:17 +0800] "GET /api/userPrivate/chart/1 HTTP/1.1" 200 20
0:0:0:0:0:0:0:1 - - [24/Apr/2018:10:05:17 +0800] "GET /api/common/showUserImage/root?11.792203280944346 HTTP/1.1" 200 11264
0:0:0:0:0:0:0:1 - - [24/Apr/2018:10:05:17 +0800] "GET /api/common/verify HTTP/1.1" 200 533
0:0:0:0:0:0:0:1 - - [24/Apr/2018:10:05:18 +0800] "GET /api/common/problems/1 HTTP/1.1" 200 118
0:0:0:0:0:0:0:1 - - [24/Apr/2018:10:05:20 +0800] "GET /api/common/verify HTTP/1.1" 200 533
0:0:0:0:0:0:0:1 - - [24/Apr/2018:10:05:22 +0800] "GET /api/common/verify HTTP/1.1" 200 533
0:0:0:0:0:0:0:1 - - [24/Apr/2018:10:05:22 +0800] "GET /api/backend/problemList/1 HTTP/1.1" 200 882
0:0:0:0:0:0:0:1 - - [24/Apr/2018:10:05:23 +0800] "POST /api/backend/changeShowProblem HTTP/1.1" 200 19
0:0:0:0:0:0:0:1 - - [24/Apr/2018:10:05:24 +0800] "POST /api/backend/changeShowProblem HTTP/1.1" 200 19
0:0:0:0:0:0:0:1 - - [24/Apr/2018:10:05:24 +0800] "POST /api/backend/changeShowProblem HTTP/1.1" 200 19
0:0:0:0:0:0:0:1 - - [24/Apr/2018:10:05:25 +0800] "POST /api/backend/changeShowProblem HTTP/1.1" 200 19
0:0:0:0:0:0:0:1 - - [24/Apr/2018:10:11:00 +0800] "GET /api/common/verify HTTP/1.1" 200 533
0:0:0:0:0:0:0:1 - - [24/Apr/2018:10:11:01 +0800] "GET /api/backend/contestList/1 HTTP/1.1" 200 2
0:0:0:0:0:0:0:1 - - [24/Apr/2018:10:21:25 +0800] "GET /api/common/verify HTTP/1.1" 200 533
0:0:0:0:0:0:0:1 - - [24/Apr/2018:10:21:25 +0800] "GET /socket/websocket/root HTTP/1.1" 101 -
0:0:0:0:0:0:0:1 - - [24/Apr/2018:10:21:25 +0800] "GET /api/backend/contestList/1 HTTP/1.1" 200 59
0:0:0:0:0:0:0:1 - - [24/Apr/2018:10:22:34 +0800] "GET /api/common/verify HTTP/1.1" 200 533
0:0:0:0:0:0:0:1 - - [24/Apr/2018:10:22:34 +0800] "GET /socket/websocket/root HTTP/1.1" 101 -
0:0:0:0:0:0:0:1 - - [24/Apr/2018:10:22:35 +0800] "GET /api/backend/contestList/1 HTTP/1.1" 200 59
0:0:0:0:0:0:0:1 - - [24/Apr/2018:10:23:37 +0800] "GET /api/common/verify HTTP/1.1" 200 533
0:0:0:0:0:0:0:1 - - [24/Apr/2018:10:23:37 +0800] "GET /socket/websocket/root HTTP/1.1" 101 -
0:0:0:0:0:0:0:1 - - [24/Apr/2018:10:23:37 +0800] "GET /api/backend/contestList/1 HTTP/1.1" 200 858
0:0:0:0:0:0:0:1 - - [24/Apr/2018:10:24:44 +0800] "GET /api/backend/contestList/1 HTTP/1.1" 200 858
0:0:0:0:0:0:0:1 - - [24/Apr/2018:10:28:38 +0800] "GET /api/backend/contestList/1 HTTP/1.1" 200 858
0:0:0:0:0:0:0:1 - - [24/Apr/2018:10:29:10 +0800] "GET /api/common/verify HTTP/1.1" 200 533
0:0:0:0:0:0:0:1 - - [24/Apr/2018:10:29:10 +0800] "GET /socket/websocket/root HTTP/1.1" 101 -
0:0:0:0:0:0:0:1 - - [24/Apr/2018:10:29:11 +0800] "GET /api/backend/contestList/1 HTTP/1.1" 200 942
0:0:0:0:0:0:0:1 - - [24/Apr/2018:10:37:24 +0800] "GET /api/common/verify HTTP/1.1" 200 533
0:0:0:0:0:0:0:1 - - [24/Apr/2018:10:37:43 +0800] "POST /api/backend/addContest HTTP/1.1" 200 66
0:0:0:0:0:0:0:1 - - [24/Apr/2018:10:37:51 +0800] "POST /api/backend/addContest HTTP/1.1" 200 66
0:0:0:0:0:0:0:1 - - [24/Apr/2018:10:38:20 +0800] "POST /api/backend/addContest HTTP/1.1" 200 59
0:0:0:0:0:0:0:1 - - [24/Apr/2018:10:39:48 +0800] "POST /api/backend/addContest HTTP/1.1" 200 41
0:0:0:0:0:0:0:1 - - [24/Apr/2018:10:40:04 +0800] "GET /api/common/verify HTTP/1.1" 200 533
0:0:0:0:0:0:0:1 - - [24/Apr/2018:10:40:04 +0800] "GET /socket/websocket/root HTTP/1.1" 101 -
0:0:0:0:0:0:0:1 - - [24/Apr/2018:10:40:04 +0800] "GET /api/backend/contestList/1 HTTP/1.1" 200 1218
0:0:0:0:0:0:0:1 - - [24/Apr/2018:10:40:37 +0800] "GET /api/common/verify HTTP/1.1" 200 533
0:0:0:0:0:0:0:1 - - [24/Apr/2018:10:40:38 +0800] "GET /api/backend/problemList/1 HTTP/1.1" 200 878
0:0:0:0:0:0:0:1 - - [24/Apr/2018:10:40:39 +0800] "GET /api/common/verify HTTP/1.1" 200 533
0:0:0:0:0:0:0:1 - - [24/Apr/2018:10:40:40 +0800] "GET /api/backend/contestList/1 HTTP/1.1" 200 1218
0:0:0:0:0:0:0:1 - - [24/Apr/2018:10:43:35 +0800] "GET /api/common/verify HTTP/1.1" 200 533
0:0:0:0:0:0:0:1 - - [24/Apr/2018:10:43:35 +0800] "GET /socket/websocket/root HTTP/1.1" 101 -
0:0:0:0:0:0:0:1 - - [24/Apr/2018:10:43:35 +0800] "GET /api/backend/contestList/1 HTTP/1.1" 200 1218
0:0:0:0:0:0:0:1 - - [24/Apr/2018:10:44:01 +0800] "GET /api/backend/contestList/1 HTTP/1.1" 200 1218
0:0:0:0:0:0:0:1 - - [24/Apr/2018:10:44:17 +0800] "GET /api/common/verify HTTP/1.1" 200 533
0:0:0:0:0:0:0:1 - - [24/Apr/2018:10:44:17 +0800] "GET /socket/websocket/root HTTP/1.1" 101 -
0:0:0:0:0:0:0:1 - - [24/Apr/2018:10:44:18 +0800] "GET /api/backend/contestList/1 HTTP/1.1" 200 1218
0:0:0:0:0:0:0:1 - - [24/Apr/2018:10:44:21 +0800] "GET /api/common/verify HTTP/1.1" 200 533
0:0:0:0:0:0:0:1 - - [24/Apr/2018:10:44:21 +0800] "GET /socket/websocket/root HTTP/1.1" 101 -
0:0:0:0:0:0:0:1 - - [24/Apr/2018:10:44:22 +0800] "GET /api/backend/contestList/1 HTTP/1.1" 200 1218
0:0:0:0:0:0:0:1 - - [24/Apr/2018:10:45:10 +0800] "GET /api/common/verify HTTP/1.1" 200 533
0:0:0:0:0:0:0:1 - - [24/Apr/2018:10:45:10 +0800] "GET /socket/websocket/root HTTP/1.1" 101 -
0:0:0:0:0:0:0:1 - - [24/Apr/2018:10:45:11 +0800] "GET /api/backend/contestList/1 HTTP/1.1" 200 1218
0:0:0:0:0:0:0:1 - - [24/Apr/2018:10:45:14 +0800] "GET /api/common/verify HTTP/1.1" 200 533
0:0:0:0:0:0:0:1 - - [24/Apr/2018:10:45:20 +0800] "GET /api/common/verify HTTP/1.1" 200 533
0:0:0:0:0:0:0:1 - - [24/Apr/2018:10:45:20 +0800] "GET /api/backend/contestList/1 HTTP/1.1" 200 1218
0:0:0:0:0:0:0:1 - - [24/Apr/2018:10:53:18 +0800] "GET /api/common/verify HTTP/1.1" 200 533
0:0:0:0:0:0:0:1 - - [24/Apr/2018:10:53:18 +0800] "GET /socket/websocket/root HTTP/1.1" 101 -
0:0:0:0:0:0:0:1 - - [24/Apr/2018:10:53:18 +0800] "GET /api/backend/contestList/1 HTTP/1.1" 200 1218
0:0:0:0:0:0:0:1 - - [24/Apr/2018:10:53:33 +0800] "GET /api/common/verify HTTP/1.1" 200 533
0:0:0:0:0:0:0:1 - - [24/Apr/2018:10:53:34 +0800] "GET /api/backend/getEditContest/2 HTTP/1.1" 200 316
0:0:0:0:0:0:0:1 - - [24/Apr/2018:10:53:46 +0800] "GET /api/backend/getEditContest/2 HTTP/1.1" 200 316
0:0:0:0:0:0:0:1 - - [24/Apr/2018:10:55:23 +0800] "GET /api/backend/getEditContest/2 HTTP/1.1" 200 316
0:0:0:0:0:0:0:1 - - [24/Apr/2018:10:55:47 +0800] "GET /api/common/verify HTTP/1.1" 200 533
0:0:0:0:0:0:0:1 - - [24/Apr/2018:10:55:48 +0800] "GET /api/backend/contestList/1 HTTP/1.1" 200 1218
0:0:0:0:0:0:0:1 - - [24/Apr/2018:10:55:49 +0800] "GET /api/common/verify HTTP/1.1" 200 533
0:0:0:0:0:0:0:1 - - [24/Apr/2018:10:55:49 +0800] "GET /api/backend/getEditContest/4 HTTP/1.1" 200 334
0:0:0:0:0:0:0:1 - - [24/Apr/2018:10:56:02 +0800] "GET /api/common/verify HTTP/1.1" 200 533
0:0:0:0:0:0:0:1 - - [24/Apr/2018:10:56:03 +0800] "GET /api/backend/contestList/1 HTTP/1.1" 200 1218
0:0:0:0:0:0:0:1 - - [24/Apr/2018:10:56:05 +0800] "GET /api/common/verify HTTP/1.1" 200 533
0:0:0:0:0:0:0:1 - - [24/Apr/2018:10:56:05 +0800] "GET /api/backend/getEditContest/3 HTTP/1.1" 200 369
0:0:0:0:0:0:0:1 - - [24/Apr/2018:11:00:59 +0800] "GET /api/backend/getEditContest/3 HTTP/1.1" 200 369
0:0:0:0:0:0:0:1 - - [24/Apr/2018:11:01:13 +0800] "GET /api/backend/getEditContest/3 HTTP/1.1" 200 369
0:0:0:0:0:0:0:1 - - [24/Apr/2018:11:01:29 +0800] "GET /api/common/verify HTTP/1.1" 200 533
0:0:0:0:0:0:0:1 - - [24/Apr/2018:11:01:29 +0800] "GET /socket/websocket/root HTTP/1.1" 101 -
0:0:0:0:0:0:0:1 - - [24/Apr/2018:11:01:29 +0800] "GET /api/backend/getEditContest/3 HTTP/1.1" 200 369
0:0:0:0:0:0:0:1 - - [24/Apr/2018:11:02:28 +0800] "GET /api/backend/getEditContest/3 HTTP/1.1" 200 369
0:0:0:0:0:0:0:1 - - [24/Apr/2018:11:02:44 +0800] "GET /api/backend/getEditContest/3 HTTP/1.1" 200 369
0:0:0:0:0:0:0:1 - - [24/Apr/2018:11:08:11 +0800] "GET /api/backend/getEditContest/3 HTTP/1.1" 200 369
0:0:0:0:0:0:0:1 - - [24/Apr/2018:11:15:12 +0800] "GET /api/common/verify HTTP/1.1" 200 533
0:0:0:0:0:0:0:1 - - [24/Apr/2018:11:15:12 +0800] "GET /socket/websocket/root HTTP/1.1" 101 -
0:0:0:0:0:0:0:1 - - [24/Apr/2018:11:15:12 +0800] "GET /api/backend/getEditContest/3 HTTP/1.1" 200 369
0:0:0:0:0:0:0:1 - - [24/Apr/2018:11:15:20 +0800] "POST /api/backend/editContest HTTP/1.1" 200 2
0:0:0:0:0:0:0:1 - - [24/Apr/2018:11:17:09 +0800] "GET /api/common/verify HTTP/1.1" 200 533
0:0:0:0:0:0:0:1 - - [24/Apr/2018:11:17:10 +0800] "GET /socket/websocket/root HTTP/1.1" 101 -
0:0:0:0:0:0:0:1 - - [24/Apr/2018:11:17:10 +0800] "GET /api/backend/getEditContest/3 HTTP/1.1" 200 389
0:0:0:0:0:0:0:1 - - [24/Apr/2018:11:17:17 +0800] "POST /api/backend/editContest HTTP/1.1" 200 35
0:0:0:0:0:0:0:1 - - [24/Apr/2018:11:17:17 +0800] "GET /api/common/verify HTTP/1.1" 200 533
0:0:0:0:0:0:0:1 - - [24/Apr/2018:11:17:17 +0800] "GET /api/backend/contestList/1 HTTP/1.1" 200 1236
0:0:0:0:0:0:0:1 - - [24/Apr/2018:11:17:22 +0800] "GET /api/common/verify HTTP/1.1" 200 533
0:0:0:0:0:0:0:1 - - [24/Apr/2018:11:17:23 +0800] "GET /api/backend/getEditContest/3 HTTP/1.1" 200 407
0:0:0:0:0:0:0:1 - - [24/Apr/2018:11:17:25 +0800] "GET /api/common/verify HTTP/1.1" 200 533
0:0:0:0:0:0:0:1 - - [24/Apr/2018:11:17:25 +0800] "GET /api/backend/contestList/1 HTTP/1.1" 200 1236
0:0:0:0:0:0:0:1 - - [24/Apr/2018:11:23:14 +0800] "GET /api/backend/contestList/1 HTTP/1.1" 200 1236
0:0:0:0:0:0:0:1 - - [24/Apr/2018:11:30:07 +0800] "GET /api/common/verify HTTP/1.1" 200 533
0:0:0:0:0:0:0:1 - - [24/Apr/2018:11:30:07 +0800] "GET /socket/websocket/root HTTP/1.1" 101 -
0:0:0:0:0:0:0:1 - - [24/Apr/2018:11:30:07 +0800] "GET /api/backend/contestList/1 HTTP/1.1" 200 1236
0:0:0:0:0:0:0:1 - - [24/Apr/2018:11:30:33 +0800] "POST /api/backend/deleteContest/undefined HTTP/1.1" 404 139
0:0:0:0:0:0:0:1 - - [24/Apr/2018:11:31:22 +0800] "GET /api/backend/contestList/1 HTTP/1.1" 200 1236
0:0:0:0:0:0:0:1 - - [24/Apr/2018:11:31:27 +0800] "POST /api/backend/deleteContest/4 HTTP/1.1" 404 131
0:0:0:0:0:0:0:1 - - [24/Apr/2018:11:31:59 +0800] "POST /api/backend/deleteContest/4 HTTP/1.1" 200 29
0:0:0:0:0:0:0:1 - - [24/Apr/2018:11:31:59 +0800] "GET /api/backend/contestList/1 HTTP/1.1" 200 960
0:0:0:0:0:0:0:1 - - [24/Apr/2018:11:32:09 +0800] "GET /api/common/verify HTTP/1.1" 200 533
0:0:0:0:0:0:0:1 - - [24/Apr/2018:11:32:09 +0800] "GET /socket/websocket/root HTTP/1.1" 101 -
0:0:0:0:0:0:0:1 - - [24/Apr/2018:11:32:09 +0800] "GET /api/userPrivate/chart/1 HTTP/1.1" 200 20
0:0:0:0:0:0:0:1 - - [24/Apr/2018:11:32:09 +0800] "GET /api/common/notices HTTP/1.1" 200 1341
0:0:0:0:0:0:0:1 - - [24/Apr/2018:11:32:09 +0800] "GET /api/common/showUserImage/root?56.61490524474353 HTTP/1.1" 200 11264
0:0:0:0:0:0:0:1 - - [24/Apr/2018:11:32:10 +0800] "GET /api/common/verify HTTP/1.1" 200 533
0:0:0:0:0:0:0:1 - - [24/Apr/2018:11:32:11 +0800] "GET /api/common/contest/1 HTTP/1.1" 200 787
0:0:0:0:0:0:0:1 - - [24/Apr/2018:11:32:15 +0800] "GET /api/common/verify HTTP/1.1" 200 533
0:0:0:0:0:0:0:1 - - [24/Apr/2018:11:32:16 +0800] "GET /api/common/verify HTTP/1.1" 200 533
0:0:0:0:0:0:0:1 - - [24/Apr/2018:11:32:31 +0800] "POST /api/backend/addContest HTTP/1.1" 200 41
0:0:0:0:0:0:0:1 - - [24/Apr/2018:11:32:31 +0800] "GET /api/common/verify HTTP/1.1" 200 533
0:0:0:0:0:0:0:1 - - [24/Apr/2018:11:32:31 +0800] "GET /api/backend/contestList/1 HTTP/1.1" 200 1254
0:0:0:0:0:0:0:1 - - [24/Apr/2018:11:32:36 +0800] "GET /api/common/verify HTTP/1.1" 200 533
0:0:0:0:0:0:0:1 - - [24/Apr/2018:11:32:36 +0800] "GET /api/common/notices HTTP/1.1" 200 1341
0:0:0:0:0:0:0:1 - - [24/Apr/2018:11:32:36 +0800] "GET /api/common/showUserImage/root?36.74135051911654 HTTP/1.1" 200 11264
0:0:0:0:0:0:0:1 - - [24/Apr/2018:11:32:36 +0800] "GET /api/userPrivate/chart/1 HTTP/1.1" 200 20
0:0:0:0:0:0:0:1 - - [24/Apr/2018:11:32:37 +0800] "GET /api/common/verify HTTP/1.1" 200 533
0:0:0:0:0:0:0:1 - - [24/Apr/2018:11:32:38 +0800] "GET /api/common/contest/1 HTTP/1.1" 200 1032
0:0:0:0:0:0:0:1 - - [24/Apr/2018:11:32:48 +0800] "GET /api/common/verify HTTP/1.1" 200 533
0:0:0:0:0:0:0:1 - - [24/Apr/2018:11:32:51 +0800] "GET /api/common/verify HTTP/1.1" 200 533
0:0:0:0:0:0:0:1 - - [24/Apr/2018:11:32:51 +0800] "GET /api/backend/contestList/1 HTTP/1.1" 200 1254
0:0:0:0:0:0:0:1 - - [24/Apr/2018:11:36:40 +0800] "GET /api/common/verify HTTP/1.1" 200 533
0:0:0:0:0:0:0:1 - - [24/Apr/2018:11:36:40 +0800] "GET /socket/websocket/root HTTP/1.1" 101 -
0:0:0:0:0:0:0:1 - - [24/Apr/2018:11:36:40 +0800] "GET /api/common/notices HTTP/1.1" 200 1341
0:0:0:0:0:0:0:1 - - [24/Apr/2018:11:36:40 +0800] "GET /api/common/showUserImage/root?30.99488462399038 HTTP/1.1" 200 11264
0:0:0:0:0:0:0:1 - - [24/Apr/2018:11:36:40 +0800] "GET /api/userPrivate/chart/1 HTTP/1.1" 200 20
0:0:0:0:0:0:0:1 - - [24/Apr/2018:11:36:41 +0800] "GET /api/common/verify HTTP/1.1" 200 533
0:0:0:0:0:0:0:1 - - [24/Apr/2018:11:36:42 +0800] "GET /api/common/contest/1 HTTP/1.1" 200 709
0:0:0:0:0:0:0:1 - - [24/Apr/2018:11:36:44 +0800] "GET /api/common/verify HTTP/1.1" 200 533
0:0:0:0:0:0:0:1 - - [24/Apr/2018:11:36:47 +0800] "GET /api/common/verify HTTP/1.1" 200 533
0:0:0:0:0:0:0:1 - - [24/Apr/2018:11:36:47 +0800] "GET /api/backend/contestList/1 HTTP/1.1" 200 1254
0:0:0:0:0:0:0:1 - - [24/Apr/2018:11:37:02 +0800] "GET /api/common/verify HTTP/1.1" 200 533
0:0:0:0:0:0:0:1 - - [24/Apr/2018:11:37:02 +0800] "GET /api/common/notices HTTP/1.1" 200 1341
0:0:0:0:0:0:0:1 - - [24/Apr/2018:11:37:02 +0800] "GET /api/common/showUserImage/root?94.13286056515042 HTTP/1.1" 200 11264
0:0:0:0:0:0:0:1 - - [24/Apr/2018:11:37:02 +0800] "GET /api/userPrivate/chart/1 HTTP/1.1" 200 20
0:0:0:0:0:0:0:1 - - [24/Apr/2018:11:37:03 +0800] "GET /api/common/verify HTTP/1.1" 200 533
0:0:0:0:0:0:0:1 - - [24/Apr/2018:11:37:03 +0800] "GET /api/common/contest/1 HTTP/1.1" 200 709
0:0:0:0:0:0:0:1 - - [24/Apr/2018:11:37:06 +0800] "GET /api/common/verify HTTP/1.1" 200 533
0:0:0:0:0:0:0:1 - - [24/Apr/2018:11:37:09 +0800] "GET /api/common/verify HTTP/1.1" 200 533
0:0:0:0:0:0:0:1 - - [24/Apr/2018:11:37:09 +0800] "GET /api/backend/contestList/1 HTTP/1.1" 200 1254
0:0:0:0:0:0:0:1 - - [24/Apr/2018:11:43:22 +0800] "GET /api/backend/contestList/1 HTTP/1.1" 200 1254
0:0:0:0:0:0:0:1 - - [24/Apr/2018:11:44:26 +0800] "GET /api/common/verify HTTP/1.1" 200 533
0:0:0:0:0:0:0:1 - - [24/Apr/2018:11:44:26 +0800] "GET /socket/websocket/root HTTP/1.1" 101 -
0:0:0:0:0:0:0:1 - - [24/Apr/2018:11:44:26 +0800] "GET /api/backend/contestList/1 HTTP/1.1" 200 1254
0:0:0:0:0:0:0:1 - - [24/Apr/2018:11:44:27 +0800] "POST /api/backend/changeShowProblem HTTP/1.1" 200 59
0:0:0:0:0:0:0:1 - - [24/Apr/2018:11:45:09 +0800] "GET /api/common/verify HTTP/1.1" 200 533
0:0:0:0:0:0:0:1 - - [24/Apr/2018:11:45:09 +0800] "GET /socket/websocket/root HTTP/1.1" 101 -
0:0:0:0:0:0:0:1 - - [24/Apr/2018:11:45:09 +0800] "GET /api/backend/contestList/1 HTTP/1.1" 200 1254
0:0:0:0:0:0:0:1 - - [24/Apr/2018:11:45:10 +0800] "POST /api/backend/changeShowProblem HTTP/1.1" 200 59
0:0:0:0:0:0:0:1 - - [24/Apr/2018:11:45:58 +0800] "GET /api/backend/contestList/1 HTTP/1.1" 200 1254
0:0:0:0:0:0:0:1 - - [24/Apr/2018:11:46:02 +0800] "GET /api/common/verify HTTP/1.1" 200 533
0:0:0:0:0:0:0:1 - - [24/Apr/2018:11:46:02 +0800] "GET /socket/websocket/root HTTP/1.1" 101 -
0:0:0:0:0:0:0:1 - - [24/Apr/2018:11:46:03 +0800] "GET /api/backend/contestList/1 HTTP/1.1" 200 1254
0:0:0:0:0:0:0:1 - - [24/Apr/2018:11:46:04 +0800] "POST /api/backend/changeShowContest HTTP/1.1" 200 19
0:0:0:0:0:0:0:1 - - [24/Apr/2018:11:46:09 +0800] "GET /api/common/verify HTTP/1.1" 200 533
0:0:0:0:0:0:0:1 - - [24/Apr/2018:11:46:09 +0800] "GET /socket/websocket/root HTTP/1.1" 101 -
0:0:0:0:0:0:0:1 - - [24/Apr/2018:11:46:09 +0800] "GET /api/backend/contestList/1 HTTP/1.1" 200 1253
0:0:0:0:0:0:0:1 - - [24/Apr/2018:11:46:12 +0800] "POST /api/backend/changeShowContest HTTP/1.1" 200 19
0:0:0:0:0:0:0:1 - - [24/Apr/2018:11:46:12 +0800] "POST /api/backend/changeShowContest HTTP/1.1" 200 19
0:0:0:0:0:0:0:1 - - [24/Apr/2018:11:46:13 +0800] "POST /api/backend/changeShowContest HTTP/1.1" 200 19
0:0:0:0:0:0:0:1 - - [24/Apr/2018:11:46:18 +0800] "GET /api/common/verify HTTP/1.1" 200 533
0:0:0:0:0:0:0:1 - - [24/Apr/2018:11:46:18 +0800] "GET /api/common/notices HTTP/1.1" 200 1341
0:0:0:0:0:0:0:1 - - [24/Apr/2018:11:46:18 +0800] "GET /api/userPrivate/chart/1 HTTP/1.1" 200 20
0:0:0:0:0:0:0:1 - - [24/Apr/2018:11:46:18 +0800] "GET /api/common/showUserImage/root?41.55459116633442 HTTP/1.1" 200 11264
0:0:0:0:0:0:0:1 - - [24/Apr/2018:11:46:20 +0800] "GET /api/common/verify HTTP/1.1" 200 533
0:0:0:0:0:0:0:1 - - [24/Apr/2018:11:46:20 +0800] "GET /api/common/contest/1 HTTP/1.1" 200 286
0:0:0:0:0:0:0:1 - - [24/Apr/2018:11:46:22 +0800] "GET /api/common/verify HTTP/1.1" 200 533
0:0:0:0:0:0:0:1 - - [24/Apr/2018:11:46:24 +0800] "GET /api/common/verify HTTP/1.1" 200 533
0:0:0:0:0:0:0:1 - - [24/Apr/2018:11:46:25 +0800] "GET /api/backend/contestList/1 HTTP/1.1" 200 1256
0:0:0:0:0:0:0:1 - - [24/Apr/2018:11:46:26 +0800] "POST /api/backend/changeShowContest HTTP/1.1" 200 19
0:0:0:0:0:0:0:1 - - [24/Apr/2018:11:46:27 +0800] "POST /api/backend/changeShowContest HTTP/1.1" 200 19
0:0:0:0:0:0:0:1 - - [24/Apr/2018:11:46:40 +0800] "GET /api/common/verify HTTP/1.1" 200 533
0:0:0:0:0:0:0:1 - - [24/Apr/2018:11:46:42 +0800] "GET /api/common/verify HTTP/1.1" 200 533
0:0:0:0:0:0:0:1 - - [24/Apr/2018:11:46:42 +0800] "GET /api/backend/contestList/1 HTTP/1.1" 200 1254
0:0:0:0:0:0:0:1 - - [24/Apr/2018:11:46:43 +0800] "GET /api/common/verify HTTP/1.1" 200 533
0:0:0:0:0:0:0:1 - - [24/Apr/2018:11:46:43 +0800] "GET /api/backend/problemList/1 HTTP/1.1" 200 878
0:0:0:0:0:0:0:1 - - [24/Apr/2018:11:46:44 +0800] "GET /api/common/verify HTTP/1.1" 200 533
0:0:0:0:0:0:0:1 - - [24/Apr/2018:11:46:45 +0800] "GET /api/backend/notice/1 HTTP/1.1" 200 1512
0:0:0:0:0:0:0:1 - - [24/Apr/2018:11:46:49 +0800] "POST /api/backend/deleteNotice HTTP/1.1" 200 42
0:0:0:0:0:0:0:1 - - [24/Apr/2018:11:46:49 +0800] "GET /api/backend/notice/1 HTTP/1.1" 200 1276
0:0:0:0:0:0:0:1 - - [24/Apr/2018:11:46:57 +0800] "GET /api/common/verify HTTP/1.1" 200 533
0:0:0:0:0:0:0:1 - - [24/Apr/2018:11:46:57 +0800] "GET /api/backend/problemList/1 HTTP/1.1" 200 878
0:0:0:0:0:0:0:1 - - [24/Apr/2018:11:47:06 +0800] "GET /api/common/verify HTTP/1.1" 200 533
0:0:0:0:0:0:0:1 - - [24/Apr/2018:11:47:06 +0800] "GET /api/backend/contestList/1 HTTP/1.1" 200 1254
0:0:0:0:0:0:0:1 - - [24/Apr/2018:11:49:16 +0800] "GET /api/common/verify HTTP/1.1" 200 533
0:0:0:0:0:0:0:1 - - [24/Apr/2018:11:49:16 +0800] "GET /socket/websocket/root HTTP/1.1" 101 -
0:0:0:0:0:0:0:1 - - [24/Apr/2018:11:49:16 +0800] "GET /api/backend/contestList/1 HTTP/1.1" 200 1254
0:0:0:0:0:0:0:1 - - [24/Apr/2018:11:49:20 +0800] "GET /api/common/verify HTTP/1.1" 200 533
0:0:0:0:0:0:0:1 - - [24/Apr/2018:11:49:20 +0800] "GET /api/backend/problemList/1 HTTP/1.1" 200 878
0:0:0:0:0:0:0:1 - - [24/Apr/2018:11:50:55 +0800] "GET /api/common/verify HTTP/1.1" 200 533
0:0:0:0:0:0:0:1 - - [24/Apr/2018:11:50:56 +0800] "GET /api/backend/contestList/1 HTTP/1.1" 200 1254
0:0:0:0:0:0:0:1 - - [24/Apr/2018:11:51:15 +0800] "GET /api/common/verify HTTP/1.1" 200 533
0:0:0:0:0:0:0:1 - - [24/Apr/2018:11:51:15 +0800] "GET /api/backend/notice/1 HTTP/1.1" 200 1276
0:0:0:0:0:0:0:1 - - [24/Apr/2018:11:51:43 +0800] "GET /api/backend/notice/1 HTTP/1.1" 200 1276
0:0:0:0:0:0:0:1 - - [24/Apr/2018:11:51:56 +0800] "GET /api/common/verify HTTP/1.1" 200 533
0:0:0:0:0:0:0:1 - - [24/Apr/2018:11:51:57 +0800] "GET /api/backend/problemList/1 HTTP/1.1" 200 878
0:0:0:0:0:0:0:1 - - [24/Apr/2018:11:52:02 +0800] "GET /api/common/verify HTTP/1.1" 200 533
0:0:0:0:0:0:0:1 - - [24/Apr/2018:11:52:03 +0800] "GET /api/backend/getEditProblem/1003 HTTP/1.1" 200 952
0:0:0:0:0:0:0:1 - - [24/Apr/2018:11:52:15 +0800] "GET /api/common/verify HTTP/1.1" 200 533
0:0:0:0:0:0:0:1 - - [24/Apr/2018:11:52:16 +0800] "GET /api/backend/problemList/1 HTTP/1.1" 200 878
0:0:0:0:0:0:0:1 - - [24/Apr/2018:11:52:30 +0800] "GET /api/common/verify HTTP/1.1" 200 533
0:0:0:0:0:0:0:1 - - [24/Apr/2018:11:52:30 +0800] "GET /api/backend/getEditProblem/1003 HTTP/1.1" 200 952
0:0:0:0:0:0:0:1 - - [24/Apr/2018:11:52:31 +0800] "GET /api/common/verify HTTP/1.1" 200 533
0:0:0:0:0:0:0:1 - - [24/Apr/2018:11:52:32 +0800] "GET /api/backend/problemList/1 HTTP/1.1" 200 878
0:0:0:0:0:0:0:1 - - [24/Apr/2018:12:00:44 +0800] "GET /api/common/verify HTTP/1.1" 200 533
0:0:0:0:0:0:0:1 - - [24/Apr/2018:12:00:44 +0800] "GET /api/backend/notice/1 HTTP/1.1" 200 1276
0:0:0:0:0:0:0:1 - - [24/Apr/2018:12:00:47 +0800] "GET /api/common/verify HTTP/1.1" 200 533
0:0:0:0:0:0:0:1 - - [24/Apr/2018:12:00:48 +0800] "GET /api/backend/problemList/1 HTTP/1.1" 200 878
0:0:0:0:0:0:0:1 - - [24/Apr/2018:12:01:08 +0800] "GET /api/backend/problemList/1 HTTP/1.1" 200 878
0:0:0:0:0:0:0:1 - - [24/Apr/2018:12:02:39 +0800] "GET /api/backend/problemList/1 HTTP/1.1" 200 878
0:0:0:0:0:0:0:1 - - [24/Apr/2018:12:04:21 +0800] "GET /api/backend/problemList/1 HTTP/1.1" 200 878
0:0:0:0:0:0:0:1 - - [24/Apr/2018:12:05:50 +0800] "GET /api/backend/problemList/1 HTTP/1.1" 200 878
0:0:0:0:0:0:0:1 - - [24/Apr/2018:12:05:54 +0800] "GET /api/common/verify HTTP/1.1" 200 533
0:0:0:0:0:0:0:1 - - [24/Apr/2018:12:05:54 +0800] "GET /api/backend/getEditProblem/1000 HTTP/1.1" 200 1117
0:0:0:0:0:0:0:1 - - [24/Apr/2018:12:05:56 +0800] "GET /api/common/verify HTTP/1.1" 200 533
0:0:0:0:0:0:0:1 - - [24/Apr/2018:12:05:57 +0800] "GET /api/backend/problemList/1 HTTP/1.1" 200 878
0:0:0:0:0:0:0:1 - - [24/Apr/2018:12:06:01 +0800] "GET /api/common/verify HTTP/1.1" 200 533
0:0:0:0:0:0:0:1 - - [24/Apr/2018:12:06:02 +0800] "GET /api/backend/notice/1 HTTP/1.1" 200 1276
0:0:0:0:0:0:0:1 - - [24/Apr/2018:12:08:05 +0800] "GET /api/backend/notice/1 HTTP/1.1" 200 1276
0:0:0:0:0:0:0:1 - - [24/Apr/2018:12:08:28 +0800] "GET /api/backend/notice/1 HTTP/1.1" 200 1276
0:0:0:0:0:0:0:1 - - [24/Apr/2018:12:08:49 +0800] "GET /api/common/verify HTTP/1.1" 200 533
0:0:0:0:0:0:0:1 - - [24/Apr/2018:12:08:49 +0800] "GET /api/backend/problemList/1 HTTP/1.1" 200 878
0:0:0:0:0:0:0:1 - - [24/Apr/2018:12:08:51 +0800] "GET /api/common/verify HTTP/1.1" 200 533
0:0:0:0:0:0:0:1 - - [24/Apr/2018:12:08:52 +0800] "GET /api/backend/contestList/1 HTTP/1.1" 200 1254
0:0:0:0:0:0:0:1 - - [24/Apr/2018:12:08:56 +0800] "GET /api/common/verify HTTP/1.1" 200 533
0:0:0:0:0:0:0:1 - - [24/Apr/2018:12:08:57 +0800] "GET /api/backend/getEditContest/5 HTTP/1.1" 200 366
0:0:0:0:0:0:0:1 - - [24/Apr/2018:12:08:58 +0800] "GET /api/common/verify HTTP/1.1" 200 533
0:0:0:0:0:0:0:1 - - [24/Apr/2018:12:08:58 +0800] "GET /api/backend/contestList/1 HTTP/1.1" 200 1254
0:0:0:0:0:0:0:1 - - [24/Apr/2018:12:09:59 +0800] "GET /api/backend/contestList/1 HTTP/1.1" 200 1254
0:0:0:0:0:0:0:1 - - [24/Apr/2018:12:10:02 +0800] "GET /api/common/verify HTTP/1.1" 200 533
0:0:0:0:0:0:0:1 - - [24/Apr/2018:12:10:02 +0800] "GET /api/backend/getEditContest/1 HTTP/1.1" 200 319
0:0:0:0:0:0:0:1 - - [24/Apr/2018:12:10:05 +0800] "GET /api/common/verify HTTP/1.1" 200 533
0:0:0:0:0:0:0:1 - - [24/Apr/2018:12:10:05 +0800] "GET /api/backend/contestList/1 HTTP/1.1" 200 1254
0:0:0:0:0:0:0:1 - - [24/Apr/2018:12:10:13 +0800] "GET /api/common/verify HTTP/1.1" 200 533
0:0:0:0:0:0:0:1 - - [24/Apr/2018:12:10:14 +0800] "GET /api/common/verify HTTP/1.1" 200 533
0:0:0:0:0:0:0:1 - - [24/Apr/2018:12:10:14 +0800] "GET /api/backend/problemList/1 HTTP/1.1" 200 878
0:0:0:0:0:0:0:1 - - [24/Apr/2018:12:10:16 +0800] "GET /api/common/verify HTTP/1.1" 200 533
0:0:0:0:0:0:0:1 - - [24/Apr/2018:12:10:17 +0800] "GET /api/backend/notice/1 HTTP/1.1" 200 1276
0:0:0:0:0:0:0:1 - - [24/Apr/2018:12:10:19 +0800] "GET /api/common/verify HTTP/1.1" 200 533
0:0:0:0:0:0:0:1 - - [24/Apr/2018:12:10:20 +0800] "GET /api/common/verify HTTP/1.1" 200 533
0:0:0:0:0:0:0:1 - - [24/Apr/2018:12:10:21 +0800] "GET /api/backend/contestList/1 HTTP/1.1" 200 1254
0:0:0:0:0:0:0:1 - - [24/Apr/2018:12:28:10 +0800] "GET /api/common/verify HTTP/1.1" 200 533
0:0:0:0:0:0:0:1 - - [24/Apr/2018:12:28:11 +0800] "GET /api/backend/problemList/1 HTTP/1.1" 200 878
0:0:0:0:0:0:0:1 - - [24/Apr/2018:12:28:19 +0800] "GET /api/common/verify HTTP/1.1" 200 533
0:0:0:0:0:0:0:1 - - [24/Apr/2018:12:28:19 +0800] "GET /api/backend/contestList/1 HTTP/1.1" 200 1254
0:0:0:0:0:0:0:1 - - [24/Apr/2018:12:28:30 +0800] "GET /api/common/verify HTTP/1.1" 200 533
0:0:0:0:0:0:0:1 - - [24/Apr/2018:12:28:30 +0800] "GET /api/backend/notice/1 HTTP/1.1" 200 1276
0:0:0:0:0:0:0:1 - - [24/Apr/2018:12:28:36 +0800] "GET /api/common/verify HTTP/1.1" 200 533
0:0:0:0:0:0:0:1 - - [24/Apr/2018:12:28:36 +0800] "GET /api/backend/contestList/1 HTTP/1.1" 200 1254
0:0:0:0:0:0:0:1 - - [24/Apr/2018:12:28:44 +0800] "GET /api/common/verify HTTP/1.1" 200 533
0:0:0:0:0:0:0:1 - - [24/Apr/2018:12:28:44 +0800] "GET /api/backend/notice/1 HTTP/1.1" 200 1276
0:0:0:0:0:0:0:1 - - [24/Apr/2018:12:28:47 +0800] "GET /api/common/verify HTTP/1.1" 200 533
0:0:0:0:0:0:0:1 - - [24/Apr/2018:12:28:47 +0800] "GET /api/backend/contestList/1 HTTP/1.1" 200 1254
0:0:0:0:0:0:0:1 - - [24/Apr/2018:12:32:12 +0800] "GET /api/backend/contestList/1 HTTP/1.1" 200 1254
0:0:0:0:0:0:0:1 - - [24/Apr/2018:12:33:07 +0800] "GET /api/common/verify HTTP/1.1" 200 533
0:0:0:0:0:0:0:1 - - [24/Apr/2018:12:33:08 +0800] "GET /api/backend/problemList/1 HTTP/1.1" 200 878
0:0:0:0:0:0:0:1 - - [24/Apr/2018:12:34:25 +0800] "GET /api/common/verify HTTP/1.1" 200 533
0:0:0:0:0:0:0:1 - - [24/Apr/2018:12:34:25 +0800] "GET /api/backend/contestList/1 HTTP/1.1" 200 1254
0:0:0:0:0:0:0:1 - - [24/Apr/2018:12:34:28 +0800] "GET /api/common/verify HTTP/1.1" 200 533
0:0:0:0:0:0:0:1 - - [24/Apr/2018:12:34:29 +0800] "GET /api/backend/notice/1 HTTP/1.1" 200 1276
0:0:0:0:0:0:0:1 - - [24/Apr/2018:12:34:30 +0800] "GET /api/common/verify HTTP/1.1" 200 533
0:0:0:0:0:0:0:1 - - [24/Apr/2018:12:34:31 +0800] "GET /api/backend/contestList/1 HTTP/1.1" 200 1254
0:0:0:0:0:0:0:1 - - [24/Apr/2018:12:36:00 +0800] "GET /api/backend/contestList/1 HTTP/1.1" 200 1254
0:0:0:0:0:0:0:1 - - [24/Apr/2018:12:37:44 +0800] "GET /api/common/verify HTTP/1.1" 200 533
0:0:0:0:0:0:0:1 - - [24/Apr/2018:12:37:44 +0800] "GET /socket/websocket/root HTTP/1.1" 101 -
0:0:0:0:0:0:0:1 - - [24/Apr/2018:12:37:44 +0800] "GET /api/backend/contestList/1 HTTP/1.1" 200 1254
0:0:0:0:0:0:0:1 - - [24/Apr/2018:12:38:33 +0800] "GET /api/common/verify HTTP/1.1" 200 533
0:0:0:0:0:0:0:1 - - [24/Apr/2018:12:38:33 +0800] "GET /socket/websocket/root HTTP/1.1" 101 -
0:0:0:0:0:0:0:1 - - [24/Apr/2018:12:38:34 +0800] "GET /api/backend/contestList/1 HTTP/1.1" 200 1254
0:0:0:0:0:0:0:1 - - [24/Apr/2018:12:38:35 +0800] "GET /api/common/verify HTTP/1.1" 200 533
0:0:0:0:0:0:0:1 - - [24/Apr/2018:12:38:37 +0800] "GET /api/common/verify HTTP/1.1" 200 533
0:0:0:0:0:0:0:1 - - [24/Apr/2018:12:38:38 +0800] "GET /api/backend/contestList/1 HTTP/1.1" 200 1254
0:0:0:0:0:0:0:1 - - [24/Apr/2018:12:38:39 +0800] "GET /api/common/verify HTTP/1.1" 200 533
0:0:0:0:0:0:0:1 - - [24/Apr/2018:12:38:41 +0800] "GET /api/common/verify HTTP/1.1" 200 533
0:0:0:0:0:0:0:1 - - [24/Apr/2018:12:38:41 +0800] "GET /api/backend/contestList/1 HTTP/1.1" 200 1254
0:0:0:0:0:0:0:1 - - [24/Apr/2018:12:38:43 +0800] "GET /api/common/verify HTTP/1.1" 200 533
0:0:0:0:0:0:0:1 - - [24/Apr/2018:12:38:47 +0800] "GET /api/common/verify HTTP/1.1" 200 533
0:0:0:0:0:0:0:1 - - [24/Apr/2018:12:38:48 +0800] "GET /api/backend/contestList/1 HTTP/1.1" 200 1254
0:0:0:0:0:0:0:1 - - [24/Apr/2018:12:38:49 +0800] "GET /api/common/verify HTTP/1.1" 200 533
0:0:0:0:0:0:0:1 - - [24/Apr/2018:12:38:50 +0800] "GET /api/common/verify HTTP/1.1" 200 533
0:0:0:0:0:0:0:1 - - [24/Apr/2018:12:38:51 +0800] "GET /api/backend/contestList/1 HTTP/1.1" 200 1254
0:0:0:0:0:0:0:1 - - [24/Apr/2018:12:38:53 +0800] "GET /api/common/verify HTTP/1.1" 200 533
0:0:0:0:0:0:0:1 - - [24/Apr/2018:12:38:54 +0800] "GET /api/common/verify HTTP/1.1" 200 533
0:0:0:0:0:0:0:1 - - [24/Apr/2018:12:38:54 +0800] "GET /api/backend/contestList/1 HTTP/1.1" 200 1254
0:0:0:0:0:0:0:1 - - [24/Apr/2018:12:51:48 +0800] "GET /api/common/verify HTTP/1.1" 200 533
0:0:0:0:0:0:0:1 - - [24/Apr/2018:12:51:48 +0800] "GET /socket/websocket/root HTTP/1.1" 101 -
0:0:0:0:0:0:0:1 - - [24/Apr/2018:12:51:48 +0800] "GET /api/common/notices HTTP/1.1" 200 1114
0:0:0:0:0:0:0:1 - - [24/Apr/2018:12:51:48 +0800] "GET /api/userPrivate/chart/1 HTTP/1.1" 200 20
0:0:0:0:0:0:0:1 - - [24/Apr/2018:12:51:48 +0800] "GET /api/common/showUserImage/root?59.404863679399746 HTTP/1.1" 200 11264
0:0:0:0:0:0:0:1 - - [24/Apr/2018:12:51:50 +0800] "GET /api/common/verify HTTP/1.1" 200 533
0:0:0:0:0:0:0:1 - - [24/Apr/2018:12:51:50 +0800] "GET /api/common/problems/1 HTTP/1.1" 200 1792
0:0:0:0:0:0:0:1 - - [24/Apr/2018:12:52:02 +0800] "GET /api/common/verify HTTP/1.1" 200 533
0:0:0:0:0:0:0:1 - - [24/Apr/2018:12:52:02 +0800] "GET /api/common/rank/1 HTTP/1.1" 200 353
0:0:0:0:0:0:0:1 - - [24/Apr/2018:12:52:03 +0800] "GET /api/common/verify HTTP/1.1" 200 533
0:0:0:0:0:0:0:1 - - [24/Apr/2018:12:52:03 +0800] "GET /api/common/problems/1 HTTP/1.1" 200 1304
0:0:0:0:0:0:0:1 - - [24/Apr/2018:12:52:39 +0800] "GET /api/common/verify HTTP/1.1" 200 533
0:0:0:0:0:0:0:1 - - [24/Apr/2018:12:52:43 +0800] "GET /api/common/verify HTTP/1.1" 200 533
0:0:0:0:0:0:0:1 - - [24/Apr/2018:12:52:43 +0800] "GET /api/backend/problemList/1 HTTP/1.1" 200 878
0:0:0:0:0:0:0:1 - - [24/Apr/2018:12:52:46 +0800] "GET /api/common/verify HTTP/1.1" 200 533
0:0:0:0:0:0:0:1 - - [24/Apr/2018:12:52:46 +0800] "GET /api/backend/contestList/1 HTTP/1.1" 200 1254
0:0:0:0:0:0:0:1 - - [24/Apr/2018:12:52:50 +0800] "GET /api/common/verify HTTP/1.1" 200 533
0:0:0:0:0:0:0:1 - - [24/Apr/2018:12:52:50 +0800] "GET /api/backend/contest/5/problemList/1 HTTP/1.1" 200 2
0:0:0:0:0:0:0:1 - - [24/Apr/2018:13:12:53 +0800] "GET /api/common/verify HTTP/1.1" 200 3
0:0:0:0:0:0:0:1 - - [24/Apr/2018:13:12:57 +0800] "GET /api/common/verify HTTP/1.1" 200 3
0:0:0:0:0:0:0:1 - - [24/Apr/2018:13:12:57 +0800] "GET /api/common/notices HTTP/1.1" 200 1114
0:0:0:0:0:0:0:1 - - [24/Apr/2018:13:12:57 +0800] "GET /api/common/showUserImage/guest?8.686218761622232 HTTP/1.1" 200 11264
0:0:0:0:0:0:0:1 - - [24/Apr/2018:13:12:58 +0800] "GET /api/common/captcha?27.562475762553863 HTTP/1.1" 200 1708
0:0:0:0:0:0:0:1 - - [24/Apr/2018:13:13:05 +0800] "POST /api/user/login HTTP/1.1" 200 523
0:0:0:0:0:0:0:1 - - [24/Apr/2018:13:13:06 +0800] "GET /api/common/verify HTTP/1.1" 200 533
0:0:0:0:0:0:0:1 - - [24/Apr/2018:13:13:06 +0800] "GET /socket/websocket/root HTTP/1.1" 101 -
0:0:0:0:0:0:0:1 - - [24/Apr/2018:13:13:06 +0800] "GET /api/userPrivate/chart/1 HTTP/1.1" 200 20
0:0:0:0:0:0:0:1 - - [24/Apr/2018:13:13:06 +0800] "GET /api/common/notices HTTP/1.1" 200 1114
0:0:0:0:0:0:0:1 - - [24/Apr/2018:13:13:06 +0800] "GET /api/common/showUserImage/root?76.35590613754731 HTTP/1.1" 200 11264
0:0:0:0:0:0:0:1 - - [24/Apr/2018:13:13:14 +0800] "GET /api/common/verify HTTP/1.1" 200 533
0:0:0:0:0:0:0:1 - - [24/Apr/2018:13:13:28 +0800] "GET /api/common/verify HTTP/1.1" 200 533
0:0:0:0:0:0:0:1 - - [24/Apr/2018:13:13:28 +0800] "GET /api/backend/contestList/1 HTTP/1.1" 200 1254
0:0:0:0:0:0:0:1 - - [24/Apr/2018:13:13:35 +0800] "GET /api/common/verify HTTP/1.1" 200 533
0:0:0:0:0:0:0:1 - - [24/Apr/2018:13:13:35 +0800] "GET /api/backend/getEditContest/1 HTTP/1.1" 200 319
0:0:0:0:0:0:0:1 - - [24/Apr/2018:13:13:37 +0800] "GET /api/common/verify HTTP/1.1" 200 533
0:0:0:0:0:0:0:1 - - [24/Apr/2018:13:13:38 +0800] "GET /api/backend/contestList/1 HTTP/1.1" 200 1254
0:0:0:0:0:0:0:1 - - [24/Apr/2018:13:13:39 +0800] "GET /api/common/verify HTTP/1.1" 200 533
0:0:0:0:0:0:0:1 - - [24/Apr/2018:13:13:40 +0800] "GET /api/backend/contest/1/problemList/1 HTTP/1.1" 200 305
0:0:0:0:0:0:0:1 - - [24/Apr/2018:13:13:46 +0800] "GET /api/common/verify HTTP/1.1" 200 533
0:0:0:0:0:0:0:1 - - [24/Apr/2018:13:13:46 +0800] "GET /api/backend/contestList/1 HTTP/1.1" 200 1254
0:0:0:0:0:0:0:1 - - [24/Apr/2018:13:13:49 +0800] "GET /api/common/verify HTTP/1.1" 200 533
0:0:0:0:0:0:0:1 - - [24/Apr/2018:13:13:50 +0800] "GET /api/backend/contest/2/problemList/1 HTTP/1.1" 200 297
0:0:0:0:0:0:0:1 - - [24/Apr/2018:13:13:52 +0800] "GET /api/common/verify HTTP/1.1" 200 533
0:0:0:0:0:0:0:1 - - [24/Apr/2018:13:13:52 +0800] "GET /api/backend/contestList/1 HTTP/1.1" 200 1254
0:0:0:0:0:0:0:1 - - [24/Apr/2018:13:13:53 +0800] "GET /api/common/verify HTTP/1.1" 200 533
0:0:0:0:0:0:0:1 - - [24/Apr/2018:13:13:54 +0800] "GET /api/backend/contest/3/problemList/1 HTTP/1.1" 200 106
0:0:0:0:0:0:0:1 - - [24/Apr/2018:13:13:55 +0800] "GET /api/common/verify HTTP/1.1" 200 533
0:0:0:0:0:0:0:1 - - [24/Apr/2018:13:13:55 +0800] "GET /api/backend/contestList/1 HTTP/1.1" 200 1254
0:0:0:0:0:0:0:1 - - [24/Apr/2018:13:13:57 +0800] "GET /api/common/verify HTTP/1.1" 200 533
0:0:0:0:0:0:0:1 - - [24/Apr/2018:13:13:57 +0800] "GET /api/backend/contest/2/problemList/1 HTTP/1.1" 200 297
0:0:0:0:0:0:0:1 - - [24/Apr/2018:13:14:05 +0800] "GET /api/common/verify HTTP/1.1" 200 533
0:0:0:0:0:0:0:1 - - [24/Apr/2018:13:14:05 +0800] "GET /api/backend/contestList/1 HTTP/1.1" 200 1254
0:0:0:0:0:0:0:1 - - [24/Apr/2018:13:14:07 +0800] "GET /api/common/verify HTTP/1.1" 200 533
0:0:0:0:0:0:0:1 - - [24/Apr/2018:13:14:08 +0800] "GET /api/backend/problemList/1 HTTP/1.1" 200 878
0:0:0:0:0:0:0:1 - - [24/Apr/2018:13:14:17 +0800] "GET /api/common/verify HTTP/1.1" 200 533
0:0:0:0:0:0:0:1 - - [24/Apr/2018:13:14:18 +0800] "GET /api/backend/contestList/1 HTTP/1.1" 200 1254
0:0:0:0:0:0:0:1 - - [24/Apr/2018:13:15:18 +0800] "GET /api/common/verify HTTP/1.1" 200 533
0:0:0:0:0:0:0:1 - - [24/Apr/2018:13:15:19 +0800] "GET /api/backend/contest/1/problemList/1 HTTP/1.1" 200 305
0:0:0:0:0:0:0:1 - - [24/Apr/2018:13:16:08 +0800] "GET /api/backend/contest/1/problemList/1 HTTP/1.1" 200 305
0:0:0:0:0:0:0:1 - - [24/Apr/2018:13:16:48 +0800] "GET /api/backend/contest/1/problemList/1 HTTP/1.1" 200 305
0:0:0:0:0:0:0:1 - - [24/Apr/2018:13:18:05 +0800] "GET /api/backend/contest/1/problemList/1 HTTP/1.1" 200 305
0:0:0:0:0:0:0:1 - - [24/Apr/2018:13:18:12 +0800] "GET /api/common/verify HTTP/1.1" 200 533
0:0:0:0:0:0:0:1 - - [24/Apr/2018:13:18:12 +0800] "GET /socket/websocket/root HTTP/1.1" 101 -
0:0:0:0:0:0:0:1 - - [24/Apr/2018:13:18:12 +0800] "GET /api/backend/contest/1/problemList/1 HTTP/1.1" 200 305
0:0:0:0:0:0:0:1 - - [24/Apr/2018:13:18:37 +0800] "GET /api/backend/contest/1/problemList/1 HTTP/1.1" 200 305
0:0:0:0:0:0:0:1 - - [24/Apr/2018:13:21:55 +0800] "GET /api/backend/contest/1/problemList/1 HTTP/1.1" 200 305
0:0:0:0:0:0:0:1 - - [24/Apr/2018:13:22:08 +0800] "GET /api/backend/contest/1/problemList/1 HTTP/1.1" 200 305
0:0:0:0:0:0:0:1 - - [24/Apr/2018:13:22:13 +0800] "GET /api/common/verify HTTP/1.1" 200 533
0:0:0:0:0:0:0:1 - - [24/Apr/2018:13:22:13 +0800] "GET /api/backend/contest/2/problemList/1 HTTP/1.1" 200 297
0:0:0:0:0:0:0:1 - - [24/Apr/2018:13:22:18 +0800] "GET /api/common/verify HTTP/1.1" 200 533
0:0:0:0:0:0:0:1 - - [24/Apr/2018:13:22:18 +0800] "GET /api/backend/contest/1/problemList/1 HTTP/1.1" 200 305
0:0:0:0:0:0:0:1 - - [24/Apr/2018:13:26:29 +0800] "GET /api/common/verify HTTP/1.1" 200 533
0:0:0:0:0:0:0:1 - - [24/Apr/2018:13:27:49 +0800] "GET /api/common/verify HTTP/1.1" 200 533
0:0:0:0:0:0:0:1 - - [24/Apr/2018:13:27:49 +0800] "GET /socket/websocket/root HTTP/1.1" 101 -
0:0:0:0:0:0:0:1 - - [24/Apr/2018:13:28:26 +0800] "GET /api/common/verify HTTP/1.1" 200 533
0:0:0:0:0:0:0:1 - - [24/Apr/2018:13:28:27 +0800] "GET /api/backend/contestList/1 HTTP/1.1" 200 1254
0:0:0:0:0:0:0:1 - - [24/Apr/2018:13:28:31 +0800] "GET /api/common/verify HTTP/1.1" 200 533
0:0:0:0:0:0:0:1 - - [24/Apr/2018:13:28:32 +0800] "GET /api/backend/contest/1/problemList/1 HTTP/1.1" 200 305
0:0:0:0:0:0:0:1 - - [24/Apr/2018:13:28:33 +0800] "GET /api/common/verify HTTP/1.1" 200 533
0:0:0:0:0:0:0:1 - - [24/Apr/2018:13:28:38 +0800] "GET /api/common/verify HTTP/1.1" 200 533
0:0:0:0:0:0:0:1 - - [24/Apr/2018:13:28:39 +0800] "GET /api/backend/contest/1/problemList/1 HTTP/1.1" 200 305
0:0:0:0:0:0:0:1 - - [24/Apr/2018:13:28:49 +0800] "GET /api/common/verify HTTP/1.1" 200 533
0:0:0:0:0:0:0:1 - - [24/Apr/2018:13:28:53 +0800] "GET /api/common/verify HTTP/1.1" 200 533
0:0:0:0:0:0:0:1 - - [24/Apr/2018:13:28:54 +0800] "GET /api/backend/contest/1/problemList/1 HTTP/1.1" 200 305
0:0:0:0:0:0:0:1 - - [24/Apr/2018:13:29:07 +0800] "GET /api/common/verify HTTP/1.1" 200 533
0:0:0:0:0:0:0:1 - - [24/Apr/2018:13:29:07 +0800] "GET /socket/websocket/root HTTP/1.1" 101 -
0:0:0:0:0:0:0:1 - - [24/Apr/2018:13:29:07 +0800] "GET /api/backend/contest/1/problemList/1 HTTP/1.1" 200 305
0:0:0:0:0:0:0:1 - - [24/Apr/2018:13:29:08 +0800] "GET /api/common/verify HTTP/1.1" 200 533
0:0:0:0:0:0:0:1 - - [24/Apr/2018:13:44:11 +0800] "GET /api/common/verify HTTP/1.1" 200 533
0:0:0:0:0:0:0:1 - - [24/Apr/2018:13:44:11 +0800] "GET /socket/websocket/root HTTP/1.1" 101 -
0:0:0:0:0:0:0:1 - - [24/Apr/2018:13:44:11 +0800] "GET /api/backend/contestList/1 HTTP/1.1" 200 1254
0:0:0:0:0:0:0:1 - - [24/Apr/2018:13:44:15 +0800] "GET /api/common/verify HTTP/1.1" 200 533
0:0:0:0:0:0:0:1 - - [24/Apr/2018:13:44:15 +0800] "GET /api/backend/contest/5/problemList/1 HTTP/1.1" 200 106
0:0:0:0:0:0:0:1 - - [24/Apr/2018:13:49:54 +0800] "GET /api/common/verify HTTP/1.1" 200 533
0:0:0:0:0:0:0:1 - - [24/Apr/2018:13:50:17 +0800] "POST /api/backend/contest/5/createProblem HTTP/1.1" 200 2
0:0:0:0:0:0:0:1 - - [24/Apr/2018:13:51:34 +0800] "POST /api/backend/upload HTTP/1.1" 200 2
0:0:0:0:0:0:0:1 - - [24/Apr/2018:13:51:37 +0800] "POST /api/backend/contest/5/createProblem HTTP/1.1" 200 2
0:0:0:0:0:0:0:1 - - [24/Apr/2018:13:53:18 +0800] "GET /api/common/verify HTTP/1.1" 200 533
0:0:0:0:0:0:0:1 - - [24/Apr/2018:13:53:18 +0800] "GET /socket/websocket/root HTTP/1.1" 101 -
0:0:0:0:0:0:0:1 - - [24/Apr/2018:13:53:18 +0800] "GET /api/backend/contestList/1 HTTP/1.1" 200 1254
0:0:0:0:0:0:0:1 - - [24/Apr/2018:13:53:20 +0800] "GET /api/common/verify HTTP/1.1" 200 533
0:0:0:0:0:0:0:1 - - [24/Apr/2018:13:53:21 +0800] "GET /api/backend/contest/5/problemList/1 HTTP/1.1" 200 106
0:0:0:0:0:0:0:1 - - [24/Apr/2018:13:53:22 +0800] "GET /api/common/verify HTTP/1.1" 200 533
0:0:0:0:0:0:0:1 - - [24/Apr/2018:13:53:39 +0800] "POST /api/backend/upload HTTP/1.1" 200 2
0:0:0:0:0:0:0:1 - - [24/Apr/2018:13:53:46 +0800] "POST /api/backend/contest/5/createProblem HTTP/1.1" 200 35
0:0:0:0:0:0:0:1 - - [24/Apr/2018:13:53:46 +0800] "GET /api/common/verify HTTP/1.1" 200 533
0:0:0:0:0:0:0:1 - - [24/Apr/2018:13:53:47 +0800] "GET /api/backend/contest/5/problemList/1 HTTP/1.1" 200 302
0:0:0:0:0:0:0:1 - - [24/Apr/2018:13:53:51 +0800] "POST /api/backend/changeShowProblem HTTP/1.1" 200 19
0:0:0:0:0:0:0:1 - - [24/Apr/2018:13:53:57 +0800] "POST /api/backend/changeShowProblem HTTP/1.1" 200 19
0:0:0:0:0:0:0:1 - - [24/Apr/2018:13:54:07 +0800] "GET /api/common/verify HTTP/1.1" 200 533
0:0:0:0:0:0:0:1 - - [24/Apr/2018:13:54:07 +0800] "GET /api/userPrivate/chart/1 HTTP/1.1" 200 20
0:0:0:0:0:0:0:1 - - [24/Apr/2018:13:54:07 +0800] "GET /api/common/notices HTTP/1.1" 200 1114
0:0:0:0:0:0:0:1 - - [24/Apr/2018:13:54:07 +0800] "GET /api/common/showUserImage/root?83.45093988986719 HTTP/1.1" 200 11264
0:0:0:0:0:0:0:1 - - [24/Apr/2018:13:54:09 +0800] "GET /api/common/verify HTTP/1.1" 200 533
0:0:0:0:0:0:0:1 - - [24/Apr/2018:13:54:09 +0800] "GET /api/common/problems/1 HTTP/1.1" 200 1466
0:0:0:0:0:0:0:1 - - [24/Apr/2018:13:54:11 +0800] "GET /api/common/verify HTTP/1.1" 200 533
0:0:0:0:0:0:0:1 - - [24/Apr/2018:13:54:13 +0800] "GET /api/common/verify HTTP/1.1" 200 533
0:0:0:0:0:0:0:1 - - [24/Apr/2018:13:54:13 +0800] "GET /api/backend/problemList/1 HTTP/1.1" 200 1073
0:0:0:0:0:0:0:1 - - [24/Apr/2018:13:54:30 +0800] "GET /api/common/verify HTTP/1.1" 200 533
0:0:0:0:0:0:0:1 - - [24/Apr/2018:13:54:30 +0800] "GET /api/backend/problemList/1 HTTP/1.1" 200 1073
0:0:0:0:0:0:0:1 - - [24/Apr/2018:13:56:02 +0800] "GET /api/common/verify HTTP/1.1" 200 533
0:0:0:0:0:0:0:1 - - [24/Apr/2018:13:56:02 +0800] "GET /api/backend/contestList/1 HTTP/1.1" 200 1254
0:0:0:0:0:0:0:1 - - [24/Apr/2018:13:56:04 +0800] "GET /api/common/verify HTTP/1.1" 200 533
0:0:0:0:0:0:0:1 - - [24/Apr/2018:13:56:04 +0800] "GET /api/backend/contest/5/problemList/1 HTTP/1.1" 200 302
0:0:0:0:0:0:0:1 - - [24/Apr/2018:13:56:07 +0800] "GET /api/common/verify HTTP/1.1" 200 533
0:0:0:0:0:0:0:1 - - [24/Apr/2018:13:56:07 +0800] "GET /api/backend/contestList/1 HTTP/1.1" 200 1254
0:0:0:0:0:0:0:1 - - [24/Apr/2018:13:56:08 +0800] "GET /api/common/verify HTTP/1.1" 200 533
0:0:0:0:0:0:0:1 - - [24/Apr/2018:13:56:09 +0800] "GET /api/backend/contest/3/problemList/1 HTTP/1.1" 200 106
0:0:0:0:0:0:0:1 - - [24/Apr/2018:13:56:10 +0800] "GET /api/common/verify HTTP/1.1" 200 533
0:0:0:0:0:0:0:1 - - [24/Apr/2018:13:56:11 +0800] "GET /api/backend/contestList/1 HTTP/1.1" 200 1254
0:0:0:0:0:0:0:1 - - [24/Apr/2018:13:56:14 +0800] "GET /api/common/verify HTTP/1.1" 200 533
0:0:0:0:0:0:0:1 - - [24/Apr/2018:13:56:15 +0800] "GET /api/backend/getEditContest/5 HTTP/1.1" 200 366
0:0:0:0:0:0:0:1 - - [24/Apr/2018:13:56:17 +0800] "GET /api/common/verify HTTP/1.1" 200 533
0:0:0:0:0:0:0:1 - - [24/Apr/2018:13:56:17 +0800] "GET /api/backend/contestList/1 HTTP/1.1" 200 1254
0:0:0:0:0:0:0:1 - - [24/Apr/2018:13:56:21 +0800] "GET /api/common/verify HTTP/1.1" 200 533
0:0:0:0:0:0:0:1 - - [24/Apr/2018:13:56:21 +0800] "GET /api/backend/contest/2/problemList/1 HTTP/1.1" 200 297
0:0:0:0:0:0:0:1 - - [24/Apr/2018:13:56:24 +0800] "GET /api/common/verify HTTP/1.1" 200 533
0:0:0:0:0:0:0:1 - - [24/Apr/2018:13:56:25 +0800] "GET /api/backend/contestList/1 HTTP/1.1" 200 1254
0:0:0:0:0:0:0:1 - - [24/Apr/2018:13:56:45 +0800] "GET /api/common/verify HTTP/1.1" 200 533
0:0:0:0:0:0:0:1 - - [24/Apr/2018:13:56:46 +0800] "GET /api/backend/contest/5/problemList/1 HTTP/1.1" 200 302
0:0:0:0:0:0:0:1 - - [24/Apr/2018:14:00:38 +0800] "GET /api/backend/contest/5/problemList/1 HTTP/1.1" 200 302
0:0:0:0:0:0:0:1 - - [24/Apr/2018:14:04:13 +0800] "GET /api/common/verify HTTP/1.1" 200 3
0:0:0:0:0:0:0:1 - - [24/Apr/2018:14:04:15 +0800] "GET /api/common/verify HTTP/1.1" 200 3
0:0:0:0:0:0:0:1 - - [24/Apr/2018:14:04:15 +0800] "GET /api/common/notices HTTP/1.1" 200 1114
0:0:0:0:0:0:0:1 - - [24/Apr/2018:14:04:15 +0800] "GET /api/common/showUserImage/guest?89.88591974906474 HTTP/1.1" 200 11264
0:0:0:0:0:0:0:1 - - [24/Apr/2018:14:04:17 +0800] "GET /api/common/captcha?56.21306257164416 HTTP/1.1" 200 1742
0:0:0:0:0:0:0:1 - - [24/Apr/2018:14:04:26 +0800] "POST /api/user/login HTTP/1.1" 200 523
0:0:0:0:0:0:0:1 - - [24/Apr/2018:14:04:29 +0800] "GET /api/common/verify HTTP/1.1" 200 533
0:0:0:0:0:0:0:1 - - [24/Apr/2018:14:04:29 +0800] "GET /socket/websocket/root HTTP/1.1" 101 -
0:0:0:0:0:0:0:1 - - [24/Apr/2018:14:04:29 +0800] "GET /api/common/notices HTTP/1.1" 200 1114
0:0:0:0:0:0:0:1 - - [24/Apr/2018:14:04:29 +0800] "GET /api/userPrivate/chart/1 HTTP/1.1" 200 20
0:0:0:0:0:0:0:1 - - [24/Apr/2018:14:04:29 +0800] "GET /api/common/showUserImage/root?4.042682513966156 HTTP/1.1" 200 11264
0:0:0:0:0:0:0:1 - - [24/Apr/2018:14:04:30 +0800] "GET /api/common/verify HTTP/1.1" 200 533
0:0:0:0:0:0:0:1 - - [24/Apr/2018:14:04:32 +0800] "GET /api/common/verify HTTP/1.1" 200 533
0:0:0:0:0:0:0:1 - - [24/Apr/2018:14:04:33 +0800] "GET /api/backend/problemList/1 HTTP/1.1" 200 1073
0:0:0:0:0:0:0:1 - - [24/Apr/2018:14:04:39 +0800] "GET /api/common/verify HTTP/1.1" 200 533
0:0:0:0:0:0:0:1 - - [24/Apr/2018:14:04:40 +0800] "GET /api/backend/contestList/1 HTTP/1.1" 200 1254
0:0:0:0:0:0:0:1 - - [24/Apr/2018:14:04:46 +0800] "GET /api/common/verify HTTP/1.1" 200 533
0:0:0:0:0:0:0:1 - - [24/Apr/2018:14:04:46 +0800] "GET /api/backend/contest/5/problemList/1 HTTP/1.1" 200 302
0:0:0:0:0:0:0:1 - - [24/Apr/2018:14:05:16 +0800] "GET /api/common/verify HTTP/1.1" 200 533
0:0:0:0:0:0:0:1 - - [24/Apr/2018:14:05:16 +0800] "GET /api/backend/problemList/1 HTTP/1.1" 200 1073
0:0:0:0:0:0:0:1 - - [24/Apr/2018:14:05:18 +0800] "GET /api/common/verify HTTP/1.1" 200 533
0:0:0:0:0:0:0:1 - - [24/Apr/2018:14:05:18 +0800] "GET /api/backend/contestList/1 HTTP/1.1" 200 1254
0:0:0:0:0:0:0:1 - - [24/Apr/2018:14:05:19 +0800] "GET /api/common/verify HTTP/1.1" 200 533
0:0:0:0:0:0:0:1 - - [24/Apr/2018:14:05:19 +0800] "GET /api/backend/problemList/1 HTTP/1.1" 200 1073
0:0:0:0:0:0:0:1 - - [24/Apr/2018:14:06:00 +0800] "GET /api/common/verify HTTP/1.1" 200 533
0:0:0:0:0:0:0:1 - - [24/Apr/2018:14:06:00 +0800] "GET /socket/websocket/root HTTP/1.1" 101 -
0:0:0:0:0:0:0:1 - - [24/Apr/2018:14:06:00 +0800] "GET /api/backend/problemList/1 HTTP/1.1" 200 1073
0:0:0:0:0:0:0:1 - - [24/Apr/2018:14:06:29 +0800] "GET /api/backend/problemList/1 HTTP/1.1" 200 1073
0:0:0:0:0:0:0:1 - - [24/Apr/2018:14:07:44 +0800] "GET /api/backend/problemList/1 HTTP/1.1" 200 1073
0:0:0:0:0:0:0:1 - - [24/Apr/2018:14:07:59 +0800] "GET /api/common/verify HTTP/1.1" 200 533
0:0:0:0:0:0:0:1 - - [24/Apr/2018:14:08:00 +0800] "GET /api/common/verify HTTP/1.1" 200 533
0:0:0:0:0:0:0:1 - - [24/Apr/2018:14:08:01 +0800] "GET /api/backend/contestList/1 HTTP/1.1" 200 1254
0:0:0:0:0:0:0:1 - - [24/Apr/2018:14:08:02 +0800] "GET /api/common/verify HTTP/1.1" 200 533
0:0:0:0:0:0:0:1 - - [24/Apr/2018:14:08:02 +0800] "GET /api/backend/contest/5/problemList/1 HTTP/1.1" 200 302
0:0:0:0:0:0:0:1 - - [24/Apr/2018:14:16:04 +0800] "GET /api/backend/contest/5/problemList/1 HTTP/1.1" 200 302
0:0:0:0:0:0:0:1 - - [24/Apr/2018:14:16:53 +0800] "GET /api/backend/contest/5/problemList/1 HTTP/1.1" 200 302
0:0:0:0:0:0:0:1 - - [24/Apr/2018:14:17:01 +0800] "GET /api/common/verify HTTP/1.1" 200 533
0:0:0:0:0:0:0:1 - - [24/Apr/2018:14:17:01 +0800] "GET /socket/websocket/root HTTP/1.1" 101 -
0:0:0:0:0:0:0:1 - - [24/Apr/2018:14:17:03 +0800] "GET /api/common/verify HTTP/1.1" 200 533
0:0:0:0:0:0:0:1 - - [24/Apr/2018:14:17:03 +0800] "GET /api/backend/problemList/1 HTTP/1.1" 200 1073
0:0:0:0:0:0:0:1 - - [24/Apr/2018:14:17:05 +0800] "GET /api/common/verify HTTP/1.1" 200 533
0:0:0:0:0:0:0:1 - - [24/Apr/2018:14:17:05 +0800] "GET /api/backend/contestList/1 HTTP/1.1" 200 1254
0:0:0:0:0:0:0:1 - - [24/Apr/2018:14:17:07 +0800] "GET /api/common/verify HTTP/1.1" 200 533
0:0:0:0:0:0:0:1 - - [24/Apr/2018:14:17:07 +0800] "GET /api/backend/contest/2/problemList/1 HTTP/1.1" 200 297
0:0:0:0:0:0:0:1 - - [24/Apr/2018:14:17:09 +0800] "GET /api/common/verify HTTP/1.1" 200 533
0:0:0:0:0:0:0:1 - - [24/Apr/2018:14:17:10 +0800] "GET /api/backend/contestList/1 HTTP/1.1" 200 1254
0:0:0:0:0:0:0:1 - - [24/Apr/2018:14:17:11 +0800] "GET /api/common/verify HTTP/1.1" 200 533
0:0:0:0:0:0:0:1 - - [24/Apr/2018:14:17:11 +0800] "GET /api/backend/contest/1/problemList/1 HTTP/1.1" 200 305
0:0:0:0:0:0:0:1 - - [24/Apr/2018:14:17:14 +0800] "POST /api/backend/addToProblems/1000 HTTP/1.1" 200 38
0:0:0:0:0:0:0:1 - - [24/Apr/2018:14:17:14 +0800] "GET /api/backend/problemList/1 HTTP/1.1" 200 1073
0:0:0:0:0:0:0:1 - - [24/Apr/2018:14:17:27 +0800] "GET /api/common/verify HTTP/1.1" 200 533
0:0:0:0:0:0:0:1 - - [24/Apr/2018:14:17:28 +0800] "GET /api/backend/contestList/1 HTTP/1.1" 200 1254
0:0:0:0:0:0:0:1 - - [24/Apr/2018:14:17:32 +0800] "GET /api/common/verify HTTP/1.1" 200 533
0:0:0:0:0:0:0:1 - - [24/Apr/2018:14:17:32 +0800] "GET /api/backend/contest/1/problemList/1 HTTP/1.1" 200 106
0:0:0:0:0:0:0:1 - - [24/Apr/2018:14:17:34 +0800] "GET /api/common/verify HTTP/1.1" 200 533
0:0:0:0:0:0:0:1 - - [24/Apr/2018:14:17:35 +0800] "GET /api/backend/contestList/1 HTTP/1.1" 200 1254
0:0:0:0:0:0:0:1 - - [24/Apr/2018:14:17:36 +0800] "GET /api/common/verify HTTP/1.1" 200 533
0:0:0:0:0:0:0:1 - - [24/Apr/2018:14:17:37 +0800] "GET /api/backend/contest/1/problemList/1 HTTP/1.1" 200 106
0:0:0:0:0:0:0:1 - - [24/Apr/2018:14:18:07 +0800] "GET /api/backend/contest/1/problemList/1 HTTP/1.1" 200 106
0:0:0:0:0:0:0:1 - - [24/Apr/2018:14:18:10 +0800] "GET /api/common/verify HTTP/1.1" 200 533
0:0:0:0:0:0:0:1 - - [24/Apr/2018:14:18:10 +0800] "GET /api/backend/problemList/1 HTTP/1.1" 200 1073
0:0:0:0:0:0:0:1 - - [24/Apr/2018:14:18:14 +0800] "GET /api/common/verify HTTP/1.1" 200 533
0:0:0:0:0:0:0:1 - - [24/Apr/2018:14:18:15 +0800] "GET /api/backend/contestList/1 HTTP/1.1" 200 1254
0:0:0:0:0:0:0:1 - - [24/Apr/2018:14:18:15 +0800] "GET /api/common/verify HTTP/1.1" 200 533
0:0:0:0:0:0:0:1 - - [24/Apr/2018:14:18:16 +0800] "GET /api/backend/problemList/1 HTTP/1.1" 200 1073
0:0:0:0:0:0:0:1 - - [24/Apr/2018:14:18:17 +0800] "GET /api/common/verify HTTP/1.1" 200 533
0:0:0:0:0:0:0:1 - - [24/Apr/2018:14:18:18 +0800] "GET /api/backend/contestList/1 HTTP/1.1" 200 1254
0:0:0:0:0:0:0:1 - - [24/Apr/2018:14:18:18 +0800] "GET /api/common/verify HTTP/1.1" 200 533
0:0:0:0:0:0:0:1 - - [24/Apr/2018:14:18:19 +0800] "GET /api/backend/problemList/1 HTTP/1.1" 200 1073
0:0:0:0:0:0:0:1 - - [24/Apr/2018:14:18:20 +0800] "GET /api/common/verify HTTP/1.1" 200 533
0:0:0:0:0:0:0:1 - - [24/Apr/2018:14:18:21 +0800] "GET /api/backend/contestList/1 HTTP/1.1" 200 1254
0:0:0:0:0:0:0:1 - - [24/Apr/2018:14:18:21 +0800] "GET /api/common/verify HTTP/1.1" 200 533
0:0:0:0:0:0:0:1 - - [24/Apr/2018:14:18:21 +0800] "GET /api/backend/problemList/1 HTTP/1.1" 200 1073
0:0:0:0:0:0:0:1 - - [24/Apr/2018:14:18:40 +0800] "GET /api/common/verify HTTP/1.1" 200 533
0:0:0:0:0:0:0:1 - - [24/Apr/2018:14:18:42 +0800] "GET /api/common/verify HTTP/1.1" 200 533
0:0:0:0:0:0:0:1 - - [24/Apr/2018:14:18:42 +0800] "GET /api/backend/problemList/1 HTTP/1.1" 200 1073
0:0:0:0:0:0:0:1 - - [24/Apr/2018:14:19:46 +0800] "GET /api/common/verify HTTP/1.1" 200 533
0:0:0:0:0:0:0:1 - - [24/Apr/2018:14:19:46 +0800] "GET /socket/websocket/root HTTP/1.1" 101 -
0:0:0:0:0:0:0:1 - - [24/Apr/2018:14:19:46 +0800] "GET /api/backend/problemList/1 HTTP/1.1" 200 1073
0:0:0:0:0:0:0:1 - - [24/Apr/2018:14:22:51 +0800] "GET /api/backend/problemList/1 HTTP/1.1" 200 1073
0:0:0:0:0:0:0:1 - - [24/Apr/2018:14:22:58 +0800] "GET /api/common/verify HTTP/1.1" 200 533
0:0:0:0:0:0:0:1 - - [24/Apr/2018:14:22:58 +0800] "GET /api/backend/contestList/1 HTTP/1.1" 200 1254
0:0:0:0:0:0:0:1 - - [24/Apr/2018:14:22:59 +0800] "GET /api/common/verify HTTP/1.1" 200 533
0:0:0:0:0:0:0:1 - - [24/Apr/2018:14:23:00 +0800] "GET /api/backend/contest/3/problemList/1 HTTP/1.1" 200 106
0:0:0:0:0:0:0:1 - - [24/Apr/2018:14:23:01 +0800] "GET /api/common/verify HTTP/1.1" 200 533
0:0:0:0:0:0:0:1 - - [24/Apr/2018:14:23:01 +0800] "GET /api/backend/contestList/1 HTTP/1.1" 200 1254
0:0:0:0:0:0:0:1 - - [24/Apr/2018:14:23:02 +0800] "GET /api/common/verify HTTP/1.1" 200 533
0:0:0:0:0:0:0:1 - - [24/Apr/2018:14:23:02 +0800] "GET /api/backend/contest/5/problemList/1 HTTP/1.1" 200 302
0:0:0:0:0:0:0:1 - - [24/Apr/2018:14:23:03 +0800] "GET /api/common/verify HTTP/1.1" 200 533
0:0:0:0:0:0:0:1 - - [24/Apr/2018:14:23:03 +0800] "GET /api/backend/contestList/1 HTTP/1.1" 200 1254
0:0:0:0:0:0:0:1 - - [24/Apr/2018:14:23:04 +0800] "GET /api/common/verify HTTP/1.1" 200 533
0:0:0:0:0:0:0:1 - - [24/Apr/2018:14:23:05 +0800] "GET /api/backend/contest/2/problemList/1 HTTP/1.1" 200 297
0:0:0:0:0:0:0:1 - - [24/Apr/2018:14:23:09 +0800] "POST /api/backend/addToProblems/1001 HTTP/1.1" 200 38
0:0:0:0:0:0:0:1 - - [24/Apr/2018:14:23:09 +0800] "GET /api/backend/problemList/1 HTTP/1.1" 200 1073
0:0:0:0:0:0:0:1 - - [24/Apr/2018:14:23:32 +0800] "GET /api/backend/contest/2/problemList/1 HTTP/1.1" 200 106
0:0:0:0:0:0:0:1 - - [24/Apr/2018:14:23:36 +0800] "GET /api/common/verify HTTP/1.1" 200 533
0:0:0:0:0:0:0:1 - - [24/Apr/2018:14:23:36 +0800] "GET /api/common/verify HTTP/1.1" 200 533
0:0:0:0:0:0:0:1 - - [24/Apr/2018:14:23:37 +0800] "GET /api/backend/contestList/1 HTTP/1.1" 200 1254
0:0:0:0:0:0:0:1 - - [24/Apr/2018:14:23:38 +0800] "GET /api/common/verify HTTP/1.1" 200 533
0:0:0:0:0:0:0:1 - - [24/Apr/2018:14:23:39 +0800] "GET /api/backend/contest/5/problemList/1 HTTP/1.1" 200 302
0:0:0:0:0:0:0:1 - - [24/Apr/2018:14:23:41 +0800] "POST /api/backend/addToProblems/1005 HTTP/1.1" 200 38
0:0:0:0:0:0:0:1 - - [24/Apr/2018:14:24:07 +0800] "GET /api/backend/contest/5/problemList/1 HTTP/1.1" 200 106
0:0:0:0:0:0:0:1 - - [24/Apr/2018:14:24:47 +0800] "GET /api/common/verify HTTP/1.1" 200 533
0:0:0:0:0:0:0:1 - - [24/Apr/2018:14:24:49 +0800] "GET /api/common/verify HTTP/1.1" 200 533
0:0:0:0:0:0:0:1 - - [24/Apr/2018:14:24:50 +0800] "GET /api/backend/contestList/1 HTTP/1.1" 200 1254
0:0:0:0:0:0:0:1 - - [24/Apr/2018:14:24:52 +0800] "GET /api/common/verify HTTP/1.1" 200 533
0:0:0:0:0:0:0:1 - - [24/Apr/2018:14:24:53 +0800] "GET /api/backend/contest/1/problemList/1 HTTP/1.1" 200 688
0:0:0:0:0:0:0:1 - - [24/Apr/2018:14:24:56 +0800] "POST /api/backend/addToProblems/1002 HTTP/1.1" 200 38
0:0:0:0:0:0:0:1 - - [24/Apr/2018:14:25:02 +0800] "GET /api/common/verify HTTP/1.1" 200 533
0:0:0:0:0:0:0:1 - - [24/Apr/2018:14:25:02 +0800] "GET /api/backend/contest/1/problemList/1 HTTP/1.1" 200 495
0:0:0:0:0:0:0:1 - - [24/Apr/2018:14:28:29 +0800] "GET /api/backend/contest/1/problemList/1 HTTP/1.1" 200 495
0:0:0:0:0:0:0:1 - - [24/Apr/2018:14:28:33 +0800] "POST /api/backend/addToProblems/1001 HTTP/1.1" 200 38
0:0:0:0:0:0:0:1 - - [24/Apr/2018:14:28:33 +0800] "GET /api/backend/contest/1/problemList/1 HTTP/1.1" 200 305
0:0:0:0:0:0:0:1 - - [24/Apr/2018:14:28:36 +0800] "POST /api/backend/addToProblems/1000 HTTP/1.1" 200 38
0:0:0:0:0:0:0:1 - - [24/Apr/2018:14:28:36 +0800] "GET /api/backend/contest/1/problemList/1 HTTP/1.1" 200 106
0:0:0:0:0:0:0:1 - - [24/Apr/2018:14:28:42 +0800] "GET /api/common/verify HTTP/1.1" 200 533
0:0:0:0:0:0:0:1 - - [24/Apr/2018:14:28:43 +0800] "GET /api/backend/problemList/1 HTTP/1.1" 200 1073
0:0:0:0:0:0:0:1 - - [24/Apr/2018:14:28:46 +0800] "GET /api/common/verify HTTP/1.1" 200 533
0:0:0:0:0:0:0:1 - - [24/Apr/2018:14:28:46 +0800] "GET /api/backend/contestList/1 HTTP/1.1" 200 1254
0:0:0:0:0:0:0:1 - - [24/Apr/2018:14:28:47 +0800] "GET /api/common/verify HTTP/1.1" 200 533
0:0:0:0:0:0:0:1 - - [24/Apr/2018:14:28:47 +0800] "GET /api/backend/contest/5/problemList/1 HTTP/1.1" 200 106
0:0:0:0:0:0:0:1 - - [24/Apr/2018:14:28:49 +0800] "GET /api/common/verify HTTP/1.1" 200 533
0:0:0:0:0:0:0:1 - - [24/Apr/2018:14:28:49 +0800] "GET /api/backend/contestList/1 HTTP/1.1" 200 1254
0:0:0:0:0:0:0:1 - - [24/Apr/2018:14:28:50 +0800] "GET /api/common/verify HTTP/1.1" 200 533
0:0:0:0:0:0:0:1 - - [24/Apr/2018:14:28:50 +0800] "GET /api/backend/contest/3/problemList/1 HTTP/1.1" 200 106
0:0:0:0:0:0:0:1 - - [24/Apr/2018:14:28:53 +0800] "GET /api/common/verify HTTP/1.1" 200 533
0:0:0:0:0:0:0:1 - - [24/Apr/2018:14:28:54 +0800] "GET /api/backend/contestList/1 HTTP/1.1" 200 1254
0:0:0:0:0:0:0:1 - - [24/Apr/2018:14:28:55 +0800] "GET /api/common/verify HTTP/1.1" 200 533
0:0:0:0:0:0:0:1 - - [24/Apr/2018:14:28:55 +0800] "GET /api/backend/contest/2/problemList/1 HTTP/1.1" 200 106
0:0:0:0:0:0:0:1 - - [24/Apr/2018:14:28:57 +0800] "GET /api/common/verify HTTP/1.1" 200 533
0:0:0:0:0:0:0:1 - - [24/Apr/2018:14:28:57 +0800] "GET /api/backend/contestList/1 HTTP/1.1" 200 1254
0:0:0:0:0:0:0:1 - - [24/Apr/2018:14:29:00 +0800] "GET /api/common/verify HTTP/1.1" 200 533
0:0:0:0:0:0:0:1 - - [24/Apr/2018:14:29:00 +0800] "GET /api/userPrivate/chart/1 HTTP/1.1" 200 20
0:0:0:0:0:0:0:1 - - [24/Apr/2018:14:29:00 +0800] "GET /api/common/notices HTTP/1.1" 200 1114
0:0:0:0:0:0:0:1 - - [24/Apr/2018:14:29:00 +0800] "GET /api/common/showUserImage/root?7.715830023376458 HTTP/1.1" 200 11264
0:0:0:0:0:0:0:1 - - [24/Apr/2018:14:29:00 +0800] "GET /api/common/verify HTTP/1.1" 200 533
0:0:0:0:0:0:0:1 - - [24/Apr/2018:14:29:01 +0800] "GET /api/common/problems/1 HTTP/1.1" 200 2144
0:0:0:0:0:0:0:1 - - [24/Apr/2018:14:29:22 +0800] "GET /api/common/verify HTTP/1.1" 200 533
0:0:0:0:0:0:0:1 - - [24/Apr/2018:14:29:22 +0800] "GET /api/common/rank/1 HTTP/1.1" 200 353
0:0:0:0:0:0:0:1 - - [24/Apr/2018:14:29:23 +0800] "GET /api/common/verify HTTP/1.1" 200 533
0:0:0:0:0:0:0:1 - - [24/Apr/2018:14:29:23 +0800] "GET /api/common/problems/1 HTTP/1.1" 200 1896
0:0:0:0:0:0:0:1 - - [24/Apr/2018:14:29:26 +0800] "GET /api/common/verify HTTP/1.1" 200 533
0:0:0:0:0:0:0:1 - - [24/Apr/2018:14:29:28 +0800] "GET /api/common/verify HTTP/1.1" 200 533
0:0:0:0:0:0:0:1 - - [24/Apr/2018:14:29:28 +0800] "GET /api/backend/contestList/1 HTTP/1.1" 200 1254
0:0:0:0:0:0:0:1 - - [24/Apr/2018:14:29:30 +0800] "GET /api/common/verify HTTP/1.1" 200 533
0:0:0:0:0:0:0:1 - - [24/Apr/2018:14:29:30 +0800] "GET /api/backend/contest/1/problemList/1 HTTP/1.1" 200 305
0:0:0:0:0:0:0:1 - - [24/Apr/2018:14:29:44 +0800] "POST /api/backend/addToProblems/1000 HTTP/1.1" 200 38
0:0:0:0:0:0:0:1 - - [24/Apr/2018:14:29:44 +0800] "GET /api/backend/contest/1/problemList/1 HTTP/1.1" 200 106
0:0:0:0:0:0:0:1 - - [24/Apr/2018:14:29:46 +0800] "GET /api/common/verify HTTP/1.1" 200 533
0:0:0:0:0:0:0:1 - - [24/Apr/2018:14:29:46 +0800] "GET /api/backend/problemList/1 HTTP/1.1" 200 1073
0:0:0:0:0:0:0:1 - - [24/Apr/2018:14:30:50 +0800] "GET /api/backend/problemList/1 HTTP/1.1" 200 1073
0:0:0:0:0:0:0:1 - - [24/Apr/2018:14:30:56 +0800] "GET /api/common/verify HTTP/1.1" 200 533
0:0:0:0:0:0:0:1 - - [24/Apr/2018:14:30:57 +0800] "GET /api/backend/contestList/1 HTTP/1.1" 200 1254
0:0:0:0:0:0:0:1 - - [24/Apr/2018:14:30:58 +0800] "GET /api/common/verify HTTP/1.1" 200 533
0:0:0:0:0:0:0:1 - - [24/Apr/2018:14:30:59 +0800] "GET /api/backend/contest/1/problemList/1 HTTP/1.1" 200 106
0:0:0:0:0:0:0:1 - - [24/Apr/2018:14:31:16 +0800] "GET /api/common/verify HTTP/1.1" 200 533
0:0:0:0:0:0:0:1 - - [24/Apr/2018:14:31:16 +0800] "GET /api/backend/contestList/1 HTTP/1.1" 200 1254
0:0:0:0:0:0:0:1 - - [24/Apr/2018:14:31:18 +0800] "GET /api/common/verify HTTP/1.1" 200 533
0:0:0:0:0:0:0:1 - - [24/Apr/2018:14:31:18 +0800] "GET /api/backend/contest/1/problemList/1 HTTP/1.1" 200 688
0:0:0:0:0:0:0:1 - - [24/Apr/2018:14:31:32 +0800] "POST /api/backend/addToProblems/1000 HTTP/1.1" 200 38
0:0:0:0:0:0:0:1 - - [24/Apr/2018:14:31:32 +0800] "GET /api/backend/contest/1/problemList/1 HTTP/1.1" 200 490
0:0:0:0:0:0:0:1 - - [24/Apr/2018:14:31:34 +0800] "GET /api/common/verify HTTP/1.1" 200 533
0:0:0:0:0:0:0:1 - - [24/Apr/2018:14:31:34 +0800] "GET /api/backend/problemList/1 HTTP/1.1" 200 1073
0:0:0:0:0:0:0:1 - - [24/Apr/2018:14:32:12 +0800] "GET /api/backend/problemList/1 HTTP/1.1" 200 1073
0:0:0:0:0:0:0:1 - - [24/Apr/2018:14:32:12 +0800] "GET /api/common/verify HTTP/1.1" 200 533
0:0:0:0:0:0:0:1 - - [24/Apr/2018:14:32:13 +0800] "GET /api/backend/contestList/1 HTTP/1.1" 200 1254
0:0:0:0:0:0:0:1 - - [24/Apr/2018:14:32:14 +0800] "GET /api/common/verify HTTP/1.1" 200 533
0:0:0:0:0:0:0:1 - - [24/Apr/2018:14:32:14 +0800] "GET /api/backend/contest/1/problemList/1 HTTP/1.1" 200 490
0:0:0:0:0:0:0:1 - - [24/Apr/2018:14:32:17 +0800] "POST /api/backend/addToProblems/1001 HTTP/1.1" 200 38
0:0:0:0:0:0:0:1 - - [24/Apr/2018:14:32:17 +0800] "GET /api/backend/contest/1/problemList/1 HTTP/1.1" 200 300
0:0:0:0:0:0:0:1 - - [24/Apr/2018:14:32:18 +0800] "GET /api/common/verify HTTP/1.1" 200 533
0:0:0:0:0:0:0:1 - - [24/Apr/2018:14:32:18 +0800] "GET /api/backend/problemList/1 HTTP/1.1" 200 1073
0:0:0:0:0:0:0:1 - - [24/Apr/2018:14:32:43 +0800] "GET /api/common/verify HTTP/1.1" 200 533
0:0:0:0:0:0:0:1 - - [24/Apr/2018:14:32:43 +0800] "GET /api/common/notices HTTP/1.1" 200 1114
0:0:0:0:0:0:0:1 - - [24/Apr/2018:14:32:43 +0800] "GET /api/userPrivate/chart/1 HTTP/1.1" 200 20
0:0:0:0:0:0:0:1 - - [24/Apr/2018:14:32:43 +0800] "GET /api/common/showUserImage/root?63.314484958261 HTTP/1.1" 200 11264
0:0:0:0:0:0:0:1 - - [24/Apr/2018:14:32:44 +0800] "GET /api/common/verify HTTP/1.1" 200 533
0:0:0:0:0:0:0:1 - - [24/Apr/2018:14:32:44 +0800] "GET /api/common/problems/1 HTTP/1.1" 200 1901
0:0:0:0:0:0:0:1 - - [24/Apr/2018:14:32:45 +0800] "GET /api/common/verify HTTP/1.1" 200 533
0:0:0:0:0:0:0:1 - - [24/Apr/2018:14:32:46 +0800] "GET /api/common/notices HTTP/1.1" 200 1114
0:0:0:0:0:0:0:1 - - [24/Apr/2018:14:32:46 +0800] "GET /api/userPrivate/chart/1 HTTP/1.1" 200 20
0:0:0:0:0:0:0:1 - - [24/Apr/2018:14:33:12 +0800] "GET /api/common/verify HTTP/1.1" 200 533
0:0:0:0:0:0:0:1 - - [24/Apr/2018:14:33:13 +0800] "GET /api/common/rank/1 HTTP/1.1" 200 353
0:0:0:0:0:0:0:1 - - [24/Apr/2018:14:33:14 +0800] "GET /api/common/verify HTTP/1.1" 200 533
0:0:0:0:0:0:0:1 - - [24/Apr/2018:14:33:14 +0800] "GET /api/common/submit/1 HTTP/1.1" 200 610
0:0:0:0:0:0:0:1 - - [24/Apr/2018:14:33:15 +0800] "GET /api/common/verify HTTP/1.1" 200 533
0:0:0:0:0:0:0:1 - - [24/Apr/2018:14:33:16 +0800] "GET /api/common/problems/1 HTTP/1.1" 200 1901
0:0:0:0:0:0:0:1 - - [24/Apr/2018:14:33:21 +0800] "GET /api/common/verify HTTP/1.1" 200 533
0:0:0:0:0:0:0:1 - - [24/Apr/2018:14:33:21 +0800] "GET /api/common/contest/1 HTTP/1.1" 200 709
0:0:0:0:0:0:0:1 - - [24/Apr/2018:14:35:43 +0800] "GET /api/common/verify HTTP/1.1" 200 533
0:0:0:0:0:0:0:1 - - [24/Apr/2018:14:35:43 +0800] "GET /api/common/contest/1 HTTP/1.1" 200 709
0:0:0:0:0:0:0:1 - - [24/Apr/2018:14:35:43 +0800] "GET /api/common/showUserImage/root?16.893195301428833 HTTP/1.1" 200 11264
0:0:0:0:0:0:0:1 - - [24/Apr/2018:14:36:33 +0800] "GET /api/common/verify HTTP/1.1" 200 533
0:0:0:0:0:0:0:1 - - [24/Apr/2018:14:36:35 +0800] "GET /api/common/verify HTTP/1.1" 200 533
0:0:0:0:0:0:0:1 - - [24/Apr/2018:14:36:35 +0800] "GET /api/backend/notice/1 HTTP/1.1" 200 1276
0:0:0:0:0:0:0:1 - - [24/Apr/2018:14:36:37 +0800] "GET /api/common/verify HTTP/1.1" 200 533
0:0:0:0:0:0:0:1 - - [24/Apr/2018:14:36:37 +0800] "GET /api/backend/problemList/1 HTTP/1.1" 200 1073
0:0:0:0:0:0:0:1 - - [24/Apr/2018:14:36:41 +0800] "GET /api/common/verify HTTP/1.1" 200 533
0:0:0:0:0:0:0:1 - - [24/Apr/2018:14:36:41 +0800] "GET /api/backend/contestList/1 HTTP/1.1" 200 1254
0:0:0:0:0:0:0:1 - - [24/Apr/2018:14:36:42 +0800] "GET /api/common/verify HTTP/1.1" 200 533
0:0:0:0:0:0:0:1 - - [24/Apr/2018:14:36:43 +0800] "GET /api/backend/contest/1/problemList/1 HTTP/1.1" 200 300
0:0:0:0:0:0:0:1 - - [24/Apr/2018:14:36:48 +0800] "POST /api/backend/addToProblems/1002 HTTP/1.1" 200 38
0:0:0:0:0:0:0:1 - - [24/Apr/2018:14:36:48 +0800] "GET /api/backend/contest/1/problemList/1 HTTP/1.1" 200 106
0:0:0:0:0:0:0:1 - - [24/Apr/2018:14:36:49 +0800] "GET /api/common/verify HTTP/1.1" 200 533
0:0:0:0:0:0:0:1 - - [24/Apr/2018:14:36:49 +0800] "GET /api/backend/problemList/1 HTTP/1.1" 200 1073
0:0:0:0:0:0:0:1 - - [24/Apr/2018:14:36:54 +0800] "GET /api/common/verify HTTP/1.1" 200 533
0:0:0:0:0:0:0:1 - - [24/Apr/2018:14:36:54 +0800] "GET /api/backend/contestList/1 HTTP/1.1" 200 1254
0:0:0:0:0:0:0:1 - - [24/Apr/2018:14:37:00 +0800] "POST /api/backend/changeShowContest HTTP/1.1" 200 19
0:0:0:0:0:0:0:1 - - [24/Apr/2018:14:37:04 +0800] "GET /api/common/verify HTTP/1.1" 200 533
0:0:0:0:0:0:0:1 - - [24/Apr/2018:14:37:04 +0800] "GET /api/common/showUserImage/root?72.3336428371 HTTP/1.1" 200 11264
0:0:0:0:0:0:0:1 - - [24/Apr/2018:14:37:04 +0800] "GET /api/userPrivate/chart/1 HTTP/1.1" 200 20
0:0:0:0:0:0:0:1 - - [24/Apr/2018:14:37:04 +0800] "GET /api/common/notices HTTP/1.1" 200 1114
0:0:0:0:0:0:0:1 - - [24/Apr/2018:14:37:05 +0800] "GET /api/common/verify HTTP/1.1" 200 533
0:0:0:0:0:0:0:1 - - [24/Apr/2018:14:37:06 +0800] "GET /api/common/contest/1 HTTP/1.1" 200 927
0:0:0:0:0:0:0:1 - - [24/Apr/2018:14:44:54 +0800] "GET /api/common/verify HTTP/1.1" 200 533
0:0:0:0:0:0:0:1 - - [24/Apr/2018:14:44:54 +0800] "GET /socket/websocket/root HTTP/1.1" 101 -
0:0:0:0:0:0:0:1 - - [24/Apr/2018:14:44:54 +0800] "GET /api/common/contest/1 HTTP/1.1" 200 927
0:0:0:0:0:0:0:1 - - [24/Apr/2018:14:44:54 +0800] "GET /api/common/showUserImage/root?23.62216159150958 HTTP/1.1" 200 11264
0:0:0:0:0:0:0:1 - - [24/Apr/2018:14:45:48 +0800] "GET /api/common/verify HTTP/1.1" 200 533
0:0:0:0:0:0:0:1 - - [24/Apr/2018:14:45:48 +0800] "GET /socket/websocket/root HTTP/1.1" 101 -
0:0:0:0:0:0:0:1 - - [24/Apr/2018:14:45:48 +0800] "GET /api/common/contest/1 HTTP/1.1" 200 927
0:0:0:0:0:0:0:1 - - [24/Apr/2018:14:45:48 +0800] "GET /api/common/showUserImage/root?61.651303658084935 HTTP/1.1" 200 11264
0:0:0:0:0:0:0:1 - - [24/Apr/2018:14:50:13 +0800] "GET /api/common/verify HTTP/1.1" 200 533
0:0:0:0:0:0:0:1 - - [24/Apr/2018:14:50:13 +0800] "GET /socket/websocket/root HTTP/1.1" 101 -
0:0:0:0:0:0:0:1 - - [24/Apr/2018:14:50:13 +0800] "GET /api/common/contest/1 HTTP/1.1" 200 930
0:0:0:0:0:0:0:1 - - [24/Apr/2018:14:50:13 +0800] "GET /api/common/showUserImage/root?11.04400911121386 HTTP/1.1" 200 11264
