0:0:0:0:0:0:0:1 - - [07/Apr/2018:08:45:20 +0800] "POST /common/verify HTTP/1.1" 200 13
0:0:0:0:0:0:0:1 - - [07/Apr/2018:08:45:23 +0800] "GET /common/notices HTTP/1.1" 200 778
0:0:0:0:0:0:0:1 - - [07/Apr/2018:08:45:33 +0800] "POST /user/login HTTP/1.1" 200 402
0:0:0:0:0:0:0:1 - - [07/Apr/2018:08:45:35 +0800] "POST /common/verify HTTP/1.1" 200 374
0:0:0:0:0:0:0:1 - - [07/Apr/2018:08:45:35 +0800] "GET /common/notices HTTP/1.1" 200 778
0:0:0:0:0:0:0:1 - - [07/Apr/2018:08:45:36 +0800] "GET /userPrivate/submit/1 HTTP/1.1" 200 15
0:0:0:0:0:0:0:1 - - [07/Apr/2018:08:46:39 +0800] "POST /common/verify HTTP/1.1" 200 13
0:0:0:0:0:0:0:1 - - [07/Apr/2018:08:46:41 +0800] "GET /common/notices HTTP/1.1" 200 778
0:0:0:0:0:0:0:1 - - [07/Apr/2018:08:55:03 +0800] "POST /common/verify HTTP/1.1" 200 13
0:0:0:0:0:0:0:1 - - [07/Apr/2018:08:55:03 +0800] "GET /common/notices HTTP/1.1" 200 778
0:0:0:0:0:0:0:1 - - [07/Apr/2018:08:56:18 +0800] "POST /common/verify HTTP/1.1" 200 13
0:0:0:0:0:0:0:1 - - [07/Apr/2018:08:56:18 +0800] "GET /common/notices HTTP/1.1" 200 778
0:0:0:0:0:0:0:1 - - [07/Apr/2018:08:56:25 +0800] "POST /user/login HTTP/1.1" 200 402
0:0:0:0:0:0:0:1 - - [07/Apr/2018:08:56:31 +0800] "POST /common/verify HTTP/1.1" 200 374
0:0:0:0:0:0:0:1 - - [07/Apr/2018:08:56:32 +0800] "POST /common/verify HTTP/1.1" 200 374
0:0:0:0:0:0:0:1 - - [07/Apr/2018:08:56:32 +0800] "GET /common/notices HTTP/1.1" 200 778
0:0:0:0:0:0:0:1 - - [07/Apr/2018:08:56:32 +0800] "GET /userPrivate/submit/1 HTTP/1.1" 200 15
0:0:0:0:0:0:0:1 - - [07/Apr/2018:09:02:40 +0800] "POST /common/verify HTTP/1.1" 200 374
0:0:0:0:0:0:0:1 - - [07/Apr/2018:09:04:47 +0800] "POST /common/verify HTTP/1.1" 200 374
0:0:0:0:0:0:0:1 - - [07/Apr/2018:09:06:04 +0800] "POST /common/verify HTTP/1.1" 200 374
0:0:0:0:0:0:0:1 - - [07/Apr/2018:09:11:17 +0800] "POST /common/verify HTTP/1.1" 200 374
0:0:0:0:0:0:0:1 - - [07/Apr/2018:09:11:44 +0800] "POST /common/verify HTTP/1.1" 200 374
0:0:0:0:0:0:0:1 - - [07/Apr/2018:09:12:23 +0800] "POST /common/verify HTTP/1.1" 200 374
0:0:0:0:0:0:0:1 - - [07/Apr/2018:09:12:44 +0800] "POST /common/verify HTTP/1.1" 200 374
0:0:0:0:0:0:0:1 - - [07/Apr/2018:09:13:07 +0800] "POST /common/verify HTTP/1.1" 200 374
0:0:0:0:0:0:0:1 - - [07/Apr/2018:09:15:06 +0800] "POST /common/verify HTTP/1.1" 200 374
0:0:0:0:0:0:0:1 - - [07/Apr/2018:09:15:21 +0800] "POST /common/verify HTTP/1.1" 200 374
0:0:0:0:0:0:0:1 - - [07/Apr/2018:09:15:28 +0800] "POST /common/verify HTTP/1.1" 200 374
0:0:0:0:0:0:0:1 - - [07/Apr/2018:09:15:29 +0800] "GET /common/notices HTTP/1.1" 200 778
0:0:0:0:0:0:0:1 - - [07/Apr/2018:09:15:29 +0800] "GET /userPrivate/submit/1 HTTP/1.1" 200 15
0:0:0:0:0:0:0:1 - - [07/Apr/2018:09:15:53 +0800] "POST /common/verify HTTP/1.1" 200 374
0:0:0:0:0:0:0:1 - - [07/Apr/2018:09:16:51 +0800] "POST /common/verify HTTP/1.1" 200 374
0:0:0:0:0:0:0:1 - - [07/Apr/2018:09:17:17 +0800] "POST /common/verify HTTP/1.1" 200 374
0:0:0:0:0:0:0:1 - - [07/Apr/2018:09:17:26 +0800] "POST /common/verify HTTP/1.1" 200 374
0:0:0:0:0:0:0:1 - - [07/Apr/2018:09:17:26 +0800] "GET /common/notices HTTP/1.1" 200 778
0:0:0:0:0:0:0:1 - - [07/Apr/2018:09:17:26 +0800] "GET /userPrivate/submit/1 HTTP/1.1" 200 15
0:0:0:0:0:0:0:1 - - [07/Apr/2018:09:19:39 +0800] "POST /common/verify HTTP/1.1" 200 374
0:0:0:0:0:0:0:1 - - [07/Apr/2018:09:20:04 +0800] "POST /common/verify HTTP/1.1" 200 374
0:0:0:0:0:0:0:1 - - [07/Apr/2018:09:29:02 +0800] "POST /common/verify HTTP/1.1" 200 374
0:0:0:0:0:0:0:1 - - [07/Apr/2018:09:30:30 +0800] "POST /common/verify HTTP/1.1" 200 374
0:0:0:0:0:0:0:1 - - [07/Apr/2018:09:31:19 +0800] "POST /common/verify HTTP/1.1" 200 374
0:0:0:0:0:0:0:1 - - [07/Apr/2018:09:31:19 +0800] "GET /common/notices HTTP/1.1" 200 778
0:0:0:0:0:0:0:1 - - [07/Apr/2018:09:31:19 +0800] "GET /userPrivate/submit/1 HTTP/1.1" 200 15
0:0:0:0:0:0:0:1 - - [07/Apr/2018:09:37:11 +0800] "POST /common/verify HTTP/1.1" 200 374
0:0:0:0:0:0:0:1 - - [07/Apr/2018:09:37:22 +0800] "POST /common/verify HTTP/1.1" 200 374
0:0:0:0:0:0:0:1 - - [07/Apr/2018:09:37:22 +0800] "GET /common/notices HTTP/1.1" 200 778
0:0:0:0:0:0:0:1 - - [07/Apr/2018:09:37:22 +0800] "GET /userPrivate/submit/1 HTTP/1.1" 200 15
0:0:0:0:0:0:0:1 - - [07/Apr/2018:09:37:43 +0800] "POST /common/verify HTTP/1.1" 200 374
0:0:0:0:0:0:0:1 - - [07/Apr/2018:09:38:30 +0800] "POST /common/verify HTTP/1.1" 200 374
0:0:0:0:0:0:0:1 - - [07/Apr/2018:09:38:41 +0800] "POST /common/verify HTTP/1.1" 200 374
0:0:0:0:0:0:0:1 - - [07/Apr/2018:09:38:47 +0800] "POST /common/verify HTTP/1.1" 200 374
0:0:0:0:0:0:0:1 - - [07/Apr/2018:09:39:20 +0800] "POST /common/verify HTTP/1.1" 200 374
0:0:0:0:0:0:0:1 - - [07/Apr/2018:09:39:52 +0800] "POST /common/verify HTTP/1.1" 200 374
0:0:0:0:0:0:0:1 - - [07/Apr/2018:09:39:52 +0800] "GET /common/notices HTTP/1.1" 200 778
0:0:0:0:0:0:0:1 - - [07/Apr/2018:09:39:52 +0800] "GET /userPrivate/submit/1 HTTP/1.1" 200 15
0:0:0:0:0:0:0:1 - - [07/Apr/2018:09:40:26 +0800] "POST /common/verify HTTP/1.1" 200 374
0:0:0:0:0:0:0:1 - - [07/Apr/2018:09:40:27 +0800] "GET /common/notices HTTP/1.1" 200 778
0:0:0:0:0:0:0:1 - - [07/Apr/2018:09:40:27 +0800] "GET /userPrivate/submit/1 HTTP/1.1" 200 15
0:0:0:0:0:0:0:1 - - [07/Apr/2018:09:41:00 +0800] "POST /common/verify HTTP/1.1" 200 374
0:0:0:0:0:0:0:1 - - [07/Apr/2018:09:41:00 +0800] "GET /common/notices HTTP/1.1" 200 778
0:0:0:0:0:0:0:1 - - [07/Apr/2018:09:41:00 +0800] "GET /userPrivate/submit/1 HTTP/1.1" 200 15
0:0:0:0:0:0:0:1 - - [07/Apr/2018:09:44:12 +0800] "POST /common/verify HTTP/1.1" 200 374
0:0:0:0:0:0:0:1 - - [07/Apr/2018:09:44:16 +0800] "POST /common/verify HTTP/1.1" 200 374
0:0:0:0:0:0:0:1 - - [07/Apr/2018:09:44:16 +0800] "GET /common/notices HTTP/1.1" 200 778
0:0:0:0:0:0:0:1 - - [07/Apr/2018:09:44:16 +0800] "GET /userPrivate/submit/1 HTTP/1.1" 200 15
0:0:0:0:0:0:0:1 - - [07/Apr/2018:09:45:09 +0800] "POST /common/verify HTTP/1.1" 200 374
0:0:0:0:0:0:0:1 - - [07/Apr/2018:09:45:25 +0800] "POST /common/verify HTTP/1.1" 200 374
0:0:0:0:0:0:0:1 - - [07/Apr/2018:09:47:18 +0800] "POST /common/verify HTTP/1.1" 200 374
0:0:0:0:0:0:0:1 - - [07/Apr/2018:09:47:18 +0800] "GET /common/notices HTTP/1.1" 200 778
0:0:0:0:0:0:0:1 - - [07/Apr/2018:09:47:18 +0800] "GET /userPrivate/submit/1 HTTP/1.1" 200 15
0:0:0:0:0:0:0:1 - - [07/Apr/2018:09:48:00 +0800] "POST /common/verify HTTP/1.1" 200 374
0:0:0:0:0:0:0:1 - - [07/Apr/2018:09:48:29 +0800] "POST /common/verify HTTP/1.1" 200 374
0:0:0:0:0:0:0:1 - - [07/Apr/2018:09:48:29 +0800] "GET /common/notices HTTP/1.1" 200 778
0:0:0:0:0:0:0:1 - - [07/Apr/2018:09:48:29 +0800] "GET /userPrivate/submit/1 HTTP/1.1" 200 15
0:0:0:0:0:0:0:1 - - [07/Apr/2018:09:49:31 +0800] "POST /common/verify HTTP/1.1" 200 374
0:0:0:0:0:0:0:1 - - [07/Apr/2018:09:49:40 +0800] "POST /common/verify HTTP/1.1" 200 374
0:0:0:0:0:0:0:1 - - [07/Apr/2018:09:49:52 +0800] "POST /common/verify HTTP/1.1" 200 374
0:0:0:0:0:0:0:1 - - [07/Apr/2018:09:49:52 +0800] "GET /common/notices HTTP/1.1" 200 778
0:0:0:0:0:0:0:1 - - [07/Apr/2018:09:49:52 +0800] "GET /userPrivate/submit/1 HTTP/1.1" 200 15
0:0:0:0:0:0:0:1 - - [07/Apr/2018:09:50:19 +0800] "POST /common/verify HTTP/1.1" 200 374
0:0:0:0:0:0:0:1 - - [07/Apr/2018:09:50:39 +0800] "POST /common/verify HTTP/1.1" 200 374
0:0:0:0:0:0:0:1 - - [07/Apr/2018:09:50:53 +0800] "POST /common/verify HTTP/1.1" 200 374
0:0:0:0:0:0:0:1 - - [07/Apr/2018:09:50:53 +0800] "GET /common/notices HTTP/1.1" 200 778
0:0:0:0:0:0:0:1 - - [07/Apr/2018:09:50:53 +0800] "GET /userPrivate/submit/1 HTTP/1.1" 200 15
0:0:0:0:0:0:0:1 - - [07/Apr/2018:09:51:04 +0800] "POST /common/verify HTTP/1.1" 200 374
0:0:0:0:0:0:0:1 - - [07/Apr/2018:09:52:04 +0800] "POST /common/verify HTTP/1.1" 200 374
0:0:0:0:0:0:0:1 - - [07/Apr/2018:09:54:41 +0800] "POST /common/verify HTTP/1.1" 200 13
0:0:0:0:0:0:0:1 - - [07/Apr/2018:09:54:42 +0800] "GET /common/notices HTTP/1.1" 200 778
0:0:0:0:0:0:0:1 - - [07/Apr/2018:09:55:50 +0800] "POST /common/verify HTTP/1.1" 200 13
0:0:0:0:0:0:0:1 - - [07/Apr/2018:09:55:50 +0800] "GET /common/notices HTTP/1.1" 200 778
0:0:0:0:0:0:0:1 - - [07/Apr/2018:09:56:00 +0800] "POST /user/login HTTP/1.1" 200 294
0:0:0:0:0:0:0:1 - - [07/Apr/2018:09:56:31 +0800] "POST /common/verify HTTP/1.1" 200 266
0:0:0:0:0:0:0:1 - - [07/Apr/2018:09:57:06 +0800] "POST /common/verify HTTP/1.1" 200 13
0:0:0:0:0:0:0:1 - - [07/Apr/2018:09:57:07 +0800] "GET /common/notices HTTP/1.1" 200 778
0:0:0:0:0:0:0:1 - - [07/Apr/2018:09:57:16 +0800] "POST /user/login HTTP/1.1" 200 294
0:0:0:0:0:0:0:1 - - [07/Apr/2018:09:57:21 +0800] "POST /common/verify HTTP/1.1" 200 266
0:0:0:0:0:0:0:1 - - [07/Apr/2018:09:57:21 +0800] "GET /common/notices HTTP/1.1" 200 778
0:0:0:0:0:0:0:1 - - [07/Apr/2018:09:57:21 +0800] "GET /userPrivate/submit/2 HTTP/1.1" 200 15
0:0:0:0:0:0:0:1 - - [07/Apr/2018:09:58:15 +0800] "POST /common/verify HTTP/1.1" 200 13
0:0:0:0:0:0:0:1 - - [07/Apr/2018:09:58:15 +0800] "GET /common/notices HTTP/1.1" 200 778
0:0:0:0:0:0:0:1 - - [07/Apr/2018:09:58:26 +0800] "POST /user/login HTTP/1.1" 200 402
0:0:0:0:0:0:0:1 - - [07/Apr/2018:09:58:32 +0800] "POST /common/verify HTTP/1.1" 200 374
0:0:0:0:0:0:0:1 - - [07/Apr/2018:09:58:32 +0800] "GET /common/notices HTTP/1.1" 200 778
0:0:0:0:0:0:0:1 - - [07/Apr/2018:09:58:32 +0800] "GET /userPrivate/submit/1 HTTP/1.1" 200 15
0:0:0:0:0:0:0:1 - - [07/Apr/2018:09:58:41 +0800] "POST /common/verify HTTP/1.1" 200 374
0:0:0:0:0:0:0:1 - - [07/Apr/2018:09:58:45 +0800] "POST /common/verify HTTP/1.1" 200 374
0:0:0:0:0:0:0:1 - - [07/Apr/2018:09:58:46 +0800] "GET /common/notices HTTP/1.1" 200 778
0:0:0:0:0:0:0:1 - - [07/Apr/2018:09:58:46 +0800] "GET /userPrivate/submit/1 HTTP/1.1" 200 15
0:0:0:0:0:0:0:1 - - [07/Apr/2018:09:58:51 +0800] "POST /common/verify HTTP/1.1" 200 374
0:0:0:0:0:0:0:1 - - [07/Apr/2018:09:58:53 +0800] "POST /common/verify HTTP/1.1" 200 374
0:0:0:0:0:0:0:1 - - [07/Apr/2018:09:58:55 +0800] "POST /common/verify HTTP/1.1" 200 374
0:0:0:0:0:0:0:1 - - [07/Apr/2018:09:58:55 +0800] "POST /common/verify HTTP/1.1" 200 374
0:0:0:0:0:0:0:1 - - [07/Apr/2018:10:02:09 +0800] "POST /common/verify HTTP/1.1" 200 13
0:0:0:0:0:0:0:1 - - [07/Apr/2018:10:02:20 +0800] "POST /common/verify HTTP/1.1" 200 13
0:0:0:0:0:0:0:1 - - [07/Apr/2018:10:02:30 +0800] "POST /common/verify HTTP/1.1" 200 13
0:0:0:0:0:0:0:1 - - [07/Apr/2018:10:02:32 +0800] "POST /common/verify HTTP/1.1" 200 13
0:0:0:0:0:0:0:1 - - [07/Apr/2018:10:02:33 +0800] "POST /common/verify HTTP/1.1" 200 13
0:0:0:0:0:0:0:1 - - [07/Apr/2018:10:02:35 +0800] "POST /common/verify HTTP/1.1" 200 13
0:0:0:0:0:0:0:1 - - [07/Apr/2018:10:02:35 +0800] "GET /common/notices HTTP/1.1" 200 778
0:0:0:0:0:0:0:1 - - [07/Apr/2018:10:02:39 +0800] "POST /common/verify HTTP/1.1" 200 13
0:0:0:0:0:0:0:1 - - [07/Apr/2018:10:02:40 +0800] "POST /common/verify HTTP/1.1" 200 13
0:0:0:0:0:0:0:1 - - [07/Apr/2018:10:02:42 +0800] "POST /common/verify HTTP/1.1" 200 13
0:0:0:0:0:0:0:1 - - [07/Apr/2018:10:02:43 +0800] "GET /common/notices HTTP/1.1" 200 778
0:0:0:0:0:0:0:1 - - [07/Apr/2018:10:03:40 +0800] "POST /common/verify HTTP/1.1" 200 13
0:0:0:0:0:0:0:1 - - [07/Apr/2018:10:04:50 +0800] "POST /common/verify HTTP/1.1" 200 13
0:0:0:0:0:0:0:1 - - [07/Apr/2018:10:13:04 +0800] "POST /common/verify HTTP/1.1" 200 13
0:0:0:0:0:0:0:1 - - [07/Apr/2018:10:55:09 +0800] "GET /common/verify HTTP/1.1" 200 13
0:0:0:0:0:0:0:1 - - [07/Apr/2018:10:55:09 +0800] "GET /common/submits HTTP/1.1" 200 13
0:0:0:0:0:0:0:1 - - [07/Apr/2018:10:56:33 +0800] "GET /common/verify HTTP/1.1" 200 13
0:0:0:0:0:0:0:1 - - [07/Apr/2018:10:56:33 +0800] "GET /common/submits HTTP/1.1" 200 13
0:0:0:0:0:0:0:1 - - [07/Apr/2018:11:26:18 +0800] "GET /common/verify HTTP/1.1" 200 13
0:0:0:0:0:0:0:1 - - [07/Apr/2018:11:26:18 +0800] "GET /common/submits HTTP/1.1" 200 150
0:0:0:0:0:0:0:1 - - [07/Apr/2018:11:29:14 +0800] "GET /common/verify HTTP/1.1" 200 13
0:0:0:0:0:0:0:1 - - [07/Apr/2018:11:29:15 +0800] "GET /common/submits HTTP/1.1" 200 2
0:0:0:0:0:0:0:1 - - [07/Apr/2018:11:40:01 +0800] "GET /common/verify HTTP/1.1" 200 13
0:0:0:0:0:0:0:1 - - [07/Apr/2018:11:40:02 +0800] "GET /common/submits HTTP/1.1" 200 65
0:0:0:0:0:0:0:1 - - [07/Apr/2018:11:43:04 +0800] "GET /common/verify HTTP/1.1" 200 13
0:0:0:0:0:0:0:1 - - [07/Apr/2018:11:43:05 +0800] "GET /common/submits HTTP/1.1" 200 65
0:0:0:0:0:0:0:1 - - [07/Apr/2018:11:43:59 +0800] "GET /common/verify HTTP/1.1" 200 13
0:0:0:0:0:0:0:1 - - [07/Apr/2018:11:44:00 +0800] "GET /common/submits HTTP/1.1" 200 1403
0:0:0:0:0:0:0:1 - - [07/Apr/2018:11:44:49 +0800] "GET /common/verify HTTP/1.1" 200 13
0:0:0:0:0:0:0:1 - - [07/Apr/2018:11:44:49 +0800] "GET /common/submits HTTP/1.1" 200 1403
0:0:0:0:0:0:0:1 - - [07/Apr/2018:11:45:18 +0800] "GET /common/verify HTTP/1.1" 200 13
0:0:0:0:0:0:0:1 - - [07/Apr/2018:11:45:18 +0800] "GET /common/submits HTTP/1.1" 200 1403
0:0:0:0:0:0:0:1 - - [07/Apr/2018:11:45:32 +0800] "GET /common/verify HTTP/1.1" 200 13
0:0:0:0:0:0:0:1 - - [07/Apr/2018:11:45:32 +0800] "GET /common/submits HTTP/1.1" 200 1403
0:0:0:0:0:0:0:1 - - [07/Apr/2018:11:47:45 +0800] "GET /common/verify HTTP/1.1" 200 13
0:0:0:0:0:0:0:1 - - [07/Apr/2018:11:47:45 +0800] "GET /common/submits HTTP/1.1" 200 1403
0:0:0:0:0:0:0:1 - - [07/Apr/2018:11:49:10 +0800] "GET /common/verify HTTP/1.1" 200 13
0:0:0:0:0:0:0:1 - - [07/Apr/2018:11:49:10 +0800] "GET /common/submits HTTP/1.1" 200 1629
0:0:0:0:0:0:0:1 - - [07/Apr/2018:11:49:52 +0800] "GET /common/verify HTTP/1.1" 200 13
0:0:0:0:0:0:0:1 - - [07/Apr/2018:11:49:53 +0800] "GET /common/submits HTTP/1.1" 200 1629
0:0:0:0:0:0:0:1 - - [07/Apr/2018:11:50:21 +0800] "GET /common/verify HTTP/1.1" 200 13
0:0:0:0:0:0:0:1 - - [07/Apr/2018:11:50:22 +0800] "GET /common/submits HTTP/1.1" 200 1629
0:0:0:0:0:0:0:1 - - [07/Apr/2018:11:50:43 +0800] "GET /common/verify HTTP/1.1" 200 13
0:0:0:0:0:0:0:1 - - [07/Apr/2018:11:50:44 +0800] "GET /common/submits HTTP/1.1" 200 1629
0:0:0:0:0:0:0:1 - - [07/Apr/2018:11:50:50 +0800] "GET /common/verify HTTP/1.1" 200 13
0:0:0:0:0:0:0:1 - - [07/Apr/2018:11:50:50 +0800] "GET /common/submits HTTP/1.1" 200 1629
0:0:0:0:0:0:0:1 - - [07/Apr/2018:11:53:07 +0800] "GET /common/verify HTTP/1.1" 200 13
0:0:0:0:0:0:0:1 - - [07/Apr/2018:11:53:07 +0800] "GET /common/submits HTTP/1.1" 200 1629
0:0:0:0:0:0:0:1 - - [07/Apr/2018:11:54:02 +0800] "GET /common/verify HTTP/1.1" 200 13
0:0:0:0:0:0:0:1 - - [07/Apr/2018:11:54:03 +0800] "GET /common/submits HTTP/1.1" 200 1629
0:0:0:0:0:0:0:1 - - [07/Apr/2018:11:56:08 +0800] "GET /common/verify HTTP/1.1" 200 13
0:0:0:0:0:0:0:1 - - [07/Apr/2018:11:56:08 +0800] "GET /common/submits HTTP/1.1" 200 1629
0:0:0:0:0:0:0:1 - - [07/Apr/2018:11:56:23 +0800] "GET /common/verify HTTP/1.1" 200 13
0:0:0:0:0:0:0:1 - - [07/Apr/2018:11:56:23 +0800] "GET /common/submits HTTP/1.1" 200 1629
0:0:0:0:0:0:0:1 - - [07/Apr/2018:11:57:07 +0800] "GET /common/verify HTTP/1.1" 200 13
0:0:0:0:0:0:0:1 - - [07/Apr/2018:11:57:07 +0800] "GET /common/submits HTTP/1.1" 200 1629
0:0:0:0:0:0:0:1 - - [07/Apr/2018:11:58:03 +0800] "GET /common/verify HTTP/1.1" 200 13
0:0:0:0:0:0:0:1 - - [07/Apr/2018:11:58:03 +0800] "GET /common/submits HTTP/1.1" 200 1629
0:0:0:0:0:0:0:1 - - [07/Apr/2018:11:58:59 +0800] "GET /common/verify HTTP/1.1" 200 13
0:0:0:0:0:0:0:1 - - [07/Apr/2018:11:58:59 +0800] "GET /common/submits HTTP/1.1" 200 1629
0:0:0:0:0:0:0:1 - - [07/Apr/2018:12:03:48 +0800] "GET /common/verify HTTP/1.1" 200 13
0:0:0:0:0:0:0:1 - - [07/Apr/2018:12:03:49 +0800] "GET /common/submits HTTP/1.1" 200 1629
0:0:0:0:0:0:0:1 - - [07/Apr/2018:12:09:47 +0800] "GET /common/verify HTTP/1.1" 200 13
0:0:0:0:0:0:0:1 - - [07/Apr/2018:12:09:50 +0800] "GET /common/submits/1 HTTP/1.1" 200 1629
0:0:0:0:0:0:0:1 - - [07/Apr/2018:12:09:57 +0800] "GET /common/submits/2 HTTP/1.1" 200 693
0:0:0:0:0:0:0:1 - - [07/Apr/2018:12:10:01 +0800] "GET /common/submits/1 HTTP/1.1" 200 1629
0:0:0:0:0:0:0:1 - - [07/Apr/2018:12:10:09 +0800] "GET /common/submits/2 HTTP/1.1" 200 693
0:0:0:0:0:0:0:1 - - [07/Apr/2018:12:10:49 +0800] "GET /common/verify HTTP/1.1" 200 13
0:0:0:0:0:0:0:1 - - [07/Apr/2018:12:10:51 +0800] "GET /common/submits/1 HTTP/1.1" 200 1629
0:0:0:0:0:0:0:1 - - [07/Apr/2018:12:10:59 +0800] "GET /common/submits/2 HTTP/1.1" 200 693
0:0:0:0:0:0:0:1 - - [07/Apr/2018:12:11:08 +0800] "GET /common/submits/1 HTTP/1.1" 200 1629
127.0.0.1 - - [07/Apr/2018:12:11:38 +0800] "GET /common/submits/1 HTTP/1.1" 200 1629
127.0.0.1 - - [07/Apr/2018:12:11:39 +0800] "GET /common/submits/2 HTTP/1.1" 200 693
127.0.0.1 - - [07/Apr/2018:12:11:41 +0800] "GET /common/submits/1 HTTP/1.1" 200 1629
127.0.0.1 - - [07/Apr/2018:12:11:44 +0800] "GET /common/submits/2 HTTP/1.1" 200 693
127.0.0.1 - - [07/Apr/2018:12:11:45 +0800] "GET /common/submits/1 HTTP/1.1" 200 1629
127.0.0.1 - - [07/Apr/2018:12:11:49 +0800] "GET /common/submits/2 HTTP/1.1" 200 693
127.0.0.1 - - [07/Apr/2018:12:12:09 +0800] "GET /common/submits/1 HTTP/1.1" 200 1629
127.0.0.1 - - [07/Apr/2018:12:12:11 +0800] "GET /common/submits/2 HTTP/1.1" 200 693
127.0.0.1 - - [07/Apr/2018:12:12:13 +0800] "GET /common/submits/1 HTTP/1.1" 200 1629
127.0.0.1 - - [07/Apr/2018:12:12:16 +0800] "GET /common/submits/2 HTTP/1.1" 200 693
0:0:0:0:0:0:0:1 - - [07/Apr/2018:12:13:48 +0800] "GET /common/submits/1 HTTP/1.1" 200 1629
0:0:0:0:0:0:0:1 - - [07/Apr/2018:12:14:11 +0800] "GET /common/verify HTTP/1.1" 200 13
0:0:0:0:0:0:0:1 - - [07/Apr/2018:12:14:11 +0800] "GET /common/submits/1 HTTP/1.1" 200 1629
0:0:0:0:0:0:0:1 - - [07/Apr/2018:12:14:39 +0800] "GET /common/verify HTTP/1.1" 200 13
0:0:0:0:0:0:0:1 - - [07/Apr/2018:12:14:40 +0800] "GET /common/submits/1 HTTP/1.1" 200 1629
0:0:0:0:0:0:0:1 - - [07/Apr/2018:12:18:33 +0800] "GET /common/submits/2 HTTP/1.1" 200 693
0:0:0:0:0:0:0:1 - - [07/Apr/2018:12:18:35 +0800] "GET /common/submits/1 HTTP/1.1" 200 1629
0:0:0:0:0:0:0:1 - - [07/Apr/2018:12:19:06 +0800] "GET /common/verify HTTP/1.1" 200 13
0:0:0:0:0:0:0:1 - - [07/Apr/2018:12:19:06 +0800] "GET /common/submits/1 HTTP/1.1" 200 1629
0:0:0:0:0:0:0:1 - - [07/Apr/2018:12:19:08 +0800] "GET /common/submits/2 HTTP/1.1" 200 693
0:0:0:0:0:0:0:1 - - [07/Apr/2018:12:19:09 +0800] "GET /common/submits/1 HTTP/1.1" 200 1629
0:0:0:0:0:0:0:1 - - [07/Apr/2018:12:19:11 +0800] "GET /common/submits/2 HTTP/1.1" 200 693
0:0:0:0:0:0:0:1 - - [07/Apr/2018:12:19:36 +0800] "GET /common/verify HTTP/1.1" 200 13
0:0:0:0:0:0:0:1 - - [07/Apr/2018:12:19:37 +0800] "GET /common/submits/1 HTTP/1.1" 200 1629
0:0:0:0:0:0:0:1 - - [07/Apr/2018:12:19:40 +0800] "GET /common/submits/2 HTTP/1.1" 200 693
0:0:0:0:0:0:0:1 - - [07/Apr/2018:12:19:41 +0800] "GET /common/submits/1 HTTP/1.1" 200 1629
0:0:0:0:0:0:0:1 - - [07/Apr/2018:12:19:47 +0800] "GET /common/submits/2 HTTP/1.1" 200 693
0:0:0:0:0:0:0:1 - - [07/Apr/2018:12:22:20 +0800] "GET /common/verify HTTP/1.1" 200 13
0:0:0:0:0:0:0:1 - - [07/Apr/2018:12:22:21 +0800] "GET /common/submits/1 HTTP/1.1" 200 1629
0:0:0:0:0:0:0:1 - - [07/Apr/2018:12:22:33 +0800] "GET /common/verify HTTP/1.1" 200 13
0:0:0:0:0:0:0:1 - - [07/Apr/2018:12:22:33 +0800] "GET /common/submits/1 HTTP/1.1" 200 1629
0:0:0:0:0:0:0:1 - - [07/Apr/2018:12:23:03 +0800] "GET /common/verify HTTP/1.1" 200 13
0:0:0:0:0:0:0:1 - - [07/Apr/2018:12:23:04 +0800] "GET /common/submits/1 HTTP/1.1" 200 1629
0:0:0:0:0:0:0:1 - - [07/Apr/2018:12:24:44 +0800] "GET /common/verify HTTP/1.1" 200 13
0:0:0:0:0:0:0:1 - - [07/Apr/2018:12:24:44 +0800] "GET /common/submits/1 HTTP/1.1" 200 1629
0:0:0:0:0:0:0:1 - - [07/Apr/2018:12:24:47 +0800] "GET /common/submits/2 HTTP/1.1" 200 693
0:0:0:0:0:0:0:1 - - [07/Apr/2018:12:24:49 +0800] "GET /common/submits/1 HTTP/1.1" 200 1629
0:0:0:0:0:0:0:1 - - [07/Apr/2018:12:25:32 +0800] "GET /common/verify HTTP/1.1" 200 13
0:0:0:0:0:0:0:1 - - [07/Apr/2018:12:25:33 +0800] "GET /common/submits/1 HTTP/1.1" 200 1629
0:0:0:0:0:0:0:1 - - [07/Apr/2018:12:26:27 +0800] "GET /common/verify HTTP/1.1" 200 13
0:0:0:0:0:0:0:1 - - [07/Apr/2018:12:26:28 +0800] "GET /common/submits/1 HTTP/1.1" 200 1629
0:0:0:0:0:0:0:1 - - [07/Apr/2018:12:26:30 +0800] "GET /common/submits/2 HTTP/1.1" 200 693
0:0:0:0:0:0:0:1 - - [07/Apr/2018:12:26:31 +0800] "GET /common/submits/1 HTTP/1.1" 200 1629
0:0:0:0:0:0:0:1 - - [07/Apr/2018:12:26:33 +0800] "GET /common/submits/2 HTTP/1.1" 200 693
0:0:0:0:0:0:0:1 - - [07/Apr/2018:12:26:34 +0800] "GET /common/submits/1 HTTP/1.1" 200 1629
0:0:0:0:0:0:0:1 - - [07/Apr/2018:12:26:37 +0800] "GET /common/submits/2 HTTP/1.1" 200 693
0:0:0:0:0:0:0:1 - - [07/Apr/2018:12:26:39 +0800] "GET /common/submits/1 HTTP/1.1" 200 1629
0:0:0:0:0:0:0:1 - - [07/Apr/2018:12:26:42 +0800] "GET /common/submits/2 HTTP/1.1" 200 693
0:0:0:0:0:0:0:1 - - [07/Apr/2018:12:26:43 +0800] "GET /common/submits/1 HTTP/1.1" 200 1629
0:0:0:0:0:0:0:1 - - [07/Apr/2018:12:27:27 +0800] "GET /common/verify HTTP/1.1" 200 13
0:0:0:0:0:0:0:1 - - [07/Apr/2018:12:27:27 +0800] "GET /common/submits/1 HTTP/1.1" 200 1629
0:0:0:0:0:0:0:1 - - [07/Apr/2018:12:27:29 +0800] "GET /common/submits/2 HTTP/1.1" 200 693
0:0:0:0:0:0:0:1 - - [07/Apr/2018:12:27:30 +0800] "GET /common/submits/1 HTTP/1.1" 200 1629
0:0:0:0:0:0:0:1 - - [07/Apr/2018:12:27:32 +0800] "GET /common/submits/2 HTTP/1.1" 200 693
0:0:0:0:0:0:0:1 - - [07/Apr/2018:12:27:34 +0800] "GET /common/submits/1 HTTP/1.1" 200 1629
