0:0:0:0:0:0:0:1 - - [04/Apr/2018:09:44:33 +0800] "GET /common/notices HTTP/1.1" 200 561
0:0:0:0:0:0:0:1 - - [04/Apr/2018:09:48:54 +0800] "GET /common/notices HTTP/1.1" 200 561
0:0:0:0:0:0:0:1 - - [04/Apr/2018:09:49:18 +0800] "GET /common/notices HTTP/1.1" 200 561
0:0:0:0:0:0:0:1 - - [04/Apr/2018:09:50:22 +0800] "GET /common/notices HTTP/1.1" 200 561
0:0:0:0:0:0:0:1 - - [04/Apr/2018:09:50:37 +0800] "GET /common/notices HTTP/1.1" 200 561
0:0:0:0:0:0:0:1 - - [04/Apr/2018:09:51:18 +0800] "GET /common/notices HTTP/1.1" 200 561
0:0:0:0:0:0:0:1 - - [04/Apr/2018:09:51:35 +0800] "GET /common/notices HTTP/1.1" 200 561
0:0:0:0:0:0:0:1 - - [04/Apr/2018:09:52:03 +0800] "GET /common/notices HTTP/1.1" 200 561
0:0:0:0:0:0:0:1 - - [04/Apr/2018:09:52:14 +0800] "GET /common/notices HTTP/1.1" 200 561
0:0:0:0:0:0:0:1 - - [04/Apr/2018:09:53:38 +0800] "GET /common/notices HTTP/1.1" 200 561
0:0:0:0:0:0:0:1 - - [04/Apr/2018:09:53:47 +0800] "GET /common/notices HTTP/1.1" 200 561
0:0:0:0:0:0:0:1 - - [04/Apr/2018:09:54:50 +0800] "GET /common/notices HTTP/1.1" 200 561
0:0:0:0:0:0:0:1 - - [04/Apr/2018:09:54:57 +0800] "GET /common/notices HTTP/1.1" 200 561
0:0:0:0:0:0:0:1 - - [04/Apr/2018:09:55:40 +0800] "GET /common/notices HTTP/1.1" 200 561
0:0:0:0:0:0:0:1 - - [04/Apr/2018:09:56:29 +0800] "GET /common/notices HTTP/1.1" 200 561
0:0:0:0:0:0:0:1 - - [04/Apr/2018:09:57:50 +0800] "GET /common/notices HTTP/1.1" 200 561
0:0:0:0:0:0:0:1 - - [04/Apr/2018:09:58:29 +0800] "GET /common/notices HTTP/1.1" 200 561
0:0:0:0:0:0:0:1 - - [04/Apr/2018:09:58:45 +0800] "GET /common/notices HTTP/1.1" 200 561
0:0:0:0:0:0:0:1 - - [04/Apr/2018:09:59:32 +0800] "GET /common/notices HTTP/1.1" 200 778
0:0:0:0:0:0:0:1 - - [04/Apr/2018:16:33:48 +0800] "GET /common/notices HTTP/1.1" 200 778
0:0:0:0:0:0:0:1 - - [04/Apr/2018:16:42:56 +0800] "GET /common/notices HTTP/1.1" 200 778
0:0:0:0:0:0:0:1 - - [04/Apr/2018:17:01:08 +0800] "GET /common/notices HTTP/1.1" 200 778
0:0:0:0:0:0:0:1 - - [04/Apr/2018:17:01:26 +0800] "GET /common/notices HTTP/1.1" 200 778
0:0:0:0:0:0:0:1 - - [04/Apr/2018:17:05:44 +0800] "OPTIONS /user/register HTTP/1.1" 200 -
0:0:0:0:0:0:0:1 - - [04/Apr/2018:17:07:02 +0800] "OPTIONS /user/register HTTP/1.1" 200 -
0:0:0:0:0:0:0:1 - - [04/Apr/2018:17:10:26 +0800] "OPTIONS /user/register HTTP/1.1" 200 -
0:0:0:0:0:0:0:1 - - [04/Apr/2018:17:12:08 +0800] "OPTIONS /user/register HTTP/1.1" 200 -
0:0:0:0:0:0:0:1 - - [04/Apr/2018:17:13:21 +0800] "OPTIONS /user/register HTTP/1.1" 200 -
0:0:0:0:0:0:0:1 - - [04/Apr/2018:17:14:06 +0800] "OPTIONS /user/register HTTP/1.1" 200 -
0:0:0:0:0:0:0:1 - - [04/Apr/2018:17:14:07 +0800] "OPTIONS /user/register HTTP/1.1" 200 -
0:0:0:0:0:0:0:1 - - [04/Apr/2018:17:15:32 +0800] "GET /user/register HTTP/1.1" 200 7
0:0:0:0:0:0:0:1 - - [04/Apr/2018:17:16:32 +0800] "GET /user/register HTTP/1.1" 200 226
0:0:0:0:0:0:0:1 - - [04/Apr/2018:17:18:54 +0800] "GET /user/register HTTP/1.1" 200 108
0:0:0:0:0:0:0:1 - - [04/Apr/2018:17:20:50 +0800] "OPTIONS /user/register HTTP/1.1" 200 -
0:0:0:0:0:0:0:1 - - [04/Apr/2018:17:21:56 +0800] "OPTIONS /user/register HTTP/1.1" 200 -
0:0:0:0:0:0:0:1 - - [04/Apr/2018:17:22:16 +0800] "OPTIONS /user/register HTTP/1.1" 200 -
0:0:0:0:0:0:0:1 - - [04/Apr/2018:17:28:23 +0800] "OPTIONS /user/register HTTP/1.1" 200 -
0:0:0:0:0:0:0:1 - - [04/Apr/2018:17:28:24 +0800] "POST /user/register HTTP/1.1" 200 108
0:0:0:0:0:0:0:1 - - [04/Apr/2018:17:34:47 +0800] "POST /user/register HTTP/1.1" 200 7
0:0:0:0:0:0:0:1 - - [04/Apr/2018:17:35:51 +0800] "POST /user/register HTTP/1.1" 200 7
0:0:0:0:0:0:0:1 - - [04/Apr/2018:17:37:28 +0800] "POST /user/register HTTP/1.1" 200 7
0:0:0:0:0:0:0:1 - - [04/Apr/2018:17:52:46 +0800] "OPTIONS /user/register HTTP/1.1" 200 -
0:0:0:0:0:0:0:1 - - [04/Apr/2018:17:52:46 +0800] "POST /user/register HTTP/1.1" 200 7
0:0:0:0:0:0:0:1 - - [04/Apr/2018:17:53:33 +0800] "POST /user/register HTTP/1.1" 200 7
0:0:0:0:0:0:0:1 - - [04/Apr/2018:17:53:59 +0800] "POST /user/register HTTP/1.1" 200 7
0:0:0:0:0:0:0:1 - - [04/Apr/2018:17:58:13 +0800] "POST /user/register HTTP/1.1" 200 30
0:0:0:0:0:0:0:1 - - [04/Apr/2018:18:03:34 +0800] "OPTIONS /user/register HTTP/1.1" 200 -
0:0:0:0:0:0:0:1 - - [04/Apr/2018:18:03:34 +0800] "POST /user/register HTTP/1.1" 200 35
0:0:0:0:0:0:0:1 - - [04/Apr/2018:18:06:19 +0800] "POST /user/register HTTP/1.1" 200 35
0:0:0:0:0:0:0:1 - - [04/Apr/2018:18:06:54 +0800] "POST /user/register HTTP/1.1" 200 35
0:0:0:0:0:0:0:1 - - [04/Apr/2018:20:54:09 +0800] "GET /common/notices HTTP/1.1" 200 753
0:0:0:0:0:0:0:1 - - [04/Apr/2018:20:54:30 +0800] "OPTIONS /user/register HTTP/1.1" 200 -
0:0:0:0:0:0:0:1 - - [04/Apr/2018:20:54:31 +0800] "POST /user/register HTTP/1.1" 200 35
0:0:0:0:0:0:0:1 - - [04/Apr/2018:20:55:07 +0800] "POST /user/register HTTP/1.1" 200 35
0:0:0:0:0:0:0:1 - - [04/Apr/2018:20:55:31 +0800] "POST /user/register HTTP/1.1" 200 35
0:0:0:0:0:0:0:1 - - [04/Apr/2018:20:56:38 +0800] "POST /user/register HTTP/1.1" 200 35
0:0:0:0:0:0:0:1 - - [04/Apr/2018:20:57:24 +0800] "POST /user/register HTTP/1.1" 200 35
0:0:0:0:0:0:0:1 - - [04/Apr/2018:20:58:04 +0800] "POST /user/register HTTP/1.1" 200 35
0:0:0:0:0:0:0:1 - - [04/Apr/2018:20:58:16 +0800] "POST /user/register HTTP/1.1" 200 35
0:0:0:0:0:0:0:1 - - [04/Apr/2018:20:58:22 +0800] "POST /user/register HTTP/1.1" 200 30
0:0:0:0:0:0:0:1 - - [04/Apr/2018:20:59:34 +0800] "POST /user/register HTTP/1.1" 200 35
0:0:0:0:0:0:0:1 - - [04/Apr/2018:20:59:54 +0800] "POST /user/register HTTP/1.1" 200 35
0:0:0:0:0:0:0:1 - - [04/Apr/2018:20:59:57 +0800] "POST /user/register HTTP/1.1" 200 30
0:0:0:0:0:0:0:1 - - [04/Apr/2018:21:43:00 +0800] "OPTIONS /user/login HTTP/1.1" 200 -
0:0:0:0:0:0:0:1 - - [04/Apr/2018:21:43:00 +0800] "POST /user/login HTTP/1.1" 200 96
0:0:0:0:0:0:0:1 - - [04/Apr/2018:21:43:33 +0800] "GET /user/login HTTP/1.1" 200 45
0:0:0:0:0:0:0:1 - - [04/Apr/2018:21:45:31 +0800] "GET /user/login HTTP/1.1" 200 45
0:0:0:0:0:0:0:1 - - [04/Apr/2018:21:48:11 +0800] "GET /user/login HTTP/1.1" 200 303
0:0:0:0:0:0:0:1 - - [04/Apr/2018:21:48:33 +0800] "GET /common/notices HTTP/1.1" 200 753
0:0:0:0:0:0:0:1 - - [04/Apr/2018:21:49:03 +0800] "GET /user/login HTTP/1.1" 200 303
0:0:0:0:0:0:0:1 - - [04/Apr/2018:21:49:50 +0800] "GET /user/login HTTP/1.1" 200 303
0:0:0:0:0:0:0:1 - - [04/Apr/2018:21:51:58 +0800] "GET /common/notices HTTP/1.1" 200 753
0:0:0:0:0:0:0:1 - - [04/Apr/2018:21:52:30 +0800] "GET /user/login HTTP/1.1" 200 286
0:0:0:0:0:0:0:1 - - [04/Apr/2018:21:55:11 +0800] "GET /common/notices HTTP/1.1" 200 753
0:0:0:0:0:0:0:1 - - [04/Apr/2018:21:55:22 +0800] "GET /user/login HTTP/1.1" 200 286
0:0:0:0:0:0:0:1 - - [04/Apr/2018:21:57:57 +0800] "GET /common/notices HTTP/1.1" 200 753
0:0:0:0:0:0:0:1 - - [04/Apr/2018:21:58:08 +0800] "OPTIONS /user/login HTTP/1.1" 200 -
0:0:0:0:0:0:0:1 - - [04/Apr/2018:21:58:08 +0800] "POST /user/login HTTP/1.1" 200 45
0:0:0:0:0:0:0:1 - - [04/Apr/2018:21:59:26 +0800] "GET /user/login HTTP/1.1" 200 286
0:0:0:0:0:0:0:1 - - [04/Apr/2018:22:01:38 +0800] "GET /common/notices HTTP/1.1" 200 753
0:0:0:0:0:0:0:1 - - [04/Apr/2018:22:02:29 +0800] "POST /user/login HTTP/1.1" 200 111
0:0:0:0:0:0:0:1 - - [04/Apr/2018:22:03:55 +0800] "GET /common/notices HTTP/1.1" 200 753
0:0:0:0:0:0:0:1 - - [04/Apr/2018:22:04:02 +0800] "POST /user/login HTTP/1.1" 200 167
0:0:0:0:0:0:0:1 - - [04/Apr/2018:22:04:22 +0800] "GET /common/notices HTTP/1.1" 200 753
0:0:0:0:0:0:0:1 - - [04/Apr/2018:22:04:31 +0800] "POST /user/login HTTP/1.1" 200 167
0:0:0:0:0:0:0:1 - - [04/Apr/2018:22:05:30 +0800] "GET /common/notices HTTP/1.1" 200 753
0:0:0:0:0:0:0:1 - - [04/Apr/2018:22:06:08 +0800] "GET /common/notices HTTP/1.1" 200 753
0:0:0:0:0:0:0:1 - - [04/Apr/2018:22:11:40 +0800] "GET /common/notices HTTP/1.1" 200 753
0:0:0:0:0:0:0:1 - - [04/Apr/2018:22:16:41 +0800] "GET /common/notices HTTP/1.1" 200 753
0:0:0:0:0:0:0:1 - - [04/Apr/2018:22:17:12 +0800] "GET /common/notices HTTP/1.1" 200 753
0:0:0:0:0:0:0:1 - - [04/Apr/2018:22:18:33 +0800] "GET /common/notices HTTP/1.1" 200 753
0:0:0:0:0:0:0:1 - - [04/Apr/2018:22:19:53 +0800] "GET /common/notices HTTP/1.1" 200 753
0:0:0:0:0:0:0:1 - - [04/Apr/2018:22:21:41 +0800] "GET /common/notices HTTP/1.1" 200 753
0:0:0:0:0:0:0:1 - - [04/Apr/2018:22:24:03 +0800] "GET /common/notices HTTP/1.1" 200 753
0:0:0:0:0:0:0:1 - - [04/Apr/2018:22:25:34 +0800] "GET /common/notices HTTP/1.1" 200 778
0:0:0:0:0:0:0:1 - - [04/Apr/2018:22:27:26 +0800] "OPTIONS /user/login HTTP/1.1" 200 -
0:0:0:0:0:0:0:1 - - [04/Apr/2018:22:27:26 +0800] "POST /user/login HTTP/1.1" 200 45
0:0:0:0:0:0:0:1 - - [04/Apr/2018:22:27:36 +0800] "POST /user/login HTTP/1.1" 200 57
0:0:0:0:0:0:0:1 - - [04/Apr/2018:22:28:55 +0800] "POST /user/login HTTP/1.1" 200 57
0:0:0:0:0:0:0:1 - - [04/Apr/2018:22:29:45 +0800] "POST /user/login HTTP/1.1" 200 60
0:0:0:0:0:0:0:1 - - [04/Apr/2018:22:31:05 +0800] "POST /user/login HTTP/1.1" 200 60
0:0:0:0:0:0:0:1 - - [04/Apr/2018:22:33:27 +0800] "POST /user/login HTTP/1.1" 200 60
0:0:0:0:0:0:0:1 - - [04/Apr/2018:22:36:09 +0800] "GET /common/notices HTTP/1.1" 200 778
0:0:0:0:0:0:0:1 - - [04/Apr/2018:22:36:16 +0800] "POST /user/login HTTP/1.1" 200 60
0:0:0:0:0:0:0:1 - - [04/Apr/2018:22:39:09 +0800] "OPTIONS /user/login HTTP/1.1" 200 -
0:0:0:0:0:0:0:1 - - [04/Apr/2018:22:39:10 +0800] "POST /user/login HTTP/1.1" 200 59
0:0:0:0:0:0:0:1 - - [04/Apr/2018:22:45:38 +0800] "POST /user/login HTTP/1.1" 200 59
0:0:0:0:0:0:0:1 - - [04/Apr/2018:22:47:27 +0800] "GET /common/notices HTTP/1.1" 200 778
0:0:0:0:0:0:0:1 - - [04/Apr/2018:22:47:43 +0800] "POST /user/login HTTP/1.1" 200 59
