0:0:0:0:0:0:0:1 - - [06/Apr/2018:09:30:02 +0800] "GET /common/verify HTTP/1.1" 500 116
0:0:0:0:0:0:0:1 - - [06/Apr/2018:09:30:02 +0800] "GET /common/notices HTTP/1.1" 500 117
0:0:0:0:0:0:0:1 - - [06/Apr/2018:09:32:20 +0800] "GET /common/notices HTTP/1.1" 500 117
0:0:0:0:0:0:0:1 - - [06/Apr/2018:09:32:20 +0800] "GET /common/verify HTTP/1.1" 500 116
0:0:0:0:0:0:0:1 - - [06/Apr/2018:09:34:19 +0800] "GET /common/verify HTTP/1.1" 200 13
0:0:0:0:0:0:0:1 - - [06/Apr/2018:09:34:20 +0800] "GET /common/notices HTTP/1.1" 200 778
0:0:0:0:0:0:0:1 - - [06/Apr/2018:09:37:10 +0800] "GET /common/notices HTTP/1.1" 200 778
0:0:0:0:0:0:0:1 - - [06/Apr/2018:09:37:10 +0800] "GET /common/verify HTTP/1.1" 200 13
0:0:0:0:0:0:0:1 - - [06/Apr/2018:09:37:13 +0800] "GET /common/verify HTTP/1.1" 200 13
0:0:0:0:0:0:0:1 - - [06/Apr/2018:09:37:13 +0800] "GET /common/notices HTTP/1.1" 200 778
0:0:0:0:0:0:0:1 - - [06/Apr/2018:09:39:11 +0800] "GET /common/verify HTTP/1.1" 200 13
0:0:0:0:0:0:0:1 - - [06/Apr/2018:09:39:11 +0800] "GET /common/notices HTTP/1.1" 200 778
0:0:0:0:0:0:0:1 - - [06/Apr/2018:09:43:35 +0800] "GET /common/verify HTTP/1.1" 200 13
0:0:0:0:0:0:0:1 - - [06/Apr/2018:09:43:39 +0800] "GET /common/verify HTTP/1.1" 200 13
0:0:0:0:0:0:0:1 - - [06/Apr/2018:09:43:41 +0800] "GET /common/verify HTTP/1.1" 200 13
0:0:0:0:0:0:0:1 - - [06/Apr/2018:09:43:46 +0800] "GET /common/verify HTTP/1.1" 200 13
0:0:0:0:0:0:0:1 - - [06/Apr/2018:09:44:01 +0800] "GET /common/verify HTTP/1.1" 200 13
0:0:0:0:0:0:0:1 - - [06/Apr/2018:09:44:02 +0800] "GET /common/verify HTTP/1.1" 200 13
0:0:0:0:0:0:0:1 - - [06/Apr/2018:09:45:14 +0800] "GET /common/verify HTTP/1.1" 200 13
0:0:0:0:0:0:0:1 - - [06/Apr/2018:09:45:16 +0800] "GET /common/verify HTTP/1.1" 200 13
0:0:0:0:0:0:0:1 - - [06/Apr/2018:10:08:18 +0800] "GET /common/verify HTTP/1.1" 200 13
0:0:0:0:0:0:0:1 - - [06/Apr/2018:10:10:06 +0800] "GET /common/verify HTTP/1.1" 200 13
0:0:0:0:0:0:0:1 - - [06/Apr/2018:10:10:09 +0800] "GET /common/verify HTTP/1.1" 200 13
0:0:0:0:0:0:0:1 - - [06/Apr/2018:10:10:22 +0800] "GET /common/verify HTTP/1.1" 200 13
0:0:0:0:0:0:0:1 - - [06/Apr/2018:10:12:25 +0800] "GET /common/verify HTTP/1.1" 200 13
0:0:0:0:0:0:0:1 - - [06/Apr/2018:10:12:25 +0800] "GET /common/notices HTTP/1.1" 200 778
0:0:0:0:0:0:0:1 - - [06/Apr/2018:10:13:34 +0800] "GET /common/verify HTTP/1.1" 200 13
0:0:0:0:0:0:0:1 - - [06/Apr/2018:10:13:34 +0800] "GET /common/notices HTTP/1.1" 200 778
0:0:0:0:0:0:0:1 - - [06/Apr/2018:10:20:11 +0800] "GET /common/verify HTTP/1.1" 200 13
0:0:0:0:0:0:0:1 - - [06/Apr/2018:10:20:11 +0800] "GET /common/notices HTTP/1.1" 200 778
0:0:0:0:0:0:0:1 - - [06/Apr/2018:10:20:11 +0800] "GET /common/verify HTTP/1.1" 200 13
0:0:0:0:0:0:0:1 - - [06/Apr/2018:10:21:40 +0800] "GET /common/verify HTTP/1.1" 200 13
0:0:0:0:0:0:0:1 - - [06/Apr/2018:10:21:40 +0800] "GET /common/notices HTTP/1.1" 200 778
0:0:0:0:0:0:0:1 - - [06/Apr/2018:10:21:40 +0800] "GET /common/verify HTTP/1.1" 200 13
0:0:0:0:0:0:0:1 - - [06/Apr/2018:10:22:39 +0800] "GET /common/notices HTTP/1.1" 200 778
0:0:0:0:0:0:0:1 - - [06/Apr/2018:10:22:39 +0800] "GET /common/verify HTTP/1.1" 200 13
0:0:0:0:0:0:0:1 - - [06/Apr/2018:10:22:50 +0800] "GET /common/notices HTTP/1.1" 200 778
0:0:0:0:0:0:0:1 - - [06/Apr/2018:10:22:50 +0800] "GET /common/verify HTTP/1.1" 200 13
0:0:0:0:0:0:0:1 - - [06/Apr/2018:10:23:36 +0800] "GET /common/verify HTTP/1.1" 200 13
0:0:0:0:0:0:0:1 - - [06/Apr/2018:10:23:48 +0800] "OPTIONS /user/login HTTP/1.1" 200 -
0:0:0:0:0:0:0:1 - - [06/Apr/2018:10:23:48 +0800] "POST /user/login HTTP/1.1" 200 402
0:0:0:0:0:0:0:1 - - [06/Apr/2018:10:25:38 +0800] "GET /common/verify HTTP/1.1" 200 374
0:0:0:0:0:0:0:1 - - [06/Apr/2018:10:31:01 +0800] "GET /common/verify HTTP/1.1" 200 374
0:0:0:0:0:0:0:1 - - [06/Apr/2018:10:31:01 +0800] "GET /common/notices HTTP/1.1" 200 778
0:0:0:0:0:0:0:1 - - [06/Apr/2018:10:37:10 +0800] "GET /common/verify HTTP/1.1" 200 374
0:0:0:0:0:0:0:1 - - [06/Apr/2018:10:37:10 +0800] "GET /common/notices HTTP/1.1" 200 778
0:0:0:0:0:0:0:1 - - [06/Apr/2018:10:43:18 +0800] "GET /common/verify HTTP/1.1" 200 374
0:0:0:0:0:0:0:1 - - [06/Apr/2018:10:43:20 +0800] "GET /common/notices HTTP/1.1" 200 778
0:0:0:0:0:0:0:1 - - [06/Apr/2018:10:43:25 +0800] "GET /common/verify HTTP/1.1" 200 374
0:0:0:0:0:0:0:1 - - [06/Apr/2018:10:43:28 +0800] "GET /common/verify HTTP/1.1" 200 374
0:0:0:0:0:0:0:1 - - [06/Apr/2018:10:43:30 +0800] "GET /common/notices HTTP/1.1" 200 778
0:0:0:0:0:0:0:1 - - [06/Apr/2018:10:45:37 +0800] "GET /common/verify HTTP/1.1" 200 374
0:0:0:0:0:0:0:1 - - [06/Apr/2018:10:45:37 +0800] "GET /common/notices HTTP/1.1" 200 778
0:0:0:0:0:0:0:1 - - [06/Apr/2018:10:45:37 +0800] "GET /common/verify HTTP/1.1" 200 374
0:0:0:0:0:0:0:1 - - [06/Apr/2018:10:45:59 +0800] "GET /common/verify HTTP/1.1" 200 374
0:0:0:0:0:0:0:1 - - [06/Apr/2018:10:45:59 +0800] "GET /common/notices HTTP/1.1" 200 778
0:0:0:0:0:0:0:1 - - [06/Apr/2018:10:48:09 +0800] "GET /common/verify HTTP/1.1" 200 374
0:0:0:0:0:0:0:1 - - [06/Apr/2018:10:48:23 +0800] "GET /common/verify HTTP/1.1" 200 374
0:0:0:0:0:0:0:1 - - [06/Apr/2018:10:48:23 +0800] "GET /common/notices HTTP/1.1" 200 778
0:0:0:0:0:0:0:1 - - [06/Apr/2018:10:48:52 +0800] "GET /common/verify HTTP/1.1" 200 374
0:0:0:0:0:0:0:1 - - [06/Apr/2018:10:49:01 +0800] "GET /common/verify HTTP/1.1" 200 374
0:0:0:0:0:0:0:1 - - [06/Apr/2018:10:49:39 +0800] "GET /common/verify HTTP/1.1" 200 374
0:0:0:0:0:0:0:1 - - [06/Apr/2018:10:49:39 +0800] "GET /common/notices HTTP/1.1" 200 778
0:0:0:0:0:0:0:1 - - [06/Apr/2018:10:49:54 +0800] "GET /common/verify HTTP/1.1" 200 374
0:0:0:0:0:0:0:1 - - [06/Apr/2018:10:49:54 +0800] "GET /common/notices HTTP/1.1" 200 778
0:0:0:0:0:0:0:1 - - [06/Apr/2018:10:50:28 +0800] "GET /common/verify HTTP/1.1" 200 374
0:0:0:0:0:0:0:1 - - [06/Apr/2018:10:51:14 +0800] "GET /common/verify HTTP/1.1" 200 374
0:0:0:0:0:0:0:1 - - [06/Apr/2018:10:51:23 +0800] "GET /common/verify HTTP/1.1" 200 374
0:0:0:0:0:0:0:1 - - [06/Apr/2018:10:51:30 +0800] "GET /common/verify HTTP/1.1" 200 374
0:0:0:0:0:0:0:1 - - [06/Apr/2018:10:56:23 +0800] "GET /common/verify HTTP/1.1" 200 374
0:0:0:0:0:0:0:1 - - [06/Apr/2018:10:56:23 +0800] "GET /common/notices HTTP/1.1" 200 778
0:0:0:0:0:0:0:1 - - [06/Apr/2018:10:56:23 +0800] "GET /common/notices HTTP/1.1" 200 778
0:0:0:0:0:0:0:1 - - [06/Apr/2018:11:03:02 +0800] "GET /common/notices HTTP/1.1" 200 778
0:0:0:0:0:0:0:1 - - [06/Apr/2018:11:03:02 +0800] "GET /common/verify HTTP/1.1" 200 374
0:0:0:0:0:0:0:1 - - [06/Apr/2018:11:03:02 +0800] "GET /common/notices HTTP/1.1" 200 778
0:0:0:0:0:0:0:1 - - [06/Apr/2018:11:03:02 +0800] "GET /common/verify HTTP/1.1" 200 374
0:0:0:0:0:0:0:1 - - [06/Apr/2018:11:03:07 +0800] "GET /common/notices HTTP/1.1" 200 778
0:0:0:0:0:0:0:1 - - [06/Apr/2018:11:03:07 +0800] "GET /common/verify HTTP/1.1" 200 374
0:0:0:0:0:0:0:1 - - [06/Apr/2018:11:03:07 +0800] "GET /common/notices HTTP/1.1" 200 778
0:0:0:0:0:0:0:1 - - [06/Apr/2018:11:07:10 +0800] "GET /common/verify HTTP/1.1" 200 252
0:0:0:0:0:0:0:1 - - [06/Apr/2018:11:07:10 +0800] "GET /common/notices HTTP/1.1" 200 778
0:0:0:0:0:0:0:1 - - [06/Apr/2018:11:07:10 +0800] "GET /common/notices HTTP/1.1" 200 778
0:0:0:0:0:0:0:1 - - [06/Apr/2018:11:08:00 +0800] "GET /common/verify HTTP/1.1" 200 252
0:0:0:0:0:0:0:1 - - [06/Apr/2018:11:08:00 +0800] "GET /common/notices HTTP/1.1" 200 778
0:0:0:0:0:0:0:1 - - [06/Apr/2018:11:08:00 +0800] "GET /common/notices HTTP/1.1" 200 778
0:0:0:0:0:0:0:1 - - [06/Apr/2018:11:08:54 +0800] "GET /common/verify HTTP/1.1" 200 252
0:0:0:0:0:0:0:1 - - [06/Apr/2018:11:08:54 +0800] "GET /common/notices HTTP/1.1" 200 778
0:0:0:0:0:0:0:1 - - [06/Apr/2018:11:08:54 +0800] "GET /common/notices HTTP/1.1" 200 778
0:0:0:0:0:0:0:1 - - [06/Apr/2018:11:09:32 +0800] "GET /common/verify HTTP/1.1" 200 252
0:0:0:0:0:0:0:1 - - [06/Apr/2018:11:10:00 +0800] "GET /common/verify HTTP/1.1" 200 255
0:0:0:0:0:0:0:1 - - [06/Apr/2018:11:10:15 +0800] "GET /common/verify HTTP/1.1" 200 255
0:0:0:0:0:0:0:1 - - [06/Apr/2018:11:11:19 +0800] "GET /common/verify HTTP/1.1" 200 255
0:0:0:0:0:0:0:1 - - [06/Apr/2018:11:11:33 +0800] "GET /common/verify HTTP/1.1" 200 255
0:0:0:0:0:0:0:1 - - [06/Apr/2018:11:11:37 +0800] "GET /common/verify HTTP/1.1" 200 255
0:0:0:0:0:0:0:1 - - [06/Apr/2018:11:11:38 +0800] "GET /common/verify HTTP/1.1" 200 255
0:0:0:0:0:0:0:1 - - [06/Apr/2018:11:13:25 +0800] "GET /common/verify HTTP/1.1" 200 255
0:0:0:0:0:0:0:1 - - [06/Apr/2018:11:15:46 +0800] "GET /common/verify HTTP/1.1" 200 255
0:0:0:0:0:0:0:1 - - [06/Apr/2018:11:16:46 +0800] "OPTIONS /user/login HTTP/1.1" 200 -
0:0:0:0:0:0:0:1 - - [06/Apr/2018:11:16:46 +0800] "POST /user/login HTTP/1.1" 200 65
0:0:0:0:0:0:0:1 - - [06/Apr/2018:11:18:26 +0800] "GET /common/verify HTTP/1.1" 200 255
0:0:0:0:0:0:0:1 - - [06/Apr/2018:11:18:47 +0800] "GET /common/verify HTTP/1.1" 200 255
0:0:0:0:0:0:0:1 - - [06/Apr/2018:11:19:57 +0800] "GET /common/verify HTTP/1.1" 200 258
0:0:0:0:0:0:0:1 - - [06/Apr/2018:11:20:02 +0800] "GET /common/verify HTTP/1.1" 200 258
0:0:0:0:0:0:0:1 - - [06/Apr/2018:11:20:28 +0800] "GET /common/verify HTTP/1.1" 200 258
0:0:0:0:0:0:0:1 - - [06/Apr/2018:11:21:24 +0800] "POST /user/login HTTP/1.1" 200 65
0:0:0:0:0:0:0:1 - - [06/Apr/2018:11:27:30 +0800] "GET /common/verify HTTP/1.1" 200 258
0:0:0:0:0:0:0:1 - - [06/Apr/2018:11:27:30 +0800] "GET /common/verify HTTP/1.1" 200 258
0:0:0:0:0:0:0:1 - - [06/Apr/2018:11:32:26 +0800] "GET /common/verify HTTP/1.1" 200 258
0:0:0:0:0:0:0:1 - - [06/Apr/2018:11:32:26 +0800] "GET /common/verify HTTP/1.1" 200 258
0:0:0:0:0:0:0:1 - - [06/Apr/2018:11:32:47 +0800] "GET /common/verify HTTP/1.1" 200 258
0:0:0:0:0:0:0:1 - - [06/Apr/2018:11:33:17 +0800] "GET /common/verify HTTP/1.1" 200 258
0:0:0:0:0:0:0:1 - - [06/Apr/2018:11:33:42 +0800] "GET /common/verify HTTP/1.1" 200 258
0:0:0:0:0:0:0:1 - - [06/Apr/2018:11:33:59 +0800] "GET /common/verify HTTP/1.1" 200 258
0:0:0:0:0:0:0:1 - - [06/Apr/2018:11:34:38 +0800] "GET /common/verify HTTP/1.1" 200 258
0:0:0:0:0:0:0:1 - - [06/Apr/2018:11:35:14 +0800] "GET /common/verify HTTP/1.1" 200 258
0:0:0:0:0:0:0:1 - - [06/Apr/2018:11:35:14 +0800] "GET /common/verify HTTP/1.1" 200 258
0:0:0:0:0:0:0:1 - - [06/Apr/2018:11:35:52 +0800] "GET /common/verify HTTP/1.1" 200 258
0:0:0:0:0:0:0:1 - - [06/Apr/2018:11:36:54 +0800] "GET /common/verify HTTP/1.1" 200 258
0:0:0:0:0:0:0:1 - - [06/Apr/2018:11:36:54 +0800] "GET /common/notices HTTP/1.1" 200 778
0:0:0:0:0:0:0:1 - - [06/Apr/2018:11:36:54 +0800] "GET /common/notices HTTP/1.1" 200 778
0:0:0:0:0:0:0:1 - - [06/Apr/2018:11:37:00 +0800] "GET /common/verify HTTP/1.1" 200 258
0:0:0:0:0:0:0:1 - - [06/Apr/2018:11:37:03 +0800] "GET /common/verify HTTP/1.1" 200 258
0:0:0:0:0:0:0:1 - - [06/Apr/2018:11:43:02 +0800] "GET /common/verify HTTP/1.1" 200 258
0:0:0:0:0:0:0:1 - - [06/Apr/2018:11:43:30 +0800] "GET /common/verify HTTP/1.1" 200 258
0:0:0:0:0:0:0:1 - - [06/Apr/2018:11:43:30 +0800] "GET /common/notices HTTP/1.1" 200 778
0:0:0:0:0:0:0:1 - - [06/Apr/2018:11:43:30 +0800] "GET /common/notices HTTP/1.1" 200 778
0:0:0:0:0:0:0:1 - - [06/Apr/2018:11:44:05 +0800] "GET /common/verify HTTP/1.1" 200 261
0:0:0:0:0:0:0:1 - - [06/Apr/2018:11:45:19 +0800] "GET /common/verify HTTP/1.1" 200 256
0:0:0:0:0:0:0:1 - - [06/Apr/2018:11:45:19 +0800] "GET /common/notices HTTP/1.1" 200 778
0:0:0:0:0:0:0:1 - - [06/Apr/2018:11:45:19 +0800] "GET /common/notices HTTP/1.1" 200 778
0:0:0:0:0:0:0:1 - - [06/Apr/2018:11:46:00 +0800] "GET /common/verify HTTP/1.1" 200 259
0:0:0:0:0:0:0:1 - - [06/Apr/2018:11:46:10 +0800] "GET /common/verify HTTP/1.1" 200 259
0:0:0:0:0:0:0:1 - - [06/Apr/2018:11:46:11 +0800] "GET /common/verify HTTP/1.1" 200 259
0:0:0:0:0:0:0:1 - - [06/Apr/2018:11:52:19 +0800] "GET /common/verify HTTP/1.1" 200 251
0:0:0:0:0:0:0:1 - - [06/Apr/2018:11:52:22 +0800] "GET /common/verify HTTP/1.1" 200 251
0:0:0:0:0:0:0:1 - - [06/Apr/2018:11:54:05 +0800] "GET /common/verify HTTP/1.1" 200 251
0:0:0:0:0:0:0:1 - - [06/Apr/2018:11:55:07 +0800] "GET /common/verify HTTP/1.1" 200 251
0:0:0:0:0:0:0:1 - - [06/Apr/2018:11:55:17 +0800] "GET /common/verify HTTP/1.1" 200 251
0:0:0:0:0:0:0:1 - - [06/Apr/2018:11:57:17 +0800] "GET /common/verify HTTP/1.1" 200 258
0:0:0:0:0:0:0:1 - - [06/Apr/2018:11:57:19 +0800] "GET /common/verify HTTP/1.1" 200 258
0:0:0:0:0:0:0:1 - - [06/Apr/2018:13:00:04 +0800] "GET /common/verify HTTP/1.1" 200 13
0:0:0:0:0:0:0:1 - - [06/Apr/2018:13:00:19 +0800] "OPTIONS /user/login HTTP/1.1" 200 -
0:0:0:0:0:0:0:1 - - [06/Apr/2018:13:00:19 +0800] "POST /user/login HTTP/1.1" 200 402
0:0:0:0:0:0:0:1 - - [06/Apr/2018:13:00:30 +0800] "GET /common/verify HTTP/1.1" 200 374
0:0:0:0:0:0:0:1 - - [06/Apr/2018:13:00:30 +0800] "GET /userPrivate/submit/undefined HTTP/1.1" 200 220
0:0:0:0:0:0:0:1 - - [06/Apr/2018:13:00:30 +0800] "GET /common/notices HTTP/1.1" 200 778
0:0:0:0:0:0:0:1 - - [06/Apr/2018:13:01:19 +0800] "GET /common/verify HTTP/1.1" 200 374
0:0:0:0:0:0:0:1 - - [06/Apr/2018:13:01:20 +0800] "GET /userPrivate/submit/undefined HTTP/1.1" 200 220
0:0:0:0:0:0:0:1 - - [06/Apr/2018:13:01:20 +0800] "GET /common/notices HTTP/1.1" 200 778
0:0:0:0:0:0:0:1 - - [06/Apr/2018:13:03:18 +0800] "GET /common/verify HTTP/1.1" 200 374
0:0:0:0:0:0:0:1 - - [06/Apr/2018:13:03:19 +0800] "GET /userPrivate/submit/1 HTTP/1.1" 200 2
0:0:0:0:0:0:0:1 - - [06/Apr/2018:13:03:19 +0800] "GET /common/notices HTTP/1.1" 200 778
0:0:0:0:0:0:0:1 - - [06/Apr/2018:13:14:34 +0800] "GET /common/verify HTTP/1.1" 200 374
0:0:0:0:0:0:0:1 - - [06/Apr/2018:13:14:42 +0800] "GET /userPrivate/submit/1 HTTP/1.1" 200 2
0:0:0:0:0:0:0:1 - - [06/Apr/2018:13:14:42 +0800] "GET /common/notices HTTP/1.1" 200 778
0:0:0:0:0:0:0:1 - - [06/Apr/2018:13:15:29 +0800] "GET /common/verify HTTP/1.1" 200 374
0:0:0:0:0:0:0:1 - - [06/Apr/2018:13:15:29 +0800] "GET /userPrivate/submit/1 HTTP/1.1" 200 2
0:0:0:0:0:0:0:1 - - [06/Apr/2018:13:15:29 +0800] "GET /common/notices HTTP/1.1" 200 778
0:0:0:0:0:0:0:1 - - [06/Apr/2018:13:18:22 +0800] "GET /common/verify HTTP/1.1" 200 13
0:0:0:0:0:0:0:1 - - [06/Apr/2018:13:18:22 +0800] "GET /common/notices HTTP/1.1" 200 778
0:0:0:0:0:0:0:1 - - [06/Apr/2018:13:19:13 +0800] "GET /common/verify HTTP/1.1" 200 13
0:0:0:0:0:0:0:1 - - [06/Apr/2018:13:19:14 +0800] "GET /common/notices HTTP/1.1" 200 778
0:0:0:0:0:0:0:1 - - [06/Apr/2018:13:20:16 +0800] "OPTIONS /user/login HTTP/1.1" 200 -
0:0:0:0:0:0:0:1 - - [06/Apr/2018:13:20:16 +0800] "POST /user/login HTTP/1.1" 200 402
0:0:0:0:0:0:0:1 - - [06/Apr/2018:13:20:23 +0800] "GET /common/notices HTTP/1.1" 200 778
0:0:0:0:0:0:0:1 - - [06/Apr/2018:13:20:23 +0800] "GET /common/verify HTTP/1.1" 200 374
0:0:0:0:0:0:0:1 - - [06/Apr/2018:13:20:47 +0800] "GET /common/verify HTTP/1.1" 200 374
0:0:0:0:0:0:0:1 - - [06/Apr/2018:13:20:49 +0800] "GET /common/notices HTTP/1.1" 200 778
0:0:0:0:0:0:0:1 - - [06/Apr/2018:13:20:49 +0800] "GET /userPrivate/submit/1 HTTP/1.1" 200 15
0:0:0:0:0:0:0:1 - - [06/Apr/2018:13:22:39 +0800] "GET /common/verify HTTP/1.1" 200 374
0:0:0:0:0:0:0:1 - - [06/Apr/2018:13:22:39 +0800] "GET /common/notices HTTP/1.1" 200 778
0:0:0:0:0:0:0:1 - - [06/Apr/2018:13:22:39 +0800] "GET /userPrivate/submit/1 HTTP/1.1" 200 15
0:0:0:0:0:0:0:1 - - [06/Apr/2018:13:23:06 +0800] "GET /common/verify HTTP/1.1" 200 374
0:0:0:0:0:0:0:1 - - [06/Apr/2018:13:23:06 +0800] "GET /common/notices HTTP/1.1" 200 778
0:0:0:0:0:0:0:1 - - [06/Apr/2018:13:23:06 +0800] "GET /userPrivate/submit/1 HTTP/1.1" 200 15
0:0:0:0:0:0:0:1 - - [06/Apr/2018:13:24:22 +0800] "GET /common/verify HTTP/1.1" 200 374
0:0:0:0:0:0:0:1 - - [06/Apr/2018:13:24:22 +0800] "GET /common/notices HTTP/1.1" 200 778
0:0:0:0:0:0:0:1 - - [06/Apr/2018:13:25:21 +0800] "GET /common/verify HTTP/1.1" 200 13
0:0:0:0:0:0:0:1 - - [06/Apr/2018:13:25:22 +0800] "GET /common/notices HTTP/1.1" 200 778
0:0:0:0:0:0:0:1 - - [06/Apr/2018:13:25:55 +0800] "POST /user/login HTTP/1.1" 200 402
0:0:0:0:0:0:0:1 - - [06/Apr/2018:13:26:02 +0800] "GET /common/verify HTTP/1.1" 200 374
0:0:0:0:0:0:0:1 - - [06/Apr/2018:13:26:02 +0800] "GET /common/notices HTTP/1.1" 200 778
0:0:0:0:0:0:0:1 - - [06/Apr/2018:13:26:59 +0800] "GET /common/verify HTTP/1.1" 200 374
0:0:0:0:0:0:0:1 - - [06/Apr/2018:13:26:59 +0800] "GET /common/notices HTTP/1.1" 200 778
0:0:0:0:0:0:0:1 - - [06/Apr/2018:13:26:59 +0800] "GET /userPrivate/submit/1 HTTP/1.1" 200 15
0:0:0:0:0:0:0:1 - - [06/Apr/2018:13:27:14 +0800] "GET /common/verify HTTP/1.1" 200 374
0:0:0:0:0:0:0:1 - - [06/Apr/2018:13:27:14 +0800] "GET /common/notices HTTP/1.1" 200 778
0:0:0:0:0:0:0:1 - - [06/Apr/2018:13:27:14 +0800] "GET /userPrivate/submit/1 HTTP/1.1" 200 15
0:0:0:0:0:0:0:1 - - [06/Apr/2018:13:29:05 +0800] "GET /common/verify HTTP/1.1" 200 13
0:0:0:0:0:0:0:1 - - [06/Apr/2018:13:29:05 +0800] "GET /common/notices HTTP/1.1" 200 778
0:0:0:0:0:0:0:1 - - [06/Apr/2018:13:29:33 +0800] "POST /user/login HTTP/1.1" 200 402
0:0:0:0:0:0:0:1 - - [06/Apr/2018:13:29:39 +0800] "GET /common/verify HTTP/1.1" 200 374
0:0:0:0:0:0:0:1 - - [06/Apr/2018:13:29:39 +0800] "GET /common/notices HTTP/1.1" 200 778
0:0:0:0:0:0:0:1 - - [06/Apr/2018:13:30:33 +0800] "GET /common/verify HTTP/1.1" 200 374
0:0:0:0:0:0:0:1 - - [06/Apr/2018:13:30:33 +0800] "GET /common/notices HTTP/1.1" 200 778
0:0:0:0:0:0:0:1 - - [06/Apr/2018:13:31:33 +0800] "GET /common/verify HTTP/1.1" 200 374
0:0:0:0:0:0:0:1 - - [06/Apr/2018:13:31:33 +0800] "GET /common/notices HTTP/1.1" 200 778
0:0:0:0:0:0:0:1 - - [06/Apr/2018:13:31:33 +0800] "GET /common/verify HTTP/1.1" 200 374
0:0:0:0:0:0:0:1 - - [06/Apr/2018:13:32:13 +0800] "GET /common/verify HTTP/1.1" 200 374
0:0:0:0:0:0:0:1 - - [06/Apr/2018:13:32:13 +0800] "GET /common/notices HTTP/1.1" 200 778
0:0:0:0:0:0:0:1 - - [06/Apr/2018:13:32:13 +0800] "GET /userPrivate/submit/1 HTTP/1.1" 200 15
0:0:0:0:0:0:0:1 - - [06/Apr/2018:13:32:48 +0800] "GET /common/verify HTTP/1.1" 200 13
0:0:0:0:0:0:0:1 - - [06/Apr/2018:13:32:48 +0800] "GET /common/notices HTTP/1.1" 200 778
0:0:0:0:0:0:0:1 - - [06/Apr/2018:13:33:12 +0800] "OPTIONS /user/login HTTP/1.1" 200 -
0:0:0:0:0:0:0:1 - - [06/Apr/2018:13:33:12 +0800] "POST /user/login HTTP/1.1" 200 402
0:0:0:0:0:0:0:1 - - [06/Apr/2018:13:33:19 +0800] "GET /common/verify HTTP/1.1" 200 374
0:0:0:0:0:0:0:1 - - [06/Apr/2018:13:33:19 +0800] "GET /common/notices HTTP/1.1" 200 778
0:0:0:0:0:0:0:1 - - [06/Apr/2018:13:33:35 +0800] "GET /common/verify HTTP/1.1" 200 374
0:0:0:0:0:0:0:1 - - [06/Apr/2018:13:33:35 +0800] "GET /common/notices HTTP/1.1" 200 778
0:0:0:0:0:0:0:1 - - [06/Apr/2018:13:36:06 +0800] "GET /common/verify HTTP/1.1" 200 374
0:0:0:0:0:0:0:1 - - [06/Apr/2018:13:36:07 +0800] "GET /common/notices HTTP/1.1" 200 778
0:0:0:0:0:0:0:1 - - [06/Apr/2018:13:36:08 +0800] "GET /userPrivate/submit/1 HTTP/1.1" 200 15
0:0:0:0:0:0:0:1 - - [06/Apr/2018:13:36:51 +0800] "GET /common/verify HTTP/1.1" 200 13
0:0:0:0:0:0:0:1 - - [06/Apr/2018:13:36:51 +0800] "GET /common/notices HTTP/1.1" 200 778
0:0:0:0:0:0:0:1 - - [06/Apr/2018:13:37:06 +0800] "POST /user/login HTTP/1.1" 200 402
0:0:0:0:0:0:0:1 - - [06/Apr/2018:13:37:10 +0800] "GET /common/notices HTTP/1.1" 200 778
0:0:0:0:0:0:0:1 - - [06/Apr/2018:13:37:10 +0800] "GET /common/verify HTTP/1.1" 200 374
0:0:0:0:0:0:0:1 - - [06/Apr/2018:13:38:12 +0800] "GET /common/verify HTTP/1.1" 200 374
0:0:0:0:0:0:0:1 - - [06/Apr/2018:13:38:12 +0800] "GET /common/notices HTTP/1.1" 200 778
0:0:0:0:0:0:0:1 - - [06/Apr/2018:13:45:31 +0800] "GET /common/verify HTTP/1.1" 200 374
0:0:0:0:0:0:0:1 - - [06/Apr/2018:13:45:31 +0800] "GET /common/notices HTTP/1.1" 200 778
0:0:0:0:0:0:0:1 - - [06/Apr/2018:13:45:31 +0800] "GET /common/verify HTTP/1.1" 200 374
0:0:0:0:0:0:0:1 - - [06/Apr/2018:13:45:40 +0800] "GET /common/notices HTTP/1.1" 200 778
0:0:0:0:0:0:0:1 - - [06/Apr/2018:13:45:40 +0800] "GET /common/verify HTTP/1.1" 200 374
0:0:0:0:0:0:0:1 - - [06/Apr/2018:13:45:40 +0800] "GET /common/verify HTTP/1.1" 200 374
0:0:0:0:0:0:0:1 - - [06/Apr/2018:13:45:48 +0800] "GET /common/verify HTTP/1.1" 200 374
0:0:0:0:0:0:0:1 - - [06/Apr/2018:13:45:48 +0800] "GET /common/notices HTTP/1.1" 200 778
0:0:0:0:0:0:0:1 - - [06/Apr/2018:13:45:48 +0800] "GET /common/verify HTTP/1.1" 200 374
0:0:0:0:0:0:0:1 - - [06/Apr/2018:13:47:36 +0800] "GET /common/verify HTTP/1.1" 200 374
0:0:0:0:0:0:0:1 - - [06/Apr/2018:13:47:38 +0800] "GET /common/notices HTTP/1.1" 200 778
0:0:0:0:0:0:0:1 - - [06/Apr/2018:13:47:38 +0800] "GET /userPrivate/submit/1 HTTP/1.1" 200 15
0:0:0:0:0:0:0:1 - - [06/Apr/2018:13:48:37 +0800] "GET /common/verify HTTP/1.1" 200 374
0:0:0:0:0:0:0:1 - - [06/Apr/2018:13:48:38 +0800] "GET /common/notices HTTP/1.1" 200 778
0:0:0:0:0:0:0:1 - - [06/Apr/2018:13:48:38 +0800] "GET /userPrivate/submit/1 HTTP/1.1" 200 15
0:0:0:0:0:0:0:1 - - [06/Apr/2018:13:48:47 +0800] "GET /common/verify HTTP/1.1" 200 374
0:0:0:0:0:0:0:1 - - [06/Apr/2018:13:48:47 +0800] "GET /common/notices HTTP/1.1" 200 778
0:0:0:0:0:0:0:1 - - [06/Apr/2018:13:52:55 +0800] "GET /common/verify HTTP/1.1" 200 13
0:0:0:0:0:0:0:1 - - [06/Apr/2018:13:52:55 +0800] "GET /common/notices HTTP/1.1" 200 778
0:0:0:0:0:0:0:1 - - [06/Apr/2018:13:53:12 +0800] "OPTIONS /user/login HTTP/1.1" 200 -
0:0:0:0:0:0:0:1 - - [06/Apr/2018:13:53:12 +0800] "POST /user/login HTTP/1.1" 200 402
0:0:0:0:0:0:0:1 - - [06/Apr/2018:13:53:17 +0800] "GET /common/verify HTTP/1.1" 200 374
0:0:0:0:0:0:0:1 - - [06/Apr/2018:13:53:17 +0800] "GET /common/notices HTTP/1.1" 200 778
0:0:0:0:0:0:0:1 - - [06/Apr/2018:14:15:05 +0800] "GET /common/verify HTTP/1.1" 200 13
0:0:0:0:0:0:0:1 - - [06/Apr/2018:14:15:16 +0800] "GET /common/verify HTTP/1.1" 200 13
0:0:0:0:0:0:0:1 - - [06/Apr/2018:14:15:30 +0800] "OPTIONS /user/login HTTP/1.1" 200 -
0:0:0:0:0:0:0:1 - - [06/Apr/2018:14:15:30 +0800] "POST /user/login HTTP/1.1" 200 294
0:0:0:0:0:0:0:1 - - [06/Apr/2018:14:15:49 +0800] "GET /common/verify HTTP/1.1" 200 266
0:0:0:0:0:0:0:1 - - [06/Apr/2018:14:15:51 +0800] "GET /common/verify HTTP/1.1" 200 266
0:0:0:0:0:0:0:1 - - [06/Apr/2018:14:15:53 +0800] "GET /common/verify HTTP/1.1" 200 266
0:0:0:0:0:0:0:1 - - [06/Apr/2018:14:16:01 +0800] "GET /common/verify HTTP/1.1" 200 266
0:0:0:0:0:0:0:1 - - [06/Apr/2018:14:16:04 +0800] "GET /common/verify HTTP/1.1" 200 266
0:0:0:0:0:0:0:1 - - [06/Apr/2018:14:16:05 +0800] "GET /common/verify HTTP/1.1" 200 266
0:0:0:0:0:0:0:1 - - [06/Apr/2018:14:17:34 +0800] "GET /common/verify HTTP/1.1" 200 266
0:0:0:0:0:0:0:1 - - [06/Apr/2018:14:17:55 +0800] "GET /common/verify HTTP/1.1" 200 266
0:0:0:0:0:0:0:1 - - [06/Apr/2018:14:18:41 +0800] "GET /common/verify HTTP/1.1" 200 266
0:0:0:0:0:0:0:1 - - [06/Apr/2018:14:19:51 +0800] "GET /common/verify HTTP/1.1" 200 13
0:0:0:0:0:0:0:1 - - [06/Apr/2018:14:19:53 +0800] "GET /common/verify HTTP/1.1" 200 13
0:0:0:0:0:0:0:1 - - [06/Apr/2018:14:20:06 +0800] "POST /user/login HTTP/1.1" 200 294
0:0:0:0:0:0:0:1 - - [06/Apr/2018:14:20:11 +0800] "GET /common/verify HTTP/1.1" 200 266
0:0:0:0:0:0:0:1 - - [06/Apr/2018:14:20:13 +0800] "GET /common/verify HTTP/1.1" 200 266
0:0:0:0:0:0:0:1 - - [06/Apr/2018:14:20:32 +0800] "GET /common/verify HTTP/1.1" 200 266
0:0:0:0:0:0:0:1 - - [06/Apr/2018:14:21:13 +0800] "GET /common/verify HTTP/1.1" 200 266
0:0:0:0:0:0:0:1 - - [06/Apr/2018:14:21:28 +0800] "GET /common/verify HTTP/1.1" 200 266
0:0:0:0:0:0:0:1 - - [06/Apr/2018:14:22:17 +0800] "GET /common/verify HTTP/1.1" 200 13
0:0:0:0:0:0:0:1 - - [06/Apr/2018:14:22:29 +0800] "POST /user/login HTTP/1.1" 200 402
0:0:0:0:0:0:0:1 - - [06/Apr/2018:14:23:18 +0800] "GET /common/verify HTTP/1.1" 200 374
0:0:0:0:0:0:0:1 - - [06/Apr/2018:14:23:20 +0800] "GET /common/verify HTTP/1.1" 200 374
0:0:0:0:0:0:0:1 - - [06/Apr/2018:14:23:23 +0800] "GET /common/verify HTTP/1.1" 200 374
0:0:0:0:0:0:0:1 - - [06/Apr/2018:14:23:24 +0800] "GET /common/verify HTTP/1.1" 200 374
0:0:0:0:0:0:0:1 - - [06/Apr/2018:14:23:25 +0800] "GET /common/verify HTTP/1.1" 200 374
0:0:0:0:0:0:0:1 - - [06/Apr/2018:14:24:41 +0800] "GET /common/verify HTTP/1.1" 200 374
0:0:0:0:0:0:0:1 - - [06/Apr/2018:14:25:06 +0800] "GET /common/verify HTTP/1.1" 200 13
0:0:0:0:0:0:0:1 - - [06/Apr/2018:14:25:17 +0800] "POST /user/login HTTP/1.1" 200 402
0:0:0:0:0:0:0:1 - - [06/Apr/2018:14:33:31 +0800] "GET /common/verify HTTP/1.1" 200 374
0:0:0:0:0:0:0:1 - - [06/Apr/2018:14:33:59 +0800] "GET /common/verify HTTP/1.1" 200 13
0:0:0:0:0:0:0:1 - - [06/Apr/2018:14:33:59 +0800] "GET /common/verify HTTP/1.1" 200 13
0:0:0:0:0:0:0:1 - - [06/Apr/2018:14:34:10 +0800] "OPTIONS /user/login HTTP/1.1" 200 -
0:0:0:0:0:0:0:1 - - [06/Apr/2018:14:34:11 +0800] "POST /user/login HTTP/1.1" 200 402
0:0:0:0:0:0:0:1 - - [06/Apr/2018:14:35:34 +0800] "GET /common/verify HTTP/1.1" 200 13
0:0:0:0:0:0:0:1 - - [06/Apr/2018:14:35:44 +0800] "POST /user/login HTTP/1.1" 200 402
0:0:0:0:0:0:0:1 - - [06/Apr/2018:14:38:00 +0800] "GET /common/verify HTTP/1.1" 200 13
0:0:0:0:0:0:0:1 - - [06/Apr/2018:14:38:08 +0800] "POST /user/login HTTP/1.1" 200 374
0:0:0:0:0:0:0:1 - - [06/Apr/2018:14:38:15 +0800] "POST /user/login HTTP/1.1" 200 374
0:0:0:0:0:0:0:1 - - [06/Apr/2018:14:39:02 +0800] "GET /common/verify HTTP/1.1" 200 374
0:0:0:0:0:0:0:1 - - [06/Apr/2018:14:39:10 +0800] "POST /user/login HTTP/1.1" 200 374
0:0:0:0:0:0:0:1 - - [06/Apr/2018:14:40:20 +0800] "GET /common/verify HTTP/1.1" 200 374
0:0:0:0:0:0:0:1 - - [06/Apr/2018:14:41:50 +0800] "GET /common/verify HTTP/1.1" 200 374
0:0:0:0:0:0:0:1 - - [06/Apr/2018:14:42:23 +0800] "GET /common/verify HTTP/1.1" 200 13
0:0:0:0:0:0:0:1 - - [06/Apr/2018:14:42:32 +0800] "POST /user/login HTTP/1.1" 200 402
0:0:0:0:0:0:0:1 - - [06/Apr/2018:14:43:22 +0800] "GET /common/verify HTTP/1.1" 200 374
0:0:0:0:0:0:0:1 - - [06/Apr/2018:14:44:01 +0800] "GET /common/verify HTTP/1.1" 200 13
0:0:0:0:0:0:0:1 - - [06/Apr/2018:14:44:08 +0800] "POST /user/login HTTP/1.1" 200 402
0:0:0:0:0:0:0:1 - - [06/Apr/2018:14:45:57 +0800] "GET /common/verify HTTP/1.1" 200 13
0:0:0:0:0:0:0:1 - - [06/Apr/2018:14:46:04 +0800] "OPTIONS /user/login HTTP/1.1" 200 -
0:0:0:0:0:0:0:1 - - [06/Apr/2018:14:46:05 +0800] "POST /user/login HTTP/1.1" 200 294
0:0:0:0:0:0:0:1 - - [06/Apr/2018:14:47:16 +0800] "GET /common/verify HTTP/1.1" 200 266
0:0:0:0:0:0:0:1 - - [06/Apr/2018:14:47:44 +0800] "GET /common/verify HTTP/1.1" 200 266
0:0:0:0:0:0:0:1 - - [06/Apr/2018:14:49:55 +0800] "GET /common/verify HTTP/1.1" 200 13
0:0:0:0:0:0:0:1 - - [06/Apr/2018:14:50:02 +0800] "POST /user/login HTTP/1.1" 200 402
0:0:0:0:0:0:0:1 - - [06/Apr/2018:14:50:38 +0800] "GET /common/verify HTTP/1.1" 200 374
0:0:0:0:0:0:0:1 - - [06/Apr/2018:14:50:56 +0800] "POST /user/login HTTP/1.1" 200 294
0:0:0:0:0:0:0:1 - - [06/Apr/2018:14:51:33 +0800] "GET /common/verify HTTP/1.1" 200 266
0:0:0:0:0:0:0:1 - - [06/Apr/2018:14:51:44 +0800] "POST /user/login HTTP/1.1" 200 402
0:0:0:0:0:0:0:1 - - [06/Apr/2018:14:52:47 +0800] "GET /common/verify HTTP/1.1" 200 374
0:0:0:0:0:0:0:1 - - [06/Apr/2018:14:52:55 +0800] "POST /user/login HTTP/1.1" 200 402
0:0:0:0:0:0:0:1 - - [06/Apr/2018:14:54:00 +0800] "GET /common/verify HTTP/1.1" 200 374
0:0:0:0:0:0:0:1 - - [06/Apr/2018:14:54:08 +0800] "POST /user/login HTTP/1.1" 200 402
0:0:0:0:0:0:0:1 - - [06/Apr/2018:14:56:52 +0800] "GET /common/verify HTTP/1.1" 200 374
0:0:0:0:0:0:0:1 - - [06/Apr/2018:14:57:05 +0800] "OPTIONS /user/login HTTP/1.1" 200 -
0:0:0:0:0:0:0:1 - - [06/Apr/2018:14:57:05 +0800] "POST /user/login HTTP/1.1" 200 402
0:0:0:0:0:0:0:1 - - [06/Apr/2018:14:58:05 +0800] "GET /common/verify HTTP/1.1" 200 374
0:0:0:0:0:0:0:1 - - [06/Apr/2018:14:58:12 +0800] "POST /user/login HTTP/1.1" 200 294
0:0:0:0:0:0:0:1 - - [06/Apr/2018:15:01:40 +0800] "GET /common/verify HTTP/1.1" 200 266
0:0:0:0:0:0:0:1 - - [06/Apr/2018:15:06:19 +0800] "GET /common/verify HTTP/1.1" 200 13
0:0:0:0:0:0:0:1 - - [06/Apr/2018:15:06:26 +0800] "POST /user/login HTTP/1.1" 200 402
0:0:0:0:0:0:0:1 - - [06/Apr/2018:15:06:36 +0800] "GET /common/verify HTTP/1.1" 200 374
0:0:0:0:0:0:0:1 - - [06/Apr/2018:15:07:58 +0800] "GET /common/verify HTTP/1.1" 200 374
0:0:0:0:0:0:0:1 - - [06/Apr/2018:15:09:07 +0800] "GET /common/verify HTTP/1.1" 200 13
0:0:0:0:0:0:0:1 - - [06/Apr/2018:15:09:14 +0800] "OPTIONS /user/login HTTP/1.1" 200 -
0:0:0:0:0:0:0:1 - - [06/Apr/2018:15:09:15 +0800] "POST /user/login HTTP/1.1" 200 402
0:0:0:0:0:0:0:1 - - [06/Apr/2018:15:10:08 +0800] "GET /common/verify HTTP/1.1" 200 374
0:0:0:0:0:0:0:1 - - [06/Apr/2018:15:13:40 +0800] "GET /common/verify HTTP/1.1" 200 374
0:0:0:0:0:0:0:1 - - [06/Apr/2018:15:13:40 +0800] "GET /common/verify HTTP/1.1" 200 374
0:0:0:0:0:0:0:1 - - [06/Apr/2018:15:14:03 +0800] "GET /common/verify HTTP/1.1" 200 13
0:0:0:0:0:0:0:1 - - [06/Apr/2018:15:14:11 +0800] "POST /user/login HTTP/1.1" 200 294
0:0:0:0:0:0:0:1 - - [06/Apr/2018:15:14:29 +0800] "GET /common/verify HTTP/1.1" 200 266
0:0:0:0:0:0:0:1 - - [06/Apr/2018:15:14:47 +0800] "GET /common/verify HTTP/1.1" 200 266
0:0:0:0:0:0:0:1 - - [06/Apr/2018:15:14:57 +0800] "GET /common/verify HTTP/1.1" 200 266
0:0:0:0:0:0:0:1 - - [06/Apr/2018:15:17:22 +0800] "GET /common/verify HTTP/1.1" 200 266
0:0:0:0:0:0:0:1 - - [06/Apr/2018:15:17:56 +0800] "GET /common/verify HTTP/1.1" 200 13
0:0:0:0:0:0:0:1 - - [06/Apr/2018:15:18:01 +0800] "GET /common/verify HTTP/1.1" 200 13
0:0:0:0:0:0:0:1 - - [06/Apr/2018:15:18:41 +0800] "GET /common/verify HTTP/1.1" 200 13
0:0:0:0:0:0:0:1 - - [06/Apr/2018:15:19:05 +0800] "GET /common/verify HTTP/1.1" 200 13
0:0:0:0:0:0:0:1 - - [06/Apr/2018:15:19:17 +0800] "GET /common/verify HTTP/1.1" 200 13
0:0:0:0:0:0:0:1 - - [06/Apr/2018:15:19:21 +0800] "GET /common/verify HTTP/1.1" 200 13
0:0:0:0:0:0:0:1 - - [06/Apr/2018:15:19:40 +0800] "GET /common/verify HTTP/1.1" 200 13
0:0:0:0:0:0:0:1 - - [06/Apr/2018:15:19:48 +0800] "OPTIONS /user/login HTTP/1.1" 200 -
0:0:0:0:0:0:0:1 - - [06/Apr/2018:15:19:48 +0800] "POST /user/login HTTP/1.1" 200 294
0:0:0:0:0:0:0:1 - - [06/Apr/2018:15:20:17 +0800] "GET /common/verify HTTP/1.1" 200 13
0:0:0:0:0:0:0:1 - - [06/Apr/2018:15:21:37 +0800] "GET /common/verify HTTP/1.1" 200 13
0:0:0:0:0:0:0:1 - - [06/Apr/2018:15:24:48 +0800] "GET /common/verify HTTP/1.1" 200 13
0:0:0:0:0:0:0:1 - - [06/Apr/2018:15:24:56 +0800] "POST /user/login HTTP/1.1" 200 402
0:0:0:0:0:0:0:1 - - [06/Apr/2018:15:25:34 +0800] "GET /common/verify HTTP/1.1" 200 13
0:0:0:0:0:0:0:1 - - [06/Apr/2018:15:30:17 +0800] "GET /common/verify HTTP/1.1" 200 13
0:0:0:0:0:0:0:1 - - [06/Apr/2018:15:31:03 +0800] "GET /common/verify HTTP/1.1" 200 13
0:0:0:0:0:0:0:1 - - [06/Apr/2018:15:31:17 +0800] "OPTIONS /user/login HTTP/1.1" 200 -
0:0:0:0:0:0:0:1 - - [06/Apr/2018:15:31:17 +0800] "POST /user/login HTTP/1.1" 200 294
0:0:0:0:0:0:0:1 - - [06/Apr/2018:15:31:44 +0800] "GET /common/verify HTTP/1.1" 200 13
0:0:0:0:0:0:0:1 - - [06/Apr/2018:15:32:58 +0800] "GET /common/verify HTTP/1.1" 200 13
0:0:0:0:0:0:0:1 - - [06/Apr/2018:15:51:31 +0800] "GET /common/verify HTTP/1.1" 200 13
0:0:0:0:0:0:0:1 - - [06/Apr/2018:17:21:33 +0800] "GET /common/verify HTTP/1.1" 200 13
0:0:0:0:0:0:0:1 - - [06/Apr/2018:17:22:17 +0800] "GET /common/verify HTTP/1.1" 200 13
0:0:0:0:0:0:0:1 - - [06/Apr/2018:17:22:28 +0800] "OPTIONS /user/login HTTP/1.1" 200 -
0:0:0:0:0:0:0:1 - - [06/Apr/2018:17:22:29 +0800] "POST /user/login HTTP/1.1" 200 294
0:0:0:0:0:0:0:1 - - [06/Apr/2018:17:25:28 +0800] "GET /common/verify HTTP/1.1" 200 266
0:0:0:0:0:0:0:1 - - [06/Apr/2018:17:25:28 +0800] "GET /common/notices HTTP/1.1" 200 778
0:0:0:0:0:0:0:1 - - [06/Apr/2018:17:25:38 +0800] "GET /common/verify HTTP/1.1" 200 266
0:0:0:0:0:0:0:1 - - [06/Apr/2018:17:25:40 +0800] "GET /common/verify HTTP/1.1" 200 266
0:0:0:0:0:0:0:1 - - [06/Apr/2018:17:26:17 +0800] "GET /common/verify HTTP/1.1" 200 13
0:0:0:0:0:0:0:1 - - [06/Apr/2018:17:26:21 +0800] "GET /common/verify HTTP/1.1" 200 13
0:0:0:0:0:0:0:1 - - [06/Apr/2018:17:26:23 +0800] "GET /common/verify HTTP/1.1" 200 13
0:0:0:0:0:0:0:1 - - [06/Apr/2018:17:27:12 +0800] "GET /common/verify HTTP/1.1" 200 13
0:0:0:0:0:0:0:1 - - [06/Apr/2018:17:27:21 +0800] "POST /user/login HTTP/1.1" 200 294
0:0:0:0:0:0:0:1 - - [06/Apr/2018:17:27:23 +0800] "GET /common/verify HTTP/1.1" 200 266
0:0:0:0:0:0:0:1 - - [06/Apr/2018:17:27:26 +0800] "GET /common/verify HTTP/1.1" 200 266
0:0:0:0:0:0:0:1 - - [06/Apr/2018:17:27:47 +0800] "GET /common/verify HTTP/1.1" 200 13
0:0:0:0:0:0:0:1 - - [06/Apr/2018:17:28:53 +0800] "GET /common/verify HTTP/1.1" 200 13
0:0:0:0:0:0:0:1 - - [06/Apr/2018:17:28:59 +0800] "GET /common/verify HTTP/1.1" 200 13
0:0:0:0:0:0:0:1 - - [06/Apr/2018:17:29:24 +0800] "GET /common/verify HTTP/1.1" 200 13
0:0:0:0:0:0:0:1 - - [06/Apr/2018:17:29:26 +0800] "GET /common/verify HTTP/1.1" 200 13
0:0:0:0:0:0:0:1 - - [06/Apr/2018:17:29:27 +0800] "GET /common/verify HTTP/1.1" 200 13
0:0:0:0:0:0:0:1 - - [06/Apr/2018:17:29:37 +0800] "GET /common/verify HTTP/1.1" 200 13
0:0:0:0:0:0:0:1 - - [06/Apr/2018:17:29:38 +0800] "GET /common/notices HTTP/1.1" 200 778
0:0:0:0:0:0:0:1 - - [06/Apr/2018:17:29:41 +0800] "GET /common/verify HTTP/1.1" 200 13
0:0:0:0:0:0:0:1 - - [06/Apr/2018:17:29:43 +0800] "GET /common/verify HTTP/1.1" 200 13
0:0:0:0:0:0:0:1 - - [06/Apr/2018:17:29:50 +0800] "GET /common/verify HTTP/1.1" 200 13
0:0:0:0:0:0:0:1 - - [06/Apr/2018:17:29:50 +0800] "GET /common/notices HTTP/1.1" 200 778
0:0:0:0:0:0:0:1 - - [06/Apr/2018:17:29:52 +0800] "GET /common/verify HTTP/1.1" 200 13
0:0:0:0:0:0:0:1 - - [06/Apr/2018:17:29:53 +0800] "GET /common/verify HTTP/1.1" 200 13
0:0:0:0:0:0:0:1 - - [06/Apr/2018:17:30:00 +0800] "GET /common/verify HTTP/1.1" 200 13
0:0:0:0:0:0:0:1 - - [06/Apr/2018:17:38:51 +0800] "GET /common/verify HTTP/1.1" 200 13
0:0:0:0:0:0:0:1 - - [06/Apr/2018:17:38:51 +0800] "GET /common/notices HTTP/1.1" 200 778
0:0:0:0:0:0:0:1 - - [06/Apr/2018:17:39:11 +0800] "OPTIONS /user/login HTTP/1.1" 200 -
0:0:0:0:0:0:0:1 - - [06/Apr/2018:17:39:11 +0800] "POST /user/login HTTP/1.1" 200 402
0:0:0:0:0:0:0:1 - - [06/Apr/2018:17:40:02 +0800] "GET /common/verify HTTP/1.1" 200 374
0:0:0:0:0:0:0:1 - - [06/Apr/2018:17:40:02 +0800] "GET /common/notices HTTP/1.1" 200 778
0:0:0:0:0:0:0:1 - - [06/Apr/2018:17:41:29 +0800] "GET /common/verify HTTP/1.1" 200 374
0:0:0:0:0:0:0:1 - - [06/Apr/2018:17:41:30 +0800] "GET /common/notices HTTP/1.1" 200 778
0:0:0:0:0:0:0:1 - - [06/Apr/2018:17:41:52 +0800] "GET /common/verify HTTP/1.1" 200 374
0:0:0:0:0:0:0:1 - - [06/Apr/2018:17:41:52 +0800] "GET /common/notices HTTP/1.1" 200 778
0:0:0:0:0:0:0:1 - - [06/Apr/2018:17:43:13 +0800] "GET /common/verify HTTP/1.1" 200 374
0:0:0:0:0:0:0:1 - - [06/Apr/2018:17:43:14 +0800] "GET /common/notices HTTP/1.1" 200 778
0:0:0:0:0:0:0:1 - - [06/Apr/2018:17:43:14 +0800] "GET /userPrivate/submit/1 HTTP/1.1" 200 15
0:0:0:0:0:0:0:1 - - [06/Apr/2018:17:45:15 +0800] "GET /common/verify HTTP/1.1" 200 374
0:0:0:0:0:0:0:1 - - [06/Apr/2018:17:46:10 +0800] "GET /common/notices HTTP/1.1" 200 778
0:0:0:0:0:0:0:1 - - [06/Apr/2018:17:46:10 +0800] "GET /userPrivate/submit/1 HTTP/1.1" 200 15
0:0:0:0:0:0:0:1 - - [06/Apr/2018:17:46:16 +0800] "GET /common/verify HTTP/1.1" 200 374
0:0:0:0:0:0:0:1 - - [06/Apr/2018:17:46:16 +0800] "GET /common/notices HTTP/1.1" 200 778
0:0:0:0:0:0:0:1 - - [06/Apr/2018:17:46:42 +0800] "GET /common/verify HTTP/1.1" 200 374
0:0:0:0:0:0:0:1 - - [06/Apr/2018:17:46:43 +0800] "GET /common/notices HTTP/1.1" 200 778
0:0:0:0:0:0:0:1 - - [06/Apr/2018:17:46:43 +0800] "GET /userPrivate/submit/1 HTTP/1.1" 200 15
0:0:0:0:0:0:0:1 - - [06/Apr/2018:17:47:42 +0800] "GET /common/verify HTTP/1.1" 200 374
0:0:0:0:0:0:0:1 - - [06/Apr/2018:17:47:42 +0800] "GET /userPrivate/submit/1 HTTP/1.1" 200 15
0:0:0:0:0:0:0:1 - - [06/Apr/2018:17:47:42 +0800] "GET /common/notices HTTP/1.1" 200 778
0:0:0:0:0:0:0:1 - - [06/Apr/2018:17:48:23 +0800] "GET /common/verify HTTP/1.1" 200 374
0:0:0:0:0:0:0:1 - - [06/Apr/2018:17:48:23 +0800] "GET /common/notices HTTP/1.1" 200 778
0:0:0:0:0:0:0:1 - - [06/Apr/2018:17:48:23 +0800] "GET /userPrivate/submit/1 HTTP/1.1" 200 15
0:0:0:0:0:0:0:1 - - [06/Apr/2018:17:48:39 +0800] "GET /common/verify HTTP/1.1" 200 374
0:0:0:0:0:0:0:1 - - [06/Apr/2018:17:48:39 +0800] "GET /userPrivate/submit/1 HTTP/1.1" 200 15
0:0:0:0:0:0:0:1 - - [06/Apr/2018:17:48:39 +0800] "GET /common/notices HTTP/1.1" 200 778
0:0:0:0:0:0:0:1 - - [06/Apr/2018:17:49:16 +0800] "GET /common/verify HTTP/1.1" 200 374
0:0:0:0:0:0:0:1 - - [06/Apr/2018:17:49:16 +0800] "GET /common/notices HTTP/1.1" 200 778
0:0:0:0:0:0:0:1 - - [06/Apr/2018:17:49:16 +0800] "GET /userPrivate/submit/1 HTTP/1.1" 200 15
0:0:0:0:0:0:0:1 - - [06/Apr/2018:17:49:41 +0800] "GET /common/verify HTTP/1.1" 200 374
0:0:0:0:0:0:0:1 - - [06/Apr/2018:17:49:41 +0800] "GET /common/notices HTTP/1.1" 200 778
0:0:0:0:0:0:0:1 - - [06/Apr/2018:17:49:41 +0800] "GET /userPrivate/submit/1 HTTP/1.1" 200 15
0:0:0:0:0:0:0:1 - - [06/Apr/2018:17:50:04 +0800] "GET /common/verify HTTP/1.1" 200 374
0:0:0:0:0:0:0:1 - - [06/Apr/2018:17:50:06 +0800] "GET /common/notices HTTP/1.1" 200 778
0:0:0:0:0:0:0:1 - - [06/Apr/2018:17:50:06 +0800] "GET /userPrivate/submit/1 HTTP/1.1" 200 15
0:0:0:0:0:0:0:1 - - [06/Apr/2018:17:51:12 +0800] "GET /common/verify HTTP/1.1" 200 374
0:0:0:0:0:0:0:1 - - [06/Apr/2018:17:51:13 +0800] "GET /common/notices HTTP/1.1" 200 778
0:0:0:0:0:0:0:1 - - [06/Apr/2018:17:51:13 +0800] "GET /userPrivate/submit/1 HTTP/1.1" 200 15
0:0:0:0:0:0:0:1 - - [06/Apr/2018:17:51:14 +0800] "GET /common/verify HTTP/1.1" 200 374
0:0:0:0:0:0:0:1 - - [06/Apr/2018:17:51:14 +0800] "GET /common/notices HTTP/1.1" 200 778
0:0:0:0:0:0:0:1 - - [06/Apr/2018:17:51:14 +0800] "GET /userPrivate/submit/1 HTTP/1.1" 200 15
0:0:0:0:0:0:0:1 - - [06/Apr/2018:17:51:47 +0800] "GET /common/verify HTTP/1.1" 200 374
0:0:0:0:0:0:0:1 - - [06/Apr/2018:17:51:49 +0800] "GET /common/notices HTTP/1.1" 200 778
0:0:0:0:0:0:0:1 - - [06/Apr/2018:17:51:49 +0800] "GET /userPrivate/submit/1 HTTP/1.1" 200 15
0:0:0:0:0:0:0:1 - - [06/Apr/2018:17:52:29 +0800] "GET /common/verify HTTP/1.1" 200 374
0:0:0:0:0:0:0:1 - - [06/Apr/2018:17:52:31 +0800] "GET /common/notices HTTP/1.1" 200 778
0:0:0:0:0:0:0:1 - - [06/Apr/2018:17:52:31 +0800] "GET /userPrivate/submit/1 HTTP/1.1" 200 15
0:0:0:0:0:0:0:1 - - [06/Apr/2018:17:54:56 +0800] "GET /common/verify HTTP/1.1" 200 374
0:0:0:0:0:0:0:1 - - [06/Apr/2018:17:54:56 +0800] "GET /common/notices HTTP/1.1" 200 778
0:0:0:0:0:0:0:1 - - [06/Apr/2018:17:54:56 +0800] "GET /userPrivate/submit/1 HTTP/1.1" 200 15
0:0:0:0:0:0:0:1 - - [06/Apr/2018:17:55:08 +0800] "GET /common/verify HTTP/1.1" 200 374
0:0:0:0:0:0:0:1 - - [06/Apr/2018:17:55:08 +0800] "GET /common/notices HTTP/1.1" 200 778
0:0:0:0:0:0:0:1 - - [06/Apr/2018:17:55:08 +0800] "GET /userPrivate/submit/1 HTTP/1.1" 200 15
0:0:0:0:0:0:0:1 - - [06/Apr/2018:17:55:44 +0800] "GET /common/verify HTTP/1.1" 200 374
0:0:0:0:0:0:0:1 - - [06/Apr/2018:17:55:44 +0800] "GET /common/notices HTTP/1.1" 200 778
0:0:0:0:0:0:0:1 - - [06/Apr/2018:17:56:21 +0800] "GET /common/verify HTTP/1.1" 200 374
0:0:0:0:0:0:0:1 - - [06/Apr/2018:17:56:21 +0800] "GET /common/notices HTTP/1.1" 200 778
0:0:0:0:0:0:0:1 - - [06/Apr/2018:17:56:37 +0800] "GET /common/verify HTTP/1.1" 200 374
0:0:0:0:0:0:0:1 - - [06/Apr/2018:17:56:37 +0800] "GET /common/notices HTTP/1.1" 200 778
0:0:0:0:0:0:0:1 - - [06/Apr/2018:17:56:37 +0800] "GET /userPrivate/submit/1 HTTP/1.1" 200 15
0:0:0:0:0:0:0:1 - - [06/Apr/2018:17:56:45 +0800] "GET /common/notices HTTP/1.1" 200 778
0:0:0:0:0:0:0:1 - - [06/Apr/2018:17:56:45 +0800] "GET /common/verify HTTP/1.1" 200 374
0:0:0:0:0:0:0:1 - - [06/Apr/2018:17:57:21 +0800] "GET /common/verify HTTP/1.1" 200 374
0:0:0:0:0:0:0:1 - - [06/Apr/2018:17:57:23 +0800] "GET /common/notices HTTP/1.1" 200 778
0:0:0:0:0:0:0:1 - - [06/Apr/2018:17:57:23 +0800] "GET /userPrivate/submit/1 HTTP/1.1" 200 15
0:0:0:0:0:0:0:1 - - [06/Apr/2018:17:57:28 +0800] "GET /common/verify HTTP/1.1" 200 374
0:0:0:0:0:0:0:1 - - [06/Apr/2018:17:57:28 +0800] "GET /common/notices HTTP/1.1" 200 778
0:0:0:0:0:0:0:1 - - [06/Apr/2018:17:58:39 +0800] "GET /common/verify HTTP/1.1" 200 374
0:0:0:0:0:0:0:1 - - [06/Apr/2018:18:08:34 +0800] "GET /common/notices HTTP/1.1" 200 778
0:0:0:0:0:0:0:1 - - [06/Apr/2018:18:08:34 +0800] "GET /userPrivate/submit/1 HTTP/1.1" 200 15
0:0:0:0:0:0:0:1 - - [06/Apr/2018:18:08:36 +0800] "GET /common/notices HTTP/1.1" 200 778
0:0:0:0:0:0:0:1 - - [06/Apr/2018:18:08:36 +0800] "GET /userPrivate/submit/1 HTTP/1.1" 200 15
0:0:0:0:0:0:0:1 - - [06/Apr/2018:18:08:53 +0800] "GET /common/verify HTTP/1.1" 200 374
0:0:0:0:0:0:0:1 - - [06/Apr/2018:18:08:55 +0800] "GET /common/notices HTTP/1.1" 200 778
0:0:0:0:0:0:0:1 - - [06/Apr/2018:18:08:55 +0800] "GET /userPrivate/submit/1 HTTP/1.1" 200 15
0:0:0:0:0:0:0:1 - - [06/Apr/2018:18:09:31 +0800] "GET /common/notices HTTP/1.1" 200 778
0:0:0:0:0:0:0:1 - - [06/Apr/2018:18:09:31 +0800] "GET /userPrivate/submit/1 HTTP/1.1" 200 15
0:0:0:0:0:0:0:1 - - [06/Apr/2018:18:09:41 +0800] "GET /common/notices HTTP/1.1" 200 778
0:0:0:0:0:0:0:1 - - [06/Apr/2018:18:09:41 +0800] "GET /userPrivate/submit/1 HTTP/1.1" 200 15
0:0:0:0:0:0:0:1 - - [06/Apr/2018:18:10:23 +0800] "GET /common/verify HTTP/1.1" 200 374
0:0:0:0:0:0:0:1 - - [06/Apr/2018:18:10:23 +0800] "GET /common/notices HTTP/1.1" 200 778
0:0:0:0:0:0:0:1 - - [06/Apr/2018:18:10:23 +0800] "GET /userPrivate/submit/1 HTTP/1.1" 200 15
0:0:0:0:0:0:0:1 - - [06/Apr/2018:18:11:21 +0800] "GET /common/notices HTTP/1.1" 200 778
0:0:0:0:0:0:0:1 - - [06/Apr/2018:18:11:30 +0800] "OPTIONS /user/login HTTP/1.1" 200 -
0:0:0:0:0:0:0:1 - - [06/Apr/2018:18:11:30 +0800] "POST /user/login HTTP/1.1" 200 402
0:0:0:0:0:0:0:1 - - [06/Apr/2018:18:11:34 +0800] "GET /common/verify HTTP/1.1" 200 13
0:0:0:0:0:0:0:1 - - [06/Apr/2018:18:11:36 +0800] "GET /common/verify HTTP/1.1" 200 13
0:0:0:0:0:0:0:1 - - [06/Apr/2018:18:14:00 +0800] "GET /common/verify HTTP/1.1" 200 13
0:0:0:0:0:0:0:1 - - [06/Apr/2018:18:14:04 +0800] "GET /common/verify HTTP/1.1" 200 13
0:0:0:0:0:0:0:1 - - [06/Apr/2018:18:14:05 +0800] "GET /common/verify HTTP/1.1" 200 13
0:0:0:0:0:0:0:1 - - [06/Apr/2018:18:14:06 +0800] "GET /common/notices HTTP/1.1" 200 778
0:0:0:0:0:0:0:1 - - [06/Apr/2018:18:14:47 +0800] "GET /common/verify HTTP/1.1" 200 13
0:0:0:0:0:0:0:1 - - [06/Apr/2018:18:14:48 +0800] "GET /common/verify HTTP/1.1" 200 13
0:0:0:0:0:0:0:1 - - [06/Apr/2018:18:14:49 +0800] "GET /common/notices HTTP/1.1" 200 778
0:0:0:0:0:0:0:1 - - [06/Apr/2018:18:15:37 +0800] "GET /common/verify HTTP/1.1" 200 13
0:0:0:0:0:0:0:1 - - [06/Apr/2018:18:15:38 +0800] "GET /common/notices HTTP/1.1" 200 778
0:0:0:0:0:0:0:1 - - [06/Apr/2018:18:15:51 +0800] "GET /common/verify HTTP/1.1" 200 13
0:0:0:0:0:0:0:1 - - [06/Apr/2018:18:15:52 +0800] "GET /common/notices HTTP/1.1" 200 778
0:0:0:0:0:0:0:1 - - [06/Apr/2018:18:16:05 +0800] "GET /common/verify HTTP/1.1" 200 13
0:0:0:0:0:0:0:1 - - [06/Apr/2018:18:16:06 +0800] "GET /common/notices HTTP/1.1" 200 778
0:0:0:0:0:0:0:1 - - [06/Apr/2018:18:17:59 +0800] "GET /common/verify HTTP/1.1" 200 13
0:0:0:0:0:0:0:1 - - [06/Apr/2018:18:18:00 +0800] "GET /common/notices HTTP/1.1" 200 778
0:0:0:0:0:0:0:1 - - [06/Apr/2018:18:18:11 +0800] "GET /common/verify HTTP/1.1" 200 13
0:0:0:0:0:0:0:1 - - [06/Apr/2018:18:18:11 +0800] "GET /common/notices HTTP/1.1" 200 778
0:0:0:0:0:0:0:1 - - [06/Apr/2018:18:18:17 +0800] "POST /user/login HTTP/1.1" 200 402
0:0:0:0:0:0:0:1 - - [06/Apr/2018:18:18:41 +0800] "GET /common/verify HTTP/1.1" 200 13
0:0:0:0:0:0:0:1 - - [06/Apr/2018:18:18:42 +0800] "GET /common/verify HTTP/1.1" 200 13
0:0:0:0:0:0:0:1 - - [06/Apr/2018:18:22:32 +0800] "GET /common/verify HTTP/1.1" 200 13
0:0:0:0:0:0:0:1 - - [06/Apr/2018:18:22:33 +0800] "GET /common/notices HTTP/1.1" 200 778
0:0:0:0:0:0:0:1 - - [06/Apr/2018:18:23:19 +0800] "GET /common/verify HTTP/1.1" 200 13
0:0:0:0:0:0:0:1 - - [06/Apr/2018:18:23:20 +0800] "GET /common/notices HTTP/1.1" 200 778
0:0:0:0:0:0:0:1 - - [06/Apr/2018:18:24:56 +0800] "GET /common/verify HTTP/1.1" 200 13
0:0:0:0:0:0:0:1 - - [06/Apr/2018:18:35:20 +0800] "GET /common/notices HTTP/1.1" 200 778
0:0:0:0:0:0:0:1 - - [06/Apr/2018:18:35:20 +0800] "GET /common/verify HTTP/1.1" 200 13
0:0:0:0:0:0:0:1 - - [06/Apr/2018:18:35:20 +0800] "GET /common/notices HTTP/1.1" 200 778
0:0:0:0:0:0:0:1 - - [06/Apr/2018:18:35:23 +0800] "OPTIONS /user/login HTTP/1.1" 200 -
0:0:0:0:0:0:0:1 - - [06/Apr/2018:18:35:23 +0800] "POST /user/login HTTP/1.1" 200 402
0:0:0:0:0:0:0:1 - - [06/Apr/2018:18:35:42 +0800] "GET /common/notices HTTP/1.1" 200 778
0:0:0:0:0:0:0:1 - - [06/Apr/2018:18:46:22 +0800] "GET /common/verify HTTP/1.1" 200 374
0:0:0:0:0:0:0:1 - - [06/Apr/2018:18:46:22 +0800] "GET /common/notices HTTP/1.1" 200 778
0:0:0:0:0:0:0:1 - - [06/Apr/2018:18:46:22 +0800] "GET /userPrivate/submit/1 HTTP/1.1" 200 15
0:0:0:0:0:0:0:1 - - [06/Apr/2018:18:47:03 +0800] "GET /common/verify HTTP/1.1" 200 374
0:0:0:0:0:0:0:1 - - [06/Apr/2018:18:47:03 +0800] "GET /common/notices HTTP/1.1" 200 778
0:0:0:0:0:0:0:1 - - [06/Apr/2018:18:47:03 +0800] "GET /userPrivate/submit/1 HTTP/1.1" 200 15
0:0:0:0:0:0:0:1 - - [06/Apr/2018:18:48:17 +0800] "GET /common/notices HTTP/1.1" 200 778
0:0:0:0:0:0:0:1 - - [06/Apr/2018:18:48:29 +0800] "GET /common/notices HTTP/1.1" 200 778
0:0:0:0:0:0:0:1 - - [06/Apr/2018:18:50:03 +0800] "GET /common/notices HTTP/1.1" 200 778
0:0:0:0:0:0:0:1 - - [06/Apr/2018:18:50:48 +0800] "GET /common/verify HTTP/1.1" 200 374
0:0:0:0:0:0:0:1 - - [06/Apr/2018:18:51:19 +0800] "GET /common/notices HTTP/1.1" 200 778
0:0:0:0:0:0:0:1 - - [06/Apr/2018:18:51:19 +0800] "GET /userPrivate/submit/1 HTTP/1.1" 200 15
0:0:0:0:0:0:0:1 - - [06/Apr/2018:18:53:18 +0800] "GET /common/notices HTTP/1.1" 200 778
0:0:0:0:0:0:0:1 - - [06/Apr/2018:18:59:45 +0800] "GET /common/notices HTTP/1.1" 200 778
0:0:0:0:0:0:0:1 - - [06/Apr/2018:19:02:24 +0800] "GET /common/notices HTTP/1.1" 200 778
0:0:0:0:0:0:0:1 - - [06/Apr/2018:19:03:34 +0800] "GET /common/notices HTTP/1.1" 200 778
0:0:0:0:0:0:0:1 - - [06/Apr/2018:19:03:51 +0800] "GET /common/verify HTTP/1.1" 200 374
0:0:0:0:0:0:0:1 - - [06/Apr/2018:19:03:51 +0800] "GET /common/notices HTTP/1.1" 200 778
0:0:0:0:0:0:0:1 - - [06/Apr/2018:19:03:51 +0800] "GET /userPrivate/submit/1 HTTP/1.1" 200 15
0:0:0:0:0:0:0:1 - - [06/Apr/2018:19:04:41 +0800] "GET /common/verify HTTP/1.1" 200 374
0:0:0:0:0:0:0:1 - - [06/Apr/2018:19:04:41 +0800] "GET /common/notices HTTP/1.1" 200 778
0:0:0:0:0:0:0:1 - - [06/Apr/2018:19:04:41 +0800] "GET /userPrivate/submit/1 HTTP/1.1" 200 15
0:0:0:0:0:0:0:1 - - [06/Apr/2018:19:06:40 +0800] "GET /common/verify HTTP/1.1" 200 374
0:0:0:0:0:0:0:1 - - [06/Apr/2018:19:06:41 +0800] "GET /common/notices HTTP/1.1" 200 778
0:0:0:0:0:0:0:1 - - [06/Apr/2018:19:06:41 +0800] "GET /userPrivate/submit/1 HTTP/1.1" 200 15
0:0:0:0:0:0:0:1 - - [06/Apr/2018:19:08:14 +0800] "GET /common/verify HTTP/1.1" 200 374
0:0:0:0:0:0:0:1 - - [06/Apr/2018:19:08:15 +0800] "GET /common/notices HTTP/1.1" 200 778
0:0:0:0:0:0:0:1 - - [06/Apr/2018:19:08:15 +0800] "GET /userPrivate/submit/1 HTTP/1.1" 200 15
0:0:0:0:0:0:0:1 - - [06/Apr/2018:19:09:05 +0800] "GET /common/notices HTTP/1.1" 200 778
0:0:0:0:0:0:0:1 - - [06/Apr/2018:19:09:12 +0800] "GET /common/notices HTTP/1.1" 200 778
0:0:0:0:0:0:0:1 - - [06/Apr/2018:19:09:19 +0800] "OPTIONS /user/login HTTP/1.1" 200 -
0:0:0:0:0:0:0:1 - - [06/Apr/2018:19:09:19 +0800] "POST /user/login HTTP/1.1" 200 402
0:0:0:0:0:0:0:1 - - [06/Apr/2018:19:09:27 +0800] "GET /common/notices HTTP/1.1" 200 778
0:0:0:0:0:0:0:1 - - [06/Apr/2018:19:09:51 +0800] "GET /common/verify HTTP/1.1" 200 374
0:0:0:0:0:0:0:1 - - [06/Apr/2018:19:09:55 +0800] "GET /common/notices HTTP/1.1" 200 778
0:0:0:0:0:0:0:1 - - [06/Apr/2018:19:09:55 +0800] "GET /userPrivate/submit/1 HTTP/1.1" 200 15
0:0:0:0:0:0:0:1 - - [06/Apr/2018:19:11:04 +0800] "GET /common/verify HTTP/1.1" 200 374
0:0:0:0:0:0:0:1 - - [06/Apr/2018:19:11:05 +0800] "GET /common/notices HTTP/1.1" 200 778
0:0:0:0:0:0:0:1 - - [06/Apr/2018:19:11:05 +0800] "GET /userPrivate/submit/1 HTTP/1.1" 200 15
0:0:0:0:0:0:0:1 - - [06/Apr/2018:19:11:35 +0800] "GET /common/verify HTTP/1.1" 200 374
0:0:0:0:0:0:0:1 - - [06/Apr/2018:19:11:36 +0800] "GET /common/notices HTTP/1.1" 200 778
0:0:0:0:0:0:0:1 - - [06/Apr/2018:19:11:36 +0800] "GET /userPrivate/submit/1 HTTP/1.1" 200 15
0:0:0:0:0:0:0:1 - - [06/Apr/2018:19:11:40 +0800] "GET /common/notices HTTP/1.1" 200 778
0:0:0:0:0:0:0:1 - - [06/Apr/2018:19:11:49 +0800] "GET /common/notices HTTP/1.1" 200 778
0:0:0:0:0:0:0:1 - - [06/Apr/2018:19:12:01 +0800] "GET /common/notices HTTP/1.1" 200 778
0:0:0:0:0:0:0:1 - - [06/Apr/2018:19:12:18 +0800] "GET /common/verify HTTP/1.1" 200 374
0:0:0:0:0:0:0:1 - - [06/Apr/2018:19:12:33 +0800] "GET /common/verify HTTP/1.1" 200 374
0:0:0:0:0:0:0:1 - - [06/Apr/2018:19:12:47 +0800] "GET /common/verify HTTP/1.1" 200 374
0:0:0:0:0:0:0:1 - - [06/Apr/2018:19:12:47 +0800] "GET /common/notices HTTP/1.1" 200 778
0:0:0:0:0:0:0:1 - - [06/Apr/2018:19:12:47 +0800] "GET /userPrivate/submit/1 HTTP/1.1" 200 15
0:0:0:0:0:0:0:1 - - [06/Apr/2018:19:12:56 +0800] "GET /common/notices HTTP/1.1" 200 778
0:0:0:0:0:0:0:1 - - [06/Apr/2018:19:13:48 +0800] "GET /common/notices HTTP/1.1" 200 778
0:0:0:0:0:0:0:1 - - [06/Apr/2018:19:13:48 +0800] "GET /common/verify HTTP/1.1" 200 374
0:0:0:0:0:0:0:1 - - [06/Apr/2018:19:14:05 +0800] "GET /common/notices HTTP/1.1" 200 778
0:0:0:0:0:0:0:1 - - [06/Apr/2018:19:14:05 +0800] "GET /common/verify HTTP/1.1" 200 374
0:0:0:0:0:0:0:1 - - [06/Apr/2018:19:15:24 +0800] "GET /common/verify HTTP/1.1" 200 374
0:0:0:0:0:0:0:1 - - [06/Apr/2018:19:15:25 +0800] "GET /common/notices HTTP/1.1" 200 778
0:0:0:0:0:0:0:1 - - [06/Apr/2018:19:15:25 +0800] "GET /userPrivate/submit/1 HTTP/1.1" 200 15
0:0:0:0:0:0:0:1 - - [06/Apr/2018:19:16:09 +0800] "GET /common/verify HTTP/1.1" 200 374
0:0:0:0:0:0:0:1 - - [06/Apr/2018:19:16:09 +0800] "GET /common/notices HTTP/1.1" 200 778
0:0:0:0:0:0:0:1 - - [06/Apr/2018:19:16:56 +0800] "GET /common/verify HTTP/1.1" 200 374
0:0:0:0:0:0:0:1 - - [06/Apr/2018:19:16:56 +0800] "GET /common/notices HTTP/1.1" 200 778
0:0:0:0:0:0:0:1 - - [06/Apr/2018:19:16:56 +0800] "GET /userPrivate/submit/1 HTTP/1.1" 200 15
0:0:0:0:0:0:0:1 - - [06/Apr/2018:19:17:11 +0800] "GET /common/verify HTTP/1.1" 200 374
0:0:0:0:0:0:0:1 - - [06/Apr/2018:19:17:12 +0800] "GET /common/notices HTTP/1.1" 200 778
0:0:0:0:0:0:0:1 - - [06/Apr/2018:19:17:22 +0800] "GET /common/notices HTTP/1.1" 200 778
0:0:0:0:0:0:0:1 - - [06/Apr/2018:19:17:22 +0800] "GET /common/verify HTTP/1.1" 200 374
0:0:0:0:0:0:0:1 - - [06/Apr/2018:19:18:22 +0800] "GET /common/notices HTTP/1.1" 200 778
0:0:0:0:0:0:0:1 - - [06/Apr/2018:19:18:29 +0800] "GET /common/notices HTTP/1.1" 200 778
0:0:0:0:0:0:0:1 - - [06/Apr/2018:19:20:26 +0800] "GET /common/verify HTTP/1.1" 200 374
0:0:0:0:0:0:0:1 - - [06/Apr/2018:19:20:27 +0800] "GET /common/notices HTTP/1.1" 200 778
0:0:0:0:0:0:0:1 - - [06/Apr/2018:19:20:27 +0800] "GET /userPrivate/submit/1 HTTP/1.1" 200 15
0:0:0:0:0:0:0:1 - - [06/Apr/2018:19:21:25 +0800] "GET /common/verify HTTP/1.1" 200 374
0:0:0:0:0:0:0:1 - - [06/Apr/2018:19:21:25 +0800] "GET /userPrivate/submit/1 HTTP/1.1" 200 15
0:0:0:0:0:0:0:1 - - [06/Apr/2018:19:21:25 +0800] "GET /common/notices HTTP/1.1" 200 778
0:0:0:0:0:0:0:1 - - [06/Apr/2018:19:22:23 +0800] "GET /common/notices HTTP/1.1" 200 778
0:0:0:0:0:0:0:1 - - [06/Apr/2018:19:22:53 +0800] "GET /common/notices HTTP/1.1" 200 778
0:0:0:0:0:0:0:1 - - [06/Apr/2018:19:23:00 +0800] "GET /common/notices HTTP/1.1" 200 778
0:0:0:0:0:0:0:1 - - [06/Apr/2018:19:23:20 +0800] "GET /common/verify HTTP/1.1" 200 374
0:0:0:0:0:0:0:1 - - [06/Apr/2018:19:24:01 +0800] "GET /common/verify HTTP/1.1" 200 13
0:0:0:0:0:0:0:1 - - [06/Apr/2018:19:24:05 +0800] "GET /common/verify HTTP/1.1" 200 13
0:0:0:0:0:0:0:1 - - [06/Apr/2018:19:24:20 +0800] "OPTIONS /user/login HTTP/1.1" 200 -
0:0:0:0:0:0:0:1 - - [06/Apr/2018:19:24:20 +0800] "POST /user/login HTTP/1.1" 200 294
0:0:0:0:0:0:0:1 - - [06/Apr/2018:19:24:23 +0800] "GET /common/verify HTTP/1.1" 200 266
0:0:0:0:0:0:0:1 - - [06/Apr/2018:19:24:23 +0800] "GET /common/notices HTTP/1.1" 200 778
0:0:0:0:0:0:0:1 - - [06/Apr/2018:19:24:24 +0800] "GET /userPrivate/submit/2 HTTP/1.1" 200 15
0:0:0:0:0:0:0:1 - - [06/Apr/2018:19:24:47 +0800] "GET /common/verify HTTP/1.1" 200 266
0:0:0:0:0:0:0:1 - - [06/Apr/2018:19:24:48 +0800] "GET /common/notices HTTP/1.1" 200 778
0:0:0:0:0:0:0:1 - - [06/Apr/2018:19:24:48 +0800] "GET /userPrivate/submit/2 HTTP/1.1" 200 15
0:0:0:0:0:0:0:1 - - [06/Apr/2018:19:25:27 +0800] "GET /common/verify HTTP/1.1" 200 266
0:0:0:0:0:0:0:1 - - [06/Apr/2018:19:25:27 +0800] "GET /userPrivate/submit/2 HTTP/1.1" 200 15
0:0:0:0:0:0:0:1 - - [06/Apr/2018:19:25:27 +0800] "GET /common/notices HTTP/1.1" 200 778
0:0:0:0:0:0:0:1 - - [06/Apr/2018:19:25:49 +0800] "GET /common/verify HTTP/1.1" 200 266
0:0:0:0:0:0:0:1 - - [06/Apr/2018:19:25:49 +0800] "GET /userPrivate/submit/2 HTTP/1.1" 200 15
0:0:0:0:0:0:0:1 - - [06/Apr/2018:19:25:49 +0800] "GET /common/notices HTTP/1.1" 200 778
0:0:0:0:0:0:0:1 - - [06/Apr/2018:19:26:32 +0800] "GET /common/verify HTTP/1.1" 200 266
0:0:0:0:0:0:0:1 - - [06/Apr/2018:19:26:34 +0800] "GET /common/notices HTTP/1.1" 200 778
0:0:0:0:0:0:0:1 - - [06/Apr/2018:19:26:34 +0800] "GET /userPrivate/submit/2 HTTP/1.1" 200 15
0:0:0:0:0:0:0:1 - - [06/Apr/2018:19:26:49 +0800] "GET /common/verify HTTP/1.1" 200 266
0:0:0:0:0:0:0:1 - - [06/Apr/2018:19:26:50 +0800] "GET /userPrivate/submit/2 HTTP/1.1" 200 15
0:0:0:0:0:0:0:1 - - [06/Apr/2018:19:26:50 +0800] "GET /common/notices HTTP/1.1" 200 778
0:0:0:0:0:0:0:1 - - [06/Apr/2018:19:27:17 +0800] "GET /common/verify HTTP/1.1" 200 266
0:0:0:0:0:0:0:1 - - [06/Apr/2018:19:27:17 +0800] "GET /common/notices HTTP/1.1" 200 778
0:0:0:0:0:0:0:1 - - [06/Apr/2018:19:27:17 +0800] "GET /userPrivate/submit/2 HTTP/1.1" 200 15
0:0:0:0:0:0:0:1 - - [06/Apr/2018:19:27:42 +0800] "GET /common/notices HTTP/1.1" 200 778
0:0:0:0:0:0:0:1 - - [06/Apr/2018:19:27:53 +0800] "POST /user/login HTTP/1.1" 200 402
0:0:0:0:0:0:0:1 - - [06/Apr/2018:19:27:57 +0800] "GET /common/notices HTTP/1.1" 200 778
0:0:0:0:0:0:0:1 - - [06/Apr/2018:19:28:17 +0800] "GET /common/notices HTTP/1.1" 200 778
0:0:0:0:0:0:0:1 - - [06/Apr/2018:19:28:54 +0800] "GET /common/verify HTTP/1.1" 200 374
0:0:0:0:0:0:0:1 - - [06/Apr/2018:19:28:54 +0800] "GET /common/notices HTTP/1.1" 200 778
0:0:0:0:0:0:0:1 - - [06/Apr/2018:19:28:59 +0800] "GET /common/verify HTTP/1.1" 200 374
0:0:0:0:0:0:0:1 - - [06/Apr/2018:19:28:59 +0800] "GET /common/notices HTTP/1.1" 200 778
0:0:0:0:0:0:0:1 - - [06/Apr/2018:19:29:42 +0800] "GET /common/notices HTTP/1.1" 200 778
0:0:0:0:0:0:0:1 - - [06/Apr/2018:19:29:42 +0800] "GET /common/verify HTTP/1.1" 200 374
0:0:0:0:0:0:0:1 - - [06/Apr/2018:19:29:42 +0800] "GET /userPrivate/submit/1 HTTP/1.1" 200 15
0:0:0:0:0:0:0:1 - - [06/Apr/2018:19:29:47 +0800] "GET /common/notices HTTP/1.1" 200 778
0:0:0:0:0:0:0:1 - - [06/Apr/2018:19:29:47 +0800] "GET /common/verify HTTP/1.1" 200 374
0:0:0:0:0:0:0:1 - - [06/Apr/2018:19:31:32 +0800] "GET /common/notices HTTP/1.1" 200 778
0:0:0:0:0:0:0:1 - - [06/Apr/2018:19:31:32 +0800] "GET /userPrivate/submit/1 HTTP/1.1" 200 15
0:0:0:0:0:0:0:1 - - [06/Apr/2018:19:31:32 +0800] "GET /common/verify HTTP/1.1" 200 374
0:0:0:0:0:0:0:1 - - [06/Apr/2018:19:31:41 +0800] "GET /common/notices HTTP/1.1" 200 778
0:0:0:0:0:0:0:1 - - [06/Apr/2018:19:31:41 +0800] "GET /common/verify HTTP/1.1" 200 374
0:0:0:0:0:0:0:1 - - [06/Apr/2018:19:31:41 +0800] "GET /userPrivate/submit/1 HTTP/1.1" 200 15
0:0:0:0:0:0:0:1 - - [06/Apr/2018:19:31:54 +0800] "GET /common/verify HTTP/1.1" 200 374
0:0:0:0:0:0:0:1 - - [06/Apr/2018:19:31:54 +0800] "GET /common/notices HTTP/1.1" 200 778
0:0:0:0:0:0:0:1 - - [06/Apr/2018:19:34:56 +0800] "GET /common/verify HTTP/1.1" 200 374
0:0:0:0:0:0:0:1 - - [06/Apr/2018:19:34:56 +0800] "GET /common/notices HTTP/1.1" 200 778
0:0:0:0:0:0:0:1 - - [06/Apr/2018:19:34:56 +0800] "GET /userPrivate/submit/1 HTTP/1.1" 200 15
0:0:0:0:0:0:0:1 - - [06/Apr/2018:19:35:41 +0800] "GET /common/notices HTTP/1.1" 200 778
0:0:0:0:0:0:0:1 - - [06/Apr/2018:19:35:41 +0800] "GET /userPrivate/submit/1 HTTP/1.1" 200 15
0:0:0:0:0:0:0:1 - - [06/Apr/2018:19:38:20 +0800] "GET /common/notices HTTP/1.1" 200 778
0:0:0:0:0:0:0:1 - - [06/Apr/2018:19:38:20 +0800] "GET /userPrivate/submit/1 HTTP/1.1" 200 15
0:0:0:0:0:0:0:1 - - [06/Apr/2018:19:43:08 +0800] "GET /common/verify HTTP/1.1" 200 374
0:0:0:0:0:0:0:1 - - [06/Apr/2018:20:05:25 +0800] "OPTIONS /common/verify HTTP/1.1" 200 -
0:0:0:0:0:0:0:1 - - [06/Apr/2018:20:05:25 +0800] "POST /common/verify HTTP/1.1" 200 13
0:0:0:0:0:0:0:1 - - [06/Apr/2018:20:05:36 +0800] "POST /common/verify HTTP/1.1" 200 13
0:0:0:0:0:0:0:1 - - [06/Apr/2018:20:06:08 +0800] "POST /common/verify HTTP/1.1" 200 13
0:0:0:0:0:0:0:1 - - [06/Apr/2018:20:07:45 +0800] "POST /common/verify HTTP/1.1" 200 13
0:0:0:0:0:0:0:1 - - [06/Apr/2018:20:09:10 +0800] "OPTIONS /user/login HTTP/1.1" 200 -
0:0:0:0:0:0:0:1 - - [06/Apr/2018:20:09:10 +0800] "POST /user/login HTTP/1.1" 200 402
0:0:0:0:0:0:0:1 - - [06/Apr/2018:20:09:17 +0800] "POST /common/verify HTTP/1.1" 200 13
0:0:0:0:0:0:0:1 - - [06/Apr/2018:20:10:31 +0800] "POST /common/verify HTTP/1.1" 200 13
0:0:0:0:0:0:0:1 - - [06/Apr/2018:20:10:44 +0800] "POST /user/login HTTP/1.1" 200 402
0:0:0:0:0:0:0:1 - - [06/Apr/2018:20:10:51 +0800] "POST /common/verify HTTP/1.1" 200 13
0:0:0:0:0:0:0:1 - - [06/Apr/2018:20:11:39 +0800] "POST /common/verify HTTP/1.1" 200 13
0:0:0:0:0:0:0:1 - - [06/Apr/2018:20:11:52 +0800] "OPTIONS /common/verify HTTP/1.1" 200 -
0:0:0:0:0:0:0:1 - - [06/Apr/2018:20:11:52 +0800] "POST /common/verify HTTP/1.1" 200 374
0:0:0:0:0:0:0:1 - - [06/Apr/2018:20:12:18 +0800] "POST /common/verify HTTP/1.1" 200 374
0:0:0:0:0:0:0:1 - - [06/Apr/2018:20:12:55 +0800] "POST /common/verify HTTP/1.1" 200 374
0:0:0:0:0:0:0:1 - - [06/Apr/2018:20:14:04 +0800] "POST /common/verify HTTP/1.1" 500 116
0:0:0:0:0:0:0:1 - - [06/Apr/2018:20:14:40 +0800] "POST /common/verify HTTP/1.1" 500 116
0:0:0:0:0:0:0:1 - - [06/Apr/2018:20:14:59 +0800] "POST /common/verify HTTP/1.1" 500 116
0:0:0:0:0:0:0:1 - - [06/Apr/2018:20:17:20 +0800] "POST /common/verify HTTP/1.1" 500 116
0:0:0:0:0:0:0:1 - - [06/Apr/2018:20:18:17 +0800] "POST /common/verify HTTP/1.1" 200 13
0:0:0:0:0:0:0:1 - - [06/Apr/2018:20:18:31 +0800] "POST /common/verify HTTP/1.1" 200 13
0:0:0:0:0:0:0:1 - - [06/Apr/2018:20:19:37 +0800] "POST /common/verify HTTP/1.1" 200 13
0:0:0:0:0:0:0:1 - - [06/Apr/2018:20:20:14 +0800] "POST /common/verify HTTP/1.1" 200 13
0:0:0:0:0:0:0:1 - - [06/Apr/2018:20:21:23 +0800] "POST /common/verify HTTP/1.1" 200 13
0:0:0:0:0:0:0:1 - - [06/Apr/2018:20:21:56 +0800] "OPTIONS /common/verify HTTP/1.1" 200 -
0:0:0:0:0:0:0:1 - - [06/Apr/2018:20:21:56 +0800] "POST /common/verify HTTP/1.1" 200 13
0:0:0:0:0:0:0:1 - - [06/Apr/2018:20:22:09 +0800] "OPTIONS /user/login HTTP/1.1" 200 -
0:0:0:0:0:0:0:1 - - [06/Apr/2018:20:22:10 +0800] "POST /user/login HTTP/1.1" 200 402
0:0:0:0:0:0:0:1 - - [06/Apr/2018:20:22:17 +0800] "POST /common/verify HTTP/1.1" 200 374
0:0:0:0:0:0:0:1 - - [06/Apr/2018:20:25:39 +0800] "POST /common/verify HTTP/1.1" 200 374
0:0:0:0:0:0:0:1 - - [06/Apr/2018:20:44:38 +0800] "OPTIONS /common/verify HTTP/1.1" 200 -
0:0:0:0:0:0:0:1 - - [06/Apr/2018:20:44:38 +0800] "POST /common/verify HTTP/1.1" 200 13
0:0:0:0:0:0:0:1 - - [06/Apr/2018:20:44:51 +0800] "POST /common/verify HTTP/1.1" 200 13
0:0:0:0:0:0:0:1 - - [06/Apr/2018:20:44:59 +0800] "OPTIONS /user/login HTTP/1.1" 200 -
0:0:0:0:0:0:0:1 - - [06/Apr/2018:20:44:59 +0800] "POST /user/login HTTP/1.1" 200 65
0:0:0:0:0:0:0:1 - - [06/Apr/2018:20:45:02 +0800] "POST /user/login HTTP/1.1" 200 65
0:0:0:0:0:0:0:1 - - [06/Apr/2018:20:45:09 +0800] "POST /user/login HTTP/1.1" 200 65
0:0:0:0:0:0:0:1 - - [06/Apr/2018:20:46:06 +0800] "POST /common/verify HTTP/1.1" 200 13
0:0:0:0:0:0:0:1 - - [06/Apr/2018:20:46:18 +0800] "POST /user/login HTTP/1.1" 200 65
0:0:0:0:0:0:0:1 - - [06/Apr/2018:20:47:28 +0800] "POST /user/login HTTP/1.1" 200 65
0:0:0:0:0:0:0:1 - - [06/Apr/2018:20:49:32 +0800] "POST /common/verify HTTP/1.1" 200 13
0:0:0:0:0:0:0:1 - - [06/Apr/2018:20:49:43 +0800] "POST /user/login HTTP/1.1" 200 65
0:0:0:0:0:0:0:1 - - [06/Apr/2018:20:50:03 +0800] "POST /common/verify HTTP/1.1" 200 13
0:0:0:0:0:0:0:1 - - [06/Apr/2018:20:50:25 +0800] "POST /common/verify HTTP/1.1" 200 13
0:0:0:0:0:0:0:1 - - [06/Apr/2018:20:50:26 +0800] "POST /common/verify HTTP/1.1" 200 13
0:0:0:0:0:0:0:1 - - [06/Apr/2018:20:50:38 +0800] "POST /user/login HTTP/1.1" 200 294
0:0:0:0:0:0:0:1 - - [06/Apr/2018:20:51:58 +0800] "POST /common/verify HTTP/1.1" 200 266
0:0:0:0:0:0:0:1 - - [06/Apr/2018:20:52:24 +0800] "POST /common/verify HTTP/1.1" 200 13
0:0:0:0:0:0:0:1 - - [06/Apr/2018:20:52:33 +0800] "POST /user/login HTTP/1.1" 200 402
0:0:0:0:0:0:0:1 - - [06/Apr/2018:20:52:36 +0800] "POST /common/verify HTTP/1.1" 200 374
0:0:0:0:0:0:0:1 - - [06/Apr/2018:20:52:37 +0800] "POST /common/verify HTTP/1.1" 200 374
0:0:0:0:0:0:0:1 - - [06/Apr/2018:20:52:42 +0800] "POST /common/verify HTTP/1.1" 200 374
0:0:0:0:0:0:0:1 - - [06/Apr/2018:20:52:49 +0800] "POST /common/verify HTTP/1.1" 200 374
0:0:0:0:0:0:0:1 - - [06/Apr/2018:20:52:54 +0800] "POST /common/verify HTTP/1.1" 200 374
0:0:0:0:0:0:0:1 - - [06/Apr/2018:20:52:59 +0800] "POST /common/verify HTTP/1.1" 200 374
0:0:0:0:0:0:0:1 - - [06/Apr/2018:22:53:19 +0800] "POST /user/login HTTP/1.1" 200 294
0:0:0:0:0:0:0:1 - - [06/Apr/2018:22:56:18 +0800] "POST /common/verify HTTP/1.1" 200 13
0:0:0:0:0:0:0:1 - - [06/Apr/2018:22:56:37 +0800] "POST /user/register HTTP/1.1" 200 35
0:0:0:0:0:0:0:1 - - [06/Apr/2018:22:56:46 +0800] "POST /user/register HTTP/1.1" 200 35
0:0:0:0:0:0:0:1 - - [06/Apr/2018:22:56:49 +0800] "POST /user/register HTTP/1.1" 200 31
0:0:0:0:0:0:0:1 - - [06/Apr/2018:22:57:11 +0800] "POST /user/login HTTP/1.1" 200 300
0:0:0:0:0:0:0:1 - - [06/Apr/2018:23:00:06 +0800] "POST /common/verify HTTP/1.1" 200 272
0:0:0:0:0:0:0:1 - - [06/Apr/2018:23:00:06 +0800] "GET /common/notice HTTP/1.1" 404 106
0:0:0:0:0:0:0:1 - - [06/Apr/2018:23:00:44 +0800] "POST /common/verify HTTP/1.1" 200 272
0:0:0:0:0:0:0:1 - - [06/Apr/2018:23:00:44 +0800] "GET /common/notice HTTP/1.1" 404 106
0:0:0:0:0:0:0:1 - - [06/Apr/2018:23:01:30 +0800] "POST /common/verify HTTP/1.1" 200 272
0:0:0:0:0:0:0:1 - - [06/Apr/2018:23:01:30 +0800] "GET /common/notice HTTP/1.1" 404 106
0:0:0:0:0:0:0:1 - - [06/Apr/2018:23:01:58 +0800] "POST /common/verify HTTP/1.1" 200 272
0:0:0:0:0:0:0:1 - - [06/Apr/2018:23:01:58 +0800] "GET /common/notices HTTP/1.1" 200 778
0:0:0:0:0:0:0:1 - - [06/Apr/2018:23:05:53 +0800] "POST /common/verify HTTP/1.1" 200 13
0:0:0:0:0:0:0:1 - - [06/Apr/2018:23:05:53 +0800] "GET /common/notices HTTP/1.1" 200 778
0:0:0:0:0:0:0:1 - - [06/Apr/2018:23:06:04 +0800] "POST /user/login HTTP/1.1" 200 402
0:0:0:0:0:0:0:1 - - [06/Apr/2018:23:06:13 +0800] "POST /common/verify HTTP/1.1" 200 374
0:0:0:0:0:0:0:1 - - [06/Apr/2018:23:06:14 +0800] "POST /common/verify HTTP/1.1" 200 374
0:0:0:0:0:0:0:1 - - [06/Apr/2018:23:06:15 +0800] "GET /common/notices HTTP/1.1" 200 778
0:0:0:0:0:0:0:1 - - [06/Apr/2018:23:06:15 +0800] "GET /userPrivate/submit/1 HTTP/1.1" 200 15
0:0:0:0:0:0:0:1 - - [06/Apr/2018:23:06:26 +0800] "POST /common/verify HTTP/1.1" 200 374
0:0:0:0:0:0:0:1 - - [06/Apr/2018:23:06:27 +0800] "POST /common/verify HTTP/1.1" 200 374
0:0:0:0:0:0:0:1 - - [06/Apr/2018:23:06:28 +0800] "POST /common/verify HTTP/1.1" 200 374
0:0:0:0:0:0:0:1 - - [06/Apr/2018:23:06:28 +0800] "GET /common/notices HTTP/1.1" 200 778
0:0:0:0:0:0:0:1 - - [06/Apr/2018:23:06:28 +0800] "GET /userPrivate/submit/1 HTTP/1.1" 200 15
0:0:0:0:0:0:0:1 - - [06/Apr/2018:23:06:39 +0800] "POST /common/verify HTTP/1.1" 200 374
0:0:0:0:0:0:0:1 - - [06/Apr/2018:23:06:41 +0800] "POST /common/verify HTTP/1.1" 200 374
0:0:0:0:0:0:0:1 - - [06/Apr/2018:23:06:42 +0800] "GET /common/notices HTTP/1.1" 200 778
0:0:0:0:0:0:0:1 - - [06/Apr/2018:23:06:42 +0800] "GET /userPrivate/submit/1 HTTP/1.1" 200 15
