0:0:0:0:0:0:0:1 - - [23/Apr/2018:09:28:37 +0800] "GET /api/common/verify HTTP/1.1" 200 3
0:0:0:0:0:0:0:1 - - [23/Apr/2018:09:28:38 +0800] "GET /api/common/problems/1 HTTP/1.1" 200 920
0:0:0:0:0:0:0:1 - - [23/Apr/2018:09:28:38 +0800] "GET /api/common/showUserImage/guest?83.3794242296112 HTTP/1.1" 200 11264
0:0:0:0:0:0:0:1 - - [23/Apr/2018:09:28:39 +0800] "GET /api/common/verify HTTP/1.1" 200 3
0:0:0:0:0:0:0:1 - - [23/Apr/2018:09:28:39 +0800] "GET /api/common/rank/1 HTTP/1.1" 200 353
0:0:0:0:0:0:0:1 - - [23/Apr/2018:09:28:42 +0800] "GET /api/common/verify HTTP/1.1" 200 3
0:0:0:0:0:0:0:1 - - [23/Apr/2018:09:28:42 +0800] "GET /api/common/submit/1 HTTP/1.1" 200 435
0:0:0:0:0:0:0:1 - - [23/Apr/2018:09:28:42 +0800] "GET /api/common/verify HTTP/1.1" 200 3
0:0:0:0:0:0:0:1 - - [23/Apr/2018:09:28:43 +0800] "GET /api/common/contest/1 HTTP/1.1" 200 769
0:0:0:0:0:0:0:1 - - [23/Apr/2018:09:29:06 +0800] "GET /api/common/verify HTTP/1.1" 200 3
0:0:0:0:0:0:0:1 - - [23/Apr/2018:09:29:06 +0800] "GET /api/common/contest/1 HTTP/1.1" 200 769
0:0:0:0:0:0:0:1 - - [23/Apr/2018:09:29:06 +0800] "GET /api/common/showUserImage/guest?72.38070837561557 HTTP/1.1" 200 11264
0:0:0:0:0:0:0:1 - - [23/Apr/2018:09:29:11 +0800] "GET /api/common/verify HTTP/1.1" 200 3
0:0:0:0:0:0:0:1 - - [23/Apr/2018:09:29:35 +0800] "GET /api/common/captcha?45.596982870515745 HTTP/1.1" 200 1814
0:0:0:0:0:0:0:1 - - [23/Apr/2018:09:29:41 +0800] "GET /api/common/captcha?8421.152768729562 HTTP/1.1" 200 1885
0:0:0:0:0:0:0:1 - - [23/Apr/2018:09:29:45 +0800] "GET /api/common/captcha?74.14112416263663 HTTP/1.1" 200 1687
0:0:0:0:0:0:0:1 - - [23/Apr/2018:09:29:46 +0800] "GET /api/common/captcha?2901.252350266239 HTTP/1.1" 200 1861
0:0:0:0:0:0:0:1 - - [23/Apr/2018:09:29:50 +0800] "POST /api/user/login HTTP/1.1" 200 523
0:0:0:0:0:0:0:1 - - [23/Apr/2018:09:29:51 +0800] "GET /api/common/verify HTTP/1.1" 200 533
0:0:0:0:0:0:0:1 - - [23/Apr/2018:09:29:51 +0800] "GET /socket/websocket/root HTTP/1.1" 101 -
0:0:0:0:0:0:0:1 - - [23/Apr/2018:09:29:51 +0800] "GET /api/common/showUserImage/root?56.207152931656765 HTTP/1.1" 200 11264
0:0:0:0:0:0:0:1 - - [23/Apr/2018:09:29:51 +0800] "GET /api/userPrivate/chart/1 HTTP/1.1" 200 20
0:0:0:0:0:0:0:1 - - [23/Apr/2018:09:29:51 +0800] "GET /api/common/notices HTTP/1.1" 200 1340
0:0:0:0:0:0:0:1 - - [23/Apr/2018:09:29:54 +0800] "GET /api/common/verify HTTP/1.1" 200 533
0:0:0:0:0:0:0:1 - - [23/Apr/2018:09:29:58 +0800] "GET /api/common/verify HTTP/1.1" 200 533
0:0:0:0:0:0:0:1 - - [23/Apr/2018:09:29:59 +0800] "GET /api/common/verify HTTP/1.1" 200 533
0:0:0:0:0:0:0:1 - - [23/Apr/2018:09:34:49 +0800] "GET /api/common/verify HTTP/1.1" 200 533
0:0:0:0:0:0:0:1 - - [23/Apr/2018:09:35:03 +0800] "GET /api/common/verify HTTP/1.1" 200 533
0:0:0:0:0:0:0:1 - - [23/Apr/2018:09:35:07 +0800] "GET /api/common/verify HTTP/1.1" 200 533
0:0:0:0:0:0:0:1 - - [23/Apr/2018:09:35:07 +0800] "GET /api/backend/notice/1 HTTP/1.1" 200 1511
0:0:0:0:0:0:0:1 - - [23/Apr/2018:09:35:19 +0800] "GET /api/common/verify HTTP/1.1" 200 533
0:0:0:0:0:0:0:1 - - [23/Apr/2018:09:35:19 +0800] "GET /api/common/showUserImage/root?49.136451363649705 HTTP/1.1" 200 11264
0:0:0:0:0:0:0:1 - - [23/Apr/2018:09:35:20 +0800] "GET /api/userPrivate/submit/root/1 HTTP/1.1" 200 435
0:0:0:0:0:0:0:1 - - [23/Apr/2018:09:35:22 +0800] "GET /api/common/verify HTTP/1.1" 200 533
0:0:0:0:0:0:0:1 - - [23/Apr/2018:09:35:23 +0800] "GET /api/userPrivate/chart/1 HTTP/1.1" 200 20
0:0:0:0:0:0:0:1 - - [23/Apr/2018:09:35:23 +0800] "GET /api/common/notices HTTP/1.1" 200 1340
0:0:0:0:0:0:0:1 - - [23/Apr/2018:09:36:14 +0800] "GET /api/userPrivate/chart/1 HTTP/1.1" 200 20
0:0:0:0:0:0:0:1 - - [23/Apr/2018:09:36:14 +0800] "GET /api/common/notices HTTP/1.1" 200 1340
0:0:0:0:0:0:0:1 - - [23/Apr/2018:09:37:38 +0800] "GET /api/common/verify HTTP/1.1" 200 533
0:0:0:0:0:0:0:1 - - [23/Apr/2018:09:37:41 +0800] "GET /api/common/verify HTTP/1.1" 200 533
0:0:0:0:0:0:0:1 - - [23/Apr/2018:09:37:41 +0800] "GET /api/backend/notice/1 HTTP/1.1" 200 1511
0:0:0:0:0:0:0:1 - - [23/Apr/2018:09:46:16 +0800] "GET /api/common/verify HTTP/1.1" 200 533
0:0:0:0:0:0:0:1 - - [23/Apr/2018:09:46:16 +0800] "GET /socket/websocket/root HTTP/1.1" 101 -
0:0:0:0:0:0:0:1 - - [23/Apr/2018:09:46:16 +0800] "GET /api/backend/notice/1 HTTP/1.1" 200 59
0:0:0:0:0:0:0:1 - - [23/Apr/2018:09:48:48 +0800] "GET /api/common/verify HTTP/1.1" 200 533
0:0:0:0:0:0:0:1 - - [23/Apr/2018:09:48:48 +0800] "GET /socket/websocket/root HTTP/1.1" 101 -
0:0:0:0:0:0:0:1 - - [23/Apr/2018:09:48:48 +0800] "GET /api/backend/notice/1 HTTP/1.1" 200 1511
0:0:0:0:0:0:0:1 - - [23/Apr/2018:09:49:16 +0800] "GET /api/common/verify HTTP/1.1" 200 533
0:0:0:0:0:0:0:1 - - [23/Apr/2018:09:49:16 +0800] "GET /socket/websocket/root HTTP/1.1" 101 -
0:0:0:0:0:0:0:1 - - [23/Apr/2018:09:49:16 +0800] "GET /api/backend/notice/1 HTTP/1.1" 200 1511
0:0:0:0:0:0:0:1 - - [23/Apr/2018:09:49:34 +0800] "POST /api/backend/saveNotice HTTP/1.1" 200 59
0:0:0:0:0:0:0:1 - - [23/Apr/2018:10:02:28 +0800] "GET /api/backend/notice/1 HTTP/1.1" 200 1511
0:0:0:0:0:0:0:1 - - [23/Apr/2018:10:08:57 +0800] "GET /api/backend/notice/1 HTTP/1.1" 200 1511
0:0:0:0:0:0:0:1 - - [23/Apr/2018:10:09:04 +0800] "GET /api/common/verify HTTP/1.1" 200 533
0:0:0:0:0:0:0:1 - - [23/Apr/2018:10:09:04 +0800] "GET /socket/websocket/root HTTP/1.1" 101 -
0:0:0:0:0:0:0:1 - - [23/Apr/2018:10:09:04 +0800] "GET /api/backend/notice/1 HTTP/1.1" 200 1511
0:0:0:0:0:0:0:1 - - [23/Apr/2018:10:12:11 +0800] "GET /api/backend/notice/1 HTTP/1.1" 200 1511
0:0:0:0:0:0:0:1 - - [23/Apr/2018:10:12:53 +0800] "GET /api/common/verify HTTP/1.1" 200 533
0:0:0:0:0:0:0:1 - - [23/Apr/2018:10:12:53 +0800] "GET /socket/websocket/root HTTP/1.1" 101 -
0:0:0:0:0:0:0:1 - - [23/Apr/2018:10:12:53 +0800] "GET /api/backend/notice/1 HTTP/1.1" 200 1511
0:0:0:0:0:0:0:1 - - [23/Apr/2018:10:16:42 +0800] "GET /api/backend/notice/1 HTTP/1.1" 200 1511
0:0:0:0:0:0:0:1 - - [23/Apr/2018:10:18:00 +0800] "GET /api/backend/notice/1 HTTP/1.1" 200 1511
0:0:0:0:0:0:0:1 - - [23/Apr/2018:10:18:42 +0800] "GET /api/backend/notice/1 HTTP/1.1" 200 1511
0:0:0:0:0:0:0:1 - - [23/Apr/2018:10:18:53 +0800] "GET /api/backend/notice/1 HTTP/1.1" 200 1511
0:0:0:0:0:0:0:1 - - [23/Apr/2018:10:19:47 +0800] "GET /api/backend/notice/1 HTTP/1.1" 200 1511
0:0:0:0:0:0:0:1 - - [23/Apr/2018:10:19:55 +0800] "GET /api/backend/notice/1 HTTP/1.1" 200 1511
0:0:0:0:0:0:0:1 - - [23/Apr/2018:10:20:07 +0800] "GET /api/common/verify HTTP/1.1" 200 533
0:0:0:0:0:0:0:1 - - [23/Apr/2018:10:20:07 +0800] "GET /socket/websocket/root HTTP/1.1" 101 -
0:0:0:0:0:0:0:1 - - [23/Apr/2018:10:20:07 +0800] "GET /api/backend/notice/1 HTTP/1.1" 200 1511
0:0:0:0:0:0:0:1 - - [23/Apr/2018:10:23:22 +0800] "GET /api/backend/notice/1 HTTP/1.1" 200 1511
0:0:0:0:0:0:0:1 - - [23/Apr/2018:10:23:43 +0800] "GET /api/backend/notice/1 HTTP/1.1" 200 1511
0:0:0:0:0:0:0:1 - - [23/Apr/2018:10:34:58 +0800] "GET /api/backend/notice/1 HTTP/1.1" 200 1511
0:0:0:0:0:0:0:1 - - [23/Apr/2018:10:35:08 +0800] "OPTIONS /api/common/upload HTTP/1.1" 200 -
0:0:0:0:0:0:0:1 - - [23/Apr/2018:10:35:08 +0800] "POST /api/common/upload HTTP/1.1" 200 59
0:0:0:0:0:0:0:1 - - [23/Apr/2018:10:36:16 +0800] "POST /api/common/upload HTTP/1.1" 200 7
0:0:0:0:0:0:0:1 - - [23/Apr/2018:10:50:26 +0800] "OPTIONS /api/common/upload HTTP/1.1" 200 -
0:0:0:0:0:0:0:1 - - [23/Apr/2018:10:50:27 +0800] "POST /api/common/upload HTTP/1.1" 200 75
0:0:0:0:0:0:0:1 - - [23/Apr/2018:10:50:32 +0800] "GET /common/showImg/0e42a09f386c494a80e5ac02cb632c23.png HTTP/1.1" 404 295
0:0:0:0:0:0:0:1 - - [23/Apr/2018:10:50:32 +0800] "GET /favicon.ico HTTP/1.1" 404 115
0:0:0:0:0:0:0:1 - - [23/Apr/2018:10:51:38 +0800] "POST /api/common/upload HTTP/1.1" 200 79
0:0:0:0:0:0:0:1 - - [23/Apr/2018:10:51:46 +0800] "GET /common/showImg/img?91c81dd634764849a9443e025ecc15f0.png HTTP/1.1" 404 295
0:0:0:0:0:0:0:1 - - [23/Apr/2018:10:52:31 +0800] "POST /api/common/upload HTTP/1.1" 200 79
0:0:0:0:0:0:0:1 - - [23/Apr/2018:10:52:32 +0800] "GET /common/showImg?img=cd130435bef244718a728a18bfecd7ad.png HTTP/1.1" 404 295
0:0:0:0:0:0:0:1 - - [23/Apr/2018:10:53:13 +0800] "POST /api/common/upload HTTP/1.1" 200 83
0:0:0:0:0:0:0:1 - - [23/Apr/2018:10:53:14 +0800] "GET /api/common/showImg?img=f8e50a31f7c74036a2bb5791fd54fb6f.png HTTP/1.1" 200 -
0:0:0:0:0:0:0:1 - - [23/Apr/2018:10:54:24 +0800] "POST /api/common/upload HTTP/1.1" 200 83
0:0:0:0:0:0:0:1 - - [23/Apr/2018:10:55:52 +0800] "POST /api/common/upload HTTP/1.1" 200 83
0:0:0:0:0:0:0:1 - - [23/Apr/2018:10:57:42 +0800] "POST /api/common/upload HTTP/1.1" 200 83
0:0:0:0:0:0:0:1 - - [23/Apr/2018:10:58:13 +0800] "POST /api/common/upload HTTP/1.1" 200 83
0:0:0:0:0:0:0:1 - - [23/Apr/2018:10:59:19 +0800] "POST /api/common/upload HTTP/1.1" 200 83
0:0:0:0:0:0:0:1 - - [23/Apr/2018:11:00:45 +0800] "OPTIONS /api/common/upload HTTP/1.1" 200 -
0:0:0:0:0:0:0:1 - - [23/Apr/2018:11:00:45 +0800] "POST /api/common/upload HTTP/1.1" 200 83
0:0:0:0:0:0:0:1 - - [23/Apr/2018:11:09:26 +0800] "POST /api/common/upload HTTP/1.1" 200 83
0:0:0:0:0:0:0:1 - - [23/Apr/2018:11:09:28 +0800] "GET /api/common/showImg?img=ef8393a4e33a4eccabe65060b68c9d17.png HTTP/1.1" 200 21504
0:0:0:0:0:0:0:1 - - [23/Apr/2018:11:09:44 +0800] "POST /api/common/upload HTTP/1.1" 200 83
0:0:0:0:0:0:0:1 - - [23/Apr/2018:11:10:09 +0800] "GET /api/backend/notice/1 HTTP/1.1" 500 139
0:0:0:0:0:0:0:1 - - [23/Apr/2018:11:10:18 +0800] "GET /api/common/verify HTTP/1.1" 200 3
0:0:0:0:0:0:0:1 - - [23/Apr/2018:11:10:19 +0800] "GET /api/common/verify HTTP/1.1" 200 3
0:0:0:0:0:0:0:1 - - [23/Apr/2018:11:10:19 +0800] "GET /api/common/showUserImage/guest?94.70349801143017 HTTP/1.1" 200 11264
0:0:0:0:0:0:0:1 - - [23/Apr/2018:11:10:19 +0800] "GET /api/common/notices HTTP/1.1" 200 1340
0:0:0:0:0:0:0:1 - - [23/Apr/2018:11:10:22 +0800] "GET /api/common/captcha?4.587846769630666 HTTP/1.1" 200 1756
0:0:0:0:0:0:0:1 - - [23/Apr/2018:11:10:28 +0800] "POST /api/user/login HTTP/1.1" 200 523
0:0:0:0:0:0:0:1 - - [23/Apr/2018:11:10:29 +0800] "GET /api/common/verify HTTP/1.1" 200 533
0:0:0:0:0:0:0:1 - - [23/Apr/2018:11:10:29 +0800] "GET /socket/websocket/root HTTP/1.1" 101 -
0:0:0:0:0:0:0:1 - - [23/Apr/2018:11:10:29 +0800] "GET /api/common/notices HTTP/1.1" 200 1340
0:0:0:0:0:0:0:1 - - [23/Apr/2018:11:10:29 +0800] "GET /api/userPrivate/chart/1 HTTP/1.1" 200 20
0:0:0:0:0:0:0:1 - - [23/Apr/2018:11:10:29 +0800] "GET /api/common/showUserImage/root?83.04951835238165 HTTP/1.1" 200 11264
0:0:0:0:0:0:0:1 - - [23/Apr/2018:11:10:32 +0800] "GET /api/common/verify HTTP/1.1" 200 533
0:0:0:0:0:0:0:1 - - [23/Apr/2018:11:10:34 +0800] "GET /api/common/verify HTTP/1.1" 200 533
0:0:0:0:0:0:0:1 - - [23/Apr/2018:11:10:34 +0800] "GET /api/backend/notice/1 HTTP/1.1" 200 1511
0:0:0:0:0:0:0:1 - - [23/Apr/2018:11:10:38 +0800] "POST /api/common/upload HTTP/1.1" 200 83
0:0:0:0:0:0:0:1 - - [23/Apr/2018:11:10:38 +0800] "GET /api/common/showImg?img=e5ed1ee7873a4dc3b2b123f1b71ed841.png HTTP/1.1" 200 21504
0:0:0:0:0:0:0:1 - - [23/Apr/2018:11:40:04 +0800] "OPTIONS /api/common/upload HTTP/1.1" 200 -
0:0:0:0:0:0:0:1 - - [23/Apr/2018:11:40:04 +0800] "POST /api/common/upload HTTP/1.1" 200 83
0:0:0:0:0:0:0:1 - - [23/Apr/2018:11:40:04 +0800] "GET /api/common/showImg?img=da2bd4c55eaa4b6b9e2532a2a9020726.png HTTP/1.1" 200 21504
0:0:0:0:0:0:0:1 - - [23/Apr/2018:11:40:10 +0800] "POST /api/backend/saveNotice HTTP/1.1" 200 19
0:0:0:0:0:0:0:1 - - [23/Apr/2018:11:40:10 +0800] "GET /api/backend/notice/1 HTTP/1.1" 200 1607
0:0:0:0:0:0:0:1 - - [23/Apr/2018:11:40:15 +0800] "GET /api/common/verify HTTP/1.1" 200 533
0:0:0:0:0:0:0:1 - - [23/Apr/2018:11:40:15 +0800] "GET /api/common/showUserImage/root?36.03627008844001 HTTP/1.1" 200 11264
0:0:0:0:0:0:0:1 - - [23/Apr/2018:11:40:16 +0800] "GET /api/userPrivate/submit/root/1 HTTP/1.1" 200 435
0:0:0:0:0:0:0:1 - - [23/Apr/2018:11:40:17 +0800] "GET /api/common/verify HTTP/1.1" 200 533
0:0:0:0:0:0:0:1 - - [23/Apr/2018:11:40:18 +0800] "GET /api/common/notices HTTP/1.1" 200 1436
0:0:0:0:0:0:0:1 - - [23/Apr/2018:11:40:18 +0800] "GET /api/userPrivate/chart/1 HTTP/1.1" 200 20
0:0:0:0:0:0:0:1 - - [23/Apr/2018:11:40:30 +0800] "GET /api/common/verify HTTP/1.1" 200 533
0:0:0:0:0:0:0:1 - - [23/Apr/2018:11:40:32 +0800] "GET /api/common/verify HTTP/1.1" 200 533
0:0:0:0:0:0:0:1 - - [23/Apr/2018:11:40:32 +0800] "GET /api/backend/notice/1 HTTP/1.1" 200 1607
0:0:0:0:0:0:0:1 - - [23/Apr/2018:11:40:40 +0800] "POST /api/backend/saveNotice HTTP/1.1" 200 19
0:0:0:0:0:0:0:1 - - [23/Apr/2018:11:40:40 +0800] "GET /api/backend/notice/1 HTTP/1.1" 200 1512
0:0:0:0:0:0:0:1 - - [23/Apr/2018:11:45:38 +0800] "GET /api/common/verify HTTP/1.1" 200 533
0:0:0:0:0:0:0:1 - - [23/Apr/2018:11:45:53 +0800] "POST /api/common/upload HTTP/1.1" 200 83
0:0:0:0:0:0:0:1 - - [23/Apr/2018:11:45:53 +0800] "GET /api/common/showImg?img=fcc8b3029b86449c8cb0e0a8fe4000f4.png HTTP/1.1" 200 21504
0:0:0:0:0:0:0:1 - - [23/Apr/2018:11:45:58 +0800] "POST /api/common/upload HTTP/1.1" 200 83
0:0:0:0:0:0:0:1 - - [23/Apr/2018:11:45:58 +0800] "GET /api/common/showImg?img=6b95c597d3c049dcbbee99ed4c3e35cc.png HTTP/1.1" 200 21504
0:0:0:0:0:0:0:1 - - [23/Apr/2018:11:46:05 +0800] "POST /api/common/upload HTTP/1.1" 200 83
0:0:0:0:0:0:0:1 - - [23/Apr/2018:11:46:05 +0800] "GET /api/common/showImg?img=7f40e7328a484559ae798cafcb5363de.png HTTP/1.1" 200 21504
0:0:0:0:0:0:0:1 - - [23/Apr/2018:11:46:30 +0800] "POST /api/backend/upload HTTP/1.1" 200 2
0:0:0:0:0:0:0:1 - - [23/Apr/2018:11:46:33 +0800] "POST /api/backend/createProblem HTTP/1.1" 200 36
0:0:0:0:0:0:0:1 - - [23/Apr/2018:11:46:41 +0800] "GET /api/common/verify HTTP/1.1" 200 533
0:0:0:0:0:0:0:1 - - [23/Apr/2018:11:46:41 +0800] "GET /api/common/showUserImage/root?9.454270556233379 HTTP/1.1" 200 11264
0:0:0:0:0:0:0:1 - - [23/Apr/2018:11:46:41 +0800] "GET /api/userPrivate/submit/root/1 HTTP/1.1" 200 435
0:0:0:0:0:0:0:1 - - [23/Apr/2018:11:46:42 +0800] "GET /api/common/verify HTTP/1.1" 200 533
0:0:0:0:0:0:0:1 - - [23/Apr/2018:11:46:43 +0800] "GET /api/common/problems/1 HTTP/1.1" 200 1288
0:0:0:0:0:0:0:1 - - [23/Apr/2018:11:46:46 +0800] "GET /api/common/verify HTTP/1.1" 200 533
0:0:0:0:0:0:0:1 - - [23/Apr/2018:11:46:46 +0800] "GET /api/common/coding/1002 HTTP/1.1" 200 1118
0:0:0:0:0:0:0:1 - - [23/Apr/2018:11:46:46 +0800] "GET /api/common/showImg?img=fcc8b3029b86449c8cb0e0a8fe4000f4.png HTTP/1.1" 200 21504
0:0:0:0:0:0:0:1 - - [23/Apr/2018:11:46:46 +0800] "GET /api/common/showImg?img=6b95c597d3c049dcbbee99ed4c3e35cc.png HTTP/1.1" 200 21504
0:0:0:0:0:0:0:1 - - [23/Apr/2018:11:46:46 +0800] "GET /api/common/showImg?img=7f40e7328a484559ae798cafcb5363de.png HTTP/1.1" 200 21504
0:0:0:0:0:0:0:1 - - [23/Apr/2018:11:47:05 +0800] "GET /api/common/verify HTTP/1.1" 200 533
0:0:0:0:0:0:0:1 - - [23/Apr/2018:11:47:06 +0800] "GET /api/common/problems/1 HTTP/1.1" 200 1288
0:0:0:0:0:0:0:1 - - [23/Apr/2018:11:47:06 +0800] "GET /api/common/verify HTTP/1.1" 200 533
0:0:0:0:0:0:0:1 - - [23/Apr/2018:11:47:07 +0800] "GET /api/common/coding/1001 HTTP/1.1" 200 838
0:0:0:0:0:0:0:1 - - [23/Apr/2018:11:47:10 +0800] "GET /api/common/verify HTTP/1.1" 200 533
0:0:0:0:0:0:0:1 - - [23/Apr/2018:11:47:10 +0800] "GET /api/common/problems/1 HTTP/1.1" 200 1288
0:0:0:0:0:0:0:1 - - [23/Apr/2018:11:47:12 +0800] "GET /api/common/verify HTTP/1.1" 200 533
0:0:0:0:0:0:0:1 - - [23/Apr/2018:11:47:12 +0800] "GET /api/common/coding/1002 HTTP/1.1" 200 1118
0:0:0:0:0:0:0:1 - - [23/Apr/2018:11:47:17 +0800] "POST /api/userPrivate/judge/1002 HTTP/1.1" 200 68
0:0:0:0:0:0:0:1 - - [23/Apr/2018:11:47:17 +0800] "GET /api/common/verify HTTP/1.1" 200 533
0:0:0:0:0:0:0:1 - - [23/Apr/2018:11:47:17 +0800] "GET /api/common/submit/1 HTTP/1.1" 200 578
0:0:0:0:0:0:0:1 - - [23/Apr/2018:11:47:20 +0800] "GET /api/common/verify HTTP/1.1" 200 533
0:0:0:0:0:0:0:1 - - [23/Apr/2018:11:47:21 +0800] "GET /api/common/rank/1 HTTP/1.1" 200 353
0:0:0:0:0:0:0:1 - - [23/Apr/2018:11:47:22 +0800] "GET /api/common/verify HTTP/1.1" 200 533
0:0:0:0:0:0:0:1 - - [23/Apr/2018:11:47:23 +0800] "GET /api/common/problems/1 HTTP/1.1" 200 1343
0:0:0:0:0:0:0:1 - - [23/Apr/2018:11:47:26 +0800] "GET /api/common/verify HTTP/1.1" 200 533
0:0:0:0:0:0:0:1 - - [23/Apr/2018:11:47:26 +0800] "GET /api/common/coding/1002 HTTP/1.1" 200 1141
0:0:0:0:0:0:0:1 - - [23/Apr/2018:11:50:44 +0800] "GET /api/common/verify HTTP/1.1" 200 533
0:0:0:0:0:0:0:1 - - [23/Apr/2018:11:50:45 +0800] "GET /api/common/rank/1 HTTP/1.1" 200 353
0:0:0:0:0:0:0:1 - - [23/Apr/2018:11:50:46 +0800] "GET /api/common/verify HTTP/1.1" 200 533
0:0:0:0:0:0:0:1 - - [23/Apr/2018:11:50:47 +0800] "GET /api/common/contest/1 HTTP/1.1" 200 769
0:0:0:0:0:0:0:1 - - [23/Apr/2018:11:50:47 +0800] "GET /api/common/verify HTTP/1.1" 200 533
0:0:0:0:0:0:0:1 - - [23/Apr/2018:11:50:47 +0800] "GET /api/common/submit/1 HTTP/1.1" 200 610
0:0:0:0:0:0:0:1 - - [23/Apr/2018:11:50:50 +0800] "GET /api/common/verify HTTP/1.1" 200 533
0:0:0:0:0:0:0:1 - - [23/Apr/2018:11:50:50 +0800] "GET /api/common/problems/1 HTTP/1.1" 200 1343
0:0:0:0:0:0:0:1 - - [23/Apr/2018:11:50:53 +0800] "GET /api/common/verify HTTP/1.1" 200 533
0:0:0:0:0:0:0:1 - - [23/Apr/2018:11:50:53 +0800] "GET /api/common/notices HTTP/1.1" 200 1341
0:0:0:0:0:0:0:1 - - [23/Apr/2018:11:50:53 +0800] "GET /api/userPrivate/chart/1 HTTP/1.1" 200 20
0:0:0:0:0:0:0:1 - - [23/Apr/2018:11:55:55 +0800] "GET /api/common/verify HTTP/1.1" 200 533
0:0:0:0:0:0:0:1 - - [23/Apr/2018:11:56:10 +0800] "GET /api/common/verify HTTP/1.1" 200 533
0:0:0:0:0:0:0:1 - - [23/Apr/2018:11:56:14 +0800] "GET /api/common/verify HTTP/1.1" 200 533
0:0:0:0:0:0:0:1 - - [23/Apr/2018:12:17:23 +0800] "GET /api/common/verify HTTP/1.1" 200 533
0:0:0:0:0:0:0:1 - - [23/Apr/2018:12:17:32 +0800] "GET /api/common/verify HTTP/1.1" 200 533
0:0:0:0:0:0:0:1 - - [23/Apr/2018:12:17:32 +0800] "GET /socket/websocket/root HTTP/1.1" 101 -
0:0:0:0:0:0:0:1 - - [23/Apr/2018:12:18:20 +0800] "GET /api/common/verify HTTP/1.1" 200 533
0:0:0:0:0:0:0:1 - - [23/Apr/2018:12:18:26 +0800] "GET /api/common/verify HTTP/1.1" 200 533
0:0:0:0:0:0:0:1 - - [23/Apr/2018:12:18:28 +0800] "GET /api/common/verify HTTP/1.1" 200 533
0:0:0:0:0:0:0:1 - - [23/Apr/2018:12:19:39 +0800] "GET /api/common/verify HTTP/1.1" 200 533
0:0:0:0:0:0:0:1 - - [23/Apr/2018:12:19:41 +0800] "GET /api/common/verify HTTP/1.1" 200 533
0:0:0:0:0:0:0:1 - - [23/Apr/2018:12:19:43 +0800] "GET /api/common/verify HTTP/1.1" 200 533
0:0:0:0:0:0:0:1 - - [23/Apr/2018:12:19:43 +0800] "GET /api/backend/notice/1 HTTP/1.1" 200 1512
0:0:0:0:0:0:0:1 - - [23/Apr/2018:12:19:45 +0800] "GET /api/common/verify HTTP/1.1" 200 533
0:0:0:0:0:0:0:1 - - [23/Apr/2018:12:23:30 +0800] "GET /api/common/verify HTTP/1.1" 200 533
0:0:0:0:0:0:0:1 - - [23/Apr/2018:12:23:30 +0800] "GET /socket/websocket/root HTTP/1.1" 101 -
0:0:0:0:0:0:0:1 - - [23/Apr/2018:12:23:38 +0800] "GET /api/common/verify HTTP/1.1" 200 533
0:0:0:0:0:0:0:1 - - [23/Apr/2018:12:24:30 +0800] "GET /api/common/verify HTTP/1.1" 200 533
0:0:0:0:0:0:0:1 - - [23/Apr/2018:12:24:34 +0800] "GET /api/common/verify HTTP/1.1" 200 533
0:0:0:0:0:0:0:1 - - [23/Apr/2018:12:24:39 +0800] "GET /api/common/verify HTTP/1.1" 200 533
0:0:0:0:0:0:0:1 - - [23/Apr/2018:12:24:43 +0800] "GET /api/common/verify HTTP/1.1" 200 533
0:0:0:0:0:0:0:1 - - [23/Apr/2018:12:24:52 +0800] "GET /api/common/verify HTTP/1.1" 200 533
0:0:0:0:0:0:0:1 - - [23/Apr/2018:12:24:54 +0800] "GET /api/common/verify HTTP/1.1" 200 533
0:0:0:0:0:0:0:1 - - [23/Apr/2018:12:27:34 +0800] "GET /api/common/verify HTTP/1.1" 200 533
0:0:0:0:0:0:0:1 - - [23/Apr/2018:12:30:06 +0800] "GET /api/common/verify HTTP/1.1" 200 533
0:0:0:0:0:0:0:1 - - [23/Apr/2018:12:30:08 +0800] "GET /api/common/verify HTTP/1.1" 200 533
0:0:0:0:0:0:0:1 - - [23/Apr/2018:12:31:25 +0800] "GET /api/common/verify HTTP/1.1" 200 533
0:0:0:0:0:0:0:1 - - [23/Apr/2018:12:31:28 +0800] "GET /api/common/verify HTTP/1.1" 200 533
0:0:0:0:0:0:0:1 - - [23/Apr/2018:12:33:08 +0800] "GET /api/common/verify HTTP/1.1" 200 533
0:0:0:0:0:0:0:1 - - [23/Apr/2018:12:33:11 +0800] "GET /api/common/verify HTTP/1.1" 200 533
0:0:0:0:0:0:0:1 - - [23/Apr/2018:12:33:11 +0800] "GET /socket/websocket/root HTTP/1.1" 101 -
0:0:0:0:0:0:0:1 - - [23/Apr/2018:12:35:59 +0800] "GET /api/common/verify HTTP/1.1" 200 533
0:0:0:0:0:0:0:1 - - [23/Apr/2018:12:35:59 +0800] "GET /socket/websocket/root HTTP/1.1" 101 -
0:0:0:0:0:0:0:1 - - [23/Apr/2018:12:36:01 +0800] "GET /api/common/verify HTTP/1.1" 200 533
0:0:0:0:0:0:0:1 - - [23/Apr/2018:12:36:05 +0800] "GET /api/common/verify HTTP/1.1" 200 533
0:0:0:0:0:0:0:1 - - [23/Apr/2018:12:36:43 +0800] "GET /api/common/verify HTTP/1.1" 200 533
0:0:0:0:0:0:0:1 - - [23/Apr/2018:12:36:47 +0800] "GET /api/common/verify HTTP/1.1" 200 533
0:0:0:0:0:0:0:1 - - [23/Apr/2018:12:37:03 +0800] "GET /api/common/verify HTTP/1.1" 200 533
0:0:0:0:0:0:0:1 - - [23/Apr/2018:12:37:10 +0800] "GET /api/common/verify HTTP/1.1" 200 533
0:0:0:0:0:0:0:1 - - [23/Apr/2018:12:37:28 +0800] "GET /api/common/verify HTTP/1.1" 200 533
0:0:0:0:0:0:0:1 - - [23/Apr/2018:12:39:02 +0800] "GET /api/common/verify HTTP/1.1" 200 533
0:0:0:0:0:0:0:1 - - [23/Apr/2018:12:39:02 +0800] "GET /socket/websocket/root HTTP/1.1" 101 -
0:0:0:0:0:0:0:1 - - [23/Apr/2018:12:40:17 +0800] "GET /api/common/verify HTTP/1.1" 200 533
0:0:0:0:0:0:0:1 - - [23/Apr/2018:12:40:37 +0800] "GET /api/common/verify HTTP/1.1" 200 533
0:0:0:0:0:0:0:1 - - [23/Apr/2018:12:40:37 +0800] "GET /socket/websocket/root HTTP/1.1" 101 -
0:0:0:0:0:0:0:1 - - [23/Apr/2018:12:40:39 +0800] "GET /api/common/verify HTTP/1.1" 200 533
0:0:0:0:0:0:0:1 - - [23/Apr/2018:12:40:42 +0800] "GET /api/common/verify HTTP/1.1" 200 533
0:0:0:0:0:0:0:1 - - [23/Apr/2018:12:50:39 +0800] "GET /api/common/verify HTTP/1.1" 200 533
0:0:0:0:0:0:0:1 - - [23/Apr/2018:12:50:39 +0800] "GET /socket/websocket/root HTTP/1.1" 101 -
0:0:0:0:0:0:0:1 - - [23/Apr/2018:12:55:06 +0800] "GET /api/backend/problemList HTTP/1.1" 404 127
0:0:0:0:0:0:0:1 - - [23/Apr/2018:13:06:17 +0800] "GET /api/backend/problemList HTTP/1.1" 404 127
0:0:0:0:0:0:0:1 - - [23/Apr/2018:13:06:34 +0800] "GET /api/backend/problemList HTTP/1.1" 404 127
0:0:0:0:0:0:0:1 - - [23/Apr/2018:13:07:29 +0800] "GET /api/backend/problemList HTTP/1.1" 404 127
0:0:0:0:0:0:0:1 - - [23/Apr/2018:13:07:56 +0800] "GET /api/common/verify HTTP/1.1" 200 533
0:0:0:0:0:0:0:1 - - [23/Apr/2018:13:07:56 +0800] "GET /socket/websocket/root HTTP/1.1" 101 -
0:0:0:0:0:0:0:1 - - [23/Apr/2018:13:07:56 +0800] "GET /api/backend/problemList HTTP/1.1" 404 127
0:0:0:0:0:0:0:1 - - [23/Apr/2018:13:10:14 +0800] "GET /api/backend/problemList HTTP/1.1" 404 127
0:0:0:0:0:0:0:1 - - [23/Apr/2018:13:10:38 +0800] "GET /api/backend/problemList/1 HTTP/1.1" 404 129
0:0:0:0:0:0:0:1 - - [23/Apr/2018:13:13:19 +0800] "GET /api/common/verify HTTP/1.1" 200 533
0:0:0:0:0:0:0:1 - - [23/Apr/2018:13:13:19 +0800] "GET /socket/websocket/root HTTP/1.1" 101 -
0:0:0:0:0:0:0:1 - - [23/Apr/2018:13:13:33 +0800] "GET /api/common/verify HTTP/1.1" 200 533
0:0:0:0:0:0:0:1 - - [23/Apr/2018:13:13:33 +0800] "GET /socket/websocket/root HTTP/1.1" 101 -
0:0:0:0:0:0:0:1 - - [23/Apr/2018:13:13:49 +0800] "GET /api/common/verify HTTP/1.1" 200 533
0:0:0:0:0:0:0:1 - - [23/Apr/2018:13:13:53 +0800] "GET /api/common/verify HTTP/1.1" 200 533
0:0:0:0:0:0:0:1 - - [23/Apr/2018:13:13:53 +0800] "GET /socket/websocket/root HTTP/1.1" 101 -
0:0:0:0:0:0:0:1 - - [23/Apr/2018:13:13:59 +0800] "GET /api/common/verify HTTP/1.1" 200 533
0:0:0:0:0:0:0:1 - - [23/Apr/2018:13:14:30 +0800] "GET /api/common/verify HTTP/1.1" 200 533
0:0:0:0:0:0:0:1 - - [23/Apr/2018:13:14:30 +0800] "GET /socket/websocket/root HTTP/1.1" 101 -
0:0:0:0:0:0:0:1 - - [23/Apr/2018:13:14:30 +0800] "GET /api/backend/problemList/1 HTTP/1.1" 200 662
0:0:0:0:0:0:0:1 - - [23/Apr/2018:13:16:47 +0800] "GET /api/backend/problemList/1 HTTP/1.1" 200 662
0:0:0:0:0:0:0:1 - - [23/Apr/2018:13:16:59 +0800] "GET /api/backend/problemList/1 HTTP/1.1" 200 662
0:0:0:0:0:0:0:1 - - [23/Apr/2018:13:17:50 +0800] "GET /api/common/verify HTTP/1.1" 200 533
0:0:0:0:0:0:0:1 - - [23/Apr/2018:13:17:50 +0800] "GET /socket/websocket/root HTTP/1.1" 101 -
0:0:0:0:0:0:0:1 - - [23/Apr/2018:13:17:50 +0800] "GET /api/backend/problemList/1 HTTP/1.1" 200 686
0:0:0:0:0:0:0:1 - - [23/Apr/2018:13:25:22 +0800] "GET /api/backend/problemList/1 HTTP/1.1" 200 686
0:0:0:0:0:0:0:1 - - [23/Apr/2018:13:26:05 +0800] "GET /api/backend/problemList/1 HTTP/1.1" 200 686
0:0:0:0:0:0:0:1 - - [23/Apr/2018:13:27:32 +0800] "GET /api/backend/problemList/1 HTTP/1.1" 200 686
0:0:0:0:0:0:0:1 - - [23/Apr/2018:13:28:07 +0800] "GET /api/backend/problemList/1 HTTP/1.1" 200 686
0:0:0:0:0:0:0:1 - - [23/Apr/2018:13:31:51 +0800] "GET /api/backend/problemList/1 HTTP/1.1" 200 686
0:0:0:0:0:0:0:1 - - [23/Apr/2018:13:34:49 +0800] "GET /api/common/verify HTTP/1.1" 200 533
0:0:0:0:0:0:0:1 - - [23/Apr/2018:13:34:49 +0800] "GET /socket/websocket/root HTTP/1.1" 101 -
0:0:0:0:0:0:0:1 - - [23/Apr/2018:13:34:49 +0800] "GET /api/backend/problemList/1 HTTP/1.1" 200 686
0:0:0:0:0:0:0:1 - - [23/Apr/2018:13:34:53 +0800] "POST /api/backend/changeShowProblem HTTP/1.1" 200 19
0:0:0:0:0:0:0:1 - - [23/Apr/2018:13:35:08 +0800] "POST /api/backend/changeShowProblem HTTP/1.1" 200 19
0:0:0:0:0:0:0:1 - - [23/Apr/2018:13:35:09 +0800] "POST /api/backend/changeShowProblem HTTP/1.1" 200 19
0:0:0:0:0:0:0:1 - - [23/Apr/2018:13:35:21 +0800] "POST /api/backend/changeShowProblem HTTP/1.1" 200 19
0:0:0:0:0:0:0:1 - - [23/Apr/2018:13:35:21 +0800] "POST /api/backend/changeShowProblem HTTP/1.1" 200 19
0:0:0:0:0:0:0:1 - - [23/Apr/2018:13:35:21 +0800] "POST /api/backend/changeShowProblem HTTP/1.1" 200 19
0:0:0:0:0:0:0:1 - - [23/Apr/2018:13:38:30 +0800] "GET /api/backend/problemList/1 HTTP/1.1" 200 686
0:0:0:0:0:0:0:1 - - [23/Apr/2018:13:39:31 +0800] "GET /api/common/verify HTTP/1.1" 200 533
0:0:0:0:0:0:0:1 - - [23/Apr/2018:13:39:31 +0800] "GET /socket/websocket/root HTTP/1.1" 101 -
0:0:0:0:0:0:0:1 - - [23/Apr/2018:13:39:31 +0800] "GET /api/backend/problemList/1 HTTP/1.1" 200 686
0:0:0:0:0:0:0:1 - - [23/Apr/2018:13:39:34 +0800] "GET /api/common/verify HTTP/1.1" 200 533
0:0:0:0:0:0:0:1 - - [23/Apr/2018:13:39:37 +0800] "GET /api/common/verify HTTP/1.1" 200 533
0:0:0:0:0:0:0:1 - - [23/Apr/2018:13:39:38 +0800] "GET /api/backend/problemList/1 HTTP/1.1" 200 686
0:0:0:0:0:0:0:1 - - [23/Apr/2018:13:44:38 +0800] "GET /api/common/verify HTTP/1.1" 200 533
0:0:0:0:0:0:0:1 - - [23/Apr/2018:13:44:40 +0800] "GET /api/common/verify HTTP/1.1" 200 533
0:0:0:0:0:0:0:1 - - [23/Apr/2018:13:44:41 +0800] "GET /api/backend/problemList/1 HTTP/1.1" 200 686
0:0:0:0:0:0:0:1 - - [23/Apr/2018:13:45:44 +0800] "GET /api/common/verify HTTP/1.1" 200 533
0:0:0:0:0:0:0:1 - - [23/Apr/2018:13:45:46 +0800] "GET /api/common/verify HTTP/1.1" 200 533
0:0:0:0:0:0:0:1 - - [23/Apr/2018:13:45:47 +0800] "GET /api/backend/problemList/1 HTTP/1.1" 200 686
0:0:0:0:0:0:0:1 - - [23/Apr/2018:13:46:11 +0800] "GET /api/common/verify HTTP/1.1" 200 533
0:0:0:0:0:0:0:1 - - [23/Apr/2018:13:46:13 +0800] "GET /api/common/verify HTTP/1.1" 200 533
0:0:0:0:0:0:0:1 - - [23/Apr/2018:13:46:13 +0800] "GET /api/backend/problemList/1 HTTP/1.1" 200 686
0:0:0:0:0:0:0:1 - - [23/Apr/2018:13:46:17 +0800] "GET /api/common/verify HTTP/1.1" 200 533
0:0:0:0:0:0:0:1 - - [23/Apr/2018:13:46:19 +0800] "GET /api/common/verify HTTP/1.1" 200 533
0:0:0:0:0:0:0:1 - - [23/Apr/2018:13:46:20 +0800] "GET /api/backend/problemList/1 HTTP/1.1" 200 686
0:0:0:0:0:0:0:1 - - [23/Apr/2018:18:43:31 +0800] "GET /api/common/verify HTTP/1.1" 200 3
0:0:0:0:0:0:0:1 - - [23/Apr/2018:18:43:31 +0800] "GET /api/common/notices HTTP/1.1" 200 1341
0:0:0:0:0:0:0:1 - - [23/Apr/2018:18:43:31 +0800] "GET /api/common/showUserImage/guest?19.005147658154687 HTTP/1.1" 200 11264
0:0:0:0:0:0:0:1 - - [23/Apr/2018:18:44:05 +0800] "GET /api/common/notices HTTP/1.1" 200 1341
0:0:0:0:0:0:0:1 - - [23/Apr/2018:18:44:23 +0800] "GET /api/common/verify HTTP/1.1" 200 3
0:0:0:0:0:0:0:1 - - [23/Apr/2018:18:44:23 +0800] "GET /api/common/showUserImage/guest?38.545733778818246 HTTP/1.1" 200 11264
0:0:0:0:0:0:0:1 - - [23/Apr/2018:18:44:23 +0800] "GET /api/common/notices HTTP/1.1" 200 1341
0:0:0:0:0:0:0:1 - - [23/Apr/2018:18:44:42 +0800] "GET /api/common/captcha?74.38490282636452 HTTP/1.1" 200 1698
0:0:0:0:0:0:0:1 - - [23/Apr/2018:18:44:46 +0800] "POST /api/user/login HTTP/1.1" 200 523
0:0:0:0:0:0:0:1 - - [23/Apr/2018:18:44:47 +0800] "GET /api/common/verify HTTP/1.1" 200 533
0:0:0:0:0:0:0:1 - - [23/Apr/2018:18:44:48 +0800] "GET /socket/websocket/root HTTP/1.1" 101 -
0:0:0:0:0:0:0:1 - - [23/Apr/2018:18:44:48 +0800] "GET /api/common/notices HTTP/1.1" 200 1341
0:0:0:0:0:0:0:1 - - [23/Apr/2018:18:44:48 +0800] "GET /api/userPrivate/chart/1 HTTP/1.1" 200 20
0:0:0:0:0:0:0:1 - - [23/Apr/2018:18:44:48 +0800] "GET /api/common/showUserImage/root?25.46494518022573 HTTP/1.1" 200 11264
0:0:0:0:0:0:0:1 - - [23/Apr/2018:18:44:50 +0800] "GET /api/common/verify HTTP/1.1" 200 533
0:0:0:0:0:0:0:1 - - [23/Apr/2018:18:44:53 +0800] "GET /api/common/verify HTTP/1.1" 200 533
0:0:0:0:0:0:0:1 - - [23/Apr/2018:18:44:53 +0800] "GET /api/backend/problemList/1 HTTP/1.1" 200 686
0:0:0:0:0:0:0:1 - - [23/Apr/2018:18:45:05 +0800] "GET /api/common/verify HTTP/1.1" 200 533
0:0:0:0:0:0:0:1 - - [23/Apr/2018:18:47:31 +0800] "GET /api/common/verify HTTP/1.1" 200 533
0:0:0:0:0:0:0:1 - - [23/Apr/2018:18:47:56 +0800] "POST /api/backend/upload HTTP/1.1" 200 2
0:0:0:0:0:0:0:1 - - [23/Apr/2018:18:48:00 +0800] "POST /api/backend/createProblem HTTP/1.1" 200 36
0:0:0:0:0:0:0:1 - - [23/Apr/2018:18:48:02 +0800] "GET /api/common/verify HTTP/1.1" 200 533
0:0:0:0:0:0:0:1 - - [23/Apr/2018:18:48:03 +0800] "GET /api/backend/problemList/1 HTTP/1.1" 200 876
0:0:0:0:0:0:0:1 - - [23/Apr/2018:19:39:47 +0800] "GET /api/common/verify HTTP/1.1" 200 3
0:0:0:0:0:0:0:1 - - [23/Apr/2018:19:39:49 +0800] "GET /api/common/verify HTTP/1.1" 200 3
0:0:0:0:0:0:0:1 - - [23/Apr/2018:19:39:49 +0800] "GET /api/common/notices HTTP/1.1" 200 1341
0:0:0:0:0:0:0:1 - - [23/Apr/2018:19:39:49 +0800] "GET /api/common/showUserImage/guest?10.437124057171165 HTTP/1.1" 200 11264
0:0:0:0:0:0:0:1 - - [23/Apr/2018:19:39:52 +0800] "GET /api/common/captcha?38.363951680535216 HTTP/1.1" 200 2002
0:0:0:0:0:0:0:1 - - [23/Apr/2018:19:40:05 +0800] "POST /api/user/login HTTP/1.1" 200 523
0:0:0:0:0:0:0:1 - - [23/Apr/2018:19:40:06 +0800] "GET /api/common/verify HTTP/1.1" 200 533
0:0:0:0:0:0:0:1 - - [23/Apr/2018:19:40:06 +0800] "GET /socket/websocket/root HTTP/1.1" 101 -
0:0:0:0:0:0:0:1 - - [23/Apr/2018:19:40:06 +0800] "GET /api/common/notices HTTP/1.1" 200 1341
0:0:0:0:0:0:0:1 - - [23/Apr/2018:19:40:06 +0800] "GET /api/userPrivate/chart/1 HTTP/1.1" 200 20
0:0:0:0:0:0:0:1 - - [23/Apr/2018:19:40:06 +0800] "GET /api/common/showUserImage/root?57.206887857541844 HTTP/1.1" 200 11264
0:0:0:0:0:0:0:1 - - [23/Apr/2018:19:40:10 +0800] "GET /api/common/verify HTTP/1.1" 200 533
0:0:0:0:0:0:0:1 - - [23/Apr/2018:19:40:14 +0800] "GET /api/common/verify HTTP/1.1" 200 533
0:0:0:0:0:0:0:1 - - [23/Apr/2018:19:47:51 +0800] "GET /api/common/verify HTTP/1.1" 200 533
0:0:0:0:0:0:0:1 - - [23/Apr/2018:19:47:51 +0800] "GET /socket/websocket/root HTTP/1.1" 101 -
0:0:0:0:0:0:0:1 - - [23/Apr/2018:19:47:52 +0800] "GET /api/backend/problemList/1 HTTP/1.1" 200 876
0:0:0:0:0:0:0:1 - - [23/Apr/2018:19:47:54 +0800] "GET /api/common/verify HTTP/1.1" 200 533
0:0:0:0:0:0:0:1 - - [23/Apr/2018:19:47:55 +0800] "POST /api/backend/getEditProblem/1000 HTTP/1.1" 200 507
0:0:0:0:0:0:0:1 - - [23/Apr/2018:19:48:04 +0800] "GET /api/common/verify HTTP/1.1" 200 533
0:0:0:0:0:0:0:1 - - [23/Apr/2018:19:48:04 +0800] "GET /socket/websocket/root HTTP/1.1" 101 -
0:0:0:0:0:0:0:1 - - [23/Apr/2018:19:48:05 +0800] "POST /api/backend/getEditProblem/1000 HTTP/1.1" 200 507
0:0:0:0:0:0:0:1 - - [23/Apr/2018:19:48:19 +0800] "POST /api/backend/getEditProblem/1000 HTTP/1.1" 200 507
0:0:0:0:0:0:0:1 - - [23/Apr/2018:19:48:28 +0800] "POST /api/backend/getEditProblem/1000 HTTP/1.1" 200 507
0:0:0:0:0:0:0:1 - - [23/Apr/2018:20:12:05 +0800] "GET /api/common/verify HTTP/1.1" 200 533
0:0:0:0:0:0:0:1 - - [23/Apr/2018:20:12:05 +0800] "GET /socket/websocket/root HTTP/1.1" 101 -
0:0:0:0:0:0:0:1 - - [23/Apr/2018:20:12:05 +0800] "POST /api/backend/getEditProblem/1000 HTTP/1.1" 200 845
0:0:0:0:0:0:0:1 - - [23/Apr/2018:20:18:20 +0800] "POST /api/backend/getEditProblem/1000 HTTP/1.1" 200 845
0:0:0:0:0:0:0:1 - - [23/Apr/2018:20:20:04 +0800] "POST /api/backend/getEditProblem/1000 HTTP/1.1" 200 845
0:0:0:0:0:0:0:1 - - [23/Apr/2018:20:20:31 +0800] "POST /api/backend/getEditProblem/1000 HTTP/1.1" 200 845
0:0:0:0:0:0:0:1 - - [23/Apr/2018:20:20:43 +0800] "POST /api/backend/getEditProblem/1000 HTTP/1.1" 200 845
0:0:0:0:0:0:0:1 - - [23/Apr/2018:20:21:07 +0800] "POST /api/backend/getEditProblem/1000 HTTP/1.1" 200 845
0:0:0:0:0:0:0:1 - - [23/Apr/2018:20:21:26 +0800] "POST /api/backend/getEditProblem/1000 HTTP/1.1" 200 845
0:0:0:0:0:0:0:1 - - [23/Apr/2018:20:21:45 +0800] "POST /api/backend/getEditProblem/1000 HTTP/1.1" 200 845
0:0:0:0:0:0:0:1 - - [23/Apr/2018:20:27:20 +0800] "POST /api/backend/getEditProblem/1000 HTTP/1.1" 200 845
0:0:0:0:0:0:0:1 - - [23/Apr/2018:20:28:04 +0800] "POST /api/backend/getEditProblem/1000 HTTP/1.1" 200 845
0:0:0:0:0:0:0:1 - - [23/Apr/2018:20:28:26 +0800] "POST /api/backend/getEditProblem/1000 HTTP/1.1" 200 845
0:0:0:0:0:0:0:1 - - [23/Apr/2018:20:30:35 +0800] "POST /api/backend/getEditProblem/1000 HTTP/1.1" 200 845
0:0:0:0:0:0:0:1 - - [23/Apr/2018:20:31:04 +0800] "POST /api/backend/getEditProblem/1000 HTTP/1.1" 200 845
0:0:0:0:0:0:0:1 - - [23/Apr/2018:20:31:25 +0800] "POST /api/backend/getEditProblem/1000 HTTP/1.1" 200 845
0:0:0:0:0:0:0:1 - - [23/Apr/2018:20:31:50 +0800] "POST /api/backend/getEditProblem/1000 HTTP/1.1" 200 845
0:0:0:0:0:0:0:1 - - [23/Apr/2018:20:33:10 +0800] "POST /api/backend/getEditProblem/1000 HTTP/1.1" 200 845
0:0:0:0:0:0:0:1 - - [23/Apr/2018:20:46:08 +0800] "GET /api/common/verify HTTP/1.1" 200 533
0:0:0:0:0:0:0:1 - - [23/Apr/2018:20:46:08 +0800] "GET /socket/websocket/root HTTP/1.1" 101 -
0:0:0:0:0:0:0:1 - - [23/Apr/2018:20:46:09 +0800] "POST /api/backend/getEditProblem/1000 HTTP/1.1" 200 924
0:0:0:0:0:0:0:1 - - [23/Apr/2018:20:46:33 +0800] "POST /api/backend/getEditProblem/1000 HTTP/1.1" 200 924
0:0:0:0:0:0:0:1 - - [23/Apr/2018:20:46:41 +0800] "POST /api/backend/getEditProblem/1000 HTTP/1.1" 200 924
0:0:0:0:0:0:0:1 - - [23/Apr/2018:20:51:11 +0800] "GET /api/common/verify HTTP/1.1" 200 533
0:0:0:0:0:0:0:1 - - [23/Apr/2018:20:51:11 +0800] "GET /socket/websocket/root HTTP/1.1" 101 -
0:0:0:0:0:0:0:1 - - [23/Apr/2018:20:51:12 +0800] "POST /api/backend/getEditProblem/1000 HTTP/1.1" 200 924
0:0:0:0:0:0:0:1 - - [23/Apr/2018:20:51:57 +0800] "POST /api/backend/getEditProblem/1000 HTTP/1.1" 200 924
0:0:0:0:0:0:0:1 - - [23/Apr/2018:20:52:29 +0800] "POST /api/backend/getEditProblem/1000 HTTP/1.1" 200 924
0:0:0:0:0:0:0:1 - - [23/Apr/2018:20:52:55 +0800] "POST /api/backend/getEditProblem/1000 HTTP/1.1" 200 924
0:0:0:0:0:0:0:1 - - [23/Apr/2018:20:53:29 +0800] "POST /api/backend/getEditProblem/1000 HTTP/1.1" 200 924
0:0:0:0:0:0:0:1 - - [23/Apr/2018:20:53:50 +0800] "POST /api/backend/getEditProblem/1000 HTTP/1.1" 200 924
0:0:0:0:0:0:0:1 - - [23/Apr/2018:20:54:32 +0800] "POST /api/backend/getEditProblem/1000 HTTP/1.1" 200 924
0:0:0:0:0:0:0:1 - - [23/Apr/2018:20:56:09 +0800] "POST /api/backend/getEditProblem/1000 HTTP/1.1" 200 924
0:0:0:0:0:0:0:1 - - [23/Apr/2018:20:58:01 +0800] "POST /api/backend/getEditProblem/1000 HTTP/1.1" 200 924
0:0:0:0:0:0:0:1 - - [23/Apr/2018:20:59:40 +0800] "POST /api/backend/getEditProblem/1000 HTTP/1.1" 200 924
0:0:0:0:0:0:0:1 - - [23/Apr/2018:21:00:09 +0800] "POST /api/backend/getEditProblem/1000 HTTP/1.1" 200 924
0:0:0:0:0:0:0:1 - - [23/Apr/2018:21:03:15 +0800] "POST /api/backend/getEditProblem/1000 HTTP/1.1" 200 924
0:0:0:0:0:0:0:1 - - [23/Apr/2018:21:03:55 +0800] "POST /api/backend/getEditProblem/1000 HTTP/1.1" 200 924
0:0:0:0:0:0:0:1 - - [23/Apr/2018:21:04:24 +0800] "POST /api/backend/getEditProblem/1000 HTTP/1.1" 200 924
0:0:0:0:0:0:0:1 - - [23/Apr/2018:21:04:35 +0800] "POST /api/backend/getEditProblem/1000 HTTP/1.1" 200 924
0:0:0:0:0:0:0:1 - - [23/Apr/2018:21:04:47 +0800] "POST /api/backend/getEditProblem/1000 HTTP/1.1" 200 924
0:0:0:0:0:0:0:1 - - [23/Apr/2018:21:04:57 +0800] "POST /api/backend/getEditProblem/1000 HTTP/1.1" 200 924
0:0:0:0:0:0:0:1 - - [23/Apr/2018:21:05:47 +0800] "POST /api/backend/getEditProblem/1000 HTTP/1.1" 200 924
0:0:0:0:0:0:0:1 - - [23/Apr/2018:21:06:57 +0800] "POST /api/backend/getEditProblem/1000 HTTP/1.1" 200 924
0:0:0:0:0:0:0:1 - - [23/Apr/2018:21:07:24 +0800] "POST /api/backend/getEditProblem/1000 HTTP/1.1" 200 924
0:0:0:0:0:0:0:1 - - [23/Apr/2018:21:08:33 +0800] "POST /api/backend/getEditProblem/1000 HTTP/1.1" 200 924
0:0:0:0:0:0:0:1 - - [23/Apr/2018:21:08:50 +0800] "POST /api/backend/getEditProblem/1000 HTTP/1.1" 200 924
0:0:0:0:0:0:0:1 - - [23/Apr/2018:21:10:48 +0800] "POST /api/backend/getEditProblem/1000 HTTP/1.1" 200 924
0:0:0:0:0:0:0:1 - - [23/Apr/2018:21:12:04 +0800] "POST /api/backend/getEditProblem/1000 HTTP/1.1" 200 924
0:0:0:0:0:0:0:1 - - [23/Apr/2018:21:16:26 +0800] "POST /api/backend/getEditProblem/1000 HTTP/1.1" 200 924
0:0:0:0:0:0:0:1 - - [23/Apr/2018:21:34:47 +0800] "POST /api/backend/getEditProblem/1000 HTTP/1.1" 200 924
0:0:0:0:0:0:0:1 - - [23/Apr/2018:21:35:28 +0800] "GET /api/common/verify HTTP/1.1" 200 533
0:0:0:0:0:0:0:1 - - [23/Apr/2018:21:35:28 +0800] "GET /socket/websocket/root HTTP/1.1" 101 -
0:0:0:0:0:0:0:1 - - [23/Apr/2018:21:35:28 +0800] "POST /api/backend/getEditProblem/1000 HTTP/1.1" 200 997
0:0:0:0:0:0:0:1 - - [23/Apr/2018:21:36:23 +0800] "POST /api/backend/getEditProblem/1000 HTTP/1.1" 200 997
0:0:0:0:0:0:0:1 - - [23/Apr/2018:21:39:52 +0800] "POST /api/backend/getEditProblem/1000 HTTP/1.1" 200 997
0:0:0:0:0:0:0:1 - - [23/Apr/2018:21:39:56 +0800] "POST /error HTTP/1.1" 404 127
0:0:0:0:0:0:0:1 - - [23/Apr/2018:21:40:21 +0800] "POST /api/backend/editProblem HTTP/1.1" 200 29
0:0:0:0:0:0:0:1 - - [23/Apr/2018:21:41:15 +0800] "POST /api/backend/editProblem HTTP/1.1" 200 29
0:0:0:0:0:0:0:1 - - [23/Apr/2018:21:53:31 +0800] "POST /api/backend/editProblem HTTP/1.1" 200 29
0:0:0:0:0:0:0:1 - - [23/Apr/2018:21:54:19 +0800] "POST /api/backend/editProblem HTTP/1.1" 200 29
0:0:0:0:0:0:0:1 - - [23/Apr/2018:21:56:53 +0800] "POST /api/backend/getEditProblem/1000 HTTP/1.1" 200 1115
0:0:0:0:0:0:0:1 - - [23/Apr/2018:21:57:00 +0800] "POST /api/backend/editProblem HTTP/1.1" 200 29
0:0:0:0:0:0:0:1 - - [23/Apr/2018:21:57:00 +0800] "GET /api/common/verify HTTP/1.1" 200 533
0:0:0:0:0:0:0:1 - - [23/Apr/2018:21:57:00 +0800] "GET /socket/websocket/root HTTP/1.1" 101 -
0:0:0:0:0:0:0:1 - - [23/Apr/2018:21:57:01 +0800] "GET /api/backend/problemList/1 HTTP/1.1" 200 878
0:0:0:0:0:0:0:1 - - [23/Apr/2018:21:57:21 +0800] "GET /api/common/verify HTTP/1.1" 200 533
0:0:0:0:0:0:0:1 - - [23/Apr/2018:21:57:22 +0800] "POST /api/backend/getEditProblem/1003 HTTP/1.1" 200 877
0:0:0:0:0:0:0:1 - - [23/Apr/2018:21:57:32 +0800] "POST /api/backend/editProblem HTTP/1.1" 200 29
0:0:0:0:0:0:0:1 - - [23/Apr/2018:21:57:32 +0800] "GET /api/common/verify HTTP/1.1" 200 533
0:0:0:0:0:0:0:1 - - [23/Apr/2018:21:57:33 +0800] "GET /api/backend/problemList/1 HTTP/1.1" 200 878
0:0:0:0:0:0:0:1 - - [23/Apr/2018:21:57:36 +0800] "GET /api/common/verify HTTP/1.1" 200 533
0:0:0:0:0:0:0:1 - - [23/Apr/2018:21:57:36 +0800] "POST /api/backend/getEditProblem/1003 HTTP/1.1" 200 952
0:0:0:0:0:0:0:1 - - [23/Apr/2018:21:57:55 +0800] "GET /api/common/verify HTTP/1.1" 200 533
0:0:0:0:0:0:0:1 - - [23/Apr/2018:21:57:55 +0800] "GET /api/backend/problemList/1 HTTP/1.1" 200 878
0:0:0:0:0:0:0:1 - - [23/Apr/2018:21:58:00 +0800] "GET /api/common/verify HTTP/1.1" 200 533
0:0:0:0:0:0:0:1 - - [23/Apr/2018:21:58:26 +0800] "POST /api/backend/upload HTTP/1.1" 200 2
0:0:0:0:0:0:0:1 - - [23/Apr/2018:21:58:33 +0800] "POST /api/backend/createProblem HTTP/1.1" 200 36
0:0:0:0:0:0:0:1 - - [23/Apr/2018:21:58:33 +0800] "GET /api/common/verify HTTP/1.1" 200 533
0:0:0:0:0:0:0:1 - - [23/Apr/2018:21:58:33 +0800] "GET /api/backend/problemList/1 HTTP/1.1" 200 1083
0:0:0:0:0:0:0:1 - - [23/Apr/2018:21:58:36 +0800] "GET /api/common/verify HTTP/1.1" 200 533
0:0:0:0:0:0:0:1 - - [23/Apr/2018:21:58:37 +0800] "POST /api/backend/getEditProblem/1004 HTTP/1.1" 200 934
0:0:0:0:0:0:0:1 - - [23/Apr/2018:21:59:41 +0800] "POST /api/backend/upload HTTP/1.1" 200 2
0:0:0:0:0:0:0:1 - - [23/Apr/2018:21:59:45 +0800] "POST /api/backend/editProblem HTTP/1.1" 200 29
0:0:0:0:0:0:0:1 - - [23/Apr/2018:21:59:45 +0800] "GET /api/common/verify HTTP/1.1" 200 533
0:0:0:0:0:0:0:1 - - [23/Apr/2018:21:59:45 +0800] "GET /api/backend/problemList/1 HTTP/1.1" 200 1083
