0:0:0:0:0:0:0:1 - - [17/Apr/2018:09:50:34 +0800] "GET /common/notices HTTP/1.1" 200 770
0:0:0:0:0:0:0:1 - - [17/Apr/2018:09:50:34 +0800] "GET /favicon.ico HTTP/1.1" 404 115
0:0:0:0:0:0:0:1 - - [17/Apr/2018:09:51:19 +0800] "GET /common/verify HTTP/1.1" 200 3
0:0:0:0:0:0:0:1 - - [17/Apr/2018:09:51:19 +0800] "GET /common/notices HTTP/1.1" 200 770
0:0:0:0:0:0:0:1 - - [17/Apr/2018:09:51:26 +0800] "GET /common/verify HTTP/1.1" 200 3
0:0:0:0:0:0:0:1 - - [17/Apr/2018:09:51:26 +0800] "GET /common/problems/1 HTTP/1.1" 200 4315
0:0:0:0:0:0:0:1 - - [17/Apr/2018:09:51:32 +0800] "GET /common/captcha?26.91388041468241 HTTP/1.1" 200 1682
0:0:0:0:0:0:0:1 - - [17/Apr/2018:09:51:40 +0800] "GET /common/captcha?5749.871365385712 HTTP/1.1" 200 1824
0:0:0:0:0:0:0:1 - - [17/Apr/2018:09:51:41 +0800] "GET /common/captcha?3606.6640115885493 HTTP/1.1" 200 1751
0:0:0:0:0:0:0:1 - - [17/Apr/2018:09:51:44 +0800] "POST /user/login HTTP/1.1" 200 190
0:0:0:0:0:0:0:1 - - [17/Apr/2018:09:51:49 +0800] "GET /common/verify HTTP/1.1" 200 160
0:0:0:0:0:0:0:1 - - [17/Apr/2018:09:51:49 +0800] "GET /websocket/siney HTTP/1.1" 101 -
0:0:0:0:0:0:0:1 - - [17/Apr/2018:09:51:49 +0800] "GET /common/notices HTTP/1.1" 200 770
0:0:0:0:0:0:0:1 - - [17/Apr/2018:09:51:49 +0800] "GET /userPrivate/chart/2 HTTP/1.1" 200 20
0:0:0:0:0:0:0:1 - - [17/Apr/2018:09:51:54 +0800] "GET /common/verify HTTP/1.1" 200 160
0:0:0:0:0:0:0:1 - - [17/Apr/2018:09:51:56 +0800] "GET /common/verify HTTP/1.1" 200 160
0:0:0:0:0:0:0:1 - - [17/Apr/2018:09:51:56 +0800] "GET /common/notices HTTP/1.1" 200 770
0:0:0:0:0:0:0:1 - - [17/Apr/2018:09:51:56 +0800] "GET /userPrivate/chart/2 HTTP/1.1" 200 20
0:0:0:0:0:0:0:1 - - [17/Apr/2018:09:52:00 +0800] "GET /common/verify HTTP/1.1" 200 160
0:0:0:0:0:0:0:1 - - [17/Apr/2018:09:52:01 +0800] "GET /userPrivate/submit/siney/1 HTTP/1.1" 200 1884
0:0:0:0:0:0:0:1 - - [17/Apr/2018:09:52:03 +0800] "GET /common/verify HTTP/1.1" 200 160
0:0:0:0:0:0:0:1 - - [17/Apr/2018:09:52:04 +0800] "GET /common/problems/1 HTTP/1.1" 200 4773
0:0:0:0:0:0:0:1 - - [17/Apr/2018:09:52:19 +0800] "GET /common/verify HTTP/1.1" 200 160
0:0:0:0:0:0:0:1 - - [17/Apr/2018:09:52:19 +0800] "GET /common/problems/2 HTTP/1.1" 200 2350
0:0:0:0:0:0:0:1 - - [17/Apr/2018:09:52:37 +0800] "GET /common/verify HTTP/1.1" 200 160
0:0:0:0:0:0:0:1 - - [17/Apr/2018:09:52:38 +0800] "GET /common/problems/1 HTTP/1.1" 200 4773
0:0:0:0:0:0:0:1 - - [17/Apr/2018:09:52:49 +0800] "GET /common/verify HTTP/1.1" 200 160
0:0:0:0:0:0:0:1 - - [17/Apr/2018:09:52:49 +0800] "GET /websocket/siney HTTP/1.1" 101 -
0:0:0:0:0:0:0:1 - - [17/Apr/2018:09:52:49 +0800] "GET /common/problems/1 HTTP/1.1" 200 4773
0:0:0:0:0:0:0:1 - - [17/Apr/2018:09:53:19 +0800] "GET /common/verify HTTP/1.1" 200 160
0:0:0:0:0:0:0:1 - - [17/Apr/2018:09:53:19 +0800] "GET /common/problems/2 HTTP/1.1" 200 2350
0:0:0:0:0:0:0:1 - - [17/Apr/2018:09:55:17 +0800] "GET /common/problems/2 HTTP/1.1" 200 2350
0:0:0:0:0:0:0:1 - - [17/Apr/2018:09:57:11 +0800] "GET /common/verify HTTP/1.1" 200 160
0:0:0:0:0:0:0:1 - - [17/Apr/2018:09:57:11 +0800] "GET /websocket/siney HTTP/1.1" 101 -
0:0:0:0:0:0:0:1 - - [17/Apr/2018:09:57:11 +0800] "GET /common/problems/2 HTTP/1.1" 200 2350
0:0:0:0:0:0:0:1 - - [17/Apr/2018:09:57:46 +0800] "GET /common/problems/2 HTTP/1.1" 200 2350
0:0:0:0:0:0:0:1 - - [17/Apr/2018:09:58:20 +0800] "GET /common/problems/2 HTTP/1.1" 200 2350
0:0:0:0:0:0:0:1 - - [17/Apr/2018:09:58:33 +0800] "GET /common/problems/2 HTTP/1.1" 200 2350
0:0:0:0:0:0:0:1 - - [17/Apr/2018:09:58:34 +0800] "GET /common/verify HTTP/1.1" 200 160
0:0:0:0:0:0:0:1 - - [17/Apr/2018:09:58:34 +0800] "GET /common/problems/1 HTTP/1.1" 200 4773
0:0:0:0:0:0:0:1 - - [17/Apr/2018:09:58:36 +0800] "GET /common/verify HTTP/1.1" 200 160
0:0:0:0:0:0:0:1 - - [17/Apr/2018:09:58:36 +0800] "GET /common/problems/2 HTTP/1.1" 200 2350
0:0:0:0:0:0:0:1 - - [17/Apr/2018:09:58:46 +0800] "GET /common/verify HTTP/1.1" 200 160
0:0:0:0:0:0:0:1 - - [17/Apr/2018:09:58:46 +0800] "GET /common/problems/1 HTTP/1.1" 200 4773
0:0:0:0:0:0:0:1 - - [17/Apr/2018:09:58:48 +0800] "GET /common/verify HTTP/1.1" 200 160
0:0:0:0:0:0:0:1 - - [17/Apr/2018:09:58:48 +0800] "GET /common/problems/2 HTTP/1.1" 200 2350
0:0:0:0:0:0:0:1 - - [17/Apr/2018:09:59:17 +0800] "GET /common/verify HTTP/1.1" 200 160
0:0:0:0:0:0:0:1 - - [17/Apr/2018:09:59:17 +0800] "GET /common/problems/1 HTTP/1.1" 200 4773
0:0:0:0:0:0:0:1 - - [17/Apr/2018:10:03:51 +0800] "GET /common/verify HTTP/1.1" 200 160
0:0:0:0:0:0:0:1 - - [17/Apr/2018:10:04:31 +0800] "GET /common/verify HTTP/1.1" 200 160
0:0:0:0:0:0:0:1 - - [17/Apr/2018:10:04:31 +0800] "GET /userPrivate/chart/2 HTTP/1.1" 200 20
0:0:0:0:0:0:0:1 - - [17/Apr/2018:10:04:31 +0800] "GET /common/notices HTTP/1.1" 200 770
0:0:0:0:0:0:0:1 - - [17/Apr/2018:10:04:54 +0800] "GET /common/verify HTTP/1.1" 200 160
0:0:0:0:0:0:0:1 - - [17/Apr/2018:10:04:54 +0800] "GET /common/problems/1 HTTP/1.1" 200 4773
0:0:0:0:0:0:0:1 - - [17/Apr/2018:10:04:57 +0800] "GET /common/verify HTTP/1.1" 200 160
0:0:0:0:0:0:0:1 - - [17/Apr/2018:10:04:57 +0800] "GET /common/problems/2 HTTP/1.1" 200 2350
0:0:0:0:0:0:0:1 - - [17/Apr/2018:10:04:58 +0800] "GET /common/verify HTTP/1.1" 200 160
0:0:0:0:0:0:0:1 - - [17/Apr/2018:10:04:58 +0800] "GET /common/problems/1 HTTP/1.1" 200 4773
0:0:0:0:0:0:0:1 - - [17/Apr/2018:10:05:00 +0800] "GET /common/verify HTTP/1.1" 200 160
0:0:0:0:0:0:0:1 - - [17/Apr/2018:10:05:00 +0800] "GET /common/problems/2 HTTP/1.1" 200 2350
0:0:0:0:0:0:0:1 - - [17/Apr/2018:10:05:03 +0800] "GET /common/verify HTTP/1.1" 200 160
0:0:0:0:0:0:0:1 - - [17/Apr/2018:10:05:03 +0800] "GET /common/rank/1 HTTP/1.1" 200 679
0:0:0:0:0:0:0:1 - - [17/Apr/2018:10:05:14 +0800] "GET /common/verify HTTP/1.1" 200 160
0:0:0:0:0:0:0:1 - - [17/Apr/2018:10:05:14 +0800] "GET /common/submit/1 HTTP/1.1" 200 1883
0:0:0:0:0:0:0:1 - - [17/Apr/2018:10:05:17 +0800] "GET /common/verify HTTP/1.1" 200 160
0:0:0:0:0:0:0:1 - - [17/Apr/2018:10:05:17 +0800] "GET /common/rank/1 HTTP/1.1" 200 679
0:0:0:0:0:0:0:1 - - [17/Apr/2018:10:05:23 +0800] "GET /common/verify HTTP/1.1" 200 160
0:0:0:0:0:0:0:1 - - [17/Apr/2018:10:05:23 +0800] "GET /common/problems/1 HTTP/1.1" 200 4773
0:0:0:0:0:0:0:1 - - [17/Apr/2018:10:05:27 +0800] "GET /common/verify HTTP/1.1" 200 160
0:0:0:0:0:0:0:1 - - [17/Apr/2018:10:05:28 +0800] "GET /userPrivate/chart/2 HTTP/1.1" 200 20
0:0:0:0:0:0:0:1 - - [17/Apr/2018:10:05:28 +0800] "GET /common/notices HTTP/1.1" 200 770
0:0:0:0:0:0:0:1 - - [17/Apr/2018:10:05:37 +0800] "GET /common/verify HTTP/1.1" 200 160
0:0:0:0:0:0:0:1 - - [17/Apr/2018:10:05:37 +0800] "GET /common/rank/1 HTTP/1.1" 200 679
0:0:0:0:0:0:0:1 - - [17/Apr/2018:10:05:44 +0800] "GET /common/verify HTTP/1.1" 200 160
0:0:0:0:0:0:0:1 - - [17/Apr/2018:10:05:44 +0800] "GET /common/problems/1 HTTP/1.1" 200 4773
0:0:0:0:0:0:0:1 - - [17/Apr/2018:10:05:47 +0800] "GET /common/verify HTTP/1.1" 200 160
0:0:0:0:0:0:0:1 - - [17/Apr/2018:10:05:47 +0800] "GET /common/submit/1 HTTP/1.1" 200 1883
0:0:0:0:0:0:0:1 - - [17/Apr/2018:10:05:48 +0800] "GET /common/verify HTTP/1.1" 200 160
0:0:0:0:0:0:0:1 - - [17/Apr/2018:10:05:49 +0800] "GET /common/rank/1 HTTP/1.1" 200 679
0:0:0:0:0:0:0:1 - - [17/Apr/2018:10:05:52 +0800] "GET /common/verify HTTP/1.1" 200 160
0:0:0:0:0:0:0:1 - - [17/Apr/2018:10:05:53 +0800] "GET /common/contest/1 HTTP/1.1" 200 489
0:0:0:0:0:0:0:1 - - [17/Apr/2018:10:06:00 +0800] "GET /common/verify HTTP/1.1" 200 160
0:0:0:0:0:0:0:1 - - [17/Apr/2018:10:06:00 +0800] "GET /common/verify HTTP/1.1" 200 160
0:0:0:0:0:0:0:1 - - [17/Apr/2018:10:06:01 +0800] "GET /common/submit/1 HTTP/1.1" 200 1883
0:0:0:0:0:0:0:1 - - [17/Apr/2018:10:06:12 +0800] "GET /common/verify HTTP/1.1" 200 160
0:0:0:0:0:0:0:1 - - [17/Apr/2018:10:18:45 +0800] "GET /common/verify HTTP/1.1" 200 160
0:0:0:0:0:0:0:1 - - [17/Apr/2018:10:18:46 +0800] "GET /common/verify HTTP/1.1" 200 160
0:0:0:0:0:0:0:1 - - [17/Apr/2018:10:34:22 +0800] "POST /userPrivate/upload HTTP/1.1" 404 122
0:0:0:0:0:0:0:1 - - [17/Apr/2018:10:34:58 +0800] "POST /userPrivate/out HTTP/1.1" 200 -
0:0:0:0:0:0:0:1 - - [17/Apr/2018:10:35:24 +0800] "POST /userPrivate/out HTTP/1.1" 200 -
0:0:0:0:0:0:0:1 - - [17/Apr/2018:10:36:46 +0800] "POST /userPrivate/out HTTP/1.1" 200 -
0:0:0:0:0:0:0:1 - - [17/Apr/2018:10:37:03 +0800] "POST /userPrivate/out HTTP/1.1" 200 -
0:0:0:0:0:0:0:1 - - [17/Apr/2018:10:38:23 +0800] "POST /userPrivate/out HTTP/1.1" 200 -
0:0:0:0:0:0:0:1 - - [17/Apr/2018:10:47:09 +0800] "POST /userPrivate/upload HTTP/1.1" 200 -
0:0:0:0:0:0:0:1 - - [17/Apr/2018:10:47:09 +0800] "GET /userPrivate/showImage HTTP/1.1" 200 68
0:0:0:0:0:0:0:1 - - [17/Apr/2018:10:47:36 +0800] "POST /userPrivate/upload HTTP/1.1" 200 -
0:0:0:0:0:0:0:1 - - [17/Apr/2018:10:48:18 +0800] "GET /userPrivate/showImage HTTP/1.1" 200 68
0:0:0:0:0:0:0:1 - - [17/Apr/2018:10:49:23 +0800] "POST /userPrivate/upload HTTP/1.1" 200 -
0:0:0:0:0:0:0:1 - - [17/Apr/2018:10:50:14 +0800] "POST /userPrivate/upload HTTP/1.1" 200 -
0:0:0:0:0:0:0:1 - - [17/Apr/2018:10:50:14 +0800] "GET /userPrivate/showImage HTTP/1.1" 200 68
0:0:0:0:0:0:0:1 - - [17/Apr/2018:10:57:27 +0800] "POST /userPrivate/upload HTTP/1.1" 200 64
0:0:0:0:0:0:0:1 - - [17/Apr/2018:10:59:50 +0800] "GET /common/verify HTTP/1.1" 200 3
0:0:0:0:0:0:0:1 - - [17/Apr/2018:10:59:53 +0800] "POST /userPrivate/upload HTTP/1.1" 200 70
0:0:0:0:0:0:0:1 - - [17/Apr/2018:11:00:36 +0800] "POST /userPrivate/upload HTTP/1.1" 200 70
0:0:0:0:0:0:0:1 - - [17/Apr/2018:11:00:39 +0800] "POST /userPrivate/upload HTTP/1.1" 200 70
0:0:0:0:0:0:0:1 - - [17/Apr/2018:11:02:16 +0800] "GET /common/verify HTTP/1.1" 200 3
0:0:0:0:0:0:0:1 - - [17/Apr/2018:11:02:17 +0800] "GET /common/notices HTTP/1.1" 200 770
0:0:0:0:0:0:0:1 - - [17/Apr/2018:11:02:19 +0800] "GET /common/captcha?86.40544398969112 HTTP/1.1" 200 1756
0:0:0:0:0:0:0:1 - - [17/Apr/2018:11:02:27 +0800] "POST /user/login HTTP/1.1" 200 38
0:0:0:0:0:0:0:1 - - [17/Apr/2018:11:02:29 +0800] "POST /user/login HTTP/1.1" 200 190
0:0:0:0:0:0:0:1 - - [17/Apr/2018:11:02:31 +0800] "GET /common/verify HTTP/1.1" 200 160
0:0:0:0:0:0:0:1 - - [17/Apr/2018:11:02:31 +0800] "GET /websocket/siney HTTP/1.1" 101 -
0:0:0:0:0:0:0:1 - - [17/Apr/2018:11:02:34 +0800] "GET /common/verify HTTP/1.1" 200 160
0:0:0:0:0:0:0:1 - - [17/Apr/2018:11:02:34 +0800] "GET /common/notices HTTP/1.1" 200 770
0:0:0:0:0:0:0:1 - - [17/Apr/2018:11:02:34 +0800] "GET /userPrivate/chart/2 HTTP/1.1" 200 20
0:0:0:0:0:0:0:1 - - [17/Apr/2018:11:02:35 +0800] "GET /common/verify HTTP/1.1" 200 160
0:0:0:0:0:0:0:1 - - [17/Apr/2018:11:02:39 +0800] "POST /userPrivate/upload HTTP/1.1" 200 70
0:0:0:0:0:0:0:1 - - [17/Apr/2018:11:03:38 +0800] "POST /userPrivate/upload HTTP/1.1" 200 103
0:0:0:0:0:0:0:1 - - [17/Apr/2018:11:05:13 +0800] "POST /userPrivate/upload HTTP/1.1" 200 102
0:0:0:0:0:0:0:1 - - [17/Apr/2018:11:06:01 +0800] "POST /userPrivate/upload HTTP/1.1" 200 64
0:0:0:0:0:0:0:1 - - [17/Apr/2018:11:11:19 +0800] "POST /userPrivate/upload HTTP/1.1" 200 64
0:0:0:0:0:0:0:1 - - [17/Apr/2018:11:11:20 +0800] "GET /userPrivate/showImage HTTP/1.1" 200 15
0:0:0:0:0:0:0:1 - - [17/Apr/2018:11:12:51 +0800] "POST /userPrivate/upload HTTP/1.1" 200 -
0:0:0:0:0:0:0:1 - - [17/Apr/2018:11:13:33 +0800] "POST /userPrivate/upload HTTP/1.1" 200 4
0:0:0:0:0:0:0:1 - - [17/Apr/2018:11:13:34 +0800] "GET /userPrivate/showImage HTTP/1.1" 200 1865728
0:0:0:0:0:0:0:1 - - [17/Apr/2018:11:13:34 +0800] "GET /userPrivate/showImage HTTP/1.1" 200 15
0:0:0:0:0:0:0:1 - - [17/Apr/2018:11:13:34 +0800] "GET /userPrivate/showImage?timestamp=1523934814581 HTTP/1.1" 200 15
0:0:0:0:0:0:0:1 - - [17/Apr/2018:11:15:31 +0800] "GET /common/verify HTTP/1.1" 200 3
0:0:0:0:0:0:0:1 - - [17/Apr/2018:11:15:38 +0800] "POST /userPrivate/upload HTTP/1.1" 200 4
0:0:0:0:0:0:0:1 - - [17/Apr/2018:11:15:39 +0800] "GET /userPrivate/showImage HTTP/1.1" 200 1865728
0:0:0:0:0:0:0:1 - - [17/Apr/2018:11:15:39 +0800] "GET /userPrivate/showImage HTTP/1.1" 200 15
0:0:0:0:0:0:0:1 - - [17/Apr/2018:11:15:39 +0800] "GET /userPrivate/showImage?timestamp=1523934939474 HTTP/1.1" 200 15
0:0:0:0:0:0:0:1 - - [17/Apr/2018:11:24:41 +0800] "GET /userPrivate/showImage HTTP/1.1" 200 15
0:0:0:0:0:0:0:1 - - [17/Apr/2018:11:26:11 +0800] "GET /userPrivate/showImage HTTP/1.1" 200 1865728
0:0:0:0:0:0:0:1 - - [17/Apr/2018:11:26:21 +0800] "GET /common/verify HTTP/1.1" 200 3
0:0:0:0:0:0:0:1 - - [17/Apr/2018:11:26:24 +0800] "POST /userPrivate/upload HTTP/1.1" 200 4
0:0:0:0:0:0:0:1 - - [17/Apr/2018:11:26:25 +0800] "GET /userPrivate/showImage HTTP/1.1" 200 1865728
0:0:0:0:0:0:0:1 - - [17/Apr/2018:11:26:25 +0800] "GET /userPrivate/showImage HTTP/1.1" 200 1865728
0:0:0:0:0:0:0:1 - - [17/Apr/2018:11:26:25 +0800] "GET /userPrivate/showImage?timestamp=1523935585217 HTTP/1.1" 200 1865728
0:0:0:0:0:0:0:1 - - [17/Apr/2018:12:03:37 +0800] "POST /userPrivate/upload HTTP/1.1" 200 4
0:0:0:0:0:0:0:1 - - [17/Apr/2018:12:04:37 +0800] "GET /common/verify HTTP/1.1" 200 3
0:0:0:0:0:0:0:1 - - [17/Apr/2018:12:04:50 +0800] "POST /userPrivate/upload HTTP/1.1" 200 4
0:0:0:0:0:0:0:1 - - [17/Apr/2018:12:04:51 +0800] "GET /userPrivate/showImage HTTP/1.1" 200 89088
0:0:0:0:0:0:0:1 - - [17/Apr/2018:12:04:51 +0800] "GET /userPrivate/showImage HTTP/1.1" 200 89088
0:0:0:0:0:0:0:1 - - [17/Apr/2018:12:04:51 +0800] "GET /userPrivate/showImage?timestamp=1523937891440 HTTP/1.1" 200 89088
0:0:0:0:0:0:0:1 - - [17/Apr/2018:12:05:01 +0800] "POST /userPrivate/upload HTTP/1.1" 200 4
0:0:0:0:0:0:0:1 - - [17/Apr/2018:12:05:14 +0800] "POST /userPrivate/upload HTTP/1.1" 200 4
0:0:0:0:0:0:0:1 - - [17/Apr/2018:12:05:19 +0800] "POST /userPrivate/upload HTTP/1.1" 200 4
0:0:0:0:0:0:0:1 - - [17/Apr/2018:12:05:58 +0800] "POST /userPrivate/upload HTTP/1.1" 200 4
0:0:0:0:0:0:0:1 - - [17/Apr/2018:12:05:58 +0800] "GET /userPrivate/showImage?26.94636467052842 HTTP/1.1" 200 89088
0:0:0:0:0:0:0:1 - - [17/Apr/2018:12:05:58 +0800] "GET /userPrivate/showImage?26.94636467052842 HTTP/1.1" 200 89088
0:0:0:0:0:0:0:1 - - [17/Apr/2018:12:05:58 +0800] "GET /userPrivate/showImage?26.94636467052842&timestamp=1523937958759 HTTP/1.1" 200 89088
0:0:0:0:0:0:0:1 - - [17/Apr/2018:12:06:01 +0800] "POST /userPrivate/upload HTTP/1.1" 200 4
0:0:0:0:0:0:0:1 - - [17/Apr/2018:12:06:02 +0800] "GET /userPrivate/showImage?40.33899739564644 HTTP/1.1" 200 11264
0:0:0:0:0:0:0:1 - - [17/Apr/2018:12:06:02 +0800] "GET /userPrivate/showImage?40.33899739564644 HTTP/1.1" 200 11264
0:0:0:0:0:0:0:1 - - [17/Apr/2018:12:06:02 +0800] "GET /userPrivate/showImage?40.33899739564644&timestamp=1523937962359 HTTP/1.1" 200 11264
0:0:0:0:0:0:0:1 - - [17/Apr/2018:12:23:15 +0800] "POST /userPrivate/upload HTTP/1.1" 200 15
0:0:0:0:0:0:0:1 - - [17/Apr/2018:12:23:16 +0800] "GET /userPrivate/showImage?13.52757216439404 HTTP/1.1" 200 15
0:0:0:0:0:0:0:1 - - [17/Apr/2018:12:27:21 +0800] "GET /common/verify HTTP/1.1" 200 3
0:0:0:0:0:0:0:1 - - [17/Apr/2018:12:27:22 +0800] "GET /common/notices HTTP/1.1" 200 770
0:0:0:0:0:0:0:1 - - [17/Apr/2018:12:27:30 +0800] "GET /common/captcha?64.8942573462633 HTTP/1.1" 200 2006
0:0:0:0:0:0:0:1 - - [17/Apr/2018:12:27:42 +0800] "POST /user/login HTTP/1.1" 200 190
0:0:0:0:0:0:0:1 - - [17/Apr/2018:12:27:47 +0800] "GET /common/verify HTTP/1.1" 200 160
0:0:0:0:0:0:0:1 - - [17/Apr/2018:12:27:47 +0800] "GET /websocket/siney HTTP/1.1" 101 -
0:0:0:0:0:0:0:1 - - [17/Apr/2018:12:27:47 +0800] "GET /common/notices HTTP/1.1" 200 770
0:0:0:0:0:0:0:1 - - [17/Apr/2018:12:27:47 +0800] "GET /userPrivate/chart/2 HTTP/1.1" 200 20
0:0:0:0:0:0:0:1 - - [17/Apr/2018:12:27:48 +0800] "GET /common/verify HTTP/1.1" 200 160
0:0:0:0:0:0:0:1 - - [17/Apr/2018:12:27:55 +0800] "POST /userPrivate/upload HTTP/1.1" 200 4
0:0:0:0:0:0:0:1 - - [17/Apr/2018:12:27:55 +0800] "GET /userPrivate/showImage?15.76563550570973 HTTP/1.1" 200 89088
0:0:0:0:0:0:0:1 - - [17/Apr/2018:12:27:55 +0800] "GET /userPrivate/showImage?15.76563550570973 HTTP/1.1" 200 15
0:0:0:0:0:0:0:1 - - [17/Apr/2018:12:27:55 +0800] "GET /userPrivate/showImage?15.76563550570973&timestamp=1523939275963 HTTP/1.1" 200 15
0:0:0:0:0:0:0:1 - - [17/Apr/2018:13:01:53 +0800] "GET /common/verify HTTP/1.1" 200 3
0:0:0:0:0:0:0:1 - - [17/Apr/2018:13:01:53 +0800] "GET /common/notices HTTP/1.1" 200 770
0:0:0:0:0:0:0:1 - - [17/Apr/2018:13:01:55 +0800] "GET /common/captcha?97.86617256714744 HTTP/1.1" 200 1725
0:0:0:0:0:0:0:1 - - [17/Apr/2018:13:02:03 +0800] "POST /user/login HTTP/1.1" 200 190
0:0:0:0:0:0:0:1 - - [17/Apr/2018:13:02:09 +0800] "GET /common/verify HTTP/1.1" 200 160
0:0:0:0:0:0:0:1 - - [17/Apr/2018:13:02:09 +0800] "GET /websocket/siney HTTP/1.1" 101 -
0:0:0:0:0:0:0:1 - - [17/Apr/2018:13:02:09 +0800] "GET /common/notices HTTP/1.1" 200 770
0:0:0:0:0:0:0:1 - - [17/Apr/2018:13:02:09 +0800] "GET /userPrivate/chart/2 HTTP/1.1" 200 20
0:0:0:0:0:0:0:1 - - [17/Apr/2018:13:02:13 +0800] "GET /common/verify HTTP/1.1" 200 160
0:0:0:0:0:0:0:1 - - [17/Apr/2018:13:02:19 +0800] "POST /userPrivate/upload HTTP/1.1" 200 4
0:0:0:0:0:0:0:1 - - [17/Apr/2018:13:02:19 +0800] "GET /userPrivate/showImage?81.19242351262719 HTTP/1.1" 200 89088
0:0:0:0:0:0:0:1 - - [17/Apr/2018:13:02:19 +0800] "GET /userPrivate/showImage?81.19242351262719 HTTP/1.1" 200 15
0:0:0:0:0:0:0:1 - - [17/Apr/2018:13:02:19 +0800] "GET /userPrivate/showImage?81.19242351262719&timestamp=1523941339624 HTTP/1.1" 200 15
0:0:0:0:0:0:0:1 - - [17/Apr/2018:13:04:21 +0800] "POST /userPrivate/upload HTTP/1.1" 200 4
0:0:0:0:0:0:0:1 - - [17/Apr/2018:13:04:22 +0800] "GET /userPrivate/showImage/siney?62.92926970326034 HTTP/1.1" 200 89088
0:0:0:0:0:0:0:1 - - [17/Apr/2018:13:04:22 +0800] "GET /userPrivate/showImage/siney?62.92926970326034 HTTP/1.1" 200 89088
0:0:0:0:0:0:0:1 - - [17/Apr/2018:13:04:22 +0800] "GET /userPrivate/showImage/siney?62.92926970326034&timestamp=1523941462084 HTTP/1.1" 200 89088
0:0:0:0:0:0:0:1 - - [17/Apr/2018:13:04:51 +0800] "POST /userPrivate/upload HTTP/1.1" 200 4
0:0:0:0:0:0:0:1 - - [17/Apr/2018:13:04:52 +0800] "GET /userPrivate/showImage/siney?82.5991991271426 HTTP/1.1" 200 11264
0:0:0:0:0:0:0:1 - - [17/Apr/2018:13:04:52 +0800] "GET /userPrivate/showImage/siney?82.5991991271426 HTTP/1.1" 200 11264
0:0:0:0:0:0:0:1 - - [17/Apr/2018:13:04:52 +0800] "GET /userPrivate/showImage/siney?82.5991991271426&timestamp=1523941492481 HTTP/1.1" 200 11264
0:0:0:0:0:0:0:1 - - [17/Apr/2018:13:08:36 +0800] "GET /common/siney HTTP/1.1" 404 295
0:0:0:0:0:0:0:1 - - [17/Apr/2018:13:08:36 +0800] "GET /favicon.ico HTTP/1.1" 404 115
0:0:0:0:0:0:0:1 - - [17/Apr/2018:13:08:45 +0800] "GET /common/showImage/siney HTTP/1.1" 200 11264
0:0:0:0:0:0:0:1 - - [17/Apr/2018:13:08:48 +0800] "GET /common/showImage/sineys HTTP/1.1" 200 15
0:0:0:0:0:0:0:1 - - [17/Apr/2018:13:09:15 +0800] "GET /common/showImage/sineys HTTP/1.1" 200 15
0:0:0:0:0:0:0:1 - - [17/Apr/2018:13:10:14 +0800] "GET /common/showImage/sineys HTTP/1.1" 500 311
0:0:0:0:0:0:0:1 - - [17/Apr/2018:13:11:13 +0800] "POST /userPrivate/upload HTTP/1.1" 200 4
0:0:0:0:0:0:0:1 - - [17/Apr/2018:13:11:14 +0800] "GET /common/showImage/sineyss?23.11802896143238 HTTP/1.1" 500 144
0:0:0:0:0:0:0:1 - - [17/Apr/2018:13:11:25 +0800] "GET /common/showImage/sineyss?23.11802896143238 HTTP/1.1" 500 311
0:0:0:0:0:0:0:1 - - [17/Apr/2018:13:12:18 +0800] "POST /userPrivate/upload HTTP/1.1" 200 4
0:0:0:0:0:0:0:1 - - [17/Apr/2018:13:12:18 +0800] "GET /common/showImage/siney?73.62833229511743 HTTP/1.1" 200 89088
0:0:0:0:0:0:0:1 - - [17/Apr/2018:13:12:18 +0800] "GET /common/showImage/siney?73.62833229511743 HTTP/1.1" 200 89088
0:0:0:0:0:0:0:1 - - [17/Apr/2018:13:12:18 +0800] "GET /common/showImage/siney?73.62833229511743&timestamp=1523941938842 HTTP/1.1" 200 89088
0:0:0:0:0:0:0:1 - - [17/Apr/2018:13:16:19 +0800] "POST /userPrivate/upload HTTP/1.1" 200 4
0:0:0:0:0:0:0:1 - - [17/Apr/2018:13:16:20 +0800] "GET /common/showImage/siney?43.60333783463195 HTTP/1.1" 200 11264
0:0:0:0:0:0:0:1 - - [17/Apr/2018:13:16:20 +0800] "GET /common/showImage/siney?43.60333783463195 HTTP/1.1" 200 11264
0:0:0:0:0:0:0:1 - - [17/Apr/2018:13:16:20 +0800] "GET /common/showImage/siney?43.60333783463195&timestamp=1523942180072 HTTP/1.1" 200 11264
0:0:0:0:0:0:0:1 - - [17/Apr/2018:13:16:43 +0800] "POST /userPrivate/upload HTTP/1.1" 200 38
0:0:0:0:0:0:0:1 - - [17/Apr/2018:13:16:45 +0800] "GET /common/showImage/siney?44.71280902241577 HTTP/1.1" 200 89088
0:0:0:0:0:0:0:1 - - [17/Apr/2018:13:16:45 +0800] "GET /common/showImage/siney?44.71280902241577 HTTP/1.1" 200 89088
0:0:0:0:0:0:0:1 - - [17/Apr/2018:13:16:45 +0800] "GET /common/showImage/siney?44.71280902241577&timestamp=1523942205920 HTTP/1.1" 200 89088
0:0:0:0:0:0:0:1 - - [17/Apr/2018:13:30:24 +0800] "GET /common/showImage/sineys HTTP/1.1" 200 11264
0:0:0:0:0:0:0:1 - - [17/Apr/2018:13:30:29 +0800] "GET /common/showImage/siney HTTP/1.1" 200 89088
0:0:0:0:0:0:0:1 - - [17/Apr/2018:13:30:37 +0800] "GET /common/showImager/oot HTTP/1.1" 404 295
0:0:0:0:0:0:0:1 - - [17/Apr/2018:13:30:45 +0800] "GET /common/showImage/oot HTTP/1.1" 200 11264
0:0:0:0:0:0:0:1 - - [17/Apr/2018:13:34:22 +0800] "GET /common/showImage/oot HTTP/1.1" 200 11264
0:0:0:0:0:0:0:1 - - [17/Apr/2018:13:36:52 +0800] "GET /common/verify HTTP/1.1" 200 160
0:0:0:0:0:0:0:1 - - [17/Apr/2018:13:36:52 +0800] "GET /websocket/siney HTTP/1.1" 101 -
0:0:0:0:0:0:0:1 - - [17/Apr/2018:13:36:53 +0800] "GET /common/showImage/siney HTTP/1.1" 200 89088
0:0:0:0:0:0:0:1 - - [17/Apr/2018:13:36:53 +0800] "GET /common/showImage/siney HTTP/1.1" 200 89088
0:0:0:0:0:0:0:1 - - [17/Apr/2018:13:36:53 +0800] "GET /common/showImage/siney?timestamp=1523943413061 HTTP/1.1" 200 89088
0:0:0:0:0:0:0:1 - - [17/Apr/2018:13:36:57 +0800] "GET /common/verify HTTP/1.1" 200 160
0:0:0:0:0:0:0:1 - - [17/Apr/2018:13:37:00 +0800] "GET /common/verify HTTP/1.1" 200 160
0:0:0:0:0:0:0:1 - - [17/Apr/2018:13:37:00 +0800] "GET /websocket/siney HTTP/1.1" 101 -
0:0:0:0:0:0:0:1 - - [17/Apr/2018:13:37:00 +0800] "GET /common/showImage/siney1 HTTP/1.1" 200 11264
0:0:0:0:0:0:0:1 - - [17/Apr/2018:13:37:00 +0800] "GET /common/showImage/siney1 HTTP/1.1" 200 11264
0:0:0:0:0:0:0:1 - - [17/Apr/2018:13:37:00 +0800] "GET /common/showImage/siney1?timestamp=1523943420770 HTTP/1.1" 200 11264
0:0:0:0:0:0:0:1 - - [17/Apr/2018:13:37:04 +0800] "GET /common/verify HTTP/1.1" 200 160
0:0:0:0:0:0:0:1 - - [17/Apr/2018:13:37:07 +0800] "GET /common/verify HTTP/1.1" 200 160
0:0:0:0:0:0:0:1 - - [17/Apr/2018:13:37:07 +0800] "GET /websocket/siney HTTP/1.1" 101 -
0:0:0:0:0:0:0:1 - - [17/Apr/2018:13:37:07 +0800] "GET /common/showImage/siney HTTP/1.1" 200 89088
0:0:0:0:0:0:0:1 - - [17/Apr/2018:13:37:07 +0800] "GET /common/showImage/siney HTTP/1.1" 200 89088
0:0:0:0:0:0:0:1 - - [17/Apr/2018:13:37:07 +0800] "GET /common/showImage/siney?timestamp=1523943427152 HTTP/1.1" 200 89088
0:0:0:0:0:0:0:1 - - [17/Apr/2018:18:52:04 +0800] "GET /common/verify HTTP/1.1" 200 3
0:0:0:0:0:0:0:1 - - [17/Apr/2018:18:52:04 +0800] "GET /common/notices HTTP/1.1" 200 770
0:0:0:0:0:0:0:1 - - [17/Apr/2018:18:52:13 +0800] "GET /common/captcha?8858.798036686338 HTTP/1.1" 200 1930
0:0:0:0:0:0:0:1 - - [17/Apr/2018:18:52:23 +0800] "POST /user/login HTTP/1.1" 200 190
0:0:0:0:0:0:0:1 - - [17/Apr/2018:18:52:30 +0800] "GET /common/verify HTTP/1.1" 200 160
0:0:0:0:0:0:0:1 - - [17/Apr/2018:18:52:30 +0800] "GET /websocket/siney HTTP/1.1" 101 -
0:0:0:0:0:0:0:1 - - [17/Apr/2018:18:52:30 +0800] "GET /common/notices HTTP/1.1" 200 770
0:0:0:0:0:0:0:1 - - [17/Apr/2018:18:52:30 +0800] "GET /userPrivate/chart/2 HTTP/1.1" 200 20
0:0:0:0:0:0:0:1 - - [17/Apr/2018:18:52:33 +0800] "GET /common/verify HTTP/1.1" 200 160
0:0:0:0:0:0:0:1 - - [17/Apr/2018:18:52:34 +0800] "GET /common/showImage/siney HTTP/1.1" 200 89088
0:0:0:0:0:0:0:1 - - [17/Apr/2018:18:52:34 +0800] "GET /common/showImage/siney HTTP/1.1" 200 89088
0:0:0:0:0:0:0:1 - - [17/Apr/2018:18:52:34 +0800] "GET /common/showImage/siney?timestamp=1523962354331 HTTP/1.1" 200 89088
0:0:0:0:0:0:0:1 - - [17/Apr/2018:18:52:42 +0800] "POST /userPrivate/upload HTTP/1.1" 200 4
0:0:0:0:0:0:0:1 - - [17/Apr/2018:18:52:42 +0800] "GET /common/showImage/siney?56.74461964703741 HTTP/1.1" 200 11264
0:0:0:0:0:0:0:1 - - [17/Apr/2018:18:52:42 +0800] "GET /common/showImage/siney?56.74461964703741 HTTP/1.1" 200 11264
0:0:0:0:0:0:0:1 - - [17/Apr/2018:18:52:42 +0800] "GET /common/showImage/siney?56.74461964703741&timestamp=1523962362708 HTTP/1.1" 200 11264
0:0:0:0:0:0:0:1 - - [17/Apr/2018:18:54:51 +0800] "GET /common/showImage/siney HTTP/1.1" 200 11264
0:0:0:0:0:0:0:1 - - [17/Apr/2018:18:54:51 +0800] "GET /common/showImage/siney HTTP/1.1" 200 11264
0:0:0:0:0:0:0:1 - - [17/Apr/2018:18:54:51 +0800] "GET /common/showImage/siney?timestamp=1523962491623 HTTP/1.1" 200 11264
0:0:0:0:0:0:0:1 - - [17/Apr/2018:19:02:56 +0800] "POST /userPrivate/upload HTTP/1.1" 200 4
0:0:0:0:0:0:0:1 - - [17/Apr/2018:19:02:56 +0800] "GET /common/showImage/siney?49.70362194044835 HTTP/1.1" 200 89088
0:0:0:0:0:0:0:1 - - [17/Apr/2018:19:02:56 +0800] "GET /common/showImage/siney?49.70362194044835 HTTP/1.1" 200 89088
0:0:0:0:0:0:0:1 - - [17/Apr/2018:19:02:56 +0800] "GET /common/showImage/siney?49.70362194044835&timestamp=1523962976595 HTTP/1.1" 200 89088
0:0:0:0:0:0:0:1 - - [17/Apr/2018:19:03:19 +0800] "GET /common/showImage/siney HTTP/1.1" 200 89088
0:0:0:0:0:0:0:1 - - [17/Apr/2018:19:03:19 +0800] "GET /common/showImage/siney HTTP/1.1" 200 89088
0:0:0:0:0:0:0:1 - - [17/Apr/2018:19:03:19 +0800] "GET /common/showImage/siney?timestamp=1523962999579 HTTP/1.1" 200 89088
0:0:0:0:0:0:0:1 - - [17/Apr/2018:19:42:10 +0800] "GET /common/showImage/siney HTTP/1.1" 200 11264
0:0:0:0:0:0:0:1 - - [17/Apr/2018:19:42:10 +0800] "GET /common/showImage/siney HTTP/1.1" 200 11264
0:0:0:0:0:0:0:1 - - [17/Apr/2018:19:42:10 +0800] "GET /common/showImage/siney?timestamp=1523965330956 HTTP/1.1" 200 11264
0:0:0:0:0:0:0:1 - - [17/Apr/2018:19:42:31 +0800] "GET /common/showImage/siney HTTP/1.1" 200 11264
0:0:0:0:0:0:0:1 - - [17/Apr/2018:19:42:31 +0800] "GET /common/showImage/siney HTTP/1.1" 200 11264
0:0:0:0:0:0:0:1 - - [17/Apr/2018:19:42:31 +0800] "GET /common/showImage/siney?timestamp=1523965351108 HTTP/1.1" 200 11264
0:0:0:0:0:0:0:1 - - [17/Apr/2018:19:42:33 +0800] "GET /common/verify HTTP/1.1" 200 3
0:0:0:0:0:0:0:1 - - [17/Apr/2018:19:42:33 +0800] "GET /common/showImage/siney HTTP/1.1" 200 11264
0:0:0:0:0:0:0:1 - - [17/Apr/2018:19:42:33 +0800] "GET /common/showImage/siney HTTP/1.1" 200 11264
0:0:0:0:0:0:0:1 - - [17/Apr/2018:19:42:33 +0800] "GET /common/showImage/siney?timestamp=1523965353922 HTTP/1.1" 200 11264
0:0:0:0:0:0:0:1 - - [17/Apr/2018:19:42:36 +0800] "GET /common/captcha?53.644941207128994 HTTP/1.1" 200 1813
0:0:0:0:0:0:0:1 - - [17/Apr/2018:19:42:49 +0800] "GET /common/captcha?7699.769575649917 HTTP/1.1" 200 1896
0:0:0:0:0:0:0:1 - - [17/Apr/2018:19:42:56 +0800] "GET /common/captcha?3076.7882683873895 HTTP/1.1" 200 1678
0:0:0:0:0:0:0:1 - - [17/Apr/2018:19:43:40 +0800] "GET /common/verify HTTP/1.1" 200 3
0:0:0:0:0:0:0:1 - - [17/Apr/2018:19:43:40 +0800] "GET /common/notices HTTP/1.1" 200 770
0:0:0:0:0:0:0:1 - - [17/Apr/2018:19:43:42 +0800] "GET /common/captcha?10.800726130950821 HTTP/1.1" 200 1790
0:0:0:0:0:0:0:1 - - [17/Apr/2018:19:43:50 +0800] "POST /user/login HTTP/1.1" 200 190
0:0:0:0:0:0:0:1 - - [17/Apr/2018:19:45:03 +0800] "GET /common/verify HTTP/1.1" 200 160
0:0:0:0:0:0:0:1 - - [17/Apr/2018:19:45:03 +0800] "GET /websocket/siney HTTP/1.1" 101 -
0:0:0:0:0:0:0:1 - - [17/Apr/2018:19:45:03 +0800] "GET /common/notices HTTP/1.1" 200 770
0:0:0:0:0:0:0:1 - - [17/Apr/2018:19:45:03 +0800] "GET /userPrivate/chart/2 HTTP/1.1" 200 20
0:0:0:0:0:0:0:1 - - [17/Apr/2018:19:45:05 +0800] "GET /common/verify HTTP/1.1" 200 160
0:0:0:0:0:0:0:1 - - [17/Apr/2018:19:45:05 +0800] "GET /common/showImage/siney HTTP/1.1" 200 11264
0:0:0:0:0:0:0:1 - - [17/Apr/2018:19:45:05 +0800] "GET /common/showImage/siney HTTP/1.1" 200 11264
0:0:0:0:0:0:0:1 - - [17/Apr/2018:19:45:06 +0800] "GET /common/showImage/siney?timestamp=1523965505997 HTTP/1.1" 200 11264
0:0:0:0:0:0:0:1 - - [17/Apr/2018:19:45:10 +0800] "POST /userPrivate/upload HTTP/1.1" 200 4
0:0:0:0:0:0:0:1 - - [17/Apr/2018:19:45:11 +0800] "GET /common/showImage/siney?14.04482260947033 HTTP/1.1" 200 11264
0:0:0:0:0:0:0:1 - - [17/Apr/2018:19:45:11 +0800] "GET /common/showImage/siney?14.04482260947033 HTTP/1.1" 200 11264
0:0:0:0:0:0:0:1 - - [17/Apr/2018:19:45:11 +0800] "GET /common/showImage/siney?14.04482260947033&timestamp=1523965511333 HTTP/1.1" 200 11264
0:0:0:0:0:0:0:1 - - [17/Apr/2018:20:21:22 +0800] "GET /common/verify HTTP/1.1" 200 3
0:0:0:0:0:0:0:1 - - [17/Apr/2018:20:21:22 +0800] "GET /common/showImage/siney HTTP/1.1" 200 11264
0:0:0:0:0:0:0:1 - - [17/Apr/2018:20:21:22 +0800] "GET /common/showImage/siney HTTP/1.1" 200 11264
0:0:0:0:0:0:0:1 - - [17/Apr/2018:20:21:22 +0800] "GET /common/showImage/siney?timestamp=1523967682285 HTTP/1.1" 200 11264
0:0:0:0:0:0:0:1 - - [17/Apr/2018:20:21:24 +0800] "GET /common/captcha?33.82749546554755 HTTP/1.1" 200 1792
0:0:0:0:0:0:0:1 - - [17/Apr/2018:20:21:32 +0800] "POST /user/login HTTP/1.1" 200 190
0:0:0:0:0:0:0:1 - - [17/Apr/2018:20:21:37 +0800] "GET /common/verify HTTP/1.1" 200 160
0:0:0:0:0:0:0:1 - - [17/Apr/2018:20:21:37 +0800] "GET /websocket/siney HTTP/1.1" 101 -
0:0:0:0:0:0:0:1 - - [17/Apr/2018:20:21:37 +0800] "GET /userPrivate/chart/2 HTTP/1.1" 200 20
0:0:0:0:0:0:0:1 - - [17/Apr/2018:20:21:37 +0800] "GET /common/notices HTTP/1.1" 200 770
0:0:0:0:0:0:0:1 - - [17/Apr/2018:20:21:38 +0800] "GET /common/verify HTTP/1.1" 200 160
0:0:0:0:0:0:0:1 - - [17/Apr/2018:20:21:38 +0800] "GET /common/showImage/siney HTTP/1.1" 200 11264
0:0:0:0:0:0:0:1 - - [17/Apr/2018:20:21:38 +0800] "GET /common/showImage/siney HTTP/1.1" 200 11264
0:0:0:0:0:0:0:1 - - [17/Apr/2018:20:21:38 +0800] "GET /common/showImage/siney?timestamp=1523967698574 HTTP/1.1" 200 11264
0:0:0:0:0:0:0:1 - - [17/Apr/2018:20:21:47 +0800] "POST /userPrivate/upload HTTP/1.1" 200 4
0:0:0:0:0:0:0:1 - - [17/Apr/2018:20:21:48 +0800] "GET /common/showImage/siney?91.71653852820513 HTTP/1.1" 200 11264
0:0:0:0:0:0:0:1 - - [17/Apr/2018:20:21:48 +0800] "GET /common/showImage/siney?91.71653852820513 HTTP/1.1" 200 11264
0:0:0:0:0:0:0:1 - - [17/Apr/2018:20:21:48 +0800] "GET /common/showImage/siney?91.71653852820513&timestamp=1523967708880 HTTP/1.1" 200 11264
0:0:0:0:0:0:0:1 - - [17/Apr/2018:20:22:06 +0800] "POST /userPrivate/save HTTP/1.1" 200 9
0:0:0:0:0:0:0:1 - - [17/Apr/2018:20:22:19 +0800] "POST /userPrivate/upload HTTP/1.1" 200 4
0:0:0:0:0:0:0:1 - - [17/Apr/2018:20:22:20 +0800] "GET /common/showImage/siney?92.14113774474953 HTTP/1.1" 200 11264
0:0:0:0:0:0:0:1 - - [17/Apr/2018:20:22:20 +0800] "GET /common/showImage/siney?92.14113774474953 HTTP/1.1" 200 11264
0:0:0:0:0:0:0:1 - - [17/Apr/2018:20:22:20 +0800] "GET /common/showImage/siney?92.14113774474953&timestamp=1523967740226 HTTP/1.1" 200 11264
0:0:0:0:0:0:0:1 - - [17/Apr/2018:20:25:04 +0800] "POST /userPrivate/upload HTTP/1.1" 200 4
0:0:0:0:0:0:0:1 - - [17/Apr/2018:20:25:05 +0800] "GET /common/showImage/siney?7.787073229651753 HTTP/1.1" 200 89088
0:0:0:0:0:0:0:1 - - [17/Apr/2018:20:25:05 +0800] "GET /common/showImage/siney?7.787073229651753 HTTP/1.1" 200 89088
0:0:0:0:0:0:0:1 - - [17/Apr/2018:20:25:05 +0800] "GET /common/showImage/siney?7.787073229651753&timestamp=1523967905577 HTTP/1.1" 200 89088
0:0:0:0:0:0:0:1 - - [17/Apr/2018:20:25:10 +0800] "POST /userPrivate/save HTTP/1.1" 200 9
0:0:0:0:0:0:0:1 - - [17/Apr/2018:20:25:24 +0800] "POST /userPrivate/upload HTTP/1.1" 200 4
0:0:0:0:0:0:0:1 - - [17/Apr/2018:20:25:25 +0800] "GET /common/showImage/siney?52.12941925159633 HTTP/1.1" 200 11264
0:0:0:0:0:0:0:1 - - [17/Apr/2018:20:25:25 +0800] "GET /common/showImage/siney?52.12941925159633 HTTP/1.1" 200 11264
0:0:0:0:0:0:0:1 - - [17/Apr/2018:20:25:25 +0800] "GET /common/showImage/siney?52.12941925159633&timestamp=1523967925717 HTTP/1.1" 200 11264
0:0:0:0:0:0:0:1 - - [17/Apr/2018:20:25:29 +0800] "POST /userPrivate/save HTTP/1.1" 200 9
