0:0:0:0:0:0:0:1 - - [05/Apr/2018:08:52:18 +0800] "GET /common/notices HTTP/1.1" 200 778
0:0:0:0:0:0:0:1 - - [05/Apr/2018:09:09:28 +0800] "GET /common/notices HTTP/1.1" 200 778
0:0:0:0:0:0:0:1 - - [05/Apr/2018:09:17:06 +0800] "GET /common/notices HTTP/1.1" 200 778
0:0:0:0:0:0:0:1 - - [05/Apr/2018:09:33:15 +0800] "GET /common/notices HTTP/1.1" 200 778
0:0:0:0:0:0:0:1 - - [05/Apr/2018:09:45:06 +0800] "GET /common/notices HTTP/1.1" 200 778
0:0:0:0:0:0:0:1 - - [05/Apr/2018:09:45:15 +0800] "OPTIONS /user/login HTTP/1.1" 200 -
0:0:0:0:0:0:0:1 - - [05/Apr/2018:09:45:15 +0800] "POST /user/login HTTP/1.1" 200 59
0:0:0:0:0:0:0:1 - - [05/Apr/2018:09:45:33 +0800] "GET /common/notices HTTP/1.1" 200 778
0:0:0:0:0:0:0:1 - - [05/Apr/2018:09:45:41 +0800] "POST /user/login HTTP/1.1" 200 59
0:0:0:0:0:0:0:1 - - [05/Apr/2018:09:54:05 +0800] "GET /common/notices HTTP/1.1" 200 778
0:0:0:0:0:0:0:1 - - [05/Apr/2018:09:54:20 +0800] "GET /common/notices HTTP/1.1" 200 778
0:0:0:0:0:0:0:1 - - [05/Apr/2018:09:57:08 +0800] "GET /common/notices HTTP/1.1" 200 778
0:0:0:0:0:0:0:1 - - [05/Apr/2018:09:58:59 +0800] "OPTIONS /user/login HTTP/1.1" 200 -
0:0:0:0:0:0:0:1 - - [05/Apr/2018:09:58:59 +0800] "POST /user/login HTTP/1.1" 200 59
0:0:0:0:0:0:0:1 - - [05/Apr/2018:09:59:12 +0800] "GET /common/notices HTTP/1.1" 200 778
0:0:0:0:0:0:0:1 - - [05/Apr/2018:09:59:19 +0800] "POST /user/login HTTP/1.1" 200 59
0:0:0:0:0:0:0:1 - - [05/Apr/2018:10:06:54 +0800] "GET /common/notices HTTP/1.1" 200 778
0:0:0:0:0:0:0:1 - - [05/Apr/2018:10:06:59 +0800] "GET /common/notices HTTP/1.1" 200 778
0:0:0:0:0:0:0:1 - - [05/Apr/2018:10:08:59 +0800] "GET /common/notices HTTP/1.1" 200 778
0:0:0:0:0:0:0:1 - - [05/Apr/2018:10:15:02 +0800] "GET /common/notices HTTP/1.1" 200 778
0:0:0:0:0:0:0:1 - - [05/Apr/2018:10:15:51 +0800] "GET /common/notices HTTP/1.1" 200 778
0:0:0:0:0:0:0:1 - - [05/Apr/2018:10:17:23 +0800] "GET /common/notices HTTP/1.1" 200 778
0:0:0:0:0:0:0:1 - - [05/Apr/2018:10:17:31 +0800] "GET /common/notices HTTP/1.1" 200 778
0:0:0:0:0:0:0:1 - - [05/Apr/2018:10:18:10 +0800] "GET /common/notices HTTP/1.1" 200 778
0:0:0:0:0:0:0:1 - - [05/Apr/2018:10:18:25 +0800] "GET /common/notices HTTP/1.1" 200 778
0:0:0:0:0:0:0:1 - - [05/Apr/2018:10:18:31 +0800] "GET /common/notices HTTP/1.1" 200 778
0:0:0:0:0:0:0:1 - - [05/Apr/2018:10:18:57 +0800] "GET /common/notices HTTP/1.1" 200 778
0:0:0:0:0:0:0:1 - - [05/Apr/2018:10:19:05 +0800] "GET /common/notices HTTP/1.1" 200 778
0:0:0:0:0:0:0:1 - - [05/Apr/2018:10:20:33 +0800] "GET /common/notices HTTP/1.1" 200 778
0:0:0:0:0:0:0:1 - - [05/Apr/2018:10:20:46 +0800] "OPTIONS /user/login HTTP/1.1" 200 -
0:0:0:0:0:0:0:1 - - [05/Apr/2018:10:20:46 +0800] "POST /user/login HTTP/1.1" 200 59
0:0:0:0:0:0:0:1 - - [05/Apr/2018:10:33:50 +0800] "GET /common/verify HTTP/1.1" 200 13
0:0:0:0:0:0:0:1 - - [05/Apr/2018:10:33:51 +0800] "GET /common/notices HTTP/1.1" 200 778
0:0:0:0:0:0:0:1 - - [05/Apr/2018:10:34:05 +0800] "OPTIONS /user/login HTTP/1.1" 200 -
0:0:0:0:0:0:0:1 - - [05/Apr/2018:10:34:05 +0800] "POST /user/login HTTP/1.1" 200 59
0:0:0:0:0:0:0:1 - - [05/Apr/2018:10:34:15 +0800] "GET /common/verify HTTP/1.1" 200 280
0:0:0:0:0:0:0:1 - - [05/Apr/2018:10:34:15 +0800] "GET /common/notices HTTP/1.1" 200 778
0:0:0:0:0:0:0:1 - - [05/Apr/2018:10:35:50 +0800] "GET /common/verify HTTP/1.1" 200 280
0:0:0:0:0:0:0:1 - - [05/Apr/2018:10:36:07 +0800] "GET /common/verify HTTP/1.1" 200 280
0:0:0:0:0:0:0:1 - - [05/Apr/2018:10:36:07 +0800] "GET /common/notices HTTP/1.1" 200 778
0:0:0:0:0:0:0:1 - - [05/Apr/2018:13:44:56 +0800] "OPTIONS /user/login HTTP/1.1" 200 -
0:0:0:0:0:0:0:1 - - [05/Apr/2018:13:44:57 +0800] "POST /user/login HTTP/1.1" 200 243
0:0:0:0:0:0:0:1 - - [05/Apr/2018:13:45:02 +0800] "POST /user/login HTTP/1.1" 200 243
0:0:0:0:0:0:0:1 - - [05/Apr/2018:13:49:51 +0800] "GET /common/verify HTTP/1.1" 200 13
0:0:0:0:0:0:0:1 - - [05/Apr/2018:13:49:58 +0800] "POST /user/login HTTP/1.1" 200 239
0:0:0:0:0:0:0:1 - - [05/Apr/2018:13:50:35 +0800] "GET /common/verify HTTP/1.1" 200 211
0:0:0:0:0:0:0:1 - - [05/Apr/2018:13:51:18 +0800] "GET /common/notices HTTP/1.1" 200 778
0:0:0:0:0:0:0:1 - - [05/Apr/2018:13:54:27 +0800] "GET /common/verify HTTP/1.1" 200 211
0:0:0:0:0:0:0:1 - - [05/Apr/2018:13:54:27 +0800] "GET /common/notices HTTP/1.1" 200 778
0:0:0:0:0:0:0:1 - - [05/Apr/2018:13:54:41 +0800] "GET /common/verify HTTP/1.1" 200 13
0:0:0:0:0:0:0:1 - - [05/Apr/2018:13:54:41 +0800] "GET /common/notices HTTP/1.1" 200 778
0:0:0:0:0:0:0:1 - - [05/Apr/2018:13:54:41 +0800] "GET /common/verify HTTP/1.1" 200 13
0:0:0:0:0:0:0:1 - - [05/Apr/2018:13:54:59 +0800] "OPTIONS /user/login HTTP/1.1" 200 -
0:0:0:0:0:0:0:1 - - [05/Apr/2018:13:54:59 +0800] "POST /user/login HTTP/1.1" 200 308
0:0:0:0:0:0:0:1 - - [05/Apr/2018:13:57:41 +0800] "GET /common/verify HTTP/1.1" 200 280
0:0:0:0:0:0:0:1 - - [05/Apr/2018:13:57:41 +0800] "GET /common/notices HTTP/1.1" 200 778
0:0:0:0:0:0:0:1 - - [05/Apr/2018:13:57:41 +0800] "GET /common/verify HTTP/1.1" 200 280
0:0:0:0:0:0:0:1 - - [05/Apr/2018:13:58:34 +0800] "GET /common/verify HTTP/1.1" 200 280
0:0:0:0:0:0:0:1 - - [05/Apr/2018:13:58:34 +0800] "GET /common/notices HTTP/1.1" 200 778
0:0:0:0:0:0:0:1 - - [05/Apr/2018:14:00:37 +0800] "GET /common/verify HTTP/1.1" 200 13
0:0:0:0:0:0:0:1 - - [05/Apr/2018:14:00:37 +0800] "GET /common/verify HTTP/1.1" 200 13
0:0:0:0:0:0:0:1 - - [05/Apr/2018:14:00:37 +0800] "GET /common/notices HTTP/1.1" 200 778
0:0:0:0:0:0:0:1 - - [05/Apr/2018:14:01:18 +0800] "POST /user/login HTTP/1.1" 200 325
0:0:0:0:0:0:0:1 - - [05/Apr/2018:14:01:25 +0800] "GET /common/verify HTTP/1.1" 200 297
0:0:0:0:0:0:0:1 - - [05/Apr/2018:14:01:25 +0800] "GET /common/verify HTTP/1.1" 200 297
0:0:0:0:0:0:0:1 - - [05/Apr/2018:14:01:25 +0800] "GET /common/notices HTTP/1.1" 200 778
0:0:0:0:0:0:0:1 - - [05/Apr/2018:14:02:48 +0800] "GET /common/verify HTTP/1.1" 200 297
0:0:0:0:0:0:0:1 - - [05/Apr/2018:14:02:48 +0800] "GET /common/verify HTTP/1.1" 200 297
0:0:0:0:0:0:0:1 - - [05/Apr/2018:14:02:48 +0800] "GET /common/notices HTTP/1.1" 200 778
0:0:0:0:0:0:0:1 - - [05/Apr/2018:14:05:38 +0800] "GET /common/verify HTTP/1.1" 200 13
0:0:0:0:0:0:0:1 - - [05/Apr/2018:14:05:38 +0800] "GET /common/verify HTTP/1.1" 200 13
0:0:0:0:0:0:0:1 - - [05/Apr/2018:14:05:39 +0800] "GET /common/notices HTTP/1.1" 200 778
0:0:0:0:0:0:0:1 - - [05/Apr/2018:14:05:47 +0800] "OPTIONS /user/login HTTP/1.1" 200 -
0:0:0:0:0:0:0:1 - - [05/Apr/2018:14:05:47 +0800] "POST /user/login HTTP/1.1" 200 402
0:0:0:0:0:0:0:1 - - [05/Apr/2018:14:05:54 +0800] "GET /common/verify HTTP/1.1" 200 374
0:0:0:0:0:0:0:1 - - [05/Apr/2018:14:05:54 +0800] "GET /common/notices HTTP/1.1" 200 778
0:0:0:0:0:0:0:1 - - [05/Apr/2018:14:05:54 +0800] "GET /common/verify HTTP/1.1" 200 374
0:0:0:0:0:0:0:1 - - [05/Apr/2018:14:07:42 +0800] "POST /common/verify HTTP/1.1" 200 374
0:0:0:0:0:0:0:1 - - [05/Apr/2018:14:07:42 +0800] "GET /common/notices HTTP/1.1" 200 778
0:0:0:0:0:0:0:1 - - [05/Apr/2018:14:08:31 +0800] "POST /common/verify HTTP/1.1" 200 374
0:0:0:0:0:0:0:1 - - [05/Apr/2018:14:08:31 +0800] "GET /common/notices HTTP/1.1" 200 778
0:0:0:0:0:0:0:1 - - [05/Apr/2018:14:09:11 +0800] "GET /common/verify HTTP/1.1" 200 374
0:0:0:0:0:0:0:1 - - [05/Apr/2018:14:09:11 +0800] "GET /common/notices HTTP/1.1" 200 778
0:0:0:0:0:0:0:1 - - [05/Apr/2018:14:09:56 +0800] "GET /common/verify HTTP/1.1" 200 374
0:0:0:0:0:0:0:1 - - [05/Apr/2018:14:09:56 +0800] "GET /common/notices HTTP/1.1" 200 778
0:0:0:0:0:0:0:1 - - [05/Apr/2018:19:58:43 +0800] "GET /common/verify HTTP/1.1" 200 -
0:0:0:0:0:0:0:1 - - [05/Apr/2018:19:59:37 +0800] "GET /common/verify HTTP/1.1" 200 13
0:0:0:0:0:0:0:1 - - [05/Apr/2018:20:03:38 +0800] "GET /common/verify HTTP/1.1" 200 65
0:0:0:0:0:0:0:1 - - [05/Apr/2018:20:13:11 +0800] "GET /common/verify HTTP/1.1" 302 -
0:0:0:0:0:0:0:1 - - [05/Apr/2018:20:14:20 +0800] "GET /common/verify HTTP/1.1" 302 -
0:0:0:0:0:0:0:1 - - [05/Apr/2018:20:15:36 +0800] "GET /common/verify HTTP/1.1" 302 -
0:0:0:0:0:0:0:1 - - [05/Apr/2018:20:16:44 +0800] "GET /common/verify HTTP/1.1" 200 -
0:0:0:0:0:0:0:1 - - [05/Apr/2018:20:18:45 +0800] "GET /common/verify HTTP/1.1" 500 122
0:0:0:0:0:0:0:1 - - [05/Apr/2018:20:20:53 +0800] "GET /common/verify HTTP/1.1" 500 122
0:0:0:0:0:0:0:1 - - [05/Apr/2018:20:21:32 +0800] "GET /common/verify HTTP/1.1" 500 122
0:0:0:0:0:0:0:1 - - [05/Apr/2018:22:34:13 +0800] "GET /common/notices HTTP/1.1" 500 117
0:0:0:0:0:0:0:1 - - [05/Apr/2018:22:34:22 +0800] "GET /common/verify HTTP/1.1" 500 116
0:0:0:0:0:0:0:1 - - [05/Apr/2018:22:41:37 +0800] "GET /common/verify HTTP/1.1" 500 116
0:0:0:0:0:0:0:1 - - [05/Apr/2018:22:41:47 +0800] "GET /common/verify HTTP/1.1" 500 116
0:0:0:0:0:0:0:1 - - [05/Apr/2018:22:41:58 +0800] "GET /common/verify HTTP/1.1" 500 116
0:0:0:0:0:0:0:1 - - [05/Apr/2018:22:43:21 +0800] "GET /common/verify HTTP/1.1" 500 116
0:0:0:0:0:0:0:1 - - [05/Apr/2018:22:43:32 +0800] "GET /common/verify HTTP/1.1" 500 116
0:0:0:0:0:0:0:1 - - [05/Apr/2018:22:48:26 +0800] "GET /common/verify HTTP/1.1" 500 116
0:0:0:0:0:0:0:1 - - [05/Apr/2018:22:48:49 +0800] "GET /common/verify HTTP/1.1" 500 116
0:0:0:0:0:0:0:1 - - [05/Apr/2018:22:49:32 +0800] "GET /common/verify HTTP/1.1" 500 116
