0:0:0:0:0:0:0:1 - - [08/Apr/2018:08:25:56 +0800] "GET /common/verify HTTP/1.1" 200 13
0:0:0:0:0:0:0:1 - - [08/Apr/2018:08:25:58 +0800] "GET /common/verify HTTP/1.1" 200 13
0:0:0:0:0:0:0:1 - - [08/Apr/2018:08:26:00 +0800] "GET /common/submits/1 HTTP/1.1" 200 1629
0:0:0:0:0:0:0:1 - - [08/Apr/2018:08:26:02 +0800] "GET /common/submits/2 HTTP/1.1" 200 693
0:0:0:0:0:0:0:1 - - [08/Apr/2018:08:26:04 +0800] "GET /common/submits/1 HTTP/1.1" 200 1629
0:0:0:0:0:0:0:1 - - [08/Apr/2018:08:26:06 +0800] "GET /common/verify HTTP/1.1" 200 13
0:0:0:0:0:0:0:1 - - [08/Apr/2018:08:26:10 +0800] "GET /common/verify HTTP/1.1" 200 13
0:0:0:0:0:0:0:1 - - [08/Apr/2018:08:26:13 +0800] "GET /common/verify HTTP/1.1" 200 13
0:0:0:0:0:0:0:1 - - [08/Apr/2018:08:26:14 +0800] "GET /common/verify HTTP/1.1" 200 13
0:0:0:0:0:0:0:1 - - [08/Apr/2018:08:26:16 +0800] "GET /common/verify HTTP/1.1" 200 13
0:0:0:0:0:0:0:1 - - [08/Apr/2018:08:26:17 +0800] "GET /common/verify HTTP/1.1" 200 13
0:0:0:0:0:0:0:1 - - [08/Apr/2018:08:26:18 +0800] "GET /common/notices HTTP/1.1" 200 778
0:0:0:0:0:0:0:1 - - [08/Apr/2018:08:26:28 +0800] "POST /user/login HTTP/1.1" 200 294
0:0:0:0:0:0:0:1 - - [08/Apr/2018:08:26:37 +0800] "GET /common/verify HTTP/1.1" 200 266
0:0:0:0:0:0:0:1 - - [08/Apr/2018:08:26:37 +0800] "GET /common/notices HTTP/1.1" 200 778
0:0:0:0:0:0:0:1 - - [08/Apr/2018:08:26:37 +0800] "GET /userPrivate/submit/2 HTTP/1.1" 200 15
0:0:0:0:0:0:0:1 - - [08/Apr/2018:08:27:05 +0800] "GET /common/verify HTTP/1.1" 200 13
0:0:0:0:0:0:0:1 - - [08/Apr/2018:08:27:05 +0800] "GET /common/notices HTTP/1.1" 200 778
0:0:0:0:0:0:0:1 - - [08/Apr/2018:08:27:13 +0800] "POST /user/login HTTP/1.1" 200 402
0:0:0:0:0:0:0:1 - - [08/Apr/2018:08:27:19 +0800] "GET /common/verify HTTP/1.1" 200 374
0:0:0:0:0:0:0:1 - - [08/Apr/2018:08:27:19 +0800] "GET /common/notices HTTP/1.1" 200 778
0:0:0:0:0:0:0:1 - - [08/Apr/2018:08:27:19 +0800] "GET /userPrivate/submit/1 HTTP/1.1" 200 16
0:0:0:0:0:0:0:1 - - [08/Apr/2018:08:27:31 +0800] "GET /common/verify HTTP/1.1" 200 374
0:0:0:0:0:0:0:1 - - [08/Apr/2018:08:27:32 +0800] "GET /common/verify HTTP/1.1" 200 374
0:0:0:0:0:0:0:1 - - [08/Apr/2018:08:27:33 +0800] "GET /common/submits/1 HTTP/1.1" 200 1629
0:0:0:0:0:0:0:1 - - [08/Apr/2018:08:27:36 +0800] "GET /common/verify HTTP/1.1" 200 374
0:0:0:0:0:0:0:1 - - [08/Apr/2018:08:27:38 +0800] "GET /common/verify HTTP/1.1" 200 374
0:0:0:0:0:0:0:1 - - [08/Apr/2018:08:27:38 +0800] "GET /common/submits/1 HTTP/1.1" 200 1629
0:0:0:0:0:0:0:1 - - [08/Apr/2018:08:27:47 +0800] "GET /common/verify HTTP/1.1" 200 374
0:0:0:0:0:0:0:1 - - [08/Apr/2018:08:30:13 +0800] "GET /common/verify HTTP/1.1" 200 13
0:0:0:0:0:0:0:1 - - [08/Apr/2018:08:30:27 +0800] "POST /user/login HTTP/1.1" 200 402
0:0:0:0:0:0:0:1 - - [08/Apr/2018:08:30:33 +0800] "GET /common/verify HTTP/1.1" 200 374
0:0:0:0:0:0:0:1 - - [08/Apr/2018:08:30:55 +0800] "GET /common/verify HTTP/1.1" 200 374
0:0:0:0:0:0:0:1 - - [08/Apr/2018:08:30:57 +0800] "GET /common/verify HTTP/1.1" 200 374
0:0:0:0:0:0:0:1 - - [08/Apr/2018:08:31:00 +0800] "GET /common/verify HTTP/1.1" 200 374
0:0:0:0:0:0:0:1 - - [08/Apr/2018:08:47:52 +0800] "GET /common/verify HTTP/1.1" 200 13
0:0:0:0:0:0:0:1 - - [08/Apr/2018:08:47:59 +0800] "POST /user/login HTTP/1.1" 200 402
0:0:0:0:0:0:0:1 - - [08/Apr/2018:08:48:06 +0800] "GET /common/verify HTTP/1.1" 200 374
0:0:0:0:0:0:0:1 - - [08/Apr/2018:08:48:10 +0800] "GET /common/verify HTTP/1.1" 200 374
0:0:0:0:0:0:0:1 - - [08/Apr/2018:08:48:11 +0800] "GET /common/verify HTTP/1.1" 200 374
0:0:0:0:0:0:0:1 - - [08/Apr/2018:08:48:11 +0800] "GET /common/notices HTTP/1.1" 200 778
0:0:0:0:0:0:0:1 - - [08/Apr/2018:08:48:11 +0800] "GET /userPrivate/submit/1 HTTP/1.1" 200 16
0:0:0:0:0:0:0:1 - - [08/Apr/2018:08:51:48 +0800] "GET /common/verify HTTP/1.1" 200 13
0:0:0:0:0:0:0:1 - - [08/Apr/2018:08:51:48 +0800] "GET /common/notices HTTP/1.1" 200 778
0:0:0:0:0:0:0:1 - - [08/Apr/2018:08:52:05 +0800] "GET /common/verify HTTP/1.1" 200 13
0:0:0:0:0:0:0:1 - - [08/Apr/2018:08:52:05 +0800] "GET /common/notices HTTP/1.1" 200 778
0:0:0:0:0:0:0:1 - - [08/Apr/2018:08:52:20 +0800] "GET /common/verify HTTP/1.1" 200 13
0:0:0:0:0:0:0:1 - - [08/Apr/2018:08:52:20 +0800] "GET /common/notices HTTP/1.1" 200 778
0:0:0:0:0:0:0:1 - - [08/Apr/2018:08:57:32 +0800] "GET /common/verify HTTP/1.1" 200 13
0:0:0:0:0:0:0:1 - - [08/Apr/2018:08:57:32 +0800] "GET /websocket/siney HTTP/1.1" 404 108
0:0:0:0:0:0:0:1 - - [08/Apr/2018:08:57:32 +0800] "GET /common/notices HTTP/1.1" 200 778
0:0:0:0:0:0:0:1 - - [08/Apr/2018:08:57:53 +0800] "GET /common/verify HTTP/1.1" 200 13
0:0:0:0:0:0:0:1 - - [08/Apr/2018:08:57:53 +0800] "GET /common/notices HTTP/1.1" 200 778
0:0:0:0:0:0:0:1 - - [08/Apr/2018:08:57:53 +0800] "GET /websocket/siney HTTP/1.1" 404 108
0:0:0:0:0:0:0:1 - - [08/Apr/2018:08:59:04 +0800] "GET /common/verify HTTP/1.1" 200 13
0:0:0:0:0:0:0:1 - - [08/Apr/2018:08:59:04 +0800] "GET /common/notices HTTP/1.1" 200 778
0:0:0:0:0:0:0:1 - - [08/Apr/2018:08:59:04 +0800] "GET /websocket/siney HTTP/1.1" 404 108
0:0:0:0:0:0:0:1 - - [08/Apr/2018:09:01:33 +0800] "GET /common/verify HTTP/1.1" 200 13
0:0:0:0:0:0:0:1 - - [08/Apr/2018:09:01:33 +0800] "GET /common/notices HTTP/1.1" 200 778
0:0:0:0:0:0:0:1 - - [08/Apr/2018:09:01:33 +0800] "GET /websocket/siney HTTP/1.1" 404 108
0:0:0:0:0:0:0:1 - - [08/Apr/2018:09:05:28 +0800] "GET /common/verify HTTP/1.1" 200 13
0:0:0:0:0:0:0:1 - - [08/Apr/2018:09:05:28 +0800] "GET /common/notices HTTP/1.1" 200 778
0:0:0:0:0:0:0:1 - - [08/Apr/2018:09:05:35 +0800] "GET /common/verify HTTP/1.1" 200 13
0:0:0:0:0:0:0:1 - - [08/Apr/2018:09:05:35 +0800] "GET /common/notices HTTP/1.1" 200 778
0:0:0:0:0:0:0:1 - - [08/Apr/2018:09:05:51 +0800] "GET /common/verify HTTP/1.1" 200 13
0:0:0:0:0:0:0:1 - - [08/Apr/2018:09:05:51 +0800] "GET /common/notices HTTP/1.1" 200 778
0:0:0:0:0:0:0:1 - - [08/Apr/2018:09:06:00 +0800] "GET /common/verify HTTP/1.1" 200 13
0:0:0:0:0:0:0:1 - - [08/Apr/2018:09:06:00 +0800] "GET /common/notices HTTP/1.1" 200 778
0:0:0:0:0:0:0:1 - - [08/Apr/2018:09:06:16 +0800] "GET /common/verify HTTP/1.1" 200 13
0:0:0:0:0:0:0:1 - - [08/Apr/2018:09:06:16 +0800] "GET /common/notices HTTP/1.1" 200 778
0:0:0:0:0:0:0:1 - - [08/Apr/2018:09:06:23 +0800] "GET /common/verify HTTP/1.1" 200 13
0:0:0:0:0:0:0:1 - - [08/Apr/2018:09:06:23 +0800] "GET /common/notices HTTP/1.1" 200 778
0:0:0:0:0:0:0:1 - - [08/Apr/2018:09:06:35 +0800] "GET /common/verify HTTP/1.1" 200 13
0:0:0:0:0:0:0:1 - - [08/Apr/2018:09:06:35 +0800] "GET /common/notices HTTP/1.1" 200 778
0:0:0:0:0:0:0:1 - - [08/Apr/2018:09:06:52 +0800] "GET /common/verify HTTP/1.1" 200 13
0:0:0:0:0:0:0:1 - - [08/Apr/2018:09:06:52 +0800] "GET /common/notices HTTP/1.1" 200 778
0:0:0:0:0:0:0:1 - - [08/Apr/2018:09:07:05 +0800] "GET /common/verify HTTP/1.1" 200 13
0:0:0:0:0:0:0:1 - - [08/Apr/2018:09:07:06 +0800] "GET /common/notices HTTP/1.1" 200 778
0:0:0:0:0:0:0:1 - - [08/Apr/2018:09:07:34 +0800] "GET /common/verify HTTP/1.1" 200 13
0:0:0:0:0:0:0:1 - - [08/Apr/2018:09:07:34 +0800] "GET /common/notices HTTP/1.1" 200 778
0:0:0:0:0:0:0:1 - - [08/Apr/2018:09:07:53 +0800] "GET /common/verify HTTP/1.1" 200 13
0:0:0:0:0:0:0:1 - - [08/Apr/2018:09:07:53 +0800] "GET /common/notices HTTP/1.1" 200 778
0:0:0:0:0:0:0:1 - - [08/Apr/2018:09:07:58 +0800] "GET /common/verify HTTP/1.1" 200 13
0:0:0:0:0:0:0:1 - - [08/Apr/2018:09:07:59 +0800] "GET /common/notices HTTP/1.1" 200 778
0:0:0:0:0:0:0:1 - - [08/Apr/2018:09:08:13 +0800] "GET /common/verify HTTP/1.1" 200 13
0:0:0:0:0:0:0:1 - - [08/Apr/2018:09:08:13 +0800] "GET /common/notices HTTP/1.1" 200 778
0:0:0:0:0:0:0:1 - - [08/Apr/2018:09:08:59 +0800] "GET /common/verify HTTP/1.1" 200 13
0:0:0:0:0:0:0:1 - - [08/Apr/2018:09:08:59 +0800] "GET /common/notices HTTP/1.1" 200 778
0:0:0:0:0:0:0:1 - - [08/Apr/2018:09:09:22 +0800] "GET /common/verify HTTP/1.1" 200 13
0:0:0:0:0:0:0:1 - - [08/Apr/2018:09:09:22 +0800] "GET /common/notices HTTP/1.1" 200 778
0:0:0:0:0:0:0:1 - - [08/Apr/2018:09:09:28 +0800] "GET /common/verify HTTP/1.1" 200 13
0:0:0:0:0:0:0:1 - - [08/Apr/2018:09:09:28 +0800] "GET /common/notices HTTP/1.1" 200 778
0:0:0:0:0:0:0:1 - - [08/Apr/2018:09:09:28 +0800] "GET /webspcket/siney HTTP/1.1" 404 108
0:0:0:0:0:0:0:1 - - [08/Apr/2018:09:09:42 +0800] "GET /common/verify HTTP/1.1" 200 13
0:0:0:0:0:0:0:1 - - [08/Apr/2018:09:09:42 +0800] "GET /common/notices HTTP/1.1" 200 778
0:0:0:0:0:0:0:1 - - [08/Apr/2018:09:09:42 +0800] "GET /websocket/siney HTTP/1.1" 404 108
0:0:0:0:0:0:0:1 - - [08/Apr/2018:09:16:06 +0800] "GET /common/verify HTTP/1.1" 200 13
0:0:0:0:0:0:0:1 - - [08/Apr/2018:09:16:07 +0800] "GET /websocket HTTP/1.1" 101 -
0:0:0:0:0:0:0:1 - - [08/Apr/2018:09:16:07 +0800] "GET /common/notices HTTP/1.1" 200 778
0:0:0:0:0:0:0:1 - - [08/Apr/2018:09:16:46 +0800] "GET /common/verify HTTP/1.1" 200 13
0:0:0:0:0:0:0:1 - - [08/Apr/2018:09:16:47 +0800] "GET /websocket HTTP/1.1" 404 102
0:0:0:0:0:0:0:1 - - [08/Apr/2018:09:16:47 +0800] "GET /common/notices HTTP/1.1" 200 778
0:0:0:0:0:0:0:1 - - [08/Apr/2018:09:17:12 +0800] "GET /common/verify HTTP/1.1" 200 13
0:0:0:0:0:0:0:1 - - [08/Apr/2018:09:17:13 +0800] "GET /common/notices HTTP/1.1" 200 778
0:0:0:0:0:0:0:1 - - [08/Apr/2018:09:17:13 +0800] "GET /websocket/siney HTTP/1.1" 101 -
0:0:0:0:0:0:0:1 - - [08/Apr/2018:09:22:30 +0800] "GET /common/verify HTTP/1.1" 200 13
0:0:0:0:0:0:0:1 - - [08/Apr/2018:09:22:31 +0800] "GET /websocket/undefined HTTP/1.1" 101 -
0:0:0:0:0:0:0:1 - - [08/Apr/2018:09:22:31 +0800] "GET /common/notices HTTP/1.1" 200 778
0:0:0:0:0:0:0:1 - - [08/Apr/2018:09:22:38 +0800] "POST /user/login HTTP/1.1" 200 294
0:0:0:0:0:0:0:1 - - [08/Apr/2018:09:22:45 +0800] "GET /common/verify HTTP/1.1" 200 266
0:0:0:0:0:0:0:1 - - [08/Apr/2018:09:22:45 +0800] "GET /websocket/undefined HTTP/1.1" 101 -
0:0:0:0:0:0:0:1 - - [08/Apr/2018:09:22:45 +0800] "GET /common/notices HTTP/1.1" 200 778
0:0:0:0:0:0:0:1 - - [08/Apr/2018:09:22:45 +0800] "GET /userPrivate/submit/2 HTTP/1.1" 200 15
0:0:0:0:0:0:0:1 - - [08/Apr/2018:09:23:33 +0800] "GET /common/verify HTTP/1.1" 200 13
0:0:0:0:0:0:0:1 - - [08/Apr/2018:09:23:34 +0800] "GET /websocket/undefined HTTP/1.1" 101 -
0:0:0:0:0:0:0:1 - - [08/Apr/2018:09:23:34 +0800] "GET /common/notices HTTP/1.1" 200 778
0:0:0:0:0:0:0:1 - - [08/Apr/2018:09:23:43 +0800] "POST /user/login HTTP/1.1" 200 294
0:0:0:0:0:0:0:1 - - [08/Apr/2018:09:23:50 +0800] "GET /common/verify HTTP/1.1" 200 266
0:0:0:0:0:0:0:1 - - [08/Apr/2018:09:23:52 +0800] "GET /common/notices HTTP/1.1" 200 778
0:0:0:0:0:0:0:1 - - [08/Apr/2018:09:23:52 +0800] "GET /userPrivate/submit/2 HTTP/1.1" 200 15
0:0:0:0:0:0:0:1 - - [08/Apr/2018:09:23:52 +0800] "GET /websocket/undefined HTTP/1.1" 101 -
0:0:0:0:0:0:0:1 - - [08/Apr/2018:09:24:25 +0800] "GET /common/verify HTTP/1.1" 200 13
0:0:0:0:0:0:0:1 - - [08/Apr/2018:09:24:25 +0800] "GET /common/notices HTTP/1.1" 200 778
0:0:0:0:0:0:0:1 - - [08/Apr/2018:09:24:36 +0800] "POST /user/login HTTP/1.1" 200 294
0:0:0:0:0:0:0:1 - - [08/Apr/2018:09:24:43 +0800] "GET /common/verify HTTP/1.1" 200 266
0:0:0:0:0:0:0:1 - - [08/Apr/2018:09:24:44 +0800] "GET /websocket/siney HTTP/1.1" 101 -
0:0:0:0:0:0:0:1 - - [08/Apr/2018:09:24:44 +0800] "GET /common/notices HTTP/1.1" 200 778
0:0:0:0:0:0:0:1 - - [08/Apr/2018:09:24:44 +0800] "GET /userPrivate/submit/2 HTTP/1.1" 200 15
0:0:0:0:0:0:0:1 - - [08/Apr/2018:09:25:00 +0800] "GET /common/verify HTTP/1.1" 200 13
0:0:0:0:0:0:0:1 - - [08/Apr/2018:09:25:00 +0800] "GET /common/notices HTTP/1.1" 200 778
0:0:0:0:0:0:0:1 - - [08/Apr/2018:09:25:12 +0800] "POST /user/login HTTP/1.1" 200 402
0:0:0:0:0:0:0:1 - - [08/Apr/2018:09:25:18 +0800] "GET /common/verify HTTP/1.1" 200 374
0:0:0:0:0:0:0:1 - - [08/Apr/2018:09:25:19 +0800] "GET /websocket/root HTTP/1.1" 101 -
0:0:0:0:0:0:0:1 - - [08/Apr/2018:09:25:19 +0800] "GET /userPrivate/submit/1 HTTP/1.1" 200 16
0:0:0:0:0:0:0:1 - - [08/Apr/2018:09:25:19 +0800] "GET /common/notices HTTP/1.1" 200 778
0:0:0:0:0:0:0:1 - - [08/Apr/2018:09:38:35 +0800] "GET /common/verify HTTP/1.1" 200 13
0:0:0:0:0:0:0:1 - - [08/Apr/2018:09:38:36 +0800] "GET /common/notices HTTP/1.1" 200 778
0:0:0:0:0:0:0:1 - - [08/Apr/2018:09:38:47 +0800] "POST /user/login HTTP/1.1" 200 402
0:0:0:0:0:0:0:1 - - [08/Apr/2018:09:38:54 +0800] "GET /common/verify HTTP/1.1" 200 374
0:0:0:0:0:0:0:1 - - [08/Apr/2018:09:38:54 +0800] "GET /websocket/root HTTP/1.1" 101 -
0:0:0:0:0:0:0:1 - - [08/Apr/2018:09:38:54 +0800] "GET /common/notices HTTP/1.1" 200 778
0:0:0:0:0:0:0:1 - - [08/Apr/2018:09:38:54 +0800] "GET /userPrivate/submit/1 HTTP/1.1" 200 16
0:0:0:0:0:0:0:1 - - [08/Apr/2018:09:39:13 +0800] "GET /common/verify HTTP/1.1" 200 374
0:0:0:0:0:0:0:1 - - [08/Apr/2018:09:39:13 +0800] "GET /websocket/root HTTP/1.1" 101 -
0:0:0:0:0:0:0:1 - - [08/Apr/2018:09:39:15 +0800] "GET /common/verify HTTP/1.1" 200 374
0:0:0:0:0:0:0:1 - - [08/Apr/2018:09:39:15 +0800] "GET /websocket/root HTTP/1.1" 101 -
0:0:0:0:0:0:0:1 - - [08/Apr/2018:09:39:22 +0800] "GET /common/verify HTTP/1.1" 200 374
0:0:0:0:0:0:0:1 - - [08/Apr/2018:09:39:22 +0800] "GET /websocket/root HTTP/1.1" 101 -
0:0:0:0:0:0:0:1 - - [08/Apr/2018:09:39:33 +0800] "GET /common/verify HTTP/1.1" 200 374
0:0:0:0:0:0:0:1 - - [08/Apr/2018:09:39:33 +0800] "GET /websocket/root HTTP/1.1" 101 -
0:0:0:0:0:0:0:1 - - [08/Apr/2018:09:39:34 +0800] "GET /common/submits/1 HTTP/1.1" 200 1629
0:0:0:0:0:0:0:1 - - [08/Apr/2018:09:39:37 +0800] "GET /common/verify HTTP/1.1" 200 374
0:0:0:0:0:0:0:1 - - [08/Apr/2018:09:39:37 +0800] "GET /websocket/root HTTP/1.1" 101 -
0:0:0:0:0:0:0:1 - - [08/Apr/2018:09:39:39 +0800] "GET /common/verify HTTP/1.1" 200 374
0:0:0:0:0:0:0:1 - - [08/Apr/2018:09:39:39 +0800] "GET /websocket/root HTTP/1.1" 101 -
0:0:0:0:0:0:0:1 - - [08/Apr/2018:09:39:43 +0800] "GET /common/verify HTTP/1.1" 200 374
0:0:0:0:0:0:0:1 - - [08/Apr/2018:09:39:43 +0800] "GET /websocket/root HTTP/1.1" 101 -
0:0:0:0:0:0:0:1 - - [08/Apr/2018:09:39:43 +0800] "GET /common/submits/1 HTTP/1.1" 200 1629
0:0:0:0:0:0:0:1 - - [08/Apr/2018:09:39:55 +0800] "GET /common/verify HTTP/1.1" 200 374
0:0:0:0:0:0:0:1 - - [08/Apr/2018:09:39:55 +0800] "GET /websocket/root HTTP/1.1" 101 -
0:0:0:0:0:0:0:1 - - [08/Apr/2018:09:40:05 +0800] "GET /common/verify HTTP/1.1" 200 374
0:0:0:0:0:0:0:1 - - [08/Apr/2018:09:40:05 +0800] "GET /websocket/root HTTP/1.1" 101 -
0:0:0:0:0:0:0:1 - - [08/Apr/2018:09:40:05 +0800] "GET /common/submits/1 HTTP/1.1" 200 1629
0:0:0:0:0:0:0:1 - - [08/Apr/2018:09:40:07 +0800] "GET /common/verify HTTP/1.1" 200 374
0:0:0:0:0:0:0:1 - - [08/Apr/2018:09:40:07 +0800] "GET /websocket/root HTTP/1.1" 101 -
0:0:0:0:0:0:0:1 - - [08/Apr/2018:09:40:09 +0800] "GET /common/verify HTTP/1.1" 200 374
0:0:0:0:0:0:0:1 - - [08/Apr/2018:09:40:09 +0800] "GET /websocket/root HTTP/1.1" 101 -
0:0:0:0:0:0:0:1 - - [08/Apr/2018:09:40:56 +0800] "GET /common/verify HTTP/1.1" 200 13
0:0:0:0:0:0:0:1 - - [08/Apr/2018:09:40:59 +0800] "GET /common/verify HTTP/1.1" 200 13
0:0:0:0:0:0:0:1 - - [08/Apr/2018:09:41:39 +0800] "GET /common/verify HTTP/1.1" 200 13
0:0:0:0:0:0:0:1 - - [08/Apr/2018:09:41:48 +0800] "POST /user/login HTTP/1.1" 200 402
0:0:0:0:0:0:0:1 - - [08/Apr/2018:09:41:55 +0800] "GET /common/verify HTTP/1.1" 200 374
0:0:0:0:0:0:0:1 - - [08/Apr/2018:09:41:55 +0800] "GET /websocket/root HTTP/1.1" 101 -
0:0:0:0:0:0:0:1 - - [08/Apr/2018:09:42:02 +0800] "GET /common/verify HTTP/1.1" 200 374
0:0:0:0:0:0:0:1 - - [08/Apr/2018:09:42:02 +0800] "GET /websocket/root HTTP/1.1" 101 -
0:0:0:0:0:0:0:1 - - [08/Apr/2018:09:42:05 +0800] "GET /common/verify HTTP/1.1" 200 374
0:0:0:0:0:0:0:1 - - [08/Apr/2018:09:42:05 +0800] "GET /websocket/root HTTP/1.1" 101 -
0:0:0:0:0:0:0:1 - - [08/Apr/2018:09:42:19 +0800] "GET /common/verify HTTP/1.1" 200 374
0:0:0:0:0:0:0:1 - - [08/Apr/2018:09:42:19 +0800] "GET /websocket/root HTTP/1.1" 101 -
0:0:0:0:0:0:0:1 - - [08/Apr/2018:09:42:20 +0800] "GET /common/submits/1 HTTP/1.1" 200 1629
0:0:0:0:0:0:0:1 - - [08/Apr/2018:09:43:00 +0800] "GET /common/verify HTTP/1.1" 200 13
0:0:0:0:0:0:0:1 - - [08/Apr/2018:09:43:25 +0800] "GET /common/verify HTTP/1.1" 200 13
0:0:0:0:0:0:0:1 - - [08/Apr/2018:09:43:59 +0800] "POST /user/login HTTP/1.1" 200 402
0:0:0:0:0:0:0:1 - - [08/Apr/2018:09:44:06 +0800] "GET /common/verify HTTP/1.1" 200 374
0:0:0:0:0:0:0:1 - - [08/Apr/2018:09:44:06 +0800] "GET /websocket/root HTTP/1.1" 101 -
0:0:0:0:0:0:0:1 - - [08/Apr/2018:09:44:47 +0800] "GET /common/verify HTTP/1.1" 200 13
0:0:0:0:0:0:0:1 - - [08/Apr/2018:09:44:56 +0800] "POST /user/login HTTP/1.1" 200 402
0:0:0:0:0:0:0:1 - - [08/Apr/2018:09:45:03 +0800] "GET /common/verify HTTP/1.1" 200 374
0:0:0:0:0:0:0:1 - - [08/Apr/2018:09:45:03 +0800] "GET /websocket/root HTTP/1.1" 101 -
0:0:0:0:0:0:0:1 - - [08/Apr/2018:09:45:29 +0800] "GET /common/verify HTTP/1.1" 200 374
0:0:0:0:0:0:0:1 - - [08/Apr/2018:09:45:29 +0800] "GET /websocket/root HTTP/1.1" 101 -
0:0:0:0:0:0:0:1 - - [08/Apr/2018:09:45:58 +0800] "GET /common/verify HTTP/1.1" 200 374
0:0:0:0:0:0:0:1 - - [08/Apr/2018:09:45:58 +0800] "GET /websocket/root HTTP/1.1" 101 -
0:0:0:0:0:0:0:1 - - [08/Apr/2018:09:47:21 +0800] "GET /common/verify HTTP/1.1" 200 13
0:0:0:0:0:0:0:1 - - [08/Apr/2018:09:48:21 +0800] "POST /user/login HTTP/1.1" 200 402
0:0:0:0:0:0:0:1 - - [08/Apr/2018:09:48:28 +0800] "GET /common/verify HTTP/1.1" 200 374
0:0:0:0:0:0:0:1 - - [08/Apr/2018:09:48:28 +0800] "GET /websocket/root HTTP/1.1" 101 -
0:0:0:0:0:0:0:1 - - [08/Apr/2018:09:48:36 +0800] "GET /common/verify HTTP/1.1" 200 374
0:0:0:0:0:0:0:1 - - [08/Apr/2018:09:49:31 +0800] "GET /common/verify HTTP/1.1" 200 13
0:0:0:0:0:0:0:1 - - [08/Apr/2018:09:50:30 +0800] "GET /common/verify HTTP/1.1" 200 13
0:0:0:0:0:0:0:1 - - [08/Apr/2018:09:50:40 +0800] "GET /common/verify HTTP/1.1" 200 13
0:0:0:0:0:0:0:1 - - [08/Apr/2018:09:50:41 +0800] "GET /common/submits/1 HTTP/1.1" 200 1629
0:0:0:0:0:0:0:1 - - [08/Apr/2018:09:50:44 +0800] "GET /common/submits/2 HTTP/1.1" 200 693
0:0:0:0:0:0:0:1 - - [08/Apr/2018:09:50:45 +0800] "GET /common/submits/1 HTTP/1.1" 200 1629
0:0:0:0:0:0:0:1 - - [08/Apr/2018:09:51:02 +0800] "GET /common/submits/2 HTTP/1.1" 200 693
0:0:0:0:0:0:0:1 - - [08/Apr/2018:09:51:05 +0800] "GET /common/submits/1 HTTP/1.1" 200 1629
0:0:0:0:0:0:0:1 - - [08/Apr/2018:09:51:07 +0800] "GET /common/submits/2 HTTP/1.1" 200 693
0:0:0:0:0:0:0:1 - - [08/Apr/2018:09:51:53 +0800] "GET /common/submits/1 HTTP/1.1" 200 1629
0:0:0:0:0:0:0:1 - - [08/Apr/2018:09:51:59 +0800] "GET /common/verify HTTP/1.1" 200 13
0:0:0:0:0:0:0:1 - - [08/Apr/2018:09:56:22 +0800] "GET /common/verify HTTP/1.1" 200 13
0:0:0:0:0:0:0:1 - - [08/Apr/2018:09:56:24 +0800] "GET /common/verify HTTP/1.1" 200 13
0:0:0:0:0:0:0:1 - - [08/Apr/2018:09:56:26 +0800] "GET /common/verify HTTP/1.1" 200 13
0:0:0:0:0:0:0:1 - - [08/Apr/2018:09:59:46 +0800] "GET /common/verify HTTP/1.1" 200 13
0:0:0:0:0:0:0:1 - - [08/Apr/2018:09:59:47 +0800] "GET /common/submits/1 HTTP/1.1" 200 1629
0:0:0:0:0:0:0:1 - - [08/Apr/2018:09:59:48 +0800] "GET /common/verify HTTP/1.1" 200 13
0:0:0:0:0:0:0:1 - - [08/Apr/2018:09:59:49 +0800] "GET /common/verify HTTP/1.1" 200 13
0:0:0:0:0:0:0:1 - - [08/Apr/2018:10:26:23 +0800] "GET /common/verify HTTP/1.1" 200 13
0:0:0:0:0:0:0:1 - - [08/Apr/2018:10:26:26 +0800] "GET /common/verify HTTP/1.1" 200 13
0:0:0:0:0:0:0:1 - - [08/Apr/2018:10:26:32 +0800] "GET /common/verify HTTP/1.1" 200 13
0:0:0:0:0:0:0:1 - - [08/Apr/2018:10:26:38 +0800] "GET /common/verify HTTP/1.1" 200 13
0:0:0:0:0:0:0:1 - - [08/Apr/2018:10:27:10 +0800] "GET /common/verify HTTP/1.1" 200 13
0:0:0:0:0:0:0:1 - - [08/Apr/2018:10:28:24 +0800] "GET /common/verify HTTP/1.1" 200 13
0:0:0:0:0:0:0:1 - - [08/Apr/2018:10:28:37 +0800] "GET /common/verify HTTP/1.1" 200 13
0:0:0:0:0:0:0:1 - - [08/Apr/2018:10:28:39 +0800] "GET /common/verify HTTP/1.1" 200 13
0:0:0:0:0:0:0:1 - - [08/Apr/2018:10:28:40 +0800] "GET /common/verify HTTP/1.1" 200 13
0:0:0:0:0:0:0:1 - - [08/Apr/2018:10:28:41 +0800] "GET /common/verify HTTP/1.1" 200 13
0:0:0:0:0:0:0:1 - - [08/Apr/2018:10:28:43 +0800] "GET /common/verify HTTP/1.1" 200 13
0:0:0:0:0:0:0:1 - - [08/Apr/2018:10:30:11 +0800] "GET /common/verify HTTP/1.1" 200 13
0:0:0:0:0:0:0:1 - - [08/Apr/2018:10:35:39 +0800] "GET /common/verify HTTP/1.1" 200 13
0:0:0:0:0:0:0:1 - - [08/Apr/2018:10:35:43 +0800] "GET /common/verify HTTP/1.1" 200 13
0:0:0:0:0:0:0:1 - - [08/Apr/2018:10:35:46 +0800] "GET /common/verify HTTP/1.1" 200 13
0:0:0:0:0:0:0:1 - - [08/Apr/2018:11:14:24 +0800] "GET /submits/user/1 HTTP/1.1" 404 295
0:0:0:0:0:0:0:1 - - [08/Apr/2018:11:14:24 +0800] "GET /favicon.ico HTTP/1.1" 404 104
0:0:0:0:0:0:0:1 - - [08/Apr/2018:11:14:54 +0800] "GET /submits/user/1 HTTP/1.1" 404 295
0:0:0:0:0:0:0:1 - - [08/Apr/2018:11:15:18 +0800] "GET /submits/common/1 HTTP/1.1" 404 295
0:0:0:0:0:0:0:1 - - [08/Apr/2018:11:16:01 +0800] "GET /common/suubmits/1 HTTP/1.1" 404 295
0:0:0:0:0:0:0:1 - - [08/Apr/2018:11:16:17 +0800] "GET /common/submits/1 HTTP/1.1" 200 1662
0:0:0:0:0:0:0:1 - - [08/Apr/2018:11:16:24 +0800] "GET /user/submits/1 HTTP/1.1" 404 295
0:0:0:0:0:0:0:1 - - [08/Apr/2018:11:17:05 +0800] "GET /userPrivate/submits/1 HTTP/1.1" 200 76
0:0:0:0:0:0:0:1 - - [08/Apr/2018:11:17:24 +0800] "GET /userPrivate/submits/1?userName=123 HTTP/1.1" 200 69
0:0:0:0:0:0:0:1 - - [08/Apr/2018:11:20:53 +0800] "GET /userPrivate/submits/1?userName=123 HTTP/1.1" 500 303
0:0:0:0:0:0:0:1 - - [08/Apr/2018:11:27:27 +0800] "POST /user/login HTTP/1.1" 200 402
0:0:0:0:0:0:0:1 - - [08/Apr/2018:11:27:34 +0800] "GET /common/verify HTTP/1.1" 200 374
0:0:0:0:0:0:0:1 - - [08/Apr/2018:11:27:34 +0800] "GET /websocket/root HTTP/1.1" 101 -
0:0:0:0:0:0:0:1 - - [08/Apr/2018:11:28:01 +0800] "GET /common/verify HTTP/1.1" 200 374
0:0:0:0:0:0:0:1 - - [08/Apr/2018:11:28:03 +0800] "GET /common/verify HTTP/1.1" 200 374
0:0:0:0:0:0:0:1 - - [08/Apr/2018:11:28:15 +0800] "GET /common/verify HTTP/1.1" 200 374
0:0:0:0:0:0:0:1 - - [08/Apr/2018:11:28:16 +0800] "GET /common/verify HTTP/1.1" 200 374
0:0:0:0:0:0:0:1 - - [08/Apr/2018:11:28:17 +0800] "GET /common/verify HTTP/1.1" 200 374
0:0:0:0:0:0:0:1 - - [08/Apr/2018:11:28:22 +0800] "GET /common/verify HTTP/1.1" 200 374
0:0:0:0:0:0:0:1 - - [08/Apr/2018:11:28:26 +0800] "GET /common/verify HTTP/1.1" 200 374
0:0:0:0:0:0:0:1 - - [08/Apr/2018:11:28:45 +0800] "GET /common/verify HTTP/1.1" 200 374
0:0:0:0:0:0:0:1 - - [08/Apr/2018:11:28:47 +0800] "GET /common/verify HTTP/1.1" 200 374
0:0:0:0:0:0:0:1 - - [08/Apr/2018:11:28:49 +0800] "GET /common/verify HTTP/1.1" 200 374
0:0:0:0:0:0:0:1 - - [08/Apr/2018:11:29:04 +0800] "GET /common/verify HTTP/1.1" 200 374
0:0:0:0:0:0:0:1 - - [08/Apr/2018:11:29:05 +0800] "GET /common/verify HTTP/1.1" 200 374
0:0:0:0:0:0:0:1 - - [08/Apr/2018:11:29:07 +0800] "GET /common/verify HTTP/1.1" 200 374
0:0:0:0:0:0:0:1 - - [08/Apr/2018:11:29:09 +0800] "GET /common/verify HTTP/1.1" 200 374
0:0:0:0:0:0:0:1 - - [08/Apr/2018:11:29:10 +0800] "GET /common/verify HTTP/1.1" 200 374
0:0:0:0:0:0:0:1 - - [08/Apr/2018:11:29:20 +0800] "GET /common/verify HTTP/1.1" 200 374
0:0:0:0:0:0:0:1 - - [08/Apr/2018:11:29:21 +0800] "GET /common/verify HTTP/1.1" 200 374
0:0:0:0:0:0:0:1 - - [08/Apr/2018:11:29:22 +0800] "GET /common/verify HTTP/1.1" 200 374
0:0:0:0:0:0:0:1 - - [08/Apr/2018:11:29:27 +0800] "GET /common/verify HTTP/1.1" 200 374
0:0:0:0:0:0:0:1 - - [08/Apr/2018:11:29:27 +0800] "GET /websocket/root HTTP/1.1" 101 -
0:0:0:0:0:0:0:1 - - [08/Apr/2018:11:34:08 +0800] "GET /common/verify HTTP/1.1" 200 13
0:0:0:0:0:0:0:1 - - [08/Apr/2018:11:34:17 +0800] "GET /common/verify HTTP/1.1" 200 13
0:0:0:0:0:0:0:1 - - [08/Apr/2018:11:34:29 +0800] "GET /common/verify HTTP/1.1" 200 13
0:0:0:0:0:0:0:1 - - [08/Apr/2018:11:34:34 +0800] "GET /common/verify HTTP/1.1" 200 13
0:0:0:0:0:0:0:1 - - [08/Apr/2018:11:35:50 +0800] "GET /common/verify HTTP/1.1" 200 13
0:0:0:0:0:0:0:1 - - [08/Apr/2018:11:35:57 +0800] "GET /common/verify HTTP/1.1" 200 13
0:0:0:0:0:0:0:1 - - [08/Apr/2018:11:36:03 +0800] "GET /common/verify HTTP/1.1" 200 13
0:0:0:0:0:0:0:1 - - [08/Apr/2018:11:36:04 +0800] "GET /common/verify HTTP/1.1" 200 13
0:0:0:0:0:0:0:1 - - [08/Apr/2018:11:36:37 +0800] "GET /common/verify HTTP/1.1" 200 13
0:0:0:0:0:0:0:1 - - [08/Apr/2018:11:36:41 +0800] "GET /common/verify HTTP/1.1" 200 13
0:0:0:0:0:0:0:1 - - [08/Apr/2018:11:36:43 +0800] "GET /common/verify HTTP/1.1" 200 13
0:0:0:0:0:0:0:1 - - [08/Apr/2018:11:46:33 +0800] "GET /common/verify HTTP/1.1" 200 13
0:0:0:0:0:0:0:1 - - [08/Apr/2018:11:46:34 +0800] "GET /common/submits/1 HTTP/1.1" 200 1662
0:0:0:0:0:0:0:1 - - [08/Apr/2018:11:46:50 +0800] "GET /common/verify HTTP/1.1" 200 13
0:0:0:0:0:0:0:1 - - [08/Apr/2018:11:46:54 +0800] "GET /common/verify HTTP/1.1" 200 13
0:0:0:0:0:0:0:1 - - [08/Apr/2018:11:46:58 +0800] "GET /common/verify HTTP/1.1" 200 13
0:0:0:0:0:0:0:1 - - [08/Apr/2018:11:47:35 +0800] "GET /common/verify HTTP/1.1" 200 13
0:0:0:0:0:0:0:1 - - [08/Apr/2018:11:47:42 +0800] "GET /common/verify HTTP/1.1" 200 13
0:0:0:0:0:0:0:1 - - [08/Apr/2018:11:48:35 +0800] "GET /common/verify HTTP/1.1" 200 13
0:0:0:0:0:0:0:1 - - [08/Apr/2018:11:49:07 +0800] "GET /common/verify HTTP/1.1" 200 13
0:0:0:0:0:0:0:1 - - [08/Apr/2018:11:49:11 +0800] "GET /common/verify HTTP/1.1" 200 13
0:0:0:0:0:0:0:1 - - [08/Apr/2018:11:49:22 +0800] "POST /user/login HTTP/1.1" 200 27
0:0:0:0:0:0:0:1 - - [08/Apr/2018:11:49:30 +0800] "POST /user/login HTTP/1.1" 200 294
0:0:0:0:0:0:0:1 - - [08/Apr/2018:11:49:36 +0800] "GET /common/verify HTTP/1.1" 200 266
0:0:0:0:0:0:0:1 - - [08/Apr/2018:11:49:36 +0800] "GET /websocket/siney HTTP/1.1" 101 -
0:0:0:0:0:0:0:1 - - [08/Apr/2018:11:49:38 +0800] "GET /common/verify HTTP/1.1" 200 266
0:0:0:0:0:0:0:1 - - [08/Apr/2018:11:49:38 +0800] "GET /siney/submits/1 HTTP/1.1" 404 108
0:0:0:0:0:0:0:1 - - [08/Apr/2018:11:49:47 +0800] "GET /common/verify HTTP/1.1" 200 266
0:0:0:0:0:0:0:1 - - [08/Apr/2018:11:49:55 +0800] "GET /common/verify HTTP/1.1" 200 266
0:0:0:0:0:0:0:1 - - [08/Apr/2018:11:50:04 +0800] "GET /common/verify HTTP/1.1" 200 266
0:0:0:0:0:0:0:1 - - [08/Apr/2018:11:51:25 +0800] "GET /common/verify HTTP/1.1" 200 13
0:0:0:0:0:0:0:1 - - [08/Apr/2018:11:51:33 +0800] "POST /user/login HTTP/1.1" 200 402
0:0:0:0:0:0:0:1 - - [08/Apr/2018:11:51:38 +0800] "GET /common/verify HTTP/1.1" 200 374
0:0:0:0:0:0:0:1 - - [08/Apr/2018:11:51:38 +0800] "GET /websocket/root HTTP/1.1" 101 -
0:0:0:0:0:0:0:1 - - [08/Apr/2018:11:51:54 +0800] "GET /common/verify HTTP/1.1" 200 374
0:0:0:0:0:0:0:1 - - [08/Apr/2018:11:51:54 +0800] "GET /root/submits/1 HTTP/1.1" 404 107
0:0:0:0:0:0:0:1 - - [08/Apr/2018:11:53:44 +0800] "GET /common/verify HTTP/1.1" 200 13
0:0:0:0:0:0:0:1 - - [08/Apr/2018:11:55:39 +0800] "GET /common/verify HTTP/1.1" 200 13
0:0:0:0:0:0:0:1 - - [08/Apr/2018:11:55:39 +0800] "GET /undefined/submits/1 HTTP/1.1" 404 112
0:0:0:0:0:0:0:1 - - [08/Apr/2018:11:58:27 +0800] "GET /common/verify HTTP/1.1" 200 13
0:0:0:0:0:0:0:1 - - [08/Apr/2018:11:58:27 +0800] "GET /undefined/submits/1 HTTP/1.1" 404 112
0:0:0:0:0:0:0:1 - - [08/Apr/2018:11:59:01 +0800] "GET /common/verify HTTP/1.1" 200 13
0:0:0:0:0:0:0:1 - - [08/Apr/2018:11:59:06 +0800] "GET /common/verify HTTP/1.1" 200 13
0:0:0:0:0:0:0:1 - - [08/Apr/2018:11:59:07 +0800] "GET /common/verify HTTP/1.1" 200 13
0:0:0:0:0:0:0:1 - - [08/Apr/2018:11:59:14 +0800] "GET /common/verify HTTP/1.1" 200 13
0:0:0:0:0:0:0:1 - - [08/Apr/2018:12:00:28 +0800] "GET /common/verify HTTP/1.1" 200 13
0:0:0:0:0:0:0:1 - - [08/Apr/2018:12:00:39 +0800] "GET /common/verify HTTP/1.1" 200 13
0:0:0:0:0:0:0:1 - - [08/Apr/2018:12:05:16 +0800] "GET /common/verify HTTP/1.1" 200 13
0:0:0:0:0:0:0:1 - - [08/Apr/2018:12:05:30 +0800] "GET /common/verify HTTP/1.1" 200 13
0:0:0:0:0:0:0:1 - - [08/Apr/2018:12:10:23 +0800] "GET /common/verify HTTP/1.1" 200 13
0:0:0:0:0:0:0:1 - - [08/Apr/2018:12:11:32 +0800] "GET /common/verify HTTP/1.1" 200 13
0:0:0:0:0:0:0:1 - - [08/Apr/2018:12:17:34 +0800] "GET /common/verify HTTP/1.1" 200 13
0:0:0:0:0:0:0:1 - - [08/Apr/2018:12:18:30 +0800] "GET /common/verify HTTP/1.1" 200 13
0:0:0:0:0:0:0:1 - - [08/Apr/2018:12:18:55 +0800] "GET /common/verify HTTP/1.1" 200 13
0:0:0:0:0:0:0:1 - - [08/Apr/2018:12:19:11 +0800] "GET /common/verify HTTP/1.1" 200 13
0:0:0:0:0:0:0:1 - - [08/Apr/2018:12:20:59 +0800] "GET /common/verify HTTP/1.1" 200 13
0:0:0:0:0:0:0:1 - - [08/Apr/2018:12:21:01 +0800] "GET /common/verify HTTP/1.1" 200 13
0:0:0:0:0:0:0:1 - - [08/Apr/2018:12:21:28 +0800] "GET /common/verify HTTP/1.1" 200 13
0:0:0:0:0:0:0:1 - - [08/Apr/2018:12:21:29 +0800] "GET /common/verify HTTP/1.1" 200 13
0:0:0:0:0:0:0:1 - - [08/Apr/2018:12:21:45 +0800] "GET /common/verify HTTP/1.1" 200 13
0:0:0:0:0:0:0:1 - - [08/Apr/2018:12:22:53 +0800] "GET /common/verify HTTP/1.1" 200 13
0:0:0:0:0:0:0:1 - - [08/Apr/2018:12:27:46 +0800] "GET /common/verify HTTP/1.1" 200 13
0:0:0:0:0:0:0:1 - - [08/Apr/2018:12:27:57 +0800] "GET /common/verify HTTP/1.1" 200 13
0:0:0:0:0:0:0:1 - - [08/Apr/2018:12:28:44 +0800] "GET /common/verify HTTP/1.1" 200 13
0:0:0:0:0:0:0:1 - - [08/Apr/2018:12:29:47 +0800] "GET /common/verify HTTP/1.1" 200 13
0:0:0:0:0:0:0:1 - - [08/Apr/2018:12:30:06 +0800] "GET /common/verify HTTP/1.1" 200 13
0:0:0:0:0:0:0:1 - - [08/Apr/2018:12:31:07 +0800] "GET /common/verify HTTP/1.1" 200 13
0:0:0:0:0:0:0:1 - - [08/Apr/2018:12:31:09 +0800] "GET /common/verify HTTP/1.1" 200 13
0:0:0:0:0:0:0:1 - - [08/Apr/2018:12:31:31 +0800] "GET /common/verify HTTP/1.1" 200 13
0:0:0:0:0:0:0:1 - - [08/Apr/2018:12:31:34 +0800] "GET /common/verify HTTP/1.1" 200 13
0:0:0:0:0:0:0:1 - - [08/Apr/2018:12:31:57 +0800] "POST /user/login HTTP/1.1" 200 402
0:0:0:0:0:0:0:1 - - [08/Apr/2018:12:32:04 +0800] "GET /common/verify HTTP/1.1" 200 374
0:0:0:0:0:0:0:1 - - [08/Apr/2018:12:32:04 +0800] "GET /websocket/root HTTP/1.1" 101 -
0:0:0:0:0:0:0:1 - - [08/Apr/2018:12:32:13 +0800] "GET /common/verify HTTP/1.1" 200 374
0:0:0:0:0:0:0:1 - - [08/Apr/2018:12:32:40 +0800] "GET /common/verify HTTP/1.1" 200 374
0:0:0:0:0:0:0:1 - - [08/Apr/2018:12:34:58 +0800] "GET /common/verify HTTP/1.1" 200 13
0:0:0:0:0:0:0:1 - - [08/Apr/2018:12:35:07 +0800] "GET /common/verify HTTP/1.1" 200 13
0:0:0:0:0:0:0:1 - - [08/Apr/2018:12:35:10 +0800] "GET /common/verify HTTP/1.1" 200 13
0:0:0:0:0:0:0:1 - - [08/Apr/2018:12:36:02 +0800] "GET /common/verify HTTP/1.1" 200 13
0:0:0:0:0:0:0:1 - - [08/Apr/2018:12:36:20 +0800] "GET /common/verify HTTP/1.1" 200 13
0:0:0:0:0:0:0:1 - - [08/Apr/2018:12:36:22 +0800] "GET /common/submit/1 HTTP/1.1" 200 1662
0:0:0:0:0:0:0:1 - - [08/Apr/2018:12:36:41 +0800] "POST /user/login HTTP/1.1" 200 402
0:0:0:0:0:0:0:1 - - [08/Apr/2018:12:36:47 +0800] "GET /common/verify HTTP/1.1" 200 374
0:0:0:0:0:0:0:1 - - [08/Apr/2018:12:36:47 +0800] "GET /websocket/root HTTP/1.1" 101 -
0:0:0:0:0:0:0:1 - - [08/Apr/2018:12:36:49 +0800] "GET /common/submit/1 HTTP/1.1" 200 1662
0:0:0:0:0:0:0:1 - - [08/Apr/2018:12:36:57 +0800] "GET /common/verify HTTP/1.1" 200 374
0:0:0:0:0:0:0:1 - - [08/Apr/2018:12:36:57 +0800] "GET /userPrivate/submit/root/1 HTTP/1.1" 200 1659
0:0:0:0:0:0:0:1 - - [08/Apr/2018:12:39:45 +0800] "GET /common/verify HTTP/1.1" 200 13
0:0:0:0:0:0:0:1 - - [08/Apr/2018:12:39:47 +0800] "GET /userPrivate/submit/root/1 HTTP/1.1" 500 126
0:0:0:0:0:0:0:1 - - [08/Apr/2018:12:39:56 +0800] "GET /common/verify HTTP/1.1" 200 13
0:0:0:0:0:0:0:1 - - [08/Apr/2018:12:39:58 +0800] "GET /common/submit/1 HTTP/1.1" 200 1662
0:0:0:0:0:0:0:1 - - [08/Apr/2018:12:40:34 +0800] "GET /common/verify HTTP/1.1" 200 13
0:0:0:0:0:0:0:1 - - [08/Apr/2018:12:40:35 +0800] "GET /common/submit/1 HTTP/1.1" 200 1662
0:0:0:0:0:0:0:1 - - [08/Apr/2018:12:41:07 +0800] "GET /common/verify HTTP/1.1" 200 13
0:0:0:0:0:0:0:1 - - [08/Apr/2018:12:41:08 +0800] "GET /common/submit/1 HTTP/1.1" 200 1662
0:0:0:0:0:0:0:1 - - [08/Apr/2018:12:42:01 +0800] "GET /common/verify HTTP/1.1" 200 13
0:0:0:0:0:0:0:1 - - [08/Apr/2018:12:42:02 +0800] "GET /common/submit/1 HTTP/1.1" 200 1662
0:0:0:0:0:0:0:1 - - [08/Apr/2018:12:42:36 +0800] "GET /common/verify HTTP/1.1" 200 13
0:0:0:0:0:0:0:1 - - [08/Apr/2018:12:42:37 +0800] "GET /common/submit/1 HTTP/1.1" 200 1662
0:0:0:0:0:0:0:1 - - [08/Apr/2018:12:42:40 +0800] "GET /common/verify HTTP/1.1" 200 13
0:0:0:0:0:0:0:1 - - [08/Apr/2018:12:42:40 +0800] "GET /common/submit/2 HTTP/1.1" 200 1182
0:0:0:0:0:0:0:1 - - [08/Apr/2018:12:42:43 +0800] "GET /common/verify HTTP/1.1" 200 13
0:0:0:0:0:0:0:1 - - [08/Apr/2018:12:42:43 +0800] "GET /common/submit/1 HTTP/1.1" 200 1662
0:0:0:0:0:0:0:1 - - [08/Apr/2018:12:42:52 +0800] "POST /user/login HTTP/1.1" 200 294
0:0:0:0:0:0:0:1 - - [08/Apr/2018:12:42:58 +0800] "GET /common/verify HTTP/1.1" 200 266
0:0:0:0:0:0:0:1 - - [08/Apr/2018:12:42:58 +0800] "GET /websocket/siney HTTP/1.1" 101 -
0:0:0:0:0:0:0:1 - - [08/Apr/2018:12:42:59 +0800] "GET /common/submit/1 HTTP/1.1" 200 1662
0:0:0:0:0:0:0:1 - - [08/Apr/2018:12:43:05 +0800] "GET /userPrivate/submit/siney/1 HTTP/1.1" 200 548
0:0:0:0:0:0:0:1 - - [08/Apr/2018:12:43:05 +0800] "GET /common/verify HTTP/1.1" 200 266
0:0:0:0:0:0:0:1 - - [08/Apr/2018:12:43:25 +0800] "GET /common/verify HTTP/1.1" 200 266
0:0:0:0:0:0:0:1 - - [08/Apr/2018:12:43:25 +0800] "GET /userPrivate/submit/siney/1 HTTP/1.1" 200 548
0:0:0:0:0:0:0:1 - - [08/Apr/2018:13:38:00 +0800] "GET /common/verify HTTP/1.1" 200 13
0:0:0:0:0:0:0:1 - - [08/Apr/2018:13:38:00 +0800] "GET /userPrivate/submit/siney/1 HTTP/1.1" 500 127
0:0:0:0:0:0:0:1 - - [08/Apr/2018:13:38:27 +0800] "GET /common/verify HTTP/1.1" 200 13
0:0:0:0:0:0:0:1 - - [08/Apr/2018:13:38:27 +0800] "GET /userPrivate/submit/siney/1 HTTP/1.1" 500 127
0:0:0:0:0:0:0:1 - - [08/Apr/2018:13:39:44 +0800] "GET /common/verify HTTP/1.1" 200 13
0:0:0:0:0:0:0:1 - - [08/Apr/2018:13:39:44 +0800] "GET /userPrivate/submit/siney/1 HTTP/1.1" 500 127
0:0:0:0:0:0:0:1 - - [08/Apr/2018:13:39:55 +0800] "GET /common/verify HTTP/1.1" 200 13
0:0:0:0:0:0:0:1 - - [08/Apr/2018:13:39:56 +0800] "GET /userPrivate/submit/siney/1 HTTP/1.1" 500 127
0:0:0:0:0:0:0:1 - - [08/Apr/2018:13:40:05 +0800] "GET /common/verify HTTP/1.1" 200 13
0:0:0:0:0:0:0:1 - - [08/Apr/2018:13:40:07 +0800] "GET /common/verify HTTP/1.1" 200 13
0:0:0:0:0:0:0:1 - - [08/Apr/2018:13:40:07 +0800] "GET /common/submit/1 HTTP/1.1" 200 1662
0:0:0:0:0:0:0:1 - - [08/Apr/2018:13:40:14 +0800] "GET /userPrivate/submit/siney/1 HTTP/1.1" 500 127
0:0:0:0:0:0:0:1 - - [08/Apr/2018:13:40:14 +0800] "GET /common/verify HTTP/1.1" 200 13
0:0:0:0:0:0:0:1 - - [08/Apr/2018:13:40:20 +0800] "GET /userPrivate/submit/y/1 HTTP/1.1" 500 123
0:0:0:0:0:0:0:1 - - [08/Apr/2018:13:40:20 +0800] "GET /common/verify HTTP/1.1" 200 13
0:0:0:0:0:0:0:1 - - [08/Apr/2018:13:40:24 +0800] "GET /common/verify HTTP/1.1" 200 13
0:0:0:0:0:0:0:1 - - [08/Apr/2018:13:40:25 +0800] "GET /common/submit/1 HTTP/1.1" 200 1662
0:0:0:0:0:0:0:1 - - [08/Apr/2018:13:40:27 +0800] "GET /common/submit/2 HTTP/1.1" 200 1182
0:0:0:0:0:0:0:1 - - [08/Apr/2018:13:40:27 +0800] "GET /common/verify HTTP/1.1" 200 13
0:0:0:0:0:0:0:1 - - [08/Apr/2018:13:40:28 +0800] "GET /common/submit/1 HTTP/1.1" 200 1662
0:0:0:0:0:0:0:1 - - [08/Apr/2018:13:40:28 +0800] "GET /common/verify HTTP/1.1" 200 13
0:0:0:0:0:0:0:1 - - [08/Apr/2018:13:42:27 +0800] "GET /common/verify HTTP/1.1" 200 13
0:0:0:0:0:0:0:1 - - [08/Apr/2018:13:42:27 +0800] "GET /common/submit/1 HTTP/1.1" 200 1662
0:0:0:0:0:0:0:1 - - [08/Apr/2018:13:42:50 +0800] "GET /common/verify HTTP/1.1" 200 13
0:0:0:0:0:0:0:1 - - [08/Apr/2018:13:42:50 +0800] "GET /common/notices HTTP/1.1" 200 778
0:0:0:0:0:0:0:1 - - [08/Apr/2018:13:42:50 +0800] "GET /common/verify HTTP/1.1" 200 13
0:0:0:0:0:0:0:1 - - [08/Apr/2018:13:42:59 +0800] "GET /common/verify HTTP/1.1" 200 13
0:0:0:0:0:0:0:1 - - [08/Apr/2018:13:42:59 +0800] "GET /common/notices HTTP/1.1" 200 778
0:0:0:0:0:0:0:1 - - [08/Apr/2018:13:43:01 +0800] "GET /common/verify HTTP/1.1" 200 13
0:0:0:0:0:0:0:1 - - [08/Apr/2018:13:43:01 +0800] "GET /common/verify HTTP/1.1" 200 13
0:0:0:0:0:0:0:1 - - [08/Apr/2018:13:43:01 +0800] "GET /common/notices HTTP/1.1" 200 778
0:0:0:0:0:0:0:1 - - [08/Apr/2018:13:43:03 +0800] "GET /common/verify HTTP/1.1" 200 13
0:0:0:0:0:0:0:1 - - [08/Apr/2018:13:43:03 +0800] "GET /common/verify HTTP/1.1" 200 13
0:0:0:0:0:0:0:1 - - [08/Apr/2018:13:43:03 +0800] "GET /common/notices HTTP/1.1" 200 778
0:0:0:0:0:0:0:1 - - [08/Apr/2018:13:43:09 +0800] "GET /common/verify HTTP/1.1" 200 13
0:0:0:0:0:0:0:1 - - [08/Apr/2018:13:43:09 +0800] "GET /common/verify HTTP/1.1" 200 13
0:0:0:0:0:0:0:1 - - [08/Apr/2018:13:43:09 +0800] "GET /common/notices HTTP/1.1" 200 778
0:0:0:0:0:0:0:1 - - [08/Apr/2018:13:43:37 +0800] "GET /common/verify HTTP/1.1" 200 13
0:0:0:0:0:0:0:1 - - [08/Apr/2018:13:43:37 +0800] "GET /common/verify HTTP/1.1" 200 13
0:0:0:0:0:0:0:1 - - [08/Apr/2018:13:43:37 +0800] "GET /common/notices HTTP/1.1" 200 778
0:0:0:0:0:0:0:1 - - [08/Apr/2018:13:44:08 +0800] "GET /common/verify HTTP/1.1" 200 13
0:0:0:0:0:0:0:1 - - [08/Apr/2018:13:44:08 +0800] "GET /common/notices HTTP/1.1" 200 778
0:0:0:0:0:0:0:1 - - [08/Apr/2018:13:44:10 +0800] "GET /common/verify HTTP/1.1" 200 13
0:0:0:0:0:0:0:1 - - [08/Apr/2018:13:44:55 +0800] "GET /common/verify HTTP/1.1" 200 13
0:0:0:0:0:0:0:1 - - [08/Apr/2018:13:44:55 +0800] "GET /common/verify HTTP/1.1" 200 13
0:0:0:0:0:0:0:1 - - [08/Apr/2018:13:45:07 +0800] "POST /user/login HTTP/1.1" 200 294
0:0:0:0:0:0:0:1 - - [08/Apr/2018:13:45:13 +0800] "GET /common/verify HTTP/1.1" 200 266
0:0:0:0:0:0:0:1 - - [08/Apr/2018:13:45:13 +0800] "GET /websocket/siney HTTP/1.1" 101 -
0:0:0:0:0:0:0:1 - - [08/Apr/2018:13:45:16 +0800] "GET /common/verify HTTP/1.1" 200 266
0:0:0:0:0:0:0:1 - - [08/Apr/2018:13:45:18 +0800] "GET /common/verify HTTP/1.1" 200 266
0:0:0:0:0:0:0:1 - - [08/Apr/2018:13:45:18 +0800] "GET /common/submit/1 HTTP/1.1" 200 1662
0:0:0:0:0:0:0:1 - - [08/Apr/2018:13:45:22 +0800] "GET /common/submit/2 HTTP/1.1" 200 1182
0:0:0:0:0:0:0:1 - - [08/Apr/2018:13:45:22 +0800] "GET /common/verify HTTP/1.1" 200 266
0:0:0:0:0:0:0:1 - - [08/Apr/2018:13:45:23 +0800] "GET /common/submit/1 HTTP/1.1" 200 1662
0:0:0:0:0:0:0:1 - - [08/Apr/2018:13:45:23 +0800] "GET /common/verify HTTP/1.1" 200 266
0:0:0:0:0:0:0:1 - - [08/Apr/2018:13:45:29 +0800] "GET /common/verify HTTP/1.1" 200 266
0:0:0:0:0:0:0:1 - - [08/Apr/2018:13:45:30 +0800] "GET /common/verify HTTP/1.1" 200 266
0:0:0:0:0:0:0:1 - - [08/Apr/2018:13:45:31 +0800] "GET /common/submit/1 HTTP/1.1" 200 1662
0:0:0:0:0:0:0:1 - - [08/Apr/2018:13:45:32 +0800] "GET /common/verify HTTP/1.1" 200 266
0:0:0:0:0:0:0:1 - - [08/Apr/2018:13:45:32 +0800] "GET /userPrivate/submit/siney/1 HTTP/1.1" 200 548
0:0:0:0:0:0:0:1 - - [08/Apr/2018:13:45:34 +0800] "GET /common/verify HTTP/1.1" 200 266
0:0:0:0:0:0:0:1 - - [08/Apr/2018:13:45:35 +0800] "GET /common/verify HTTP/1.1" 200 266
0:0:0:0:0:0:0:1 - - [08/Apr/2018:13:46:19 +0800] "GET /common/verify HTTP/1.1" 200 13
0:0:0:0:0:0:0:1 - - [08/Apr/2018:13:46:20 +0800] "GET /common/submit/1 HTTP/1.1" 200 1662
0:0:0:0:0:0:0:1 - - [08/Apr/2018:13:46:23 +0800] "GET /common/verify HTTP/1.1" 200 13
0:0:0:0:0:0:0:1 - - [08/Apr/2018:13:46:58 +0800] "GET /common/verify HTTP/1.1" 200 13
0:0:0:0:0:0:0:1 - - [08/Apr/2018:13:47:14 +0800] "GET /common/verify HTTP/1.1" 200 13
0:0:0:0:0:0:0:1 - - [08/Apr/2018:13:48:17 +0800] "GET /common/verify HTTP/1.1" 200 13
0:0:0:0:0:0:0:1 - - [08/Apr/2018:14:58:08 +0800] "GET /common/verify HTTP/1.1" 200 13
0:0:0:0:0:0:0:1 - - [08/Apr/2018:14:58:59 +0800] "GET /common/verify HTTP/1.1" 200 13
0:0:0:0:0:0:0:1 - - [08/Apr/2018:14:59:01 +0800] "GET /common/verify HTTP/1.1" 200 13
0:0:0:0:0:0:0:1 - - [08/Apr/2018:14:59:01 +0800] "GET /common/submit/1 HTTP/1.1" 200 1664
0:0:0:0:0:0:0:1 - - [08/Apr/2018:15:00:42 +0800] "GET /common/verify HTTP/1.1" 200 13
0:0:0:0:0:0:0:1 - - [08/Apr/2018:15:01:15 +0800] "GET /common/verify HTTP/1.1" 200 13
0:0:0:0:0:0:0:1 - - [08/Apr/2018:15:01:15 +0800] "GET /common/submit/1 HTTP/1.1" 200 1664
0:0:0:0:0:0:0:1 - - [08/Apr/2018:15:01:17 +0800] "GET /common/submit/2 HTTP/1.1" 200 1500
0:0:0:0:0:0:0:1 - - [08/Apr/2018:15:01:17 +0800] "GET /common/verify HTTP/1.1" 200 13
0:0:0:0:0:0:0:1 - - [08/Apr/2018:15:01:19 +0800] "GET /common/submit/1 HTTP/1.1" 200 1664
0:0:0:0:0:0:0:1 - - [08/Apr/2018:15:01:19 +0800] "GET /common/verify HTTP/1.1" 200 13
0:0:0:0:0:0:0:1 - - [08/Apr/2018:15:04:30 +0800] "GET /common/verify HTTP/1.1" 200 13
0:0:0:0:0:0:0:1 - - [08/Apr/2018:15:16:54 +0800] "GET /common/verify HTTP/1.1" 200 13
0:0:0:0:0:0:0:1 - - [08/Apr/2018:17:48:37 +0800] "GET /common/problems/1 HTTP/1.1" 200 2
0:0:0:0:0:0:0:1 - - [08/Apr/2018:17:48:40 +0800] "GET /favicon.ico HTTP/1.1" 404 104
0:0:0:0:0:0:0:1 - - [08/Apr/2018:17:50:32 +0800] "GET /common/problems/1 HTTP/1.1" 200 388
0:0:0:0:0:0:0:1 - - [08/Apr/2018:17:52:08 +0800] "GET /common/problems/1 HTTP/1.1" 200 388
0:0:0:0:0:0:0:1 - - [08/Apr/2018:17:53:25 +0800] "GET /common/problems/1 HTTP/1.1" 200 388
0:0:0:0:0:0:0:1 - - [08/Apr/2018:17:55:13 +0800] "GET /common/problems/1 HTTP/1.1" 200 388
0:0:0:0:0:0:0:1 - - [08/Apr/2018:18:04:09 +0800] "GET /common/problems/1 HTTP/1.1" 200 388
0:0:0:0:0:0:0:1 - - [08/Apr/2018:18:10:46 +0800] "GET /common/problems/1 HTTP/1.1" 200 1150
0:0:0:0:0:0:0:1 - - [08/Apr/2018:18:16:22 +0800] "GET /common/problems/1 HTTP/1.1" 200 388
0:0:0:0:0:0:0:1 - - [08/Apr/2018:18:19:54 +0800] "GET /common/problems/1 HTTP/1.1" 200 388
0:0:0:0:0:0:0:1 - - [08/Apr/2018:18:20:40 +0800] "GET /common/problems/1 HTTP/1.1" 200 388
0:0:0:0:0:0:0:1 - - [08/Apr/2018:18:22:03 +0800] "GET /common/problems/1 HTTP/1.1" 200 1225
0:0:0:0:0:0:0:1 - - [08/Apr/2018:18:28:34 +0800] "GET /common/problems/1 HTTP/1.1" 200 388
0:0:0:0:0:0:0:1 - - [08/Apr/2018:18:31:08 +0800] "GET /common/problems/1 HTTP/1.1" 200 388
0:0:0:0:0:0:0:1 - - [08/Apr/2018:18:33:12 +0800] "GET /common/problems/1 HTTP/1.1" 200 388
0:0:0:0:0:0:0:1 - - [08/Apr/2018:18:33:14 +0800] "GET /common/problems/1 HTTP/1.1" 200 388
0:0:0:0:0:0:0:1 - - [08/Apr/2018:18:34:16 +0800] "GET /common/problems/1 HTTP/1.1" 200 388
0:0:0:0:0:0:0:1 - - [08/Apr/2018:18:34:19 +0800] "GET /common/problems/1 HTTP/1.1" 200 388
0:0:0:0:0:0:0:1 - - [08/Apr/2018:18:42:21 +0800] "GET /common/problems/1 HTTP/1.1" 200 1786
0:0:0:0:0:0:0:1 - - [08/Apr/2018:18:46:31 +0800] "GET /common/problems/1 HTTP/1.1" 200 1786
0:0:0:0:0:0:0:1 - - [08/Apr/2018:18:46:36 +0800] "GET /common/problems/2 HTTP/1.1" 200 764
0:0:0:0:0:0:0:1 - - [08/Apr/2018:18:46:39 +0800] "GET /common/problems/3 HTTP/1.1" 200 70
